99.09609	198.3039	197.1771	0.523598	0.278068	0.278068
99.09858	198.3039	197.1541	0.523598	0.278658	0.278658
99.10138	198.3039	197.1170	0.523598	0.279658	0.279658
99.10304	198.3177	197.0909	0.523598	0.280628	0.280628
99.10349	198.3177	197.0554	0.523598	0.281148	0.281148
99.10270	198.3177	197.0046	0.523598	0.281108	0.281108
99.10226	198.3032	196.9767	0.523598	0.280968	0.280968
99.10032	198.3032	196.9356	0.523598	0.280318	0.280318
99.09991	198.3032	196.9288	0.523598	0.280178	0.280178
99.09546	198.2796	196.8481	0.523598	0.278778	0.278778
99.09204	198.2796	196.8154	0.523598	0.277738	0.277738
99.08761	198.2796	196.7796	0.523598	0.276358	0.276358
99.08442	198.2504	196.7259	0.523598	0.275318	0.275318
99.08335	198.2504	196.7170	0.523598	0.274948	0.274948
99.08169	198.2504	196.6987	0.523598	0.274328	0.274328
99.08143	198.2579	196.7014	0.523598	0.274218	0.274218
99.08149	198.2579	196.6768	0.523598	0.274128	0.274128
99.08159	198.2579	196.6740	0.523598	0.274158	0.274158
99.08308	198.2689	196.6517	0.523598	0.274718	0.274718
99.08397	198.2689	196.6283	0.523598	0.275248	0.275248
99.08468	198.2689	196.5979	0.523598	0.275818	0.275818
99.08478	198.2724	196.5922	0.523598	0.275948	0.275948
99.08453	198.2724	196.5409	0.523598	0.276118	0.276118
99.08398	198.2724	196.5179	0.523598	0.275968	0.275968
99.08314	198.2635	196.4852	0.523598	0.275728	0.275728
99.08134	198.2635	196.4492	0.523598	0.275228	0.275228
99.07811	198.2635	196.4032	0.523598	0.274358	0.274358
99.07626	198.2411	196.3593	0.523598	0.273858	0.273858
99.07103	198.2411	196.3078	0.523598	0.272398	0.272398
99.06971	198.2411	196.2957	0.523598	0.272018	0.272018
99.06736	198.2199	196.2529	0.523598	0.271328	0.271328
99.06637	198.2199	196.2430	0.523598	0.271028	0.271028
99.06446	198.2199	196.2195	0.523598	0.270448	0.270448
99.06372	198.2214	196.2047	0.523598	0.270238	0.270238
99.06355	198.2214	196.1965	0.523598	0.270198	0.270198
99.06359	198.2214	196.1734	0.523598	0.270318	0.270318
99.06381	198.2278	196.1637	0.523598	0.270518	0.270518
99.06409	198.2278	196.1386	0.523598	0.270878	0.270878
99.06415	198.2278	196.1271	0.523598	0.271028	0.271028
99.06395	198.2281	196.0936	0.523598	0.271298	0.271298
99.06333	198.2281	196.0646	0.523598	0.271268	0.271268
99.06244	198.2281	196.0385	0.523598	0.271088	0.271088
99.05918	198.2104	195.9603	0.523598	0.270238	0.270238
99.05842	198.2104	195.9495	0.523598	0.270038	0.270038
** PERIOD **
99.05842	198.2104	195.9495	0.523598	0.270038	0.270038
99.05455	198.2014	195.8927	0.523598	0.269018	0.269018
99.05109	198.2014	195.8556	0.523598	0.268138	0.268138
99.04729	198.2014	195.8182	0.523598	0.267208	0.267208
99.04314	198.1673	195.7469	0.523598	0.266268	0.266268
99.04190	198.1673	195.7363	0.523598	0.265998	0.265998
99.03728	198.1673	195.6967	0.523598	0.265008	0.265008
99.03205	198.1456	195.6313	0.523598	0.263878	0.263878
99.02500	198.1456	195.5749	0.523598	0.262318	0.262318
99.02302	198.1456	195.5595	0.523598	0.261868	0.261868
99.01521	198.1024	195.4590	0.523598	0.260168	0.260168
99.00727	198.1024	195.4059	0.523598	0.258578	0.258578
98.99799	198.1024	195.3500	0.523598	0.256948	0.256948
98.99280	198.0482	195.2672	0.523598	0.256138	0.256138
98.97913	198.0482	195.1994	0.523598	0.254228	0.254228
98.96068	198.0482	195.1176	0.523598	0.251908	0.251908
98.95556	197.9491	194.9974	0.523598	0.251328	0.251328
98.93284	197.9491	194.9118	0.523598	0.249038	0.249038
98.90634	197.9491	194.8263	0.523598	0.246958	0.246958
98.88778	197.7626	194.5869	0.523598	0.245738	0.245738
98.87588	197.7626	194.5550	0.523598	0.245018	0.245018
98.84126	197.7626	194.4692	0.523598	0.243248	0.243248
98.80223	197.5619	194.1850	0.523598	0.241798	0.241798
98.77555	197.5619	194.1340	0.523598	0.241028	0.241028
98.76438	197.5619	194.1139	0.523598	0.240748	0.240748
98.71684	197.3914	193.8637	0.523598	0.239738	0.239738
98.66467	197.3914	193.7850	0.523598	0.238858	0.238858
98.64389	197.3914	193.7554	0.523598	0.238538	0.238538
98.60034	197.1066	193.4119	0.523598	0.237968	0.237968
98.53810	197.1066	193.3339	0.523598	0.237268	0.237268
98.48827	197.1066	193.2756	0.523598	0.236768	0.236768
98.47106	196.8267	192.9763	0.523598	0.236598	0.236598
98.40849	196.8267	192.9085	0.523598	0.236008	0.236008
98.34228	196.8267	192.8402	0.523598	0.235398	0.235398
98.33253	196.5342	192.5380	0.523598	0.235308	0.235308
98.24139	196.5342	192.4492	0.523598	0.234448	0.234448
98.16635	196.5342	192.3795	0.523598	0.233718	0.233718
98.07615	195.8251	191.5896	0.523598	0.232818	0.232818
98.05285	195.8251	191.5692	0.523598	0.232578	0.232578
97.95670	195.8251	191.4874	0.523598	0.231628	0.231628
97.86863	195.4914	191.0812	0.523598	0.230758	0.230758
97.84280	195.4914	191.0604	0.523598	0.230508	0.230508
97.74999	195.4914	190.9876	0.523598	0.229628	0.229628
97.63942	194.9968	190.4098	0.523598	0.228618	0.228618
97.58235	194.9968	190.3680	0.523598	0.228098	0.228098
97.52407	194.9968	190.3257	0.523598	0.227558	0.227558
97.40391	194.5153	189.7591	0.523598	0.226428	0.226428
97.32638	194.5153	189.7055	0.523598	0.225688	0.225688
97.24699	194.5153	189.6513	0.523598	0.224908	0.224908
** PERIOD **
97.13267	193.9133	188.9724	0.523598	0.223768	0.223768
97.03171	193.9133	188.9057	0.523598	0.222758	0.222758
96.92801	193.9133	188.8389	0.523598	0.221738	0.221738
96.87513	193.4210	188.3130	0.523598	0.221218	0.221218
96.67532	193.4210	188.1890	0.523598	0.219238	0.219238
96.60037	193.4210	188.1436	0.523598	0.218488	0.218488
96.48564	192.4223	187.0763	0.523598	0.217308	0.217308
96.36817	192.4223	187.0074	0.523598	0.216098	0.216098
96.32840	192.4223	186.9843	0.523598	0.215688	0.215688
96.16624	191.9001	186.3688	0.523598	0.213968	0.213968
96.02026	191.9001	186.2859	0.523598	0.212388	0.212388
95.99910	191.9001	186.2740	0.523598	0.212158	0.212158
95.82694	191.1884	185.4672	0.523598	0.210278	0.210278
95.69455	191.1884	185.3962	0.523598	0.208878	0.208878
95.51364	191.1884	185.3015	0.523598	0.206978	0.206978
95.49068	190.5209	184.6222	0.523598	0.206738	0.206738
95.28049	190.5209	184.5160	0.523598	0.204558	0.204558
95.11265	190.5209	184.4333	0.523598	0.202808	0.202808
94.96575	189.1568	182.9982	0.523598	0.201258	0.201258
94.81606	189.1568	182.9269	0.523598	0.199658	0.199658
94.71469	189.1568	182.8789	0.523598	0.198578	0.198578
94.53425	188.4492	182.0878	0.523598	0.196678	0.196678
94.50816	188.4492	182.0759	0.523598	0.196398	0.196398
94.26980	188.4492	181.9696	0.523598	0.193928	0.193928
94.08005	187.5031	180.9412	0.523598	0.191978	0.191978
93.88649	187.5031	180.8591	0.523598	0.189988	0.189988
93.68913	187.5031	180.7779	0.523598	0.187998	0.187998
93.63205	186.6174	179.8690	0.523598	0.187418	0.187418
93.42986	186.6174	179.7875	0.523598	0.185318	0.185318
93.22391	186.6174	179.7049	0.523598	0.183128	0.183128
93.22391	185.8676	178.9551	0.523598	0.183128	0.183128
92.92307	185.8676	178.8374	0.523598	0.179978	0.179978
92.73883	185.8676	178.7684	0.523598	0.178178	0.178178
92.52033	183.9683	176.7905	0.523598	0.176148	0.176148
92.29810	183.9683	176.7140	0.523598	0.174178	0.174178
92.23393	183.9683	176.6924	0.523598	0.173618	0.173618
92.00699	183.2583	175.9077	0.523598	0.171708	0.171708
91.77642	183.2583	175.8351	0.523598	0.169878	0.169878
91.74319	183.2583	175.8248	0.523598	0.169618	0.169618
91.40691	181.9138	174.3790	0.523598	0.167038	0.167038
91.20170	181.9138	174.3189	0.523598	0.165468	0.165468
90.95909	181.9138	174.2488	0.523598	0.163548	0.163548
90.92415	181.1436	173.4687	0.523598	0.163268	0.163268
90.67762	181.1436	173.3980	0.523598	0.161268	0.161268
90.42766	181.1436	173.3283	0.523598	0.159288	0.159288
90.21068	179.3324	171.4581	0.523598	0.157608	0.157608
89.88049	179.3324	171.3711	0.523598	0.155218	0.155218
89.73193	179.3324	171.3340	0.523598	0.154218	0.154218
89.54472	178.0795	170.0357	0.523598	0.152978	0.152978
89.27986	178.0795	169.9726	0.523598	0.151228	0.151228
** PERIOD **
88.97324	178.0795	169.9007	0.523598	0.149178	0.149178
88.89592	176.8105	168.6137	0.523598	0.148668	0.148668
88.66243	176.8105	168.5610	0.523598	0.147178	0.147178
88.38713	176.8105	168.5011	0.523598	0.145448	0.145448
88.10879	175.0058	166.6367	0.523598	0.143688	0.143688
88.06878	175.0058	166.6283	0.523598	0.143438	0.143438
87.70594	175.0058	166.5526	0.523598	0.141168	0.141168
87.46132	173.9434	165.4406	0.523598	0.139668	0.139668
87.17322	173.9434	165.3836	0.523598	0.137928	0.137928
87.00730	173.9434	165.3513	0.523598	0.136928	0.136928
86.54622	171.6675	162.9874	0.523598	0.134178	0.134178
86.46163	171.6675	162.9715	0.523598	0.133688	0.133688
86.20648	171.6675	162.9243	0.523598	0.132218	0.132218
86.12097	171.6328	162.8740	0.523598	0.131738	0.131738
85.81988	171.6328	162.8203	0.523598	0.130078	0.130078
85.51602	171.6328	162.7680	0.523598	0.128518	0.128518
85.16543	168.8387	159.9171	0.523598	0.126848	0.126848
85.12137	168.8387	159.9100	0.523598	0.126628	0.126628
84.85589	168.8387	159.8672	0.523598	0.125288	0.125288
84.49896	167.9869	158.9581	0.523598	0.123468	0.123468
84.40921	167.9869	158.9438	0.523598	0.123008	0.123008
84.04809	167.9869	158.8876	0.523598	0.121238	0.121238
83.72939	166.2762	157.1288	0.523598	0.119738	0.119738
83.68366	166.2762	157.1221	0.523598	0.119528	0.119528
83.36212	166.2762	157.0757	0.523598	0.118108	0.118108
82.99167	164.8538	155.6017	0.523598	0.116528	0.116528
82.94514	164.8538	155.5954	0.523598	0.116338	0.116338
82.66497	164.8538	155.5582	0.523598	0.115218	0.115218
82.28878	163.5061	154.1628	0.523598	0.113808	0.113808
81.95722	163.5061	154.1235	0.523598	0.112668	0.112668
81.57570	163.5061	154.0809	0.523598	0.111428	0.111428
81.23969	160.8312	151.3700	0.523598	0.110368	0.110368
80.90171	160.8312	151.3356	0.523598	0.109358	0.109358
80.85327	160.8312	151.3308	0.523598	0.109218	0.109218
80.46437	159.7363	150.1988	0.523598	0.108148	0.108148
80.12214	159.7363	150.1685	0.523598	0.107298	0.107298
79.87663	159.7363	150.1481	0.523598	0.106728	0.106728
79.72893	158.3321	148.7321	0.523598	0.106398	0.106398
79.38315	158.3321	148.7059	0.523598	0.105648	0.105648
79.03588	158.3321	148.6810	0.523598	0.104918	0.104918
78.68719	155.7384	146.0638	0.523598	0.104208	0.104208
78.28707	155.7384	146.0384	0.523598	0.103418	0.103418
78.13659	155.7384	146.0293	0.523598	0.103128	0.103128
77.83495	154.3493	144.6227	0.523598	0.102578	0.102578
77.48195	154.3493	144.6036	0.523598	0.101968	0.101968
77.02647	154.3493	144.5807	0.523598	0.101218	0.101218
76.97575	152.6195	142.8484	0.523598	0.101128	0.101128
76.67101	152.6195	142.8341	0.523598	0.100638	0.100638
76.31458	152.6195	142.8187	0.523598	0.100068	0.100068
76.21258	151.2531	141.4480	0.523598	0.099908	0.099908
** PERIOD **
75.59920	151.2531	141.4223	0.523598	0.098738	0.098738
75.44550	151.2531	141.4155	0.523598	0.098378	0.098378
75.03496	148.2076	138.3500	0.523598	0.097248	0.097248
74.67488	148.2076	138.3310	0.523598	0.096128	0.096128
74.57185	148.2076	138.3254	0.523598	0.095788	0.095788
74.36559	147.7152	137.8215	0.523598	0.095088	0.095088
74.10737	147.7152	137.8068	0.523598	0.094188	0.094188
73.79690	147.7152	137.7897	0.523598	0.093188	0.093188
73.38187	145.2245	135.2785	0.523598	0.092038	0.092038
72.96568	145.2245	135.2614	0.523598	0.091148	0.091148
72.86146	145.2245	135.2576	0.523598	0.090968	0.090968
72.54839	143.8075	133.8306	0.523598	0.090498	0.090498
72.18242	143.8075	133.8202	0.523598	0.090028	0.090028
71.71083	143.8075	133.8090	0.523598	0.089528	0.089528
71.65837	141.9334	131.9339	0.523598	0.089488	0.089488
71.18562	141.9334	131.9260	0.523598	0.089198	0.089198
70.86993	141.9334	131.9223	0.523598	0.089098	0.089098
70.50117	139.1739	129.1598	0.523598	0.089048	0.089048
70.39572	139.1739	129.1591	0.523598	0.089038	0.089038
69.97363	139.1739	129.1573	0.523598	0.089038	0.089038
69.65677	138.0059	127.9887	0.523598	0.089078	0.089078
69.23395	138.0059	127.9893	0.523598	0.089188	0.089188
69.12820	138.0059	127.9896	0.523598	0.089218	0.089218
68.81086	136.3119	126.2968	0.523598	0.089328	0.089328
68.49341	136.3119	126.2985	0.523598	0.089448	0.089448
68.33464	136.3119	126.2994	0.523598	0.089508	0.089508
67.91119	134.4230	124.4132	0.523598	0.089658	0.089658
67.59356	134.4230	124.4154	0.523598	0.089758	0.089758
67.54062	134.4230	124.4158	0.523598	0.089778	0.089778
67.11707	133.0105	123.0062	0.523598	0.089898	0.089898
66.69351	133.0105	123.0088	0.523598	0.089978	0.089978
66.64056	133.0105	123.0091	0.523598	0.089988	0.089988
66.26997	131.2282	121.2288	0.523598	0.090038	0.090038
65.89935	131.2282	121.2300	0.523598	0.090068	0.090068
65.79345	131.2282	121.2304	0.523598	0.090078	0.090078
65.42274	129.5334	119.5366	0.523598	0.090138	0.090138
64.94603	129.5334	119.5399	0.523598	0.090338	0.090338
64.52232	129.5334	119.5431	0.523598	0.090498	0.090498
64.15163	126.2851	116.2971	0.523598	0.090608	0.090608
64.04572	126.2851	116.2980	0.523598	0.090628	0.090628
63.62221	126.2851	116.2979	0.523598	0.090418	0.090418
63.56928	126.2674	116.2798	0.523598	0.090358	0.090358
63.25171	126.2674	116.2765	0.523598	0.089938	0.089938
62.88120	126.2674	116.2697	0.523598	0.089278	0.089278
62.72237	124.1334	114.1324	0.523598	0.088978	0.088978
62.29865	124.1334	114.1222	0.523598	0.088128	0.088128
61.92762	124.1334	114.1123	0.523598	0.087368	0.087368
61.45009	120.8801	110.8459	0.523598	0.086448	0.086448
61.07824	120.8801	110.8361	0.523598	0.085808	0.085808
60.97192	120.8801	110.8334	0.523598	0.085648	0.085648
** PERIOD **
60.59953	119.8811	109.8255	0.523598	0.085128	0.085128
60.22669	119.8811	109.8178	0.523598	0.084728	0.084728
60.01345	119.8811	109.8139	0.523598	0.084548	0.084548
59.47976	117.1935	107.1182	0.523598	0.084238	0.084238
59.26607	117.1935	107.1157	0.523598	0.084158	0.084158
58.94532	117.1935	107.1121	0.523598	0.084038	0.084038
58.83836	116.7073	106.6248	0.523598	0.083998	0.083998
58.46377	116.7073	106.6207	0.523598	0.083858	0.083858
58.35669	116.7073	106.6195	0.523598	0.083818	0.083818
58.08887	115.0287	104.9380	0.523598	0.083728	0.083728
57.60642	115.0287	104.9341	0.523598	0.083658	0.083658
57.17722	115.0287	104.9316	0.523598	0.083658	0.083658
57.06986	112.5416	102.4441	0.523598	0.083668	0.083668
56.69399	112.5416	102.4426	0.523598	0.083708	0.083708
56.37166	112.5416	102.4417	0.523598	0.083758	0.083758
55.94169	110.1032	100.0026	0.523598	0.083848	0.083848
55.83417	110.1032	100.0026	0.523598	0.083878	0.083878
55.45776	110.1032	100.0030	0.523598	0.084018	0.084018
55.08126	108.8282	98.72908	0.523598	0.084198	0.084198
54.86609	108.8282	98.72991	0.523598	0.084308	0.084308
54.59710	108.8282	98.73110	0.523598	0.084448	0.084448
54.22047	107.1063	97.01064	0.523598	0.084658	0.084658
53.78999	107.1063	97.01263	0.523598	0.084888	0.084888
53.35951	107.1063	97.01440	0.523598	0.085058	0.085058
52.98287	104.0034	93.91258	0.523598	0.085148	0.085148
52.55245	104.0034	93.91302	0.523598	0.085198	0.085198
52.44484	104.0034	93.91299	0.523598	0.085198	0.085198
52.01443	102.5146	92.42387	0.523598	0.085188	0.085188
51.69162	102.5146	92.42338	0.523598	0.085158	0.085158
51.47640	102.5146	92.42292	0.523598	0.085128	0.085128
51.20738	101.1695	91.07713	0.523598	0.085078	0.085078
50.83072	101.1695	91.07590	0.523598	0.084998	0.084998
50.45404	101.1695	91.07442	0.523598	0.084898	0.084898
50.34641	99.35790	89.26221	0.523598	0.084858	0.084858
49.91584	99.35790	89.25973	0.523598	0.084688	0.084688
49.59286	99.35790	89.25753	0.523598	0.084548	0.084548
49.53903	97.83239	87.73166	0.523598	0.084528	0.084528
49.05441	97.83239	87.72845	0.523598	0.084348	0.084348
48.67738	97.83239	87.72571	0.523598	0.084178	0.084178
48.24635	94.43863	84.32856	0.523598	0.083968	0.083968
48.13858	94.43863	84.32773	0.523598	0.083918	0.083918
47.76128	94.43863	84.32494	0.523598	0.083758	0.083758
47.65346	94.41819	84.30366	0.523598	0.083708	0.083708
47.22209	94.41819	84.30069	0.523598	0.083548	0.083548
46.79056	94.41819	84.29779	0.523598	0.083408	0.083408
46.41282	90.85845	80.73605	0.523598	0.083338	0.083338
46.35885	90.85845	80.73587	0.523598	0.083338	0.083338
45.92699	90.85845	80.73460	0.523598	0.083338	0.083338
45.54900	89.75798	79.63364	0.523598	0.083378	0.083378
45.17094	89.75798	79.63362	0.523598	0.083428	0.083428
44.79285	89.75798	79.63326	0.523598	0.083428	0.083428
** PERIOD **
44.63079	87.83128	77.70621	0.523598	0.083418	0.083418
44.30665	87.83128	77.70557	0.523598	0.083398	0.083398
43.87441	87.83128	77.70483	0.523598	0.083368	0.083368
43.76634	86.19188	76.06523	0.523598	0.083358	0.083358
43.33400	86.19188	76.06409	0.523598	0.083338	0.083338
42.95563	86.19188	76.06406	0.523598	0.083378	0.083378
42.57722	83.27285	73.14500	0.523598	0.083398	0.083398
42.46910	83.27285	73.14505	0.523598	0.083408	0.083408
42.14472	83.27285	73.14501	0.523598	0.083418	0.083418
41.71220	82.08243	71.95457	0.523598	0.083428	0.083428
41.65813	82.08243	71.95456	0.523598	0.083428	0.083428
41.22562	82.08243	71.95502	0.523598	0.083418	0.083418
40.84722	80.35281	70.22564	0.523598	0.083408	0.083408
40.73911	80.35281	70.22561	0.523598	0.083398	0.083398
40.36074	80.35281	70.22568	0.523598	0.083378	0.083378
39.98239	78.62340	68.49627	0.523598	0.083348	0.083348
39.60406	78.62340	68.49622	0.523598	0.083318	0.083318
39.49597	78.62340	68.49619	0.523598	0.083308	0.083308
39.11766	76.89411	66.76671	0.523598	0.083278	0.083278
38.73935	76.89411	66.76646	0.523598	0.083248	0.083248
38.36104	76.89411	66.76621	0.523598	0.083218	0.083218
38.25295	75.16472	65.03679	0.523598	0.083208	0.083208
37.82060	75.16472	65.03581	0.523598	0.083098	0.083098
37.44227	75.16472	65.03422	0.523598	0.082968	0.082968
37.06389	72.24628	62.11440	0.523598	0.082888	0.082888
36.95577	72.24628	62.11421	0.523598	0.082888	0.082888
36.57730	72.24628	62.11441	0.523598	0.082938	0.082938
36.25288	71.25375	61.12255	0.523598	0.082998	0.082998
35.82034	71.25375	61.12333	0.523598	0.083058	0.083058
35.71220	71.25375	61.12349	0.523598	0.083068	0.083068
35.33372	69.23559	59.10577	0.523598	0.083098	0.083098
34.95526	69.23559	59.10612	0.523598	0.083118	0.083118
34.52274	69.23559	59.10646	0.523598	0.083138	0.083138
34.41460	67.39732	57.26822	0.523598	0.083138	0.083138
34.03615	67.39732	57.26833	0.523598	0.083138	0.083138
33.65769	67.39732	57.26834	0.523598	0.083128	0.083128
33.22517	64.56818	54.43914	0.523598	0.083118	0.083118
33.06297	64.56818	54.43914	0.523598	0.083118	0.083118
32.68451	64.56818	54.43894	0.523598	0.083098	0.083098
32.30604	63.17997	53.05051	0.523598	0.083078	0.083078
32.19791	63.17997	53.05048	0.523598	0.083078	0.083078
31.87349	63.17997	53.05020	0.523598	0.083058	0.083058
31.49500	61.73819	51.60810	0.523598	0.083038	0.083038
31.11647	61.73819	51.60760	0.523598	0.083018	0.083018
31.00832	61.73819	51.60738	0.523598	0.083008	0.083008
30.35932	58.92611	48.79456	0.523598	0.082968	0.082968
30.25115	58.92611	48.79444	0.523598	0.082958	0.082958
29.81846	58.92611	48.79401	0.523598	0.082928	0.082928
29.71028	58.43842	48.30629	0.523598	0.082928	0.082928
** PERIOD **
29.27757	58.43842	48.30586	0.523598	0.082898	0.082898
28.89893	58.43842	48.30539	0.523598	0.082868	0.082868
28.79073	56.14908	46.01590	0.523598	0.082858	0.082858
28.41206	56.14908	46.01551	0.523598	0.082838	0.082838
27.97926	56.14908	46.01501	0.523598	0.082808	0.082808
27.60054	53.31766	43.18312	0.523598	0.082778	0.082778
27.22179	53.31766	43.18275	0.523598	0.082758	0.082758
27.16769	53.31766	43.18272	0.523598	0.082758	0.082758
26.73481	52.12646	41.99104	0.523598	0.082728	0.082728
26.35603	52.12646	41.99068	0.523598	0.082708	0.082708
26.03132	52.12646	41.99024	0.523598	0.082678	0.082678
25.92308	50.59323	40.45696	0.523598	0.082678	0.082678
25.54424	50.59323	40.45650	0.523598	0.082648	0.082648
25.16538	50.59323	40.45609	0.523598	0.082628	0.082628
24.89475	48.17580	38.03830	0.523598	0.082608	0.082608
24.40756	48.17580	38.03777	0.523598	0.082598	0.082598
24.24516	48.17580	38.03775	0.523598	0.082608	0.082608
23.81203	45.91956	35.78158	0.523598	0.082638	0.082638
23.70376	45.91956	35.78165	0.523598	0.082648	0.082648
23.43304	45.91956	35.78181	0.523598	0.082668	0.082668
23.32476	45.93691	35.79925	0.523598	0.082678	0.082678
22.94576	45.93691	35.79933	0.523598	0.082698	0.082698
22.56673	45.93691	35.79953	0.523598	0.082728	0.082728
22.13356	42.38237	32.24545	0.523598	0.082778	0.082778
22.07941	42.38237	32.24556	0.523598	0.082788	0.082788
21.70039	42.38237	32.24625	0.523598	0.082848	0.082848
21.26723	41.19029	31.05492	0.523598	0.082898	0.082898
20.83412	41.19029	31.05549	0.523598	0.082918	0.082918
20.72585	41.19029	31.05568	0.523598	0.082928	0.082928
20.34692	39.26005	29.12558	0.523598	0.082918	0.082918
19.96801	39.26005	29.12543	0.523598	0.082898	0.082898
19.58910	39.26005	29.12515	0.523598	0.082868	0.082868
19.48084	37.61817	27.48327	0.523598	0.082868	0.082868
19.10194	37.61817	27.48283	0.523598	0.082828	0.082828
18.66888	37.61817	27.48228	0.523598	0.082778	0.082778
18.50648	35.48910	25.35298	0.523598	0.082758	0.082758
18.18169	35.48910	25.35257	0.523598	0.082718	0.082718
17.80276	35.48910	25.35212	0.523598	0.082668	0.082668
17.42384	33.14336	23.00565	0.523598	0.082618	0.082618
17.15314	33.14336	23.00507	0.523598	0.082578	0.082578
17.04486	33.14336	23.00491	0.523598	0.082568	0.082568
16.55759	31.77127	21.63189	0.523598	0.082508	0.082508
16.17857	31.77127	21.63123	0.523598	0.082468	0.082468
15.96195	31.77127	21.63078	0.523598	0.082438	0.082438
15.42040	29.04571	18.90434	0.523598	0.082388	0.082388
15.20377	29.04571	18.90388	0.523598	0.082358	0.082358
14.77045	29.04571	18.90319	0.523598	0.082318	0.082318
14.39128	27.16727	17.02411	0.523598	0.082278	0.082278
14.28294	27.16727	17.02393	0.523598	0.082268	0.082268
13.90372	27.16727	17.02337	0.523598	0.082238	0.082238
** PERIOD **
13.52449	25.70420	15.55964	0.523598	0.082198	0.082198
13.09103	25.70420	15.55896	0.523598	0.082158	0.082158
13.03685	25.70420	15.55892	0.523598	0.082158	0.082158
12.60336	23.77156	13.62555	0.523598	0.082118	0.082118
12.22401	23.77156	13.62491	0.523598	0.082088	0.082088
11.89883	23.77156	13.62431	0.523598	0.082058	0.082058
11.79044	22.32593	12.17848	0.523598	0.082048	0.082048
11.35680	22.32593	12.17769	0.523598	0.082008	0.082008
10.97733	22.32593	12.17706	0.523598	0.081978	0.081978
10.59783	19.30829	9.158828	0.523598	0.081948	0.081948
10.48940	19.30829	9.158651	0.523598	0.081938	0.081938
9.784523	19.30829	9.157716	0.523598	0.081878	0.081878
9.676071	17.91565	7.764928	0.523598	0.081868	0.081868
9.296486	17.91565	7.764338	0.523598	0.081828	0.081828
8.916870	17.91565	7.763813	0.523598	0.081808	0.081808
8.862633	16.46944	6.317553	0.523598	0.081808	0.081808
8.428734	16.46944	6.317572	0.523598	0.081848	0.081848
8.103271	16.46944	6.318058	0.523598	0.081918	0.081918
7.994781	14.64319	4.491960	0.523598	0.081938	0.081938
7.506569	14.64319	4.493516	0.523598	0.082098	0.082098
7.126846	14.64319	4.495119	0.523598	0.082238	0.082238
7.018372	12.50948	2.361901	0.523598	0.082278	0.082278
6.638687	12.50948	2.363927	0.523598	0.082438	0.082438
6.204849	12.50948	2.366432	0.523598	0.082628	0.082628
5.879524	9.961105	-0.180007	-0.180007	-0.620837	-0.620837
5.771095	9.961105	-0.179367	-0.180007	-0.620797	-0.620797
5.391647	9.961105	-0.177240	-0.180007	-0.620667	-0.620667
5.012291	8.678967	-1.457873	-0.523598	-0.964188	-0.964188
4.633034	8.678967	-1.456832	-0.523598	-0.964158	-0.964158
4.524681	8.678967	-1.456632	-0.523598	-0.964158	-0.964158
4.145439	6.946125	-3.191917	-0.523598	-0.963978	-0.963978
3.765144	6.946125	-3.169296	-0.523598	-0.960668	-0.960668
3.492836	6.946125	-3.125518	-0.523598	-0.955418	-0.955418
3.220047	4.997822	-4.986898	-0.523598	-0.946638	-0.946638
2.783875	4.997822	-4.749579	-0.523598	-0.924438	-0.924438
2.729477	4.997822	-4.708772	-0.523598	-0.920888	-0.920888
2.351074	3.353813	-6.000139	-0.523598	-0.891678	-0.891678
1.979103	3.353813	-5.518140	-0.523598	-0.855358	-0.855358
1.617775	3.353813	-4.911482	-0.523598	-0.813758	-0.813758
1.517090	1.744176	-6.325851	-0.523598	-0.801128	-0.801128
1.319778	1.744176	-5.907701	-0.523598	-0.775128	-0.775128
1.128517	1.744176	-5.454932	-0.523598	-0.748358	-0.748358
0.767242	0.384669	-5.815521	-0.523598	-0.693638	-0.693638
0.517631	0.384669	-5.000918	-0.523598	-0.652448	-0.652448
0.438911	0.384669	-4.719343	-0.523598	-0.638808	-0.638808
0.148269	-0.635191	-4.573400	-0.523598	-0.585058	-0.585058
-0.100692	-0.635191	-3.365456	-0.523598	-0.533258	-0.533258
-0.304863	-0.635191	-2.140891	-0.523598	-0.483918	-0.483918
-0.327133	-1.346920	-2.699531	-0.523598	-0.477928	-0.477928
-0.462051	-1.346920	-1.632385	-0.523598	-0.437218	-0.437218
** PERIOD **
-0.548172	-1.346920	-0.729247	-0.523598	-0.404038	-0.404038
-0.619628	-1.627471	0.152646	0.152646	0.313106	0.313106
-0.641311	-1.627471	1.254958	0.152646	0.350156	0.350156
-0.638977	-1.627471	1.520866	0.152646	0.358856	0.358856
-0.606506	-1.092328	2.952384	0.523598	0.758408	0.758408
-0.536613	-1.092328	3.796804	0.523598	0.784288	0.784288
-0.429924	-1.092328	4.580412	0.523598	0.807298	0.807298
-0.392845	-0.330923	5.554998	0.523598	0.813388	0.813388
-0.287620	-0.330923	6.067924	0.523598	0.827808	0.827808
-0.082237	-0.330923	6.824356	0.523598	0.846728	0.846728
-0.023895	0.665814	7.989040	0.523598	0.850358	0.850358
0.201606	0.665814	8.509507	0.523598	0.858548	0.858548
0.458412	0.665814	8.891483	0.523598	0.858828	0.858828
0.743431	2.864672	11.30869	0.523598	0.849918	0.849918
1.052422	2.864672	11.35760	0.523598	0.831508	0.831508
1.428001	2.864672	11.17724	0.523598	0.799558	0.799558
1.769073	5.347336	13.31256	0.523598	0.764338	0.764338
2.065460	5.347336	12.88904	0.523598	0.730428	0.730428
2.213745	5.347336	12.63798	0.523598	0.712588	0.712588
2.604973	6.703269	13.21257	0.523598	0.663358	0.663358
2.937202	6.703269	12.42398	0.523598	0.619838	0.619838
3.255440	6.703269	11.58482	0.523598	0.577578	0.577578
3.343330	8.017338	12.65585	0.523598	0.565978	0.565978
3.598145	8.017338	11.93029	0.523598	0.532778	0.532778
3.915627	8.017338	10.99302	0.523598	0.492838	0.492838
4.136086	9.693385	12.00824	0.523598	0.466708	0.466708
4.340927	9.693385	11.40447	0.523598	0.444368	0.444368
4.619232	9.693385	10.61630	0.523598	0.417838	0.417838
4.731995	10.55734	11.17550	0.523598	0.408598	0.408598
4.838211	10.55734	10.89912	0.523598	0.400828	0.400828
5.008842	10.55734	10.47791	0.523598	0.390468	0.390468
5.054115	10.74533	10.56023	0.523598	0.388238	0.388238
5.200966	10.74533	10.23542	0.523598	0.382578	0.382578
5.347725	10.74533	9.939507	0.523598	0.379498	0.379498
5.444000	11.63775	10.65402	0.523598	0.378988	0.378988
5.542633	11.63775	10.48692	0.523598	0.379758	0.379758
5.555603	11.63775	10.46625	0.523598	0.379968	0.379968
5.649933	11.74324	10.42913	0.523598	0.382248	0.382248
5.719826	11.74324	10.33104	0.523598	0.384818	0.384818
5.779083	11.74324	10.24943	0.523598	0.387548	0.387548
5.786743	11.90156	10.39714	0.523598	0.387938	0.387938
5.841255	11.90156	10.31733	0.523598	0.390818	0.390818
5.879837	11.90156	10.25152	0.523598	0.392848	0.392848
5.910782	12.12831	10.41227	0.523598	0.394238	0.394238
5.934814	12.12831	10.34312	0.523598	0.394868	0.394868
5.937714	12.12831	10.33279	0.523598	0.394888	0.394888
5.956558	12.08948	10.20763	0.523598	0.394478	0.394478
5.967056	12.08948	10.12437	0.523598	0.393218	0.393218
5.969093	12.08948	10.09914	0.523598	0.392708	0.392708
5.972977	12.07334	9.988965	0.523598	0.390388	0.390388
5.973183	12.07334	9.945820	0.523598	0.389148	0.389148
** PERIOD **
5.971565	12.07334	9.870260	0.523598	0.386788	0.386788
5.962715	12.00835	9.658031	0.523598	0.381698	0.381698
5.950577	12.00835	9.533309	0.523598	0.377068	0.377068
5.946251	12.00835	9.496194	0.523598	0.375648	0.375648
5.922081	11.87646	9.191026	0.523598	0.368838	0.368838
5.908829	11.87646	9.110484	0.523598	0.365598	0.365598
5.881844	11.87646	8.965886	0.523598	0.359718	0.359718
5.849922	11.67961	8.620676	0.523598	0.353638	0.353638
5.824043	11.67961	8.513705	0.523598	0.349228	0.349228
5.801453	11.67961	8.427900	0.523598	0.345678	0.345678
5.757919	11.46252	8.061251	0.523598	0.339478	0.339478
5.744530	11.46252	8.018598	0.523598	0.337708	0.337708
5.701828	11.46252	7.892602	0.523598	0.332488	0.332488
5.647202	11.20989	7.496004	0.523598	0.326528	0.326528
5.578461	11.20989	7.337406	0.523598	0.319988	0.319988
5.512856	11.20989	7.204608	0.523598	0.314538	0.314538
5.473114	10.75613	6.677702	0.523598	0.311548	0.311548
5.431763	10.75613	6.606455	0.523598	0.308638	0.308638
5.344261	10.75613	6.470395	0.523598	0.303138	0.303138
5.274551	10.31819	5.936221	0.523598	0.299288	0.299288
5.250557	10.31819	5.905261	0.523598	0.298058	0.298058
5.150826	10.31819	5.786591	0.523598	0.293388	0.293388
5.045265	9.808413	5.166335	0.523598	0.289158	0.289158
4.948189	9.808413	5.075021	0.523598	0.285768	0.285768
4.846809	9.808413	4.987619	0.523598	0.282608	0.282608
4.831993	9.408520	4.575594	0.523598	0.282178	0.282178
4.694633	9.408520	4.467628	0.523598	0.278398	0.278398
4.599182	9.408520	4.397647	0.523598	0.275998	0.275998
4.566689	8.791246	3.757244	0.523598	0.275208	0.275208
4.399193	8.791246	3.642845	0.523598	0.271328	0.271328
4.329842	8.791246	3.597069	0.523598	0.269778	0.269778
4.205292	7.908336	2.633641	0.523598	0.267058	0.267058
4.095291	7.908336	2.564201	0.523598	0.264718	0.264718
4.076668	7.908336	2.552542	0.523598	0.264328	0.264328
3.924667	7.481560	2.031320	0.523598	0.261148	0.261148
3.787270	7.481560	1.946591	0.523598	0.258258	0.258258
3.747261	7.481560	1.922036	0.523598	0.257418	0.257418
3.604568	6.775671	1.128479	0.523598	0.254378	0.254378
3.457718	6.775671	1.038112	0.523598	0.251208	0.251208
3.306664	6.775671	0.944191	0.523598	0.247858	0.247858
3.173759	5.729596	-0.185351	-0.185351	-0.464071	-0.464071
3.014610	5.729596	-0.285187	-0.185351	-0.467641	-0.467641
2.991508	5.729596	-0.299697	-0.185351	-0.468161	-0.468161
2.803383	5.089421	-1.057766	-0.523598	-0.810638	-0.810638
2.779427	5.089421	-1.072784	-0.523598	-0.811178	-0.811178
2.609200	5.089421	-1.178554	-0.523598	-0.814968	-0.814968
2.408875	4.260255	-2.130830	-0.523598	-0.819378	-0.819378
2.254257	4.260255	-2.226254	-0.523598	-0.822138	-0.822138
2.148743	4.260255	-2.273654	-0.523598	-0.822698	-0.822698
2.041313	3.570002	-2.998573	-0.523598	-0.822138	-0.822138
** PERIOD **
1.820564	3.570002	-2.985897	-0.523598	-0.815368	-0.815368
1.621986	3.570002	-2.869999	-0.523598	-0.802268	-0.802268
1.391426	1.799942	-4.348775	-0.523598	-0.778138	-0.778138
1.189827	1.799942	-3.942471	-0.523598	-0.749278	-0.749278
1.132843	1.799942	-3.801569	-0.523598	-0.739938	-0.739938
0.964981	1.319034	-3.798135	-0.523598	-0.709528	-0.709528
0.752044	1.319034	-3.021816	-0.523598	-0.664698	-0.664698
0.603866	1.319034	-2.353776	-0.523598	-0.628888	-0.628888
0.426452	0.055451	-2.631089	-0.523598	-0.579508	-0.579508
0.386283	0.055451	-2.370396	-0.523598	-0.567058	-0.567058
0.294136	0.055451	-1.700910	-0.523598	-0.536008	-0.536008
0.173568	0.025426	-0.619137	-0.523598	-0.487108	-0.487108
0.097999	0.025426	0.374341	-0.523598	-0.445808	-0.445808
0.081916	0.025426	0.657817	-0.523598	-0.434408	-0.434408
0.045722	-0.021734	1.594690	0.523598	0.651218	0.651218
0.041908	-0.021734	2.551337	0.523598	0.686958	0.686958
0.078330	-0.021734	3.600817	0.523598	0.724568	0.724568
0.085975	0.338899	4.088852	0.523598	0.729038	0.729038
0.172126	0.338899	5.075255	0.523598	0.762608	0.762608
0.283844	0.338899	5.878955	0.523598	0.788868	0.788868
0.406150	1.445694	7.633529	0.523598	0.809448	0.809448
0.452346	1.445694	7.845485	0.523598	0.815808	0.815808
0.635696	1.445694	8.518124	0.523598	0.834488	0.834488
0.885253	2.668880	10.38433	0.523598	0.848208	0.848208
1.098961	2.668880	10.75387	0.523598	0.851988	0.851988
1.253304	2.668880	10.93586	0.523598	0.850788	0.850788
1.416237	3.817402	12.21576	0.523598	0.846858	0.846858
1.856636	3.817402	12.29642	0.523598	0.823548	0.823548
2.043411	3.817402	12.22737	0.523598	0.809408	0.809408
2.186470	5.756463	14.07797	0.523598	0.797288	0.797288
2.527313	5.756463	13.75952	0.523598	0.764938	0.764938
2.873207	5.756463	13.29847	0.523598	0.728338	0.728338
3.218445	8.256630	15.21292	0.523598	0.689038	0.689038
3.316193	8.256630	15.02547	0.523598	0.677538	0.677538
3.652657	8.256630	14.31318	0.523598	0.637088	0.637088
3.931664	9.152290	14.55224	0.523598	0.602908	0.602908
4.329781	9.152290	13.54155	0.523598	0.554348	0.554348
4.619965	9.152290	12.76810	0.523598	0.520128	0.520128
4.659912	10.63356	14.14106	0.523598	0.515528	0.515528
4.928688	10.63356	13.41015	0.523598	0.485608	0.485608
5.143593	10.63356	12.82774	0.523598	0.463268	0.463268
5.376076	12.04577	13.62819	0.523598	0.441438	0.441438
5.438934	12.04577	13.46733	0.523598	0.436038	0.436038
5.618080	12.04577	13.02383	0.523598	0.421988	0.421988
5.835564	12.53716	13.00972	0.523598	0.407918	0.407918
5.983215	12.53716	12.69135	0.523598	0.400508	0.400508
6.139465	12.53716	12.38065	0.523598	0.394868	0.394868
6.181061	13.03805	12.80347	0.523598	0.393768	0.393768
6.334595	13.03805	12.53358	0.523598	0.391218	0.391218
6.453003	13.03805	12.34460	0.523598	0.390848	0.390848
** PERIOD **
6.557793	13.84345	12.99561	0.523598	0.391638	0.391638
6.585365	13.84345	12.95695	0.523598	0.392028	0.392028
6.662277	13.84345	12.85318	0.523598	0.393508	0.393508
6.741585	13.88965	12.79658	0.523598	0.395588	0.395588
6.810585	13.88965	12.70796	0.523598	0.397748	0.397748
6.870247	13.88965	12.62755	0.523598	0.399698	0.399698
6.885689	14.11158	12.82743	0.523598	0.400188	0.400188
6.959023	14.11158	12.70645	0.523598	0.402038	0.402038
6.981148	14.11158	12.66133	0.523598	0.402298	0.402298
7.010208	14.32796	12.80795	0.523598	0.402248	0.402248
7.018837	14.32796	12.78376	0.523598	0.402098	0.402098
7.041771	14.32796	12.70852	0.523598	0.401278	0.401278
7.063171	14.31467	12.60062	0.523598	0.399568	0.399568
7.079147	14.31467	12.49816	0.523598	0.397078	0.397078
7.085945	14.31467	12.43579	0.523598	0.395318	0.395318
7.092117	14.33250	12.37191	0.523598	0.392808	0.392808
7.096535	14.33250	12.25011	0.523598	0.388738	0.388738
7.096016	14.33250	12.12056	0.523598	0.384118	0.384118
7.090553	14.27853	11.92992	0.523598	0.379028	0.379028
7.088081	14.27853	11.88989	0.523598	0.377508	0.377508
7.076187	14.27853	11.74617	0.523598	0.371958	0.371958
7.059250	14.16635	11.48634	0.523598	0.366138	0.366138
7.037193	14.16635	11.33560	0.523598	0.360108	0.360108
7.029945	14.16635	11.29201	0.523598	0.358358	0.358358
7.005600	14.02180	11.01665	0.523598	0.353088	0.353088
6.996643	14.02180	10.97306	0.523598	0.351328	0.351328
6.956429	14.02180	10.79953	0.523598	0.344298	0.344298
6.921730	13.80370	10.45281	0.523598	0.339088	0.339088
6.915565	13.80370	10.43174	0.523598	0.338238	0.338238
6.869385	13.80370	10.28606	0.523598	0.332358	0.332358
6.817917	13.56283	9.904112	0.523598	0.326688	0.326688
6.761223	13.56283	9.768420	0.523598	0.321268	0.321268
6.735336	13.56283	9.712135	0.523598	0.319028	0.319028
6.680794	13.23308	9.272952	0.523598	0.314678	0.314678
6.612511	13.23308	9.150589	0.523598	0.309848	0.309848
6.517555	13.23308	9.001905	0.523598	0.304038	0.304038
6.449867	12.61494	8.290140	0.523598	0.300438	0.300438
6.354286	12.61494	8.170758	0.523598	0.295948	0.295948
6.329445	12.61494	8.142012	0.523598	0.294888	0.294888
6.252670	12.27665	7.719331	0.523598	0.291808	0.291808
6.158882	12.27665	7.624220	0.523598	0.288398	0.288398
6.060600	12.27665	7.531481	0.523598	0.285118	0.285118
5.957870	11.52449	6.687988	0.523598	0.281928	0.281928
5.927704	11.52449	6.662129	0.523598	0.281028	0.281028
5.819283	11.52449	6.573151	0.523598	0.277958	0.277958
5.690048	11.03370	5.981310	0.523598	0.274468	0.274468
5.640121	11.03370	5.943392	0.523598	0.273158	0.273158
5.450310	11.03370	5.803283	0.523598	0.268308	0.268308
5.414650	10.47031	5.214211	0.523598	0.267418	0.267418
** PERIOD **
5.268463	10.47031	5.109987	0.523598	0.263828	0.263828
5.155037	10.47031	5.030621	0.523598	0.261088	0.261088
4.998787	9.404586	3.857323	0.523598	0.257358	0.257358
4.958809	9.404586	3.830054	0.523598	0.256408	0.256408
4.836700	9.404586	3.746891	0.523598	0.253488	0.253488
4.690071	8.965527	3.208618	0.523598	0.249958	0.249958
4.647346	8.965527	3.179843	0.523598	0.248928	0.248928
4.516945	8.965527	3.092233	0.523598	0.245798	0.245798
4.383141	8.354729	2.392388	0.523598	0.242628	0.242628
4.199348	8.354729	2.271332	0.523598	0.238348	0.238348
4.033379	8.354729	2.164052	0.523598	0.234568	0.234568
3.837746	6.866698	0.552518	0.523598	0.230228	0.230228
3.787827	6.866698	0.521375	0.523598	0.229128	0.229128
3.635719	6.866698	0.427694	0.523598	0.225818	0.225818
3.427238	6.270186	-0.295033	-0.295033	-0.597283	-0.597283
3.239471	6.270186	-0.406045	-0.295033	-0.601213	-0.601213
3.102280	6.270186	-0.484892	-0.295033	-0.603992	-0.603992
3.018730	5.456611	-1.345703	-0.523598	-0.834218	-0.834218
2.791412	5.456611	-1.471422	-0.523598	-0.838658	-0.838658
2.587120	5.456611	-1.579996	-0.523598	-0.842468	-0.842468
2.527832	4.337569	-2.729639	-0.523598	-0.843538	-0.843538
2.285645	4.337569	-2.836615	-0.523598	-0.845308	-0.845308
2.098770	4.337569	-2.871700	-0.523598	-0.843148	-0.843148
1.843056	2.644979	-4.507405	-0.523598	-0.833228	-0.833228
1.778130	2.644979	-4.471735	-0.523598	-0.829258	-0.829258
1.581734	2.644979	-4.298682	-0.523598	-0.813578	-0.813578
1.285805	1.742752	-4.754975	-0.523598	-0.779588	-0.779588
1.123253	1.742752	-4.405958	-0.523598	-0.755988	-0.755988
1.091080	1.742752	-4.328063	-0.523598	-0.750938	-0.750938
0.809593	0.925433	-4.333330	-0.523598	-0.701598	-0.701598
0.576576	0.925433	-3.461191	-0.523598	-0.653508	-0.653508
0.548919	0.925433	-3.343472	-0.523598	-0.647318	-0.647318
0.341774	0.003842	-3.264284	-0.523598	-0.596988	-0.596988
0.205146	0.003842	-2.456842	-0.523598	-0.558958	-0.558958
0.069213	0.003842	-1.472259	-0.523598	-0.515018	-0.515018
-0.038757	-0.611829	-1.074880	-0.523598	-0.472118	-0.472118
-0.086875	-0.611829	-0.490721	-0.523598	-0.448438	-0.448438
-0.132415	-0.611829	0.233659	-0.523598	-0.419918	-0.419918
-0.167861	-0.451231	1.391312	0.523598	0.664978	0.664978
-0.166671	-0.451231	2.489543	0.523598	0.704638	0.704638
-0.159294	-0.451231	2.754611	0.523598	0.713918	0.713918
-0.111015	-0.027631	4.073893	0.523598	0.744418	0.744418
-0.041870	-0.027631	4.795249	0.523598	0.768028	0.768028
0.070762	-0.027631	5.583668	0.523598	0.792898	0.792898
0.109161	0.685022	6.510976	0.523598	0.799518	0.799518
0.265472	0.685022	7.224539	0.523598	0.819858	0.819858
0.455291	0.685022	7.839406	0.523598	0.834558	0.834558
0.711555	2.526783	10.22711	0.523598	0.842298	0.842298
0.781791	2.526783	10.33607	0.523598	0.842548	0.842548
1.006233	2.526783	10.57792	0.523598	0.838868	0.838868
** PERIOD **
1.333908	3.805054	11.99092	0.523598	0.823618	0.823618
1.642212	3.805054	11.91294	0.523598	0.800788	0.800788
1.825081	3.805054	11.79054	0.523598	0.784448	0.784448
2.058372	5.424101	13.18355	0.523598	0.761378	0.761378
2.389877	5.424101	12.74231	0.523598	0.725308	0.725308
2.674614	5.424101	12.26153	0.523598	0.692018	0.692018
3.002579	7.678651	13.85379	0.523598	0.651798	0.651798
3.140518	7.678651	13.54342	0.523598	0.634488	0.634488
3.409874	7.678651	12.89204	0.523598	0.600268	0.600268
3.710991	8.702865	13.13403	0.523598	0.562008	0.562008
3.995857	8.702865	12.35408	0.523598	0.526478	0.526478
4.262779	8.702865	11.59864	0.523598	0.494368	0.494368
4.371346	9.943323	12.52888	0.523598	0.481838	0.481838
4.544327	9.943323	12.03629	0.523598	0.462678	0.462678
4.769783	9.943323	11.40308	0.523598	0.439448	0.439448
4.975883	11.05938	11.95599	0.523598	0.420398	0.420398
5.162994	11.05938	11.46765	0.523598	0.405508	0.405508
5.213043	11.05938	11.34187	0.523598	0.402008	0.402008
5.376602	11.52124	11.41101	0.523598	0.392168	0.392168
5.542305	11.52124	11.04461	0.523598	0.385008	0.385008
5.652550	11.52124	10.81974	0.523598	0.381998	0.381998
5.703377	12.05144	11.25237	0.523598	0.381148	0.381148
5.796852	12.05144	11.08292	0.523598	0.380478	0.380478
5.918167	12.05144	10.88429	0.523598	0.381458	0.381458
5.987556	12.54878	11.27712	0.523598	0.382938	0.382938
5.998299	12.54878	11.26131	0.523598	0.383218	0.383218
6.076172	12.54878	11.14967	0.523598	0.385788	0.385788
6.125862	12.58236	11.11275	0.523598	0.387848	0.387848
6.181587	12.58236	11.02940	0.523598	0.390438	0.390438
6.187775	12.58236	11.01944	0.523598	0.390728	0.390728
6.221405	12.70208	11.08092	0.523598	0.392288	0.392288
6.253647	12.70208	11.01323	0.523598	0.393568	0.393568
6.261574	12.70208	10.99375	0.523598	0.393818	0.393818
6.282173	12.76566	10.99724	0.523598	0.394208	0.394208
6.300545	12.76566	10.92281	0.523598	0.393948	0.393948
6.316017	12.76566	10.81801	0.523598	0.392438	0.392438
6.317207	12.79283	10.83259	0.523598	0.392178	0.392178
6.322243	12.79283	10.75462	0.523598	0.390348	0.390348
6.323738	12.79283	10.68508	0.523598	0.388408	0.388408
6.319687	12.74353	10.48460	0.523598	0.383528	0.383528
6.317772	12.74353	10.45237	0.523598	0.382398	0.382398
6.309830	12.74353	10.35204	0.523598	0.378748	0.378748
6.294121	12.64566	10.11182	0.523598	0.373318	0.373318
6.278442	12.64566	9.999285	0.523598	0.368878	0.368878
6.269341	12.64566	9.941576	0.523598	0.366568	0.366568
6.240852	12.49295	9.630987	0.523598	0.360168	0.360168
6.210838	12.49295	9.489727	0.523598	0.354368	0.354368
6.181274	12.49295	9.367500	0.523598	0.349308	0.349308
6.136284	12.19833	8.909277	0.523598	0.342518	0.342518
6.130196	12.19833	8.888998	0.523598	0.341678	0.341678
** PERIOD **
6.084831	12.19833	8.748111	0.523598	0.335828	0.335828
6.026955	11.97170	8.363538	0.523598	0.329268	0.329268
6.011475	11.97170	8.324644	0.523598	0.327658	0.327658
5.962624	11.97170	8.209962	0.523598	0.322918	0.322918
5.901070	11.69234	7.800776	0.523598	0.317608	0.317608
5.891884	11.69234	7.782631	0.523598	0.316868	0.316868
5.784264	11.69234	7.590989	0.523598	0.309138	0.309138
5.752876	11.35878	7.207342	0.523598	0.307138	0.307138
5.664955	11.35878	7.078554	0.523598	0.302078	0.302078
5.595009	11.35878	6.985382	0.523598	0.298508	0.298508
5.496407	10.66545	6.171609	0.523598	0.293978	0.293978
5.470810	10.66545	6.142319	0.523598	0.292898	0.292898
5.391739	10.66545	6.055638	0.523598	0.289728	0.289728
5.295204	10.35503	5.646657	0.523598	0.286188	0.286188
5.194099	10.35503	5.550417	0.523598	0.282768	0.282768
5.179283	10.35503	5.536688	0.523598	0.282278	0.282278
5.072990	9.875643	4.961946	0.523598	0.278938	0.278938
4.962120	9.875643	4.867111	0.523598	0.275648	0.275648
4.846733	9.875643	4.772966	0.523598	0.272378	0.272378
4.709328	8.912669	3.701958	0.523598	0.268648	0.268648
4.674049	8.912669	3.674927	0.523598	0.267718	0.267718
4.566002	8.912669	3.593993	0.523598	0.264958	0.264958
4.435730	8.515389	3.102123	0.523598	0.261738	0.261738
4.300964	8.515389	3.007101	0.523598	0.258468	0.258468
4.241821	8.515389	2.965652	0.523598	0.257028	0.257028
4.141426	7.892363	2.272795	0.523598	0.254598	0.254598
3.996956	7.892363	2.173092	0.523598	0.251108	0.251108
3.847870	7.892363	2.071433	0.523598	0.247538	0.247538
3.671783	6.660975	0.721274	0.523598	0.243358	0.243358
3.626801	6.660975	0.691375	0.523598	0.242308	0.242308
3.395981	6.660975	0.538869	0.523598	0.236958	0.236958
3.324806	6.171215	0.002766	0.002766	-0.285503	-0.285503
3.130623	6.171215	-0.122397	0.002766	-0.289933	-0.289933
2.955399	6.171215	-0.233594	0.002766	-0.293883	-0.293883
2.801231	4.829985	-1.670910	-0.523598	-0.823658	-0.823658
2.669922	4.829985	-1.750768	-0.523598	-0.826478	-0.826478
2.563011	4.829985	-1.814658	-0.523598	-0.828728	-0.828728
2.371925	4.128262	-2.627155	-0.523598	-0.832608	-0.832608
2.175056	4.128262	-2.728769	-0.523598	-0.834628	-0.834628
2.146423	4.128262	-2.738732	-0.523598	-0.834628	-0.834628
1.912842	3.160569	-3.745613	-0.523598	-0.831158	-0.831158
1.671890	3.160569	-3.665769	-0.523598	-0.819648	-0.819648
1.610695	3.160569	-3.621608	-0.523598	-0.815218	-0.815218
1.425758	2.139734	-4.447521	-0.523598	-0.798318	-0.798318
1.240143	2.139734	-4.150207	-0.523598	-0.775798	-0.775798
1.025940	2.139734	-3.673370	-0.523598	-0.743548	-0.743548
0.935897	1.155364	-4.413887	-0.523598	-0.728148	-0.728148
0.567863	1.155364	-3.118816	-0.523598	-0.653948	-0.653948
0.515518	1.155364	-2.889150	-0.523598	-0.641778	-0.641778
0.344001	-0.198405	-3.385740	-0.523598	-0.598308	-0.598308
** PERIOD **
0.213569	-0.198405	-2.594003	-0.523598	-0.560478	-0.560478
0.083808	-0.198405	-1.619895	-0.523598	-0.516388	-0.516388
-0.018806	-0.542495	-0.957905	-0.523598	-0.473238	-0.473238
-0.042778	-0.542495	-0.666079	-0.523598	-0.461178	-0.461178
-0.099472	-0.542495	0.204839	-0.523598	-0.426138	-0.426138
-0.138137	-0.375458	1.514373	0.523598	0.664838	0.664838
-0.138336	-0.375458	2.340637	0.523598	0.695088	0.695088
-0.124488	-0.375458	2.873418	0.523598	0.713988	0.713988
-0.091339	-0.004967	3.887649	0.523598	0.736278	0.736278
-0.015319	-0.004967	4.745127	0.523598	0.764998	0.764998
0.113525	-0.004967	5.660680	0.523598	0.794508	0.794508
0.239128	1.128793	7.438109	0.523598	0.814298	0.814298
0.311340	1.128793	7.739826	0.523598	0.822848	0.822848
0.445350	1.128793	8.200222	0.523598	0.834938	0.834938
0.661132	2.125530	9.750537	0.523598	0.845988	0.845988
0.945594	2.125530	10.21341	0.523598	0.848978	0.848978
1.022583	2.125530	10.29595	0.523598	0.847868	0.847868
1.351295	3.952639	12.32397	0.523598	0.836218	0.836218
1.616821	3.952639	12.31973	0.523598	0.819508	0.819508
1.941963	3.952639	12.15335	0.523598	0.792828	0.792828
2.277931	6.200058	14.07545	0.523598	0.760228	0.760228
2.375084	6.200058	13.95566	0.523598	0.750078	0.750078
2.618813	6.200058	13.60782	0.523598	0.723448	0.723448
2.813576	6.620218	13.70420	0.523598	0.701198	0.701198
3.386177	6.620218	12.53582	0.523598	0.632348	0.632348
3.478737	6.620218	12.32000	0.523598	0.620888	0.620888
3.705254	8.996341	14.14295	0.523598	0.592788	0.592788
4.051468	8.996341	13.24949	0.523598	0.550318	0.550318
4.296577	8.996341	12.58916	0.523598	0.520998	0.520998
4.565407	10.66443	13.51391	0.523598	0.489998	0.489998
4.638710	10.66443	13.31008	0.523598	0.481838	0.481838
5.013214	10.66443	12.28107	0.523598	0.443378	0.443378
5.137398	11.32835	12.61677	0.523598	0.432198	0.432198
5.339622	11.32835	12.10530	0.523598	0.416128	0.416128
5.472610	11.32835	11.78632	0.523598	0.407158	0.407158
5.523201	11.78956	12.13046	0.523598	0.404108	0.404108
5.733047	11.78956	11.67100	0.523598	0.393788	0.393788
5.837524	11.78956	11.45985	0.523598	0.390198	0.390198
5.857407	12.37187	12.00313	0.523598	0.389638	0.389638
6.022041	12.37187	11.70099	0.523598	0.386758	0.386758
6.118195	12.37187	11.54148	0.523598	0.386508	0.386508
6.217781	13.13616	12.15356	0.523598	0.387378	0.387378
6.293182	13.13616	12.04738	0.523598	0.388858	0.388858
6.390694	13.13616	11.91831	0.523598	0.391718	0.391718
6.410011	13.24055	11.99752	0.523598	0.392388	0.392388
6.471413	13.24055	11.91642	0.523598	0.394688	0.394688
6.516838	13.24055	11.85233	0.523598	0.396448	0.396448
6.530602	13.36225	11.95316	0.523598	0.396958	0.396958
6.573700	13.36225	11.88105	0.523598	0.398418	0.398418
6.604744	13.36225	11.81845	0.523598	0.399168	0.399168
** PERIOD **
6.638466	13.55672	11.92586	0.523598	0.399308	0.399308
6.645607	13.55672	11.90298	0.523598	0.399178	0.399178
6.666924	13.55672	11.81885	0.523598	0.398208	0.398208
6.682747	13.53935	11.70974	0.523598	0.396418	0.396418
6.684570	13.53935	11.69599	0.523598	0.396098	0.396098
6.694527	13.53935	11.59461	0.523598	0.393408	0.393408
6.699135	13.52561	11.48690	0.523598	0.390538	0.390538
6.699806	13.52561	11.35232	0.523598	0.385978	0.385978
6.697815	13.52561	11.28136	0.523598	0.383428	0.383428
6.694283	13.48050	11.16275	0.523598	0.380718	0.380718
6.682533	13.48050	11.00882	0.523598	0.374848	0.374848
6.664467	13.48050	10.84772	0.523598	0.368498	0.368498
6.643387	13.30199	10.52355	0.523598	0.362668	0.362668
6.625275	13.30199	10.41807	0.523598	0.358408	0.358408
6.595558	13.30199	10.26937	0.523598	0.352358	0.352358
6.576294	13.14078	10.02295	0.523598	0.348878	0.348878
6.549843	13.14078	9.916996	0.523598	0.344548	0.344548
6.508377	13.14078	9.770110	0.523598	0.338548	0.338548
6.495590	12.95669	9.544559	0.523598	0.336858	0.336858
6.454651	12.95669	9.422058	0.523598	0.331868	0.331868
6.409920	12.95669	9.302708	0.523598	0.327018	0.327018
6.402100	12.74839	9.074921	0.523598	0.326228	0.326228
6.335800	12.74839	8.922636	0.523598	0.320088	0.320088
6.272400	12.74839	8.795759	0.523598	0.315018	0.315018
6.193916	12.14096	8.050986	0.523598	0.309598	0.309598
6.130913	12.14096	7.953145	0.523598	0.305798	0.305798
6.086983	12.14096	7.890519	0.523598	0.303398	0.303398
6.029900	11.88640	7.559944	0.523598	0.300518	0.300518
5.933662	11.88640	7.442482	0.523598	0.296178	0.296178
5.844498	11.88640	7.343236	0.523598	0.292598	0.292598
5.818184	11.38355	6.812596	0.523598	0.291608	0.291608
5.736977	11.38355	6.730412	0.523598	0.288698	0.288698
5.652473	11.38355	6.650058	0.523598	0.285868	0.285868
5.549728	10.75208	5.925859	0.523598	0.282618	0.282618
5.534691	10.75208	5.912675	0.523598	0.282158	0.282158
5.426880	10.75208	5.820537	0.523598	0.278938	0.278938
5.298256	10.27738	5.240837	0.523598	0.275288	0.275288
5.180977	10.27738	5.148370	0.523598	0.272078	0.272078
5.076920	10.27738	5.068686	0.523598	0.269298	0.269298
5.059273	9.820230	4.598309	0.523598	0.268838	0.268838
4.896309	9.820230	4.477226	0.523598	0.264578	0.264578
4.783623	9.820230	4.394881	0.523598	0.261658	0.261658
4.647987	8.710643	3.187268	0.523598	0.258188	0.258188
4.528145	8.710643	3.101558	0.523598	0.255148	0.255148
4.404900	8.710643	3.014244	0.523598	0.252058	0.252058
4.191925	7.723784	1.879953	0.523598	0.246798	0.246798
4.148193	7.723784	1.849937	0.523598	0.245718	0.245718
3.969383	7.723784	1.727782	0.523598	0.241348	0.241348
3.807762	7.075193	0.970512	0.523598	0.237478	0.237478
3.665329	7.075193	0.876442	0.523598	0.234138	0.234138
** PERIOD **
3.543869	7.075193	0.797449	0.523598	0.231338	0.231338
3.469772	6.476190	0.150989	0.150989	-0.142950	-0.142950
3.267677	6.476190	0.023757	0.150989	-0.147450	-0.147450
3.085457	6.476190	-0.087450	0.150989	-0.151360	-0.151360
3.085457	5.630426	-0.933213	-0.523598	-0.825948	-0.825948
2.870987	5.630426	-1.059271	-0.523598	-0.830348	-0.830348
2.677925	5.630426	-1.168325	-0.523598	-0.834148	-0.834148
2.479439	4.049032	-2.857525	-0.523598	-0.836968	-0.836968
2.450569	4.049032	-2.869597	-0.523598	-0.837108	-0.837108
2.245186	4.049032	-2.925113	-0.523598	-0.836138	-0.836138
2.034515	3.427358	-3.545295	-0.523598	-0.831588	-0.831588
1.973450	3.427358	-3.537332	-0.523598	-0.829548	-0.829548
1.663094	3.427358	-3.370488	-0.523598	-0.811738	-0.811738
1.505775	2.230387	-4.397230	-0.523598	-0.797418	-0.797418
1.254211	2.230387	-3.980333	-0.523598	-0.766958	-0.766958
1.068489	2.230387	-3.551731	-0.523598	-0.738788	-0.738788
0.947532	1.064685	-4.380311	-0.523598	-0.718018	-0.718018
0.829750	1.064685	-4.005345	-0.523598	-0.695978	-0.695978
0.606910	1.064685	-3.153225	-0.523598	-0.649158	-0.649158
0.453895	0.185008	-3.316360	-0.523598	-0.612508	-0.612508
0.294242	0.185008	-2.416427	-0.523598	-0.569228	-0.569228
0.252815	0.185008	-2.148845	-0.523598	-0.556868	-0.556868
0.107795	-0.261364	-1.493923	-0.523598	-0.507948	-0.507948
0.022506	-0.261364	-0.644809	-0.523598	-0.472108	-0.472108
-0.057106	-0.261364	0.500071	-0.523598	-0.426038	-0.426038
-0.070571	-0.338605	0.707129	0.523598	0.632198	0.632198
-0.094993	-0.338605	1.549073	0.523598	0.664118	0.664118
-0.092453	-0.338605	2.501702	0.523598	0.698888	0.698888
-0.055770	0.012889	3.766732	0.523598	0.730788	0.730788
-0.029502	0.012889	4.141244	0.523598	0.743478	0.743478
0.042022	0.012889	4.860274	0.523598	0.767168	0.767168
0.157142	0.768976	6.404675	0.523598	0.791958	0.791958
0.283172	0.768976	7.014628	0.523598	0.809118	0.809118
0.489532	0.768976	7.705609	0.523598	0.824728	0.824728
0.547767	1.846429	8.926843	0.523598	0.827028	0.827028
0.737464	1.846429	9.292609	0.523598	0.829978	0.829978
0.985290	1.846429	9.563981	0.523598	0.824948	0.824948
1.257965	3.799326	11.61380	0.523598	0.810438	0.810438
1.339737	3.799326	11.60672	0.523598	0.804638	0.804638
1.636726	3.799326	11.46896	0.523598	0.779318	0.779318
1.945847	5.138181	12.50436	0.523598	0.747718	0.747718
2.306282	5.138181	11.98095	0.523598	0.706338	0.706338
2.396622	5.138181	11.82401	0.523598	0.695388	0.695388
2.666145	6.632761	12.79303	0.523598	0.661658	0.661658
2.974258	6.632761	12.09239	0.523598	0.621628	0.621628
3.229652	6.632761	11.44150	0.523598	0.587668	0.587668
3.514549	8.542998	12.57413	0.523598	0.549838	0.549838
3.593071	8.542998	12.35177	0.523598	0.539508	0.539508
3.893196	8.542998	11.48106	0.523598	0.500908	0.500908
4.136299	9.409038	11.62311	0.523598	0.471058	0.471058
4.329567	9.409038	11.04523	0.523598	0.448658	0.448658
** PERIOD **
4.390831	9.409038	10.86361	0.523598	0.441918	0.441918
4.592941	10.04709	10.91295	0.523598	0.421108	0.421108
4.776123	10.04709	10.39940	0.523598	0.404568	0.404568
4.918480	10.04709	10.01709	0.523598	0.393538	0.393538
5.068085	11.02806	10.61818	0.523598	0.384078	0.384078
5.107651	11.02806	10.52167	0.523598	0.381988	0.381988
5.269165	11.02806	10.15000	0.523598	0.375568	0.375568
5.362465	11.31571	10.23982	0.523598	0.373548	0.373548
5.457878	11.31571	10.05186	0.523598	0.372918	0.372918
5.482643	11.31571	10.00582	0.523598	0.373018	0.373018
5.539986	11.47594	10.06381	0.523598	0.373708	0.373708
5.627907	11.47594	9.917150	0.523598	0.376048	0.376048
5.668968	11.47594	9.851417	0.523598	0.377708	0.377708
5.691147	11.73425	10.07433	0.523598	0.378758	0.378758
5.730293	11.73425	10.01023	0.523598	0.380868	0.380868
5.772507	11.73425	9.934237	0.523598	0.383478	0.383478
5.800964	11.88499	10.02247	0.523598	0.385318	0.385318
5.819656	11.88499	9.969418	0.523598	0.386448	0.386448
5.824806	11.88499	9.951519	0.523598	0.386718	0.386718
