0.296071,L_is.x,L_is.y,L_is.z,Delta_L,aCMDin.x,aCMDin.y,aCMDin.z,aCMDb.x,aCMDb.y,aCMDb.z,Throttle,Aileron,Rudder,Elevator
0.000000,0.200012,-0.019999,-9.798990,-0.278569,-0.218223,-2.418912,-0.002580,0.291764,-2.427184,-1.959798,0.059214,0.047624,1.468772
nan,-0.000610,-0.101287,-0.039389,-9.891321,-2.235123,-19.27622,-214.6965,-0.271614,3.464440,-215.5437,-1.978264,nan,0.681631,-41.15442
0.259227,-0.001251,-0.525024,-0.058609,-9.471713,-0.132269,-1.816111,-20.48767,-0.024007,0.256333,-20.56682,-1.894343,nan,0.039363,-2.158863
0.260585,-0.001617,-0.612457,-0.078289,-9.382557,-0.138602,-1.688837,-19.18697,-0.020389,0.257646,-19.25991,-1.876511,nan,0.039332,-1.897397
0.123091,-0.002288,-1.053589,-0.097689,-8.941890,-0.059814,-0.840710,-9.698869,-0.007880,0.122781,-9.734643,-1.788378,nan,0.011791,0.007835
0.099895,-0.002807,-1.327362,-0.117339,-8.667459,-0.048448,-0.659836,-7.685743,-0.005218,0.099729,-7.713521,-1.733492,nan,0.006828,0.412173
0.096836,-0.003204,-1.547028,-0.136899,-8.446923,-0.051143,-0.584026,-6.764677,-0.013557,0.096684,-6.789331,-1.689385,nan,0.006101,0.597149
0.095523,-0.003356,-1.832275,-0.155309,-8.161151,-0.057943,-0.494843,-5.729973,-0.028260,0.095378,-5.750732,-1.632230,nan,0.006227,0.805340
0.091991,-0.002716,-2.370483,-0.169869,-7.623436,-0.070590,-0.324662,-4.064102,-0.034685,0.091861,-4.076478,-1.524687,nan,0.008058,1.141703
0.082251,-0.001251,-2.794525,-0.185139,-7.199348,-0.072014,-0.212742,-3.133850,-0.018076,0.082158,-3.140762,-1.439870,nan,0.010028,1.330063
0.082635,-0.000549,-2.846161,-0.203979,-7.146539,-0.075526,-0.196633,-3.117492,-0.011351,0.082541,-3.123489,-1.429308,nan,0.012042,1.333840
0.040513,0.001953,-3.470947,-0.224539,-6.521797,-0.042411,-0.121507,-2.290949,0.010455,0.040502,-2.294179,-1.304359,nan,0.009706,1.499915
0.022846,0.002777,-3.590424,-0.246389,-6.401131,-0.026989,-0.124649,-2.317018,0.015367,0.022844,-2.320361,-1.280226,nan,0.008054,1.494350
0.002777,0.003753,-3.903381,-0.270089,-6.087284,-0.009422,-0.140419,-2.288435,0.017485,0.002777,-2.292690,-1.217457,nan,0.006231,1.498797
-0.016706,0.004394,-4.346802,-0.294859,-5.643207,0.008373,-0.182512,-2.316159,0.016524,-0.016706,-2.323236,-1.128641,nan,0.003676,1.490131
-0.025522,0.004455,-4.726929,-0.318939,-5.262321,0.016876,-0.232476,-2.390704,0.016748,-0.025519,-2.401846,-1.052464,nan,0.001921,1.471035
-0.028360,0.004455,-4.591492,-0.339389,-5.395980,0.019078,-0.257342,-2.587446,0.017779,-0.028356,-2.600066,-1.079196,nan,0.001293,1.430968
-0.030631,0.003967,-5.036438,-0.362799,-4.950510,0.022463,-0.328959,-2.651916,0.008427,-0.030626,-2.672147,-0.990102,nan,-0.000150,1.411867
-0.025990,0.003387,-5.480713,-0.383079,-4.505915,0.020164,-0.407059,-2.708681,-0.006480,-0.025987,-2.739040,-0.901182,nan,-0.000966,1.393085
-0.019018,0.002899,-5.859375,-0.400319,-4.126965,0.016010,-0.476045,-2.747554,-0.019831,-0.019017,-2.788399,-0.825393,nan,-0.001500,1.377849
-0.012692,0.002471,-6.108368,-0.416449,-3.877451,0.012098,-0.529153,-2.786612,-0.028195,-0.012692,-2.836265,-0.775490,nan,-0.001804,1.363844
0.001245,0.002197,-6.739349,-0.427349,-3.247115,0.002506,-0.576457,-2.677445,-0.029811,0.001245,-2.738636,-0.649422,nan,-0.001788,1.374701
0.008778,0.002441,-6.985168,-0.442909,-3.000803,-0.003136,-0.598362,-2.652582,-0.023742,0.008777,-2.719117,-0.600160,nan,-0.001465,1.373781
0.014486,0.002777,-7.166321,-0.460139,-2.818922,-0.007635,-0.613104,-2.635194,-0.015278,0.014486,-2.705506,-0.563784,nan,-0.001044,1.372339
0.022491,0.003997,-7.599579,-0.478559,-2.385367,-0.014686,-0.611042,-2.523216,0.001949,0.022489,-2.596092,-0.477073,nan,-0.000077,1.387317
0.030650,0.005279,-7.841217,-0.499319,-2.142900,-0.022715,-0.626006,-2.493044,0.002725,0.030646,-2.570354,-0.428579,nan,0.001563,1.388353
0.028139,0.007080,-8.206360,-0.519799,-1.777190,-0.021656,-0.596417,-2.363424,0.003372,0.028135,-2.437448,-0.355438,nan,0.001899,1.414215
0.023240,0.009429,-8.631165,-0.541689,-1.351849,-0.018378,-0.522118,-2.158174,0.011657,0.023238,-2.220357,-0.270369,nan,0.001828,1.460477
0.022113,0.010864,-8.804657,-0.564189,-1.177279,-0.018174,-0.485215,-2.068956,0.016719,0.022111,-2.124988,-0.235455,nan,0.002210,1.481603
0.020868,0.011413,-8.728943,-0.585209,-1.251455,-0.017139,-0.485958,-2.090529,0.018015,0.020867,-2.146159,-0.250291,nan,0.002170,1.478029
0.015262,0.014160,-9.272186,-0.611709,-0.707646,-0.013142,-0.423186,-1.890669,0.015947,0.015262,-1.937370,-0.141529,nan,0.002211,1.523568
0.010552,0.016082,-9.626923,-0.635589,-0.352105,-0.009181,-0.393737,-1.787211,0.010029,0.010552,-1.830034,-0.070421,nan,0.001880,1.547710
0.008029,0.017242,-9.795532,-0.657179,-0.182432,-0.006892,-0.381244,-1.744386,0.005660,0.008029,-1.785548,-0.036486,nan,0.001548,1.558313
0.004902,0.018615,-10.08566,-0.678009,0.108443,-0.003917,-0.361569,-1.672521,0.000480,0.004902,-1.711155,0.021688,nan,0.000980,1.575355
0.003749,0.019256,-10.13019,-0.697919,0.154219,-0.002716,-0.357463,-1.663565,-0.001607,0.003749,-1.701535,0.030843,nan,0.000654,1.578299
0.000915,0.020599,-10.54034,-0.716569,0.564693,0.000314,-0.331421,-1.568371,-0.005197,0.000915,-1.602997,0.112938,nan,-0.000316,1.600314
-0.000645,0.021636,-10.88849,-0.734559,0.913259,0.002197,-0.309741,-1.493295,-0.005846,-0.000645,-1.525070,0.182651,nan,-0.001205,1.617607
-0.001036,0.022125,-10.99283,-0.753439,1.018641,0.002793,-0.302067,-1.473037,-0.005268,-0.001036,-1.503683,0.203728,nan,-0.001630,1.622635
-0.001646,0.023254,-11.52359,-0.771579,1.549416,0.003679,-0.275198,-1.376944,-0.001877,-0.001646,-1.404178,0.309883,nan,-0.002446,1.643625
-0.001877,0.024139,-11.99500,-0.791489,2.021104,0.003918,-0.260464,-1.317121,0.001224,-0.001877,-1.342631,0.404220,nan,-0.002780,1.655849
-0.002145,0.024566,-12.10098,-0.811859,2.128211,0.004128,-0.261752,-1.319216,0.001903,-0.002145,-1.344937,0.425642,nan,-0.002814,1.654951
-0.003085,0.025146,-12.39209,-0.832579,2.420053,0.004832,-0.265436,-1.314581,0.001822,-0.003085,-1.341115,0.484010,nan,-0.002789,1.654432
-0.004162,0.025634,-12.68542,-0.853039,2.714100,0.005572,-0.276332,-1.325617,0.000521,-0.004162,-1.354118,0.542820,nan,-0.002618,1.649733
-0.005364,0.026000,-12.85721,-0.872979,2.886837,0.006458,-0.290921,-1.351440,-0.001083,-0.005364,-1.382403,0.577367,nan,-0.002473,1.641903
-0.006928,0.026397,-13.28085,-0.891699,3.310781,0.007382,-0.320019,-1.389423,-0.004872,-0.006928,-1.425795,0.662156,nan,-0.002036,1.628276
-0.008918,0.026580,-13.71033,-0.908639,3.740429,0.008630,-0.360751,-1.445454,-0.009337,-0.008918,-1.489761,0.748085,nan,-0.001612,1.608598
-0.011691,0.026580,-13.82742,-0.925919,3.858415,0.011036,-0.395982,-1.503211,-0.018030,-0.011691,-1.554382,0.771682,nan,-0.001767,1.592070
-0.011887,0.026580,-14.20224,-0.937229,4.233155,0.011078,-0.423103,-1.534657,-0.026923,-0.011887,-1.591680,0.846631,nan,-0.001617,1.581647
-0.011108,0.026336,-14.51846,-0.948969,4.549467,0.010128,-0.417481,-1.524419,-0.022389,-0.011108,-1.580387,0.909893,nan,-0.001252,1.583395
-0.012165,0.026031,-14.90652,-0.963019,4.937622,0.011397,-0.392820,-1.487036,-0.008260,-0.012164,-1.538017,0.987524,nan,-0.001692,1.591992
-0.011775,0.025756,-15.10339,-0.982269,5.135324,0.011112,-0.378847,-1.472779,0.002111,-0.011775,-1.520718,1.027065,nan,-0.001728,1.595319
-0.011652,0.025207,-15.64154,-1.006239,5.673894,0.011379,-0.363017,-1.448163,0.011944,-0.011652,-1.492920,1.134779,nan,-0.002216,1.600657
-0.010851,0.024688,-16.05606,-1.031469,6.089178,0.010892,-0.361879,-1.450841,0.012626,-0.010851,-1.495238,1.217836,nan,-0.002474,1.600553
-0.010812,0.024200,-16.41061,-1.055679,6.444553,0.011047,-0.366982,-1.465409,0.009714,-0.010812,-1.510632,1.288911,nan,-0.002732,1.597998
-0.010644,0.023956,-16.56128,-1.077599,6.596317,0.011023,-0.374816,-1.488104,0.006847,-0.010644,-1.534569,1.319263,nan,-0.002889,1.593508
-0.009408,0.023254,-17.28867,-1.099069,7.323580,0.009952,-0.389574,-1.512908,-0.002032,-0.009407,-1.562263,1.464716,nan,-0.002850,1.588203
-0.009350,0.023193,-17.16092,-1.118959,7.197378,0.009904,-0.397311,-1.539687,-0.002804,-0.009350,-1.590124,1.439476,nan,-0.002839,1.582607
-0.008846,0.022766,-17.61777,-1.136439,7.654398,0.009391,-0.413835,-1.571288,-0.009442,-0.008846,-1.624847,1.530880,nan,-0.002719,1.575204
-0.008277,0.022430,-18.01144,-1.152119,8.048269,0.008721,-0.428885,-1.601534,-0.014082,-0.008277,-1.657909,1.609654,nan,-0.002472,1.567881
-0.007548,0.022125,-18.64337,-1.164349,8.679708,0.007698,-0.441988,-1.626055,-0.016229,-0.007548,-1.684977,1.735942,nan,-0.001965,1.561178
-0.007342,0.021942,-19.13773,-1.178049,9.173962,0.007174,-0.447657,-1.641845,-0.013942,-0.007342,-1.701721,1.834792,nan,-0.001544,1.556723
-0.007373,0.021820,-19.32907,-1.195129,9.365995,0.007011,-0.451296,-1.658130,-0.011432,-0.007373,-1.718408,1.873199,nan,-0.001322,1.552839
-0.007475,0.021698,-19.92355,-1.211369,9.960356,0.006713,-0.447490,-1.659471,-0.004712,-0.007475,-1.718738,1.992071,nan,-0.000869,1.551981
-0.007528,0.021636,-20.12692,-1.230669,10.16452,0.006585,-0.447584,-1.670411,-0.001292,-0.007528,-1.729332,2.032905,nan,-0.000671,1.549660
-0.007844,0.021484,-20.66306,-1.251219,10.70091,0.006649,-0.443169,-1.671243,0.003360,-0.007844,-1.728995,2.140183,nan,-0.000431,1.549677
-0.008200,0.021331,-21.12839,-1.272869,11.16671,0.006836,-0.442782,-1.678387,0.004797,-0.008200,-1.735798,2.233341,nan,-0.000313,1.548543
-0.008414,0.021057,-21.94565,-1.295339,11.98385,0.006963,-0.444337,-1.684337,0.003069,-0.008414,-1.741952,2.396771,nan,-0.000260,1.547823
-0.008513,0.020935,-22.26288,-1.315979,12.30175,0.007046,-0.450043,-1.701081,0.001203,-0.008513,-1.759600,2.460350,nan,-0.000280,1.544479
-0.008502,0.020690,-22.76129,-1.335879,12.80047,0.007054,-0.457466,-1.717956,-0.001822,-0.008501,-1.777813,2.560094,nan,-0.000315,1.540887
-0.008594,0.020629,-22.64932,-1.355779,12.68987,0.007128,-0.463804,-1.739874,-0.002276,-0.008594,-1.800624,2.537975,nan,-0.000334,1.536310
-0.008414,0.020263,-23.33795,-1.373549,13.37835,0.006998,-0.474629,-1.758426,-0.006799,-0.008414,-1.821337,2.675669,nan,-0.000374,1.531840
-0.008068,0.019836,-24.31635,-1.387679,14.35592,0.006737,-0.485912,-1.773151,-0.010849,-0.008068,-1.838488,2.871183,nan,-0.000419,1.527565
-0.007867,0.019561,-24.76157,-1.403759,14.80133,0.006561,-0.492274,-1.786897,-0.011345,-0.007867,-1.853426,2.960266,nan,-0.000417,1.524003
-0.007664,0.019256,-25.40222,-1.418849,15.44182,0.006366,-0.495406,-1.793189,-0.010001,-0.007664,-1.860332,3.088365,nan,-0.000396,1.521871
-0.007552,0.019012,-25.95993,-1.435259,15.99958,0.006215,-0.496094,-1.796798,-0.007617,-0.007552,-1.864005,3.199917,nan,-0.000336,1.520556
-0.007618,0.018920,-25.95084,-1.454509,15.99157,0.006231,-0.500425,-1.812736,-0.007185,-0.007618,-1.880523,3.198315,nan,-0.000311,1.517134
-0.008180,0.018432,-27.10443,-1.470089,17.14428,0.005942,-0.498846,-1.804820,-0.005623,-0.008180,-1.872475,3.428855,nan,0.000445,1.518160
-0.008867,0.018127,-27.69101,-1.487669,17.73095,0.005763,-0.501479,-1.809987,-0.006050,-0.008867,-1.878151,3.546190,nan,0.001178,1.516816
-0.009867,0.017791,-28.38718,-1.504469,18.42702,0.005513,-0.505593,-1.815531,-0.007519,-0.009867,-1.884583,3.685404,nan,0.002227,1.515242
-0.010787,0.017547,-28.89230,-1.521328,18.93233,0.005271,-0.511858,-1.826276,-0.009469,-0.010787,-1.896603,3.786467,nan,0.003177,1.512493
-0.011802,0.017364,-29.40451,-1.537298,19.44467,0.004966,-0.520174,-1.839432,-0.012183,-0.011802,-1.911499,3.888935,nan,0.004240,1.509015
-0.012689,0.017181,-29.82047,-1.552928,19.86088,0.004583,-0.529737,-1.855207,-0.015161,-0.012688,-1.929260,3.972176,nan,0.005252,1.504904
-0.013895,0.017059,-30.44955,-1.565458,20.48977,0.003980,-0.543257,-1.872969,-0.019977,-0.013894,-1.950017,4.097955,nan,0.006689,1.499810
-0.015010,0.016937,-31.08743,-1.575718,21.12735,0.003159,-0.559803,-1.893949,-0.025775,-0.015010,-1.974726,4.225469,nan,0.008216,1.493651
-0.016311,0.016937,-31.84030,-1.581578,21.87956,0.002097,-0.582098,-1.919898,-0.033487,-0.016310,-2.005857,4.375913,nan,0.010021,1.485620
-0.017826,0.017181,-33.03546,-1.574078,23.07294,0.000054,-0.621945,-1.959875,-0.047077,-0.017825,-2.055576,4.614589,nan,0.012705,1.472007
-0.018622,0.017517,-33.59555,-1.575228,23.63247,-0.001247,-0.651550,-1.994255,-0.056075,-0.018621,-2.097160,4.726493,nan,0.014141,1.461090
-0.019623,0.018371,-34.60214,-1.558978,24.63725,-0.003565,-0.704368,-2.046278,-0.072409,-0.019622,-2.162816,4.927450,nan,0.016349,1.442824
-0.020179,0.019134,-35.17743,-1.551198,25.21162,-0.005229,-0.746702,-2.089852,-0.084758,-0.020178,-2.217540,5.042324,nan,0.017672,1.427838
-0.020772,0.020812,-36.20697,-1.519248,26.23884,-0.008066,-0.822288,-2.156306,-0.106987,-0.020770,-2.305212,5.247768,nan,0.019625,1.402473
-0.021061,0.022186,-36.79614,-1.500378,26.82673,-0.010005,-0.881636,-2.208687,-0.123762,-0.021060,-2.374851,5.365345,nan,0.020715,1.382442
-0.021246,0.023071,-37.04938,-1.495988,27.07957,-0.011156,-0.921808,-2.246624,-0.134672,-0.021244,-2.424580,5.415915,nan,0.021256,1.368569
-0.020854,0.026702,-38.33310,-1.424748,28.35958,-0.014876,-1.057522,-2.339785,-0.173302,-0.020853,-2.561776,5.671916,nan,0.022631,1.325785
-0.020368,0.029144,-38.93832,-1.387408,28.96305,-0.016830,-1.147443,-2.399030,-0.198417,-0.020367,-2.651880,5.792610,nan,0.023019,1.297626
-0.019382,0.032348,-39.66333,-1.334198,29.68578,-0.018855,-1.261747,-2.463670,-0.230328,-0.019381,-2.758370,5.937155,nan,0.023106,1.262804
-0.017898,0.036560,-40.50909,-1.261588,30.52875,-0.020459,-1.404852,-2.529030,-0.269930,-0.017897,-2.880423,6.105751,nan,0.022703,1.220295
-0.016869,0.039123,-40.89191,-1.225228,30.91028,-0.021061,-1.494007,-2.567476,-0.294667,-0.016868,-2.955896,6.182056,nan,0.022262,1.193969
-0.013887,0.044158,-41.74335,-1.134638,31.75879,-0.021521,-1.650370,-2.610658,-0.339761,-0.013887,-3.069867,6.351758,nan,0.021066,1.149562
-0.010485,0.048431,-42.36234,-1.060458,32.37563,-0.021291,-1.771255,-2.632601,-0.375838,-0.010485,-3.150717,6.475127,nan,0.019659,1.115866
-0.004563,0.054351,-43.21552,-0.948988,33.22597,-0.020187,-1.914706,-2.636894,-0.421313,-0.004563,-3.231438,6.645194,nan,0.017182,1.076975
0.003017,0.060760,-44.06766,-0.825958,34.07544,-0.018248,-2.043960,-2.621194,-0.465702,0.003017,-3.291181,6.815088,nan,0.013888,1.042723
0.008914,0.065155,-44.56787,-0.744278,34.57413,-0.016492,-2.124598,-2.605566,-0.495111,0.008914,-3.325349,6.914827,nan,0.011244,1.021519
0.019123,0.071990,-45.41568,-0.602488,35.41973,-0.013204,-2.225896,-2.563573,-0.536156,0.019121,-3.352441,7.083946,nan,0.006573,0.995564
0.027930,0.077392,-46.02805,-0.489108,36.03071,-0.010121,-2.295507,-2.525906,-0.566908,0.027927,-3.365634,7.206142,nan,0.002316,0.977874
0.034675,0.081237,-46.40674,-0.409898,36.40862,-0.007697,-2.342447,-2.499077,-0.588686,0.034668,-3.374129,7.281724,nan,-0.001040,0.965950
0.047038,0.088104,-47.24475,-0.243238,37.24546,-0.002922,-2.406363,-2.435833,-0.623492,0.047020,-3.366440,7.449091,nan,-0.007691,0.950139
0.060824,0.095306,-48.19211,-0.044048,38.19222,0.002810,-2.460412,-2.358918,-0.658503,0.060786,-3.343771,7.638444,nan,-0.015895,0.936854
0.071398,0.100677,-48.90512,0.119902,38.90537,0.007616,-2.495824,-2.296922,-0.684819,0.071337,-3.321291,7.781075,nan,-0.022935,0.928045
0.080107,0.104919,-49.50024,0.266942,39.50108,0.011865,-2.521669,-2.242729,-0.706642,0.080021,-3.298946,7.900215,nan,-0.029344,0.921528
0.089289,0.109100,-50.20453,0.444572,40.20662,0.016710,-2.543034,-2.178654,-0.729341,0.089170,-3.267100,8.041324,nan,-0.036976,0.916001
0.096695,0.112152,-50.79175,0.603192,40.79546,0.020912,-2.558185,-2.123515,-0.748114,0.096544,-3.238065,8.159091,nan,-0.043884,0.911859
0.104264,0.114715,-51.48672,0.793632,41.49297,0.025615,-2.569094,-2.059295,-0.767512,0.104075,-3.200264,8.298594,nan,-0.052066,0.908486
0.111786,0.116302,-52.28745,1.018112,42.29749,0.030758,-2.575011,-1.986491,-0.787062,0.111553,-3.153706,8.459497,nan,-0.061671,0.905870
0.119734,0.116058,-53.30154,1.307572,43.31771,0.036733,-2.574169,-1.896937,-0.807800,0.119448,-3.091804,8.663542,nan,-0.074009,0.903981
0.123154,0.115081,-53.65005,1.431972,43.66928,0.039440,-2.577648,-1.860744,-0.818184,0.122843,-3.069800,8.733857,nan,-0.079783,0.901937
0.129523,0.110748,-54.64938,1.737522,44.67711,0.044947,-2.569965,-1.773230,-0.835504,0.129161,-3.006049,8.935422,nan,-0.093136,0.900440
0.134564,0.104003,-55.53064,2.022492,45.56755,0.049647,-2.560901,-1.695619,-0.849687,0.134158,-2.948870,9.113511,nan,-0.105901,0.898677
0.137845,0.097503,-56.08234,2.220832,46.12638,0.052806,-2.556059,-1.643770,-0.859681,0.137409,-2.912090,9.225276,nan,-0.115178,0.896575
0.140189,0.091918,-56.41660,2.359172,46.46598,0.055001,-2.554614,-1.608655,-0.867282,0.139731,-2.888796,9.293196,nan,-0.121943,0.894345
0.144200,0.076568,-57.38406,2.694232,47.44733,0.059263,-2.538278,-1.525042,-0.878898,0.143701,-2.824713,9.489466,nan,-0.137481,0.891593
0.146834,0.062652,-58.02621,2.938012,48.10058,0.062099,-2.527398,-1.466527,-0.887102,0.146307,-2.780996,9.620116,nan,-0.149177,0.888624
0.149070,0.046142,-58.66241,3.186252,48.74890,0.064629,-2.515313,-1.408553,-0.894469,0.148519,-2.737310,9.749780,nan,-0.161184,0.885308
0.150325,0.036956,-58.87827,3.301983,48.97079,0.065890,-2.513185,-1.382206,-0.899384,0.149759,-2.720222,9.794159,nan,-0.167249,0.882569
0.152071,0.013641,-59.60837,3.591152,49.71645,0.068117,-2.496171,-1.317369,-0.905695,0.151485,-2.669783,9.943290,nan,-0.181227,0.878516
0.153058,-0.003936,-60.02411,3.780052,50.14302,0.069430,-2.486789,-1.276111,-0.910332,0.152462,-2.639214,10.02860,nan,-0.190659,0.874985
0.153521,-0.051788,-61.24716,4.255652,51.39486,0.071341,-2.450762,-1.176001,-0.915050,0.152918,-2.556090,10.27897,nan,-0.213072,0.868550
0.153043,-0.087829,-61.95172,4.559893,52.11937,0.072015,-2.428442,-1.114748,-0.917713,0.152447,-2.505941,10.42387,nan,-0.227540,0.863427
0.152667,-0.109710,-62.25070,4.721792,52.42962,0.072250,-2.418795,-1.082868,-0.920025,0.152075,-2.481697,10.48592,nan,-0.235502,0.859782
0.150563,-0.157806,-63.04102,5.069132,53.24469,0.072021,-2.389935,-1.016896,-0.920449,0.149995,-2.425145,10.64894,nan,-0.251410,0.853966
0.148961,-0.189453,-63.43027,5.271652,53.64923,0.071619,-2.374685,-0.979483,-0.921146,0.148411,-2.394391,10.72985,nan,-0.260751,0.849759
0.147350,-0.217407,-63.71848,5.438222,53.95049,0.071142,-2.362553,-0.949285,-0.921807,0.146818,-2.369931,10.79010,nan,-0.268412,0.846037
0.140250,-0.303863,-64.87149,5.945583,55.14409,0.068578,-2.312574,-0.862403,-0.916336,0.139791,-2.288499,11.02882,nan,-0.289297,0.838270
0.135350,-0.358795,-65.43533,6.229882,55.73221,0.066644,-2.285571,-0.815950,-0.913226,0.134937,-2.245409,11.14644,nan,-0.300663,0.833247
0.132068,-0.395294,-65.70926,6.401043,56.02148,0.065298,-2.270698,-0.788598,-0.911866,0.131685,-2.221120,11.20430,nan,-0.307516,0.829663
0.120604,-0.506042,-66.82202,6.919763,57.18126,0.060610,-2.214454,-0.711340,-0.901149,0.120312,-2.141714,11.43625,nan,-0.325985,0.822399
0.115370,-0.557556,-67.17819,7.131992,57.55802,0.058377,-2.193383,-0.680997,-0.897339,0.115115,-2.111782,11.51160,nan,-0.333438,0.818631
0.108787,-0.620727,-67.62210,7.383792,58.02686,0.055567,-2.167063,-0.646416,-0.891860,0.108573,-2.076030,11.60537,nan,-0.341860,0.814591
0.097601,-0.726745,-68.42331,7.792442,58.86944,0.050723,-2.121151,-0.593547,-0.880589,0.097446,-2.017231,11.77389,nan,-0.354528,0.809042
0.087982,-0.819732,-69.03271,8.124243,59.51396,0.046508,-2.083964,-0.552908,-0.870902,0.087869,-1.970935,11.90279,nan,-0.364340,0.804468
0.084909,-0.851959,-69.10056,8.221672,59.59316,0.045102,-2.075390,-0.540854,-0.869156,0.084807,-1.959382,11.91863,nan,-0.367469,0.802238
0.072497,-0.975494,-69.87430,8.632742,60.41231,0.039633,-2.027540,-0.494531,-0.855266,0.072433,-1.902715,12.08246,nan,-0.378688,0.797258
0.063365,-1.070648,-70.37427,8.926513,60.94622,0.035549,-1.993982,-0.463187,-0.845113,0.063322,-1.863745,12.18924,nan,-0.386430,0.793471
0.057680,-1.132446,-70.60822,9.102623,61.20155,0.032952,-1.974966,-0.444851,-0.839360,0.057648,-1.841635,12.24031,nan,-0.391077,0.790764
0.049579,-1.221771,-71.01123,9.357083,61.63548,0.029256,-1.946008,-0.419612,-0.830001,0.049558,-1.809011,12.32710,nan,-0.397408,0.787409
0.034287,-1.396759,-71.91714,9.846122,62.60147,0.022236,-1.887737,-0.374526,-0.809768,0.034280,-1.745684,12.52029,nan,-0.408534,0.781909
0.026144,-1.495850,-72.30521,10.09964,63.02248,0.018380,-1.858849,-0.352054,-0.799523,0.026141,-1.714548,12.60450,nan,-0.414178,0.778408
0.019199,-1.583496,-72.60501,10.31366,63.35098,0.015058,-1.834788,-0.333706,-0.790818,0.019198,-1.688866,12.67020,nan,-0.418830,0.775310
0.012283,-1.673645,-72.90100,10.52723,63.67619,0.011729,-1.810757,-0.316036,-0.781898,0.012283,-1.663533,12.73524,nan,-0.423336,0.772191
-0.000357,-1.845245,-73.60037,10.93401,64.43099,0.005683,-1.762838,-0.284613,-0.763339,-0.000357,-1.614295,12.88620,nan,-0.431202,0.767138
-0.008204,-1.958771,-73.96594,11.18449,64.83241,0.001845,-1.734145,-0.266032,-0.751963,-0.008204,-1.585092,12.96648,nan,-0.435916,0.763580
-0.016995,-2.092529,-74.40594,11.47240,65.31427,-0.002468,-1.700834,-0.245744,-0.738418,-0.016994,-1.551670,13.06285,nan,-0.441005,0.759609
-0.024552,-2.213074,-74.76035,11.72066,65.70589,-0.006206,-1.672313,-0.228977,-0.726565,-0.024550,-1.523352,13.14118,nan,-0.445194,0.756046
-0.034120,-2.372864,-75.26547,12.04378,66.25991,-0.010891,-1.634642,-0.208507,-0.710519,-0.034113,-1.486489,13.25198,nan,-0.450230,0.751722
-0.040381,-2.482361,-75.53079,12.25132,66.55820,-0.014003,-1.611122,-0.195867,-0.700257,-0.040370,-1.463653,13.31164,nan,-0.453350,0.748611
-0.049625,-2.650970,-76.02167,12.57066,67.09956,-0.018518,-1.574078,-0.177758,-0.683730,-0.049605,-1.428186,13.41991,nan,-0.457628,0.744306
-0.058692,-2.824738,-76.50406,12.88746,67.63335,-0.022917,-1.537433,-0.160936,-0.666992,-0.058658,-1.393487,13.52667,nan,-0.461385,0.740027
-0.065620,-2.963470,-76.82892,13.12755,67.99870,-0.026275,-1.510040,-0.148839,-0.654222,-0.065573,-1.367756,13.59974,nan,-0.463934,0.736637
-0.075173,-3.166901,-77.36990,13.47607,68.59857,-0.030819,-1.469837,-0.132749,-0.635125,-0.075102,-1.330402,13.71971,nan,-0.467055,0.732149
-0.080709,-3.291901,-77.60953,13.67538,68.87389,-0.033535,-1.447489,-0.123906,-0.624271,-0.080622,-1.309766,13.77478,nan,-0.468685,0.729198
-0.083453,-3.355255,-77.62796,13.76451,68.91020,-0.034982,-1.438182,-0.119826,-0.619612,-0.083356,-1.301185,13.78204,nan,-0.469445,0.727406
-0.092063,-3.570221,-78.14938,14.10568,69.49241,-0.039137,-1.399214,-0.106326,-0.600412,-0.091933,-1.265579,13.89848,nan,-0.471707,0.722934
-0.100069,-3.791016,-78.66061,14.44267,70.06532,-0.043073,-1.361046,-0.094065,-0.581269,-0.099902,-1.230973,14.01306,nan,-0.473709,0.718360
-0.106006,-3.971771,-79.02234,14.70512,70.47699,-0.046125,-1.331738,-0.085093,-0.566324,-0.105808,-1.204564,14.09540,nan,-0.475200,0.714461
-0.109553,-4.086578,-79.17014,14.86018,70.65628,-0.048071,-1.314874,-0.079890,-0.557549,-0.109334,-1.189441,14.13126,nan,-0.476104,0.711748
-0.114827,-4.273193,-79.52142,15.11789,71.05842,-0.050916,-1.286348,-0.071955,-0.542751,-0.114575,-1.163939,14.21168,nan,-0.477511,0.707697
-0.119699,-4.463287,-79.86633,15.37257,71.45470,-0.053630,-1.258315,-0.064615,-0.528079,-0.119414,-1.138982,14.29094,nan,-0.478879,0.703561
-0.123660,-4.632446,-80.13791,15.59037,71.77165,-0.055933,-1.234571,-0.058713,-0.515500,-0.123345,-1.117939,14.35433,nan,-0.480060,0.699828
-0.128759,-4.878632,-80.60324,15.90587,72.30237,-0.058922,-1.200091,-0.051001,-0.497170,-0.128404,-1.087485,14.46047,nan,-0.481713,0.694653
-0.132470,-5.079315,-80.92847,16.15059,72.68046,-0.061230,-1.173664,-0.045498,-0.482913,-0.132083,-1.064263,14.53609,nan,-0.483020,0.690369
-0.137297,-5.386475,-81.50461,16.52138,73.33649,-0.064290,-1.133536,-0.038220,-0.461178,-0.136866,-1.029116,14.66730,nan,-0.484944,0.684163
-0.140133,-5.595245,-81.81430,16.75757,73.70007,-0.066269,-1.108227,-0.034145,-0.447185,-0.139674,-1.007095,14.74002,nan,-0.486230,0.679937
-0.142677,-5.807129,-82.11789,16.99017,74.05794,-0.068132,-1.083365,-0.030628,-0.433266,-0.142193,-0.985556,14.81159,nan,-0.487467,0.675737
-0.144422,-5.968079,-82.29153,17.15720,74.27267,-0.069544,-1.065636,-0.028354,-0.423144,-0.143921,-0.970286,14.85454,nan,-0.488383,0.672480
-0.146714,-6.212646,-82.64563,17.41376,74.68847,-0.071390,-1.038266,-0.025386,-0.407553,-0.146188,-0.946713,14.93769,nan,-0.489678,0.667816
-0.149040,-6.516663,-83.11258,17.72511,75.23114,-0.073385,-1.005057,-0.022554,-0.388497,-0.148489,-0.918179,15.04623,nan,-0.491162,0.662316
-0.150353,-6.713043,-83.33109,17.91205,75.49840,-0.074676,-0.985179,-0.021228,-0.376828,-0.149787,-0.901204,15.09968,nan,-0.492072,0.658761
-0.151586,-6.940125,-83.60379,18.12473,75.82695,-0.075994,-0.962541,-0.020152,-0.363483,-0.151006,-0.881898,15.16539,nan,-0.493068,0.654916
-0.152499,-7.141083,-83.81262,18.30492,76.08496,-0.077100,-0.943370,-0.019615,-0.352013,-0.151909,-0.865613,15.21699,nan,-0.493945,0.651664
-0.153164,-7.315002,-83.95950,18.45392,76.27430,-0.078038,-0.927499,-0.019417,-0.342384,-0.152566,-0.852185,15.25486,nan,-0.494682,0.648913
-0.153811,-7.549225,-84.21692,18.65548,76.58814,-0.079080,-0.906049,-0.019525,-0.329387,-0.153205,-0.834022,15.31763,nan,-0.495644,0.645548
-0.154206,-7.726746,-84.35620,18.79876,76.77019,-0.079896,-0.890770,-0.019881,-0.319929,-0.153596,-0.821159,15.35404,nan,-0.496357,0.643039
-0.154543,-8.055939,-84.76996,19.07156,77.26150,-0.080961,-0.861818,-0.021005,-0.302191,-0.153928,-0.796688,15.45230,nan,-0.497589,0.638941
-0.154622,-8.328949,-85.06424,19.28469,77.61961,-0.081793,-0.839184,-0.022413,-0.288047,-0.154007,-0.777646,15.52392,nan,-0.498569,0.635713
-0.154627,-8.512756,-85.18994,19.41683,77.78841,-0.082430,-0.825038,-0.023562,-0.278962,-0.154011,-0.765832,15.55768,nan,-0.499198,0.633489
-0.154359,-8.822235,-85.52591,19.64446,78.19534,-0.083165,-0.800835,-0.025745,-0.263594,-0.153747,-0.745517,15.63907,nan,-0.500193,0.630102
-0.153765,-9.198730,-85.95798,19.91166,78.71226,-0.083847,-0.772428,-0.028813,-0.245430,-0.153159,-0.721673,15.74245,nan,-0.501303,0.626270
-0.153518,-9.357208,-86.01782,20.00808,78.80848,-0.084314,-0.761858,-0.030258,-0.238330,-0.152916,-0.712929,15.76170,nan,-0.501765,0.624518
-0.153061,-9.580688,-86.17810,20.14780,79.01904,-0.084783,-0.746670,-0.032371,-0.228270,-0.152464,-0.700285,15.80381,nan,-0.502378,0.622249
-0.152431,-9.838287,-86.38507,20.30563,79.28321,-0.085226,-0.729498,-0.034931,-0.216859,-0.151841,-0.685978,15.85664,nan,-0.503020,0.619719
-0.151268,-10.22903,-86.78583,20.54284,79.76871,-0.085622,-0.703777,-0.038971,-0.199858,-0.150692,-0.664455,15.95374,nan,-0.503887,0.616125
-0.150206,-10.55862,-87.07776,20.72833,80.13148,-0.085931,-0.683286,-0.042548,-0.186124,-0.149642,-0.647333,16.02630,nan,-0.504545,0.613207
-0.149452,-10.79144,-87.21747,20.84734,80.32139,-0.086216,-0.669732,-0.045189,-0.176822,-0.148897,-0.636065,16.06428,nan,-0.504979,0.611170
-0.148922,-10.95877,-87.25775,20.92417,80.39818,-0.086502,-0.660609,-0.047153,-0.170386,-0.148372,-0.628542,16.07964,nan,-0.505295,0.609687
-0.147241,-11.39780,-87.67361,21.14626,80.90510,-0.086542,-0.635384,-0.052266,-0.153347,-0.146710,-0.607367,16.18102,nan,-0.506042,0.606491
-0.146349,-11.63651,-87.79993,21.25078,81.08145,-0.086665,-0.622801,-0.055170,-0.144575,-0.145827,-0.596882,16.21629,nan,-0.506457,0.604852
-0.144846,-12.01495,-88.10519,21.41813,81.46377,-0.086516,-0.602818,-0.059810,-0.130895,-0.144340,-0.580072,16.29275,nan,-0.507096,0.602842
-0.143909,-12.25781,-88.22208,21.51202,81.63054,-0.086467,-0.590887,-0.062903,-0.122512,-0.143412,-0.570092,16.32611,nan,-0.507539,0.601771
-0.142960,-12.50220,-88.33542,21.60173,81.79372,-0.086345,-0.579206,-0.066067,-0.114273,-0.142473,-0.560306,16.35874,nan,-0.508014,0.600948
-0.141386,-12.88940,-88.62054,21.74563,82.15536,-0.085791,-0.560740,-0.071086,-0.101469,-0.140915,-0.544692,16.43107,nan,-0.508846,0.600275
-0.140414,-13.13773,-88.72482,21.82449,82.30927,-0.085475,-0.549726,-0.074380,-0.093623,-0.139953,-0.535430,16.46185,nan,-0.509448,0.600052
-0.138981,-13.49512,-88.95352,21.93831,82.60744,-0.084716,-0.533962,-0.079070,-0.082579,-0.138534,-0.522047,16.52149,nan,-0.510429,0.600261
-0.138162,-13.71103,-89.00742,21.99442,82.70419,-0.084315,-0.525164,-0.081971,-0.076199,-0.137723,-0.514637,16.54084,nan,-0.511096,0.600552
-0.137345,-13.92801,-89.05884,22.04735,82.79845,-0.083849,-0.516548,-0.084890,-0.069924,-0.136914,-0.507370,16.55969,nan,-0.511823,0.601008
-0.135629,-14.36526,-89.35446,22.16367,83.17622,-0.082368,-0.498906,-0.090585,-0.057496,-0.135213,-0.492249,16.63524,nan,-0.513505,0.602590
-0.134377,-14.69604,-89.51993,22.23749,83.40395,-0.081189,-0.486437,-0.094865,-0.048526,-0.133973,-0.481569,16.68079,nan,-0.514971,0.604007
-0.133729,-14.88083,-89.52072,22.26648,83.44086,-0.080629,-0.480099,-0.097308,-0.043719,-0.133331,-0.476210,16.68817,nan,-0.515881,0.604807
-0.132511,-15.21548,-89.67801,22.32900,83.66024,-0.079226,-0.468276,-0.101508,-0.035132,-0.132124,-0.466017,16.73205,nan,-0.517667,0.606568
-0.131738,-15.43985,-89.71338,22.35995,83.73818,-0.078323,-0.460910,-0.104329,-0.029593,-0.131357,-0.459703,16.74764,nan,-0.518972,0.607777
-0.130572,-15.77850,-89.86218,22.41026,83.94888,-0.076659,-0.449757,-0.108407,-0.021424,-0.130201,-0.449999,16.78978,nan,-0.521117,0.609921
-0.129456,-16.11960,-90.00594,22.45321,84.15443,-0.074831,-0.439018,-0.112399,-0.013502,-0.129094,-0.440594,16.83088,nan,-0.523485,0.612280
-0.128152,-16.53983,-90.21936,22.50010,84.44233,-0.072293,-0.426271,-0.117105,-0.004139,-0.127802,-0.429298,16.88847,nan,-0.526725,0.615532
-0.127510,-16.77060,-90.24176,22.51190,84.50722,-0.070949,-0.419927,-0.119712,0.000781,-0.127165,-0.423713,16.90144,nan,-0.528657,0.617363
-0.126386,-17.19653,-90.44392,22.54161,84.78369,-0.067998,-0.408108,-0.124173,0.009582,-0.126049,-0.413056,16.95674,nan,-0.532500,0.621191
-0.125851,-17.43045,-90.46022,22.54402,84.84253,-0.066419,-0.402247,-0.126642,0.014210,-0.125519,-0.407793,16.96851,nan,-0.534775,0.623345
-0.125273,-17.70474,-90.50990,22.54597,84.94115,-0.064414,-0.395502,-0.129418,0.019490,-0.124945,-0.401657,16.98823,nan,-0.537607,0.626041
-0.124684,-18.02005,-90.59178,22.54549,85.07835,-0.061939,-0.387977,-0.132460,0.025358,-0.124361,-0.394714,17.01567,nan,-0.541057,0.629331
-0.124055,-18.41696,-90.73885,22.54156,85.29346,-0.058562,-0.378840,-0.136048,0.032440,-0.123737,-0.386128,17.05869,nan,-0.545713,0.633746
-0.123681,-18.73682,-90.81236,22.52773,85.42249,-0.055743,-0.372014,-0.138854,0.037907,-0.123366,-0.379639,17.08450,nan,-0.549747,0.637504
-0.123453,-19.01828,-90.84868,22.50825,85.50811,-0.053184,-0.366373,-0.141253,0.042550,-0.123140,-0.374215,17.10162,nan,-0.553485,0.640951
-0.123248,-19.46378,-91.01439,22.47987,85.74864,-0.048753,-0.357642,-0.144710,0.049579,-0.122936,-0.365588,17.14973,nan,-0.559798,0.646838
-0.123257,-19.70840,-91.01100,22.45055,85.78857,-0.046336,-0.353407,-0.146632,0.053296,-0.122945,-0.361370,17.15771,nan,-0.563482,0.650157
-0.123427,-20.15994,-91.16620,22.40478,86.01912,-0.041443,-0.345604,-0.149754,0.059841,-0.123114,-0.353338,17.20382,nan,-0.570670,0.656715
-0.123651,-20.40793,-91.15706,22.36596,86.05378,-0.038763,-0.341858,-0.151498,0.063310,-0.123336,-0.349430,17.21076,nan,-0.574849,0.660430
-0.124251,-20.86566,-91.30179,22.30277,86.27464,-0.033395,-0.334974,-0.154276,0.069397,-0.123931,-0.341978,17.25493,nan,-0.582955,0.667747
-0.124735,-21.11710,-91.28703,22.25447,86.30428,-0.030441,-0.331718,-0.155833,0.072632,-0.124412,-0.338369,17.26086,nan,-0.587635,0.671915
-0.125731,-21.53879,-91.39134,22.17986,86.47923,-0.025141,-0.326316,-0.158075,0.077790,-0.125400,-0.332152,17.29585,nan,-0.595829,0.679341
-0.125887,-21.58118,-91.22148,22.15389,86.32186,-0.024802,-0.326274,-0.158569,0.078375,-0.125555,-0.332125,17.26437,nan,-0.596679,0.679999
-0.126797,-21.87869,-91.23085,22.08949,86.38304,-0.020972,-0.322971,-0.160107,0.081875,-0.126457,-0.328161,17.27661,nan,-0.602754,0.685482
-0.128847,-22.43588,-91.41267,21.97496,86.65685,-0.013331,-0.317040,-0.162438,0.088015,-0.128490,-0.320659,17.33137,nan,-0.614691,0.696424
-0.130396,-22.78177,-91.44313,21.88901,86.74701,-0.008491,-0.313983,-0.163817,0.091664,-0.130027,-0.316518,17.34940,nan,-0.622447,0.703508
-0.133093,-23.30508,-91.58240,21.75899,86.97379,-0.000811,-0.309710,-0.165458,0.096844,-0.132701,-0.310337,17.39476,nan,-0.634702,0.714815
-0.134653,-23.56885,-91.54915,21.67896,86.98822,0.003076,-0.308053,-0.166310,0.099388,-0.134246,-0.307677,17.39764,nan,-0.641082,0.720680
-0.136925,-23.92261,-91.56857,21.57378,87.06968,0.008479,-0.305950,-0.167216,0.102643,-0.136498,-0.304090,17.41394,nan,-0.649873,0.728861
-0.139436,-24.27887,-91.58463,21.46270,87.14862,0.014029,-0.304153,-0.167974,0.105796,-0.138985,-0.300686,17.42972,nan,-0.658962,0.737303
-0.142187,-24.63773,-91.59738,21.34573,87.22520,0.019732,-0.302640,-0.168553,0.108825,-0.141708,-0.297432,17.44504,nan,-0.668352,0.746045
-0.145971,-25.09000,-91.65871,21.19626,87.36584,0.027112,-0.301051,-0.168954,0.112423,-0.145453,-0.293457,17.47317,nan,-0.680488,0.757429
-0.148035,-25.31766,-91.58742,21.10810,87.33853,0.030826,-0.300635,-0.169214,0.114233,-0.147495,-0.291824,17.46771,nan,-0.686748,0.763248
-0.151084,-25.63824,-91.56549,20.98886,87.37603,0.036177,-0.300068,-0.169312,0.116628,-0.150510,-0.289414,17.47521,nan,-0.695683,0.771643
-0.154822,-26.00723,-91.56599,20.84997,87.44449,0.042448,-0.299633,-0.169186,0.119240,-0.154204,-0.286720,17.48890,nan,-0.706169,0.781542
-0.159854,-26.47244,-91.61205,20.67324,87.57530,0.050492,-0.299410,-0.168679,0.122327,-0.159174,-0.283458,17.51506,nan,-0.719673,0.794297
-0.163600,-26.80084,-91.58131,20.53817,87.60757,0.056176,-0.299600,-0.168209,0.124420,-0.162871,-0.281430,17.52151,nan,-0.729392,0.803400
-0.169837,-27.32132,-91.64235,20.32858,87.76515,0.065303,-0.300053,-0.166878,0.127402,-0.169022,-0.278109,17.55303,nan,-0.745092,0.818124
-0.174102,-27.65552,-91.60530,20.18237,87.79411,0.071192,-0.300768,-0.165937,0.129271,-0.173224,-0.276310,17.55882,nan,-0.755360,0.827681
-0.179868,-28.08868,-91.61127,19.99378,87.88437,0.078885,-0.301912,-0.164379,0.131523,-0.178900,-0.274026,17.57687,nan,-0.768881,0.840183
-0.185291,-28.47699,-91.59096,19.81799,87.94180,0.085800,-0.303291,-0.162786,0.133450,-0.184232,-0.272205,17.58836,nan,-0.781198,0.851433
-0.190285,-28.81949,-91.54567,19.65709,87.96720,0.091915,-0.304802,-0.161233,0.135086,-0.189139,-0.270789,17.59344,nan,-0.792225,0.861400
-0.197767,-29.31314,-91.56245,19.42849,88.08369,0.100764,-0.307206,-0.158526,0.137212,-0.196480,-0.268752,17.61674,nan,-0.808352,0.875879
-0.203314,-29.66190,-91.51134,19.25735,88.10708,0.107030,-0.309296,-0.156501,0.138692,-0.201916,-0.267595,17.62142,nan,-0.819924,0.886141
-0.213273,-30.26602,-91.56100,18.96853,88.28152,0.117854,-0.313222,-0.152365,0.140977,-0.211659,-0.265590,17.65630,nan,-0.840264,0.903890
-0.218558,-30.57114,-91.48329,18.80955,88.27302,0.123299,-0.315651,-0.150228,0.142152,-0.216822,-0.264929,17.65460,nan,-0.850686,0.912769
-0.226798,-31.03275,-91.46339,18.57538,88.35461,0.131524,-0.319492,-0.146562,0.143735,-0.224859,-0.263880,17.67092,nan,-0.866626,0.926277
-0.233529,-31.39517,-91.40082,18.38413,88.37552,0.137964,-0.322877,-0.143535,0.144962,-0.231413,-0.263287,17.67510,nan,-0.879273,0.936826
-0.238529,-31.65585,-91.29753,18.23930,88.33618,0.142599,-0.325558,-0.141327,0.145879,-0.236274,-0.263040,17.66724,nan,-0.888456,0.944360
-0.247775,-32.12906,-91.26859,17.98940,88.41672,0.150918,-0.330475,-0.136817,0.147312,-0.245247,-0.262415,17.68334,nan,-0.905211,0.958005
-0.256398,-32.55411,-91.21738,17.75941,88.46712,0.158346,-0.335290,-0.132499,0.148547,-0.253598,-0.262050,17.69343,nan,-0.920434,0.970190
-0.267676,-33.09134,-91.19905,17.46956,88.57732,0.167629,-0.341790,-0.126598,0.149996,-0.264491,-0.261711,17.71547,nan,-0.939835,0.985451
-0.275999,-33.47150,-91.12334,17.25580,88.59801,0.174154,-0.346840,-0.122227,0.151025,-0.272508,-0.261721,17.71960,nan,-0.953704,0.996144
-0.282180,-33.74512,-91.01065,17.09499,88.55917,0.178842,-0.350735,-0.119015,0.151796,-0.278450,-0.261893,17.71184,nan,-0.963736,1.003769
-0.291061,-34.13126,-90.93083,16.87443,88.58044,0.185365,-0.356343,-0.114167,0.152775,-0.286968,-0.262075,17.71609,nan,-0.977968,1.014478
-0.311046,-34.97067,-90.98029,16.41142,88.84177,0.199161,-0.369089,-0.102518,0.154585,-0.306055,-0.262366,17.76835,nan,-1.009058,1.037559
-0.319600,-35.31122,-90.87695,16.20916,88.83440,0.204703,-0.374836,-0.097626,0.155422,-0.314187,-0.262806,17.76688,nan,-1.021748,1.046704
-0.328412,-35.65454,-90.77179,16.00401,88.82758,0.210205,-0.380847,-0.092531,0.156279,-0.322540,-0.263320,17.76552,nan,-1.034555,1.055782
-0.346637,-36.34973,-90.75607,15.60507,89.00246,0.220895,-0.393382,-0.081515,0.157869,-0.339737,-0.264281,17.80049,nan,-1.060464,1.073765
-0.356277,-36.70169,-90.64545,15.39132,88.99749,0.226200,-0.400254,-0.075783,0.158787,-0.348787,-0.265042,17.79950,nan,-1.073587,1.082602
-0.366208,-37.05664,-90.53293,15.17470,88.99332,0.231425,-0.407419,-0.069824,0.159731,-0.358077,-0.265876,17.79866,nan,-1.086806,1.091361
-0.388467,-37.83600,-90.51588,14.71898,89.20351,0.242235,-0.423564,-0.055923,0.161688,-0.378770,-0.267584,17.84070,nan,-1.115721,1.110133
-0.402987,-38.32281,-90.42392,14.42424,89.26319,0.248687,-0.434336,-0.046872,0.163060,-0.392168,-0.268898,17.85264,nan,-1.133702,1.121468
-0.420026,-38.87711,-90.34114,14.08917,89.35520,0.255665,-0.447168,-0.036192,0.164738,-0.407784,-0.270569,17.87104,nan,-1.154115,1.133945
-0.439840,-39.50143,-90.26588,13.71168,89.48017,0.263014,-0.462355,-0.023758,0.166852,-0.425794,-0.272713,17.89603,nan,-1.177016,1.147382
-0.454438,-39.94388,-90.14967,13.43681,89.51395,0.267949,-0.473763,-0.014731,0.168588,-0.438957,-0.274517,17.90279,nan,-1.193190,1.156463
-0.469643,-40.39084,-90.03040,13.15809,89.54912,0.272659,-0.485841,-0.005456,0.170555,-0.452568,-0.276599,17.90982,nan,-1.209457,1.165217
-0.483260,-40.77762,-89.89705,12.91331,89.55424,0.276542,-0.496862,0.002640,0.172491,-0.464668,-0.278719,17.91085,nan,-1.223480,1.172410
-0.511796,-41.56186,-89.82314,12.43540,89.75080,0.283529,-0.520452,0.019232,0.176904,-0.489744,-0.283697,17.95016,nan,-1.251462,1.186024
-0.534959,-42.15964,-89.71095,12.06474,89.85513,0.288250,-0.540056,0.032018,0.180859,-0.509806,-0.288377,17.97103,nan,-1.272339,1.195595
-0.548703,-42.49542,-89.55710,11.84728,89.83333,0.290731,-0.551825,0.039270,0.183342,-0.521581,-0.291404,17.96667,nan,-1.283867,1.200692
-0.580474,-43.24380,-89.45152,11.38630,90.00625,0.295292,-0.579246,0.055560,0.189250,-0.548421,-0.298712,18.00125,nan,-1.308703,1.211574
-0.599321,-43.65771,-89.29871,11.12199,90.01977,0.297446,-0.595587,0.064701,0.192873,-0.564082,-0.303307,18.00395,nan,-1.321967,1.217321
-0.636204,-44.42746,-89.17677,10.64723,90.19810,0.300328,-0.627556,0.081824,0.200045,-0.594146,-0.312555,18.03962,nan,-1.345446,1.227715
-0.658160,-44.85339,-89.01445,10.37547,90.21502,0.301414,-0.646462,0.091427,0.204352,-0.611662,-0.318170,18.04300,nan,-1.357747,1.233376
-0.673688,-45.13977,-88.83759,10.18622,90.16724,0.301954,-0.659722,0.097968,0.207390,-0.623872,-0.322149,18.03345,nan,-1.365737,1.237179
-0.722870,-46.01089,-88.69687,9.651734,90.38572,0.301805,-0.701245,0.117721,0.216940,-0.661539,-0.334651,18.07714,nan,-1.388219,1.248961
-0.759463,-46.60172,-88.52753,9.283266,90.47398,0.300493,-0.731322,0.131263,0.223890,-0.688532,-0.343735,18.09480,nan,-1.401989,1.257215
-0.779405,-46.90024,-88.34009,9.087416,90.43000,0.299505,-0.747314,0.138233,0.227587,-0.702856,-0.348550,18.08600,nan,-1.408509,1.261498
-0.832508,-47.65576,-88.16290,8.623255,90.58891,0.295314,-0.788779,0.155577,0.237117,-0.739621,-0.361001,18.11778,nan,-1.423325,1.272810
-0.850432,-47.88504,-87.96730,8.468765,90.51340,0.293753,-0.802208,0.161037,0.240159,-0.751565,-0.365015,18.10268,nan,-1.427511,1.276332
-0.907151,-48.58017,-87.77325,8.042015,90.64219,0.287388,-0.843236,0.177148,0.249348,-0.787752,-0.377218,18.12844,nan,-1.438766,1.287470
-0.996514,-49.52448,-87.56360,7.472255,90.87563,0.275436,-0.901938,0.199159,0.262071,-0.839582,-0.394262,18.17513,nan,-1.451070,1.303776
-1.069424,-50.16541,-87.34525,7.081255,90.97477,0.265062,-0.943922,0.214349,0.270835,-0.876923,-0.406011,18.19495,nan,-1.457485,1.315677
-1.123466,-50.57065,-87.12874,6.827615,90.97239,0.257547,-0.971423,0.224130,0.276446,-0.901604,-0.413418,18.19448,nan,-1.460712,1.323584
-1.318259,-51.64120,-86.86671,6.193955,91.24725,0.233481,-1.045350,0.249170,0.291265,-0.968281,-0.432377,18.24945,nan,-1.465688,1.345864
nan,-52.14362,-86.62839,5.887795,91.28228,0.220201,-1.081492,0.260929,0.298370,-1.001311,-0.441078,18.25646,nan,-1.466468,1.356922
nan,-52.82166,-86.36729,5.483425,91.38789,0.200159,-1.131087,0.276311,0.308162,-1.046897,-0.452561,18.27758,nan,-1.465972,1.372271
nan,-53.42261,-86.10413,5.124535,91.46012,0.180425,-1.175826,0.289410,0.317160,-1.088247,-0.462608,18.29202,nan,-1.464280,1.386029
nan,-54.11816,-85.82039,4.714415,91.56841,0.155311,-1.228068,0.303573,0.328095,-1.136642,-0.474160,18.31368,nan,-1.461008,1.401878
nan,-54.73431,-85.53674,4.350716,91.64304,0.131090,-1.274790,0.315234,0.338327,-1.180046,-0.484430,18.32861,nan,-1.457143,1.415687
nan,-55.80688,-85.16963,3.736835,91.89327,0.084662,-1.355990,0.332806,0.357332,-1.255588,-0.502442,18.37865,nan,-1.448311,1.439024
nan,-56.35086,-84.87447,3.417855,91.93515,0.059123,-1.397830,0.340920,0.367687,-1.294859,-0.511662,18.38703,nan,-1.443071,1.450499
nan,-57.08395,-84.53510,2.997245,92.04775,0.022688,-1.453877,0.350402,0.382337,-1.347735,-0.523913,18.40955,nan,-1.434910,1.465727
nan,-58.01285,-84.14015,2.473586,92.23098,-0.026567,-1.524296,0.360011,0.402102,-1.414668,-0.539275,18.44620,nan,-1.423055,1.484438
nan,-58.67117,-83.78963,2.099296,92.31039,-0.063448,-1.574026,0.365443,0.417016,-1.462371,-0.550182,18.46208,nan,-1.413999,1.497117
nan,-59.24060,-83.45110,1.774635,92.35567,-0.096501,-1.616755,0.369143,0.430577,-1.503582,-0.559749,18.47114,nan,-1.405907,1.507565
nan,-60.39349,-82.94704,1.143006,92.61039,-0.165832,-1.700336,0.372482,0.459867,-1.584140,-0.580007,18.52208,nan,-1.389000,1.526817
nan,-61.07437,-82.55254,0.765095,92.69170,-0.208155,-1.748963,0.372690,0.478615,-1.631041,-0.593070,18.53834,nan,-1.379593,1.536592
nan,-61.66269,-82.17555,0.437825,92.73899,-0.245284,-1.790325,0.371744,0.495729,-1.670746,-0.605374,18.54780,nan,-1.372156,1.543842
nan,-62.15619,-81.82065,0.161515,92.75231,-0.276737,-1.824615,0.370198,0.510782,-1.703442,-0.616632,18.55046,nan,-1.366619,1.548958
nan,-63.25180,-81.25569,-0.422774,92.97308,-0.346334,-1.896798,0.362813,0.546149,-1.770359,-0.645735,18.59462,nan,-1.356890,1.556587
nan,-64.15790,-80.73170,-0.904374,93.12450,-0.403839,-1.954561,0.353847,0.577980,-1.821512,-0.675747,18.62490,nan,-1.353132,1.558214
nan,-64.76651,-80.30263,-1.231774,93.17330,-0.442339,-1.992746,0.346534,0.600936,-1.853556,-0.699994,18.63466,nan,-1.353559,1.556379
nan,-65.37854,-79.86276,-1.558714,93.22231,-0.480690,-2.030403,0.337908,0.625412,-1.883075,-0.728468,18.64446,nan,-1.356757,1.551762
nan,-66.40576,-79.23834,-2.088824,93.40601,-0.544001,-2.091430,0.319864,0.669907,-1.924415,-0.787517,18.68120,nan,-1.369089,1.536762
nan,-67.23349,-78.67567,-2.515144,93.52068,-0.594634,-2.140079,0.302412,0.709572,-1.950001,-0.847928,18.70414,nan,-1.386774,1.516640
nan,-68.06583,-78.09145,-2.939474,93.63335,-0.645384,-2.188536,0.281760,0.753395,-1.966388,-0.922667,18.72667,nan,-1.412369,1.487613
