Throttle,P_des.x,P_des.y,P_des.z,P_is.x,P_is.y,P_is.z,L_is.x,L_is.y,L_is.z,aCMDin.x,aCMDin.y,aCMDin.z,aCMDb.x,aCMDb.y,aCMDb.z,ACMDb.x,ACMD.y,ACMDb.z
0.000000,-0.000000,-0.000000,0.500000,0.000000,0.000000,0.000000,0.000000,0.000000,0.000000,0.000000,10.00000,0.000000,0.000000,0.000000,0.000000,0.000000,0.000000,0.000000,0.000000,0.000000,-9.810000
0.000000,-0.000000,-0.000000,0.500000,0.000000,0.000000,0.000000,0.000000,0.000000,0.000000,0.000000,10.00000,0.000000,0.000000,0.000000,0.000000,0.000000,0.000000,0.000000,0.000000,0.000000,-9.810000
0.000000,-0.000000,-0.000000,0.500000,0.000000,0.000000,0.000000,0.000000,0.000000,0.000000,0.000000,10.00000,0.000000,0.000000,0.000000,0.000000,0.000000,0.000000,0.000000,0.000000,0.000000,-9.810000
0.000000,-0.000000,-0.000000,0.500000,0.000000,0.000000,0.000000,0.000000,0.000000,0.000000,0.000000,10.00000,0.000000,0.000000,0.000000,0.000000,0.000000,0.000000,0.000000,0.000000,0.000000,-9.810000
0.000000,-0.000000,-0.000000,0.500000,0.000000,0.000000,0.000000,0.000000,0.000000,0.000000,0.000000,10.00000,0.000000,0.000000,0.000000,0.000000,0.000000,0.000000,0.000000,0.000000,0.000000,-9.810000
0.000000,-0.000000,-0.000000,0.500000,0.000000,0.000000,0.000000,0.000000,0.000000,0.000000,0.000000,10.00000,0.000000,0.000000,0.000000,0.000000,0.000000,0.000000,0.000000,0.000000,0.000000,-9.810000
0.000000,-0.000000,-0.000000,0.500000,0.000000,0.000000,0.000000,0.000000,0.000000,0.000000,0.000000,10.00000,0.000000,0.000000,0.000000,0.000000,0.000000,0.000000,0.000000,0.000000,0.000000,-9.810000
0.000000,-0.000000,-0.000000,0.500000,0.000000,0.000000,0.000000,0.000000,0.000000,0.000000,0.000000,10.00000,0.000000,0.000000,0.000000,0.000000,0.000000,0.000000,0.000000,0.000000,0.000000,-9.810000
0.000000,-0.000000,-0.000000,0.500000,0.000000,0.000000,0.000000,0.000000,0.000000,0.000000,0.000000,10.00000,0.000000,0.000000,0.000000,0.000000,0.000000,0.000000,0.000000,0.000000,0.000000,-9.810000
0.000000,-0.000000,-0.000000,0.500000,0.000000,0.000000,0.000000,0.000000,0.000000,0.000000,0.000000,10.00000,0.000000,0.000000,0.000000,0.000000,0.000000,0.000000,0.000000,0.000000,0.000000,-9.810000
0.000000,-0.000000,-0.000000,0.500000,0.000000,0.000000,0.000000,0.000000,0.000000,0.000000,0.000000,10.00000,0.000000,0.000000,0.000000,0.000000,0.000000,0.000000,0.000000,0.000000,0.000000,-9.810000
0.000000,-0.000000,-0.000000,0.500000,0.000000,0.000000,0.000000,-365.0000,-400.0000,-0.872960,0.000000,10.00000,0.000000,0.000000,0.000000,0.000000,0.000000,0.000000,0.000000,0.997324,0.000000,-9.759171
0.000000,-0.000000,-0.000000,0.500000,0.000000,0.000000,0.000000,-365.0000,-400.0000,-0.872960,0.000000,10.00000,0.000000,0.000000,0.000000,0.000000,0.000000,0.000000,0.000000,0.997324,0.000000,-9.759171
0.000000,-0.000000,-0.000000,0.500000,0.000000,0.000000,0.000000,-365.0000,-400.0000,-0.872960,0.000000,10.00000,0.000000,0.000000,0.000000,0.000000,0.000000,0.000000,0.000000,0.997324,0.000000,-9.759171
0.000000,-0.000000,-0.000000,0.500000,0.000000,0.000000,0.000000,-365.0000,-400.0000,-0.872960,0.000000,10.00000,0.000000,0.000000,0.000000,0.000000,0.000000,0.000000,0.000000,0.997324,0.000000,-9.759171
0.021280,-0.000003,-0.000003,0.500000,0.000000,0.000000,0.000000,-364.9981,-399.9999,-0.873280,0.000000,10.00000,0.000000,-0.000003,0.000035,0.000001,0.000035,0.000003,0.000003,0.996676,0.021278,-9.759215
0.028993,-0.000004,-0.000002,0.500000,0.000000,0.000000,0.000000,-364.9974,-399.9998,-0.873409,0.000000,10.00000,0.000000,-0.000004,0.000013,0.000001,0.000012,0.000004,0.000002,0.995287,0.028989,-9.759336
0.038763,-0.000006,-0.000003,0.500000,0.000000,0.000000,0.000000,-364.9965,-399.9992,-0.873620,0.000000,10.00000,0.000000,-0.000006,0.000006,0.000003,0.000005,0.000006,0.000003,0.989913,0.038753,-9.759847
0.044820,-0.000001,-0.000014,0.500000,0.000000,0.000000,0.000000,-364.9960,-399.9979,-0.873980,0.000000,10.00000,0.000000,-0.000001,0.000005,0.000013,0.000004,0.000001,0.000014,0.976246,0.044805,-9.761187
0.044921,-0.000000,-0.000024,0.500000,0.000000,0.000000,0.000000,-364.9959,-399.9971,-0.874249,0.000000,10.00000,0.000000,-0.000001,0.000010,0.000024,0.000008,0.000000,0.000024,0.967465,0.044906,-9.762050
0.040507,0.000027,-0.000081,0.500000,0.000000,0.000000,0.000000,-364.9964,-399.9944,-0.875260,0.000000,10.00000,0.000000,0.000027,0.000044,0.000077,0.000036,-0.000027,0.000081,0.940936,0.040496,-9.764608
0.031566,0.000085,-0.000212,0.500000,0.000000,0.000000,0.000000,-364.9972,-399.9902,-0.876760,0.000000,10.00000,0.000000,0.000085,0.000098,0.000205,0.000078,-0.000085,0.000212,0.910898,0.031561,-9.767361
0.023192,0.000159,-0.000353,0.500000,0.000000,0.000000,0.000000,-364.9979,-399.9853,-0.878010,0.000000,10.00000,0.000000,0.000158,0.000131,0.000343,0.000100,-0.000159,0.000353,0.888940,0.023190,-9.769267
0.005193,0.000279,-0.000674,0.500000,0.000000,0.000000,0.000000,-364.9995,-399.9690,-0.880270,0.000000,10.00000,0.000000,0.000279,0.000134,0.000664,0.000076,-0.000279,0.000674,0.848756,0.005193,-9.772544
-0.005885,0.000313,-0.000889,0.500000,0.000000,0.000000,0.000000,-365.0006,-399.9505,-0.881210,0.000000,10.00000,0.000000,0.000314,0.000110,0.000883,0.000035,-0.000313,0.000889,0.827603,-0.005885,-9.774139
-0.012921,0.000212,-0.001180,0.500000,0.000000,0.000000,0.000000,-365.0012,-399.9249,-0.881460,0.000000,10.00000,0.000000,0.000214,0.000099,0.001176,0.000001,-0.000212,0.001180,0.815545,-0.012921,-9.774852
-0.014525,0.000055,-0.001455,0.500000,0.000000,0.000000,0.000000,-365.0013,-399.9058,-0.881350,0.000000,10.00000,0.000000,0.000057,0.000107,0.001451,-0.000013,-0.000055,0.001455,0.813086,-0.014524,-9.774778
-0.012943,-0.000254,-0.002215,0.500000,0.000000,0.000000,0.000000,-365.0012,-399.8671,-0.880900,0.000000,10.00000,0.000000,-0.000251,0.000159,0.002210,-0.000024,0.000254,0.002215,0.816887,-0.012942,-9.773704
-0.007155,-0.000566,-0.003513,0.500000,0.000000,0.000000,0.000000,-365.0007,-399.8194,-0.880400,0.000000,10.00000,0.000000,-0.000563,0.000274,0.003503,-0.000023,0.000566,0.003513,0.829695,-0.007155,-9.771333
0.000994,-0.000799,-0.005278,0.500000,0.000000,0.000000,0.000000,-365.0000,-399.7618,-0.880009,0.000000,10.00000,0.000000,-0.000799,0.000436,0.005260,-0.000020,0.000799,0.005278,0.848854,0.000994,-9.767925
0.010273,-0.000893,-0.007558,0.500000,0.000000,0.000000,0.000000,-364.9992,-399.6869,-0.879570,0.000000,10.00000,0.000000,-0.000900,0.000632,0.007531,-0.000040,0.000893,0.007558,0.873363,0.010273,-9.763479
0.017288,-0.000777,-0.009947,0.500000,0.000000,0.000000,0.000000,-364.9985,-399.6074,-0.878970,0.000000,10.00000,0.000000,-0.000794,0.000828,0.009912,-0.000079,0.000777,0.009947,0.894817,0.017287,-9.759135
0.021938,-0.000448,-0.013250,0.500000,0.000000,0.000000,0.000000,-364.9980,-399.5075,-0.878080,0.000000,10.00000,0.000000,-0.000477,0.001117,0.013202,-0.000117,0.000448,0.013250,0.913926,0.021936,-9.754049
0.023112,-0.000159,-0.015876,0.500000,0.000000,0.000000,0.000000,-364.9979,-399.4369,-0.877480,0.000000,10.00000,0.000000,-0.000196,0.001371,0.015817,-0.000122,0.000159,0.015876,0.922711,0.023110,-9.750595
0.022024,0.000340,-0.021440,0.500000,0.000000,0.000000,0.000000,-364.9979,-399.3029,-0.876709,0.000000,10.00000,0.000000,0.000291,0.001958,0.021351,-0.000078,-0.000340,0.021440,0.931837,0.022023,-9.744169
0.019278,0.000644,-0.026334,0.500000,0.000000,0.000000,0.000000,-364.9981,-399.1916,-0.876490,0.000000,10.00000,0.000000,0.000591,0.002500,0.026217,-0.000006,-0.000644,0.026334,0.933862,0.019277,-9.739093
0.014341,0.000991,-0.032834,0.500000,0.000000,0.000000,0.000000,-364.9985,-399.0429,-0.876709,0.000000,10.00000,0.000000,0.000940,0.003219,0.032677,0.000103,-0.000991,0.032834,0.931335,0.014340,-9.732856
0.011682,0.001111,-0.035854,0.500000,0.000000,0.000000,0.000000,-364.9987,-398.9707,-0.876980,0.000000,10.00000,0.000000,0.001064,0.003541,0.035680,0.000149,-0.001111,0.035854,0.928452,0.011682,-9.730116
0.006054,0.001172,-0.042339,0.500000,0.000000,0.000000,0.000000,-364.9992,-398.8015,-0.877769,0.000000,10.00000,0.000000,0.001141,0.004176,0.042134,0.000212,-0.001172,0.042339,0.918846,0.006054,-9.724551
0.001518,0.000923,-0.048432,0.500000,0.000000,0.000000,0.000000,-364.9996,-398.6181,-0.878620,0.000000,10.00000,0.000000,0.000912,0.004675,0.048206,0.000204,-0.000923,0.048432,0.906140,0.001518,-9.719646
-0.000228,0.000619,-0.052247,0.500000,0.000000,0.000000,0.000000,-364.9998,-398.4939,-0.879090,0.000000,10.00000,0.000000,0.000617,0.004955,0.052012,0.000177,-0.000619,0.052247,0.897420,-0.000228,-9.716634
-0.001027,-0.000047,-0.059045,0.500000,0.000000,0.000000,0.000000,-364.9999,-398.2676,-0.879710,0.000000,10.00000,0.000000,-0.000040,0.005443,0.058794,0.000129,0.000047,0.059045,0.883011,-0.001027,-9.711144
0.000784,-0.000686,-0.065936,0.500000,0.000000,0.000000,0.000000,-364.9998,-398.0451,-0.880120,0.000000,10.00000,0.000000,-0.000687,0.005967,0.065665,0.000107,0.000686,0.065936,0.872045,0.000784,-9.705237
0.004109,-0.001177,-0.072772,0.500000,0.000000,0.000000,0.000000,-364.9995,-397.8305,-0.880439,0.000000,10.00000,0.000000,-0.001198,0.006510,0.072479,0.000100,0.001177,0.072772,0.864221,0.004109,-9.699095
0.006045,-0.001354,-0.076363,0.500000,0.000000,0.000000,0.000000,-364.9993,-397.7187,-0.880590,0.000000,10.00000,0.000000,-0.001390,0.006799,0.076059,0.000096,0.001354,0.076363,0.861285,0.006045,-9.695762
0.010449,-0.001458,-0.084700,0.500000,0.000000,0.000000,0.000000,-364.9989,-397.4624,-0.880860,0.000000,10.00000,0.000000,-0.001535,0.007479,0.084368,0.000079,0.001458,0.084700,0.857164,0.010449,-9.687782
0.014604,-0.001020,-0.096249,0.500000,0.000000,0.000000,0.000000,-364.9984,-397.1154,-0.881100,0.000000,10.00000,0.000000,-0.001152,0.008445,0.095876,0.000048,0.001020,0.096249,0.855863,0.014603,-9.676339
0.015916,-0.000475,-0.105296,0.500000,0.000000,0.000000,0.000000,-364.9983,-396.8534,-0.881210,0.000000,10.00000,0.000000,-0.000639,0.009232,0.104889,0.000038,0.000475,0.105296,0.856634,0.015915,-9.667222
0.015916,-0.000182,-0.109996,0.500000,0.000000,0.000000,0.000000,-364.9981,-396.7179,-0.881260,0.000000,10.00000,0.000000,-0.000357,0.009643,0.109572,0.000033,0.000182,0.109996,0.857118,0.015916,-9.662477
0.014651,0.000496,-0.120791,0.500000,0.000000,0.000000,0.000000,-364.9981,-396.4094,-0.881340,0.000000,10.00000,0.000000,0.000311,0.010597,0.120325,0.000033,-0.000496,0.120791,0.857997,0.014650,-9.651607
0.011973,0.001024,-0.132293,0.500000,0.000000,0.000000,0.000000,-364.9983,-396.0867,-0.881460,0.000000,10.00000,0.000000,0.000850,0.011632,0.131782,0.000062,-0.001024,0.132293,0.858026,0.011972,-9.640108
0.010418,0.001210,-0.137674,0.500000,0.000000,0.000000,0.000000,-364.9984,-395.9352,-0.881540,0.000000,10.00000,0.000000,0.001048,0.012115,0.137141,0.000083,-0.001210,0.137674,0.857461,0.010418,-9.634780
0.007056,0.001348,-0.149898,0.500000,0.000000,0.000000,0.000000,-364.9986,-395.5916,-0.881830,0.000000,10.00000,0.000000,0.001221,0.013215,0.149315,0.000167,-0.001348,0.149898,0.854124,0.007056,-9.622859
0.004648,0.001215,-0.159721,0.500000,0.000000,0.000000,0.000000,-364.9988,-395.2998,-0.882210,0.000000,10.00000,0.000000,0.001121,0.014050,0.159103,0.000235,-0.001215,0.159721,0.848818,0.004648,-9.613506
0.002374,0.000752,-0.172510,0.500000,0.000000,0.000000,0.000000,-364.9990,-394.8959,-0.882899,0.000000,10.00000,0.000000,0.000699,0.015067,0.171851,0.000334,-0.000752,0.172510,0.838263,0.002374,-9.601637
0.001719,0.000235,-0.182416,0.500000,0.000000,0.000000,0.000000,-364.9991,-394.5463,-0.883620,0.000000,10.00000,0.000000,0.000200,0.015749,0.181736,0.000392,-0.000235,0.182416,0.826299,0.001719,-9.592754
0.001694,-0.000032,-0.187013,0.500000,0.000000,0.000000,0.000000,-364.9991,-394.3671,-0.884010,0.000000,10.00000,0.000000,-0.000062,0.016017,0.186326,0.000404,0.000032,0.187013,0.819468,0.001694,-9.588735
0.003121,-0.000774,-0.199923,0.500000,0.000000,0.000000,0.000000,-364.9990,-393.8119,-0.885180,0.000000,10.00000,0.000000,-0.000821,0.016638,0.199230,0.000398,0.000774,0.199923,0.797366,0.003121,-9.577649
0.003523,-0.000883,-0.202343,0.500000,0.000000,0.000000,0.000000,-364.9990,-393.6976,-0.885400,0.000000,10.00000,0.000000,-0.000935,0.016730,0.201651,0.000388,0.000883,0.202343,0.792760,0.003523,-9.575602
0.005660,-0.001161,-0.213232,0.500000,0.000000,0.000000,0.000000,-364.9987,-393.1904,-0.886300,0.000000,10.00000,0.000000,-0.001257,0.017179,0.212539,0.000365,0.001161,0.213232,0.773963,0.005660,-9.566217
0.006818,-0.001145,-0.220132,0.500000,0.000000,0.000000,0.000000,-364.9986,-392.8684,-0.886850,0.000000,10.00000,0.000000,-0.001271,0.017474,0.219438,0.000371,0.001145,0.220132,0.762623,0.006818,-9.560206
0.008272,-0.000838,-0.232008,0.500000,0.000000,0.000000,0.000000,-364.9984,-392.2867,-0.887790,0.000000,10.00000,0.000000,-0.001011,0.017934,0.231314,0.000359,0.000838,0.232008,0.743539,0.008272,-9.549797
0.008573,-0.000649,-0.237230,0.500000,0.000000,0.000000,0.000000,-364.9983,-392.0304,-0.888180,0.000000,10.00000,0.000000,-0.000839,0.018143,0.236535,0.000354,0.000649,0.237230,0.736002,0.008573,-9.545145
0.008572,-0.000452,-0.241559,0.500000,0.000000,0.000000,0.000000,-364.9983,-391.8136,-0.888500,0.000000,10.00000,0.000000,-0.000650,0.018310,0.240864,0.000346,0.000452,0.241559,0.729928,0.008572,-9.541270
0.007403,0.000228,-0.255881,0.500000,0.000000,0.000000,0.000000,-364.9981,-391.1002,-0.889450,0.000000,10.00000,0.000000,0.000031,0.018890,0.255183,0.000325,-0.000228,0.255881,0.712101,0.007403,-9.528260
0.005995,0.000560,-0.265191,0.500000,0.000000,0.000000,0.000000,-364.9982,-390.6391,-0.890030,0.000000,10.00000,0.000000,0.000385,0.019287,0.264489,0.000342,-0.000560,0.265191,0.701160,0.005995,-9.519742
0.005103,0.000670,-0.270641,0.500000,0.000000,0.000000,0.000000,-364.9983,-390.3568,-0.890399,0.000000,10.00000,0.000000,0.000513,0.019498,0.269938,0.000354,-0.000670,0.270641,0.694322,0.005102,-9.514780
0.003866,0.000732,-0.277666,0.500000,0.000000,0.000000,0.000000,-364.9983,-389.9739,-0.890900,0.000000,10.00000,0.000000,0.000605,0.019739,0.276964,0.000360,-0.000732,0.277666,0.685032,0.003866,-9.508410
0.002030,0.000611,-0.288753,0.500000,0.000000,0.000000,0.000000,-364.9984,-389.3358,-0.891710,0.000000,10.00000,0.000000,0.000536,0.020068,0.288055,0.000360,-0.000611,0.288753,0.669960,0.002030,-9.498368
0.001431,0.000525,-0.292944,0.500000,0.000000,0.000000,0.000000,-364.9984,-389.0851,-0.892029,0.000000,10.00000,0.000000,0.000469,0.020180,0.292248,0.000361,-0.000525,0.292944,0.664089,0.001431,-9.494576
0.000697,0.000183,-0.302118,0.500000,0.000000,0.000000,0.000000,-364.9984,-388.5233,-0.892729,0.000000,10.00000,0.000000,0.000158,0.020415,0.301427,0.000382,-0.000183,0.302118,0.650896,0.000697,-9.486290
0.000472,-0.000178,-0.309811,0.500000,0.000000,0.000000,0.000000,-364.9984,-388.0005,-0.893390,0.000000,10.00000,0.000000,-0.000186,0.020534,0.309130,0.000396,0.000178,0.309811,0.638087,0.000472,-9.479440
0.000760,-0.000564,-0.317480,0.500000,0.000000,0.000000,0.000000,-364.9984,-387.4119,-0.894139,0.000000,10.00000,0.000000,-0.000568,0.020561,0.316813,0.000396,0.000564,0.317480,0.623500,0.000760,-9.472712
0.001100,-0.000806,-0.324038,0.500000,0.000000,0.000000,0.000000,-364.9983,-386.8647,-0.894829,0.000000,10.00000,0.000000,-0.000813,0.020537,0.323387,0.000405,0.000806,0.324038,0.609900,0.001100,-9.467009
0.001465,-0.000877,-0.328164,0.500000,0.000000,0.000000,0.000000,-364.9983,-386.4748,-0.895319,0.000000,10.00000,0.000000,-0.000895,0.020465,0.327525,0.000401,0.000877,0.328164,0.600203,0.001465,-9.463482
0.001946,-0.000966,-0.332960,0.500000,0.000000,0.000000,0.000000,-364.9981,-385.9654,-0.895920,0.000000,10.00000,0.000000,-0.000997,0.020317,0.332339,0.000375,0.000966,0.332960,0.587936,0.001946,-9.459429
0.002278,-0.000907,-0.339108,0.500000,0.000000,0.000000,0.000000,-364.9980,-385.3302,-0.896599,0.000000,10.00000,0.000000,-0.000952,0.020182,0.338507,0.000360,0.000907,0.339108,0.573820,0.002278,-9.454115
0.002139,-0.000670,-0.344756,0.500000,0.000000,0.000000,0.000000,-364.9980,-384.7408,-0.897240,0.000000,10.00000,0.000000,-0.000719,0.020078,0.344170,0.000386,0.000670,0.344756,0.560722,0.002139,-9.449227
0.001838,-0.000467,-0.349277,0.500000,0.000000,0.000000,0.000000,-364.9979,-384.1402,-0.897920,0.000000,10.00000,0.000000,-0.000514,0.019853,0.348712,0.000395,0.000467,0.349277,0.546921,0.001838,-9.445487
0.001612,-0.000338,-0.351557,0.500000,0.000000,0.000000,0.000000,-364.9979,-383.7745,-0.898330,0.000000,10.00000,0.000000,-0.000382,0.019676,0.351007,0.000385,0.000338,0.351557,0.538684,0.001612,-9.443662
0.000620,-0.000130,-0.356499,0.500000,0.000000,0.000000,0.000000,-364.9978,-382.9055,-0.899240,0.000000,10.00000,0.000000,-0.000146,0.019244,0.355980,0.000356,0.000130,0.356499,0.520140,0.000620,-9.439720
0.000207,-0.000109,-0.358775,0.500000,0.000000,0.000000,0.000000,-364.9978,-382.4630,-0.899669,0.000000,10.00000,0.000000,-0.000111,0.019020,0.358271,0.000344,0.000109,0.358775,0.511018,0.000207,-9.437924
-0.000613,-0.000071,-0.361839,0.500000,0.000000,0.000000,0.000000,-364.9978,-381.8213,-0.900260,0.000000,10.00000,0.000000,-0.000044,0.018695,0.361356,0.000322,0.000071,0.361839,0.498456,-0.000613,-9.435506
-0.001199,-0.000172,-0.365680,0.500000,0.000000,0.000000,0.000000,-364.9978,-381.1028,-0.900880,0.000000,10.00000,0.000000,-0.000119,0.018405,0.365217,0.000304,0.000172,0.365680,0.485897,-0.001199,-9.432293
-0.001651,-0.000307,-0.369711,0.500000,0.000000,0.000000,0.000000,-364.9978,-380.4382,-0.901420,0.000000,10.00000,0.000000,-0.000231,0.018208,0.369263,0.000292,0.000307,0.369711,0.475694,-0.001651,-9.428761
-0.001891,-0.000460,-0.373473,0.500000,0.000000,0.000000,0.000000,-364.9978,-379.8988,-0.901840,0.000000,10.00000,0.000000,-0.000369,0.018110,0.373034,0.000284,0.000460,0.373473,0.468533,-0.001891,-9.425345
-0.002071,-0.000574,-0.377931,0.500000,0.000000,0.000000,0.000000,-364.9978,-379.2837,-0.902300,0.000000,10.00000,0.000000,-0.000470,0.018027,0.377501,0.000282,0.000574,0.377931,0.460889,-0.002071,-9.421248
-0.002193,-0.000746,-0.382807,0.500000,0.000000,0.000000,0.000000,-364.9977,-378.5900,-0.902810,0.000000,10.00000,0.000000,-0.000629,0.017933,0.382387,0.000273,0.000746,0.382807,0.452844,-0.002193,-9.416747
-0.002066,-0.000873,-0.387646,0.500000,0.000000,0.000000,0.000000,-364.9977,-377.8856,-0.903300,0.000000,10.00000,0.000000,-0.000755,0.017842,0.387236,0.000265,0.000873,0.387646,0.445094,-0.002066,-9.412263
-0.001969,-0.001068,-0.392346,0.500000,0.000000,0.000000,0.000000,-364.9976,-377.1706,-0.903790,0.000000,10.00000,0.000000,-0.000944,0.017745,0.391945,0.000275,0.001068,0.392346,0.437068,-0.001969,-9.407924
-0.001818,-0.001121,-0.394807,0.500000,0.000000,0.000000,0.000000,-364.9975,-376.7366,-0.904099,0.000000,10.00000,0.000000,-0.001000,0.017657,0.394412,0.000283,0.001121,0.394807,0.431980,-0.001818,-9.405689
-0.001722,-0.001120,-0.399183,0.500000,0.000000,0.000000,0.000000,-364.9974,-375.7091,-0.904860,0.000000,10.00000,0.000000,-0.001002,0.017343,0.398807,0.000299,0.001120,0.399183,0.419157,-0.001722,-9.401871
-0.001708,-0.001133,-0.400287,0.500000,0.000000,0.000000,0.000000,-364.9973,-375.3372,-0.905140,0.000000,10.00000,0.000000,-0.001016,0.017197,0.399918,0.000306,0.001133,0.400287,0.414263,-0.001708,-9.400974
-0.001436,-0.001210,-0.401479,0.500000,0.000000,0.000000,0.000000,-364.9973,-374.5099,-0.905780,0.000000,10.00000,0.000000,-0.001100,0.016782,0.401128,0.000310,0.001210,0.401479,0.402799,-0.001436,-9.400260
-0.001418,-0.001228,-0.401332,0.500000,0.000000,0.000000,0.000000,-364.9972,-373.6700,-0.906429,0.000000,10.00000,0.000000,-0.001118,0.016279,0.401003,0.000310,0.001228,0.401332,0.390645,-0.001418,-9.400898
-0.001315,-0.001233,-0.400395,0.500000,0.000000,0.000000,0.000000,-364.9971,-373.0513,-0.906900,0.000000,10.00000,0.000000,-0.001127,0.015862,0.400081,0.000295,0.001233,0.400395,0.381709,-0.001315,-9.402188
-0.001416,-0.001132,-0.398792,0.500000,0.000000,0.000000,0.000000,-364.9970,-372.1899,-0.907510,0.000000,10.00000,0.000000,-0.001026,0.015290,0.398499,0.000271,0.001132,0.398792,0.369726,-0.001416,-9.404248
-0.001419,-0.001128,-0.397645,0.500000,0.000000,0.000000,0.000000,-364.9969,-371.3962,-0.908030,0.000000,10.00000,0.000000,-0.001024,0.014818,0.397369,0.000255,0.001128,0.397645,0.359515,-0.001419,-9.405775
-0.001311,-0.001237,-0.396552,0.500000,0.000000,0.000000,0.000000,-364.9969,-370.5114,-0.908580,0.000000,10.00000,0.000000,-0.001133,0.014335,0.396293,0.000232,0.001237,0.396552,0.349101,-0.001311,-9.407243
-0.001380,-0.001169,-0.396304,0.500000,0.000000,0.000000,0.000000,-364.9968,-369.6965,-0.909030,0.000000,10.00000,0.000000,-0.001064,0.013968,0.396058,0.000207,0.001169,0.396304,0.340840,-0.001380,-9.407780
-0.001348,-0.001200,-0.396806,0.500000,0.000000,0.000000,0.000000,-364.9967,-369.2027,-0.909280,0.000000,10.00000,0.000000,-0.001095,0.013801,0.396567,0.000193,0.001200,0.396806,0.336610,-0.001348,-9.407424
-0.001303,-0.001245,-0.398856,0.500000,0.000000,0.000000,0.000000,-364.9966,-368.2881,-0.909690,0.000000,10.00000,0.000000,-0.001140,0.013581,0.398625,0.000166,0.001245,0.398856,0.330112,-0.001303,-9.405594
-0.001271,-0.001277,-0.400850,0.500000,0.000000,0.000000,0.000000,-364.9966,-367.7841,-0.909900,0.000000,10.00000,0.000000,-0.001172,0.013524,0.400622,0.000154,0.001277,0.400850,0.327355,-0.001271,-9.403691
-0.001227,-0.001321,-0.405543,0.500000,0.000000,0.000000,0.000000,-364.9965,-366.9362,-0.910210,0.000000,10.00000,0.000000,-0.001215,0.013524,0.405318,0.000143,0.001321,0.405543,0.323814,-0.001227,-9.399116
-0.001000,-0.001450,-0.413448,0.500000,0.000000,0.000000,0.000000,-364.9964,-365.8194,-0.910600,0.000000,10.00000,0.000000,-0.001346,0.013645,0.413223,0.000148,0.001450,0.413448,0.320388,-0.001000,-9.391322
-0.000821,-0.001531,-0.418123,0.500000,0.000000,0.000000,0.000000,-364.9963,-365.2111,-0.910820,0.000000,10.00000,0.000000,-0.001430,0.013737,0.417898,0.000155,0.001531,0.418123,0.318826,-0.000821,-9.386699
-0.000541,-0.001615,-0.423940,0.500000,0.000000,0.000000,0.000000,-364.9962,-364.4220,-0.911119,0.000000,10.00000,0.000000,-0.001521,0.013843,0.423715,0.000161,0.001615,0.423940,0.316772,-0.000541,-9.380950
-0.000233,-0.001727,-0.430948,0.500000,0.000000,0.000000,0.000000,-364.9961,-363.3577,-0.911520,0.000000,10.00000,0.000000,-0.001639,0.013935,0.430723,0.000164,0.001727,0.430948,0.313639,-0.000233,-9.374042
0.000035,-0.001800,-0.433335,0.500000,0.000000,0.000000,0.000000,-364.9961,-362.9101,-0.911700,0.000000,10.00000,0.000000,-0.001721,0.013939,0.433111,0.000170,0.001800,0.433335,0.311879,0.000035,-9.371712
0.000595,-0.001968,-0.436716,0.500000,0.000000,0.000000,0.000000,-364.9959,-361.9171,-0.912130,0.000000,10.00000,0.000000,-0.001906,0.013831,0.436497,0.000208,0.001968,0.436716,0.306230,0.000595,-9.368509
0.001139,-0.002119,-0.435977,0.500000,0.000000,0.000000,0.000000,-364.9958,-361.0042,-0.912600,0.000000,10.00000,0.000000,-0.002074,0.013500,0.435768,0.000240,0.002119,0.435977,0.298614,0.001139,-9.369484
0.001872,-0.002264,-0.431552,0.500000,0.000000,0.000000,0.000000,-364.9956,-360.0819,-0.913120,0.000000,10.00000,0.000000,-0.002246,0.012959,0.431358,0.000247,0.002264,0.431552,0.289208,0.001872,-9.374189
0.002686,-0.002392,-0.424674,0.500000,0.000000,0.000000,0.000000,-364.9955,-359.1501,-0.913680,0.000000,10.00000,0.000000,-0.002403,0.012298,0.424496,0.000265,0.002392,0.424674,0.278243,0.002686,-9.381387
0.003056,-0.002468,-0.419765,0.500000,0.000000,0.000000,0.000000,-364.9955,-358.6808,-0.913980,0.000000,10.00000,0.000000,-0.002492,0.011896,0.419596,0.000266,0.002468,0.419765,0.272066,0.003056,-9.386469
0.004136,-0.002567,-0.403754,0.500000,0.000000,0.000000,0.000000,-364.9952,-357.4494,-0.914740,0.000000,10.00000,0.000000,-0.002630,0.010728,0.403611,0.000235,0.002567,0.403754,0.255169,0.004136,-9.402933
0.004833,-0.002578,-0.391802,0.500000,0.000000,0.000000,0.000000,-364.9950,-356.5877,-0.915199,0.000000,10.00000,0.000000,-0.002667,0.009928,0.391676,0.000192,0.002578,0.391802,0.243946,0.004833,-9.415168
0.005577,-0.002537,-0.380281,0.500000,0.000000,0.000000,0.000000,-364.9949,-355.6216,-0.915620,0.000000,10.00000,0.000000,-0.002654,0.009175,0.380170,0.000133,0.002537,0.380281,0.233393,0.005577,-9.426945
0.005922,-0.002489,-0.376025,0.500000,0.000000,0.000000,0.000000,-364.9948,-355.1350,-0.915770,0.000000,10.00000,0.000000,-0.002620,0.008887,0.375919,0.000100,0.002489,0.376025,0.229338,0.005922,-9.431294
0.006286,-0.002167,-0.372973,0.500000,0.000000,0.000000,0.000000,-364.9946,-353.9579,-0.915930,0.000000,10.00000,0.000000,-0.002322,0.008549,0.372874,0.000016,0.002167,0.372973,0.224449,0.006286,-9.434457
0.006658,-0.002048,-0.379116,0.500000,0.000000,0.000000,0.000000,-364.9945,-353.0664,-0.915950,0.000000,10.00000,0.000000,-0.002226,0.008688,0.379015,0.000000,0.002048,0.379116,0.224825,0.006658,-9.428307
0.006858,-0.001758,-0.394495,0.500000,0.000000,0.000000,0.000000,-364.9944,-352.0673,-0.915960,0.000000,10.00000,0.000000,-0.001962,0.009239,0.394385,0.000004,0.001758,0.394495,0.229635,0.006858,-9.412816
0.007150,-0.001756,-0.408622,0.500000,0.000000,0.000000,0.000000,-364.9943,-351.4635,-0.915960,0.000000,10.00000,0.000000,-0.001980,0.009806,0.408503,0.000008,0.001756,0.408622,0.235230,0.007150,-9.398557
0.007704,-0.001722,-0.449986,0.500000,0.000000,0.000000,0.000000,-364.9941,-350.1441,-0.916050,0.000000,10.00000,0.000000,-0.001996,0.011622,0.449835,0.000045,0.001722,0.449986,0.252429,0.007704,-9.356765
0.008308,-0.001836,-0.479960,0.500000,0.000000,0.000000,0.000000,-364.9940,-349.2219,-0.916140,0.000000,10.00000,0.000000,-0.002152,0.013017,0.479782,0.000045,0.001836,0.479960,0.265177,0.008308,-9.326454
0.009121,-0.001963,-0.510591,0.500000,0.000000,0.000000,0.000000,-364.9939,-348.0850,-0.916210,0.000000,10.00000,0.000000,-0.002334,0.014456,0.510384,0.000003,0.001963,0.510591,0.277687,0.009121,-9.295475
0.010099,-0.002254,-0.527349,0.500000,0.000000,0.000000,0.000000,-364.9937,-347.1468,-0.916180,0.000000,10.00000,0.000000,-0.002675,0.015188,0.527129,-0.000034,0.002254,0.527349,0.283140,0.010099,-9.278559
0.010522,-0.002285,-0.533494,0.500000,0.000000,0.000000,0.000000,-364.9937,-346.6225,-0.916160,0.000000,10.00000,0.000000,-0.002732,0.015415,0.533269,-0.000001,0.002285,0.533494,0.283468,0.010522,-9.272405
0.011588,-0.002468,-0.534731,0.500000,0.000000,0.000000,0.000000,-364.9935,-345.4614,-0.916340,0.000000,10.00000,0.000000,-0.002964,0.015210,0.534512,0.000218,0.002468,0.534731,0.275254,0.011588,-9.271408
0.012337,-0.002432,-0.514020,0.500000,0.000000,0.000000,0.000000,-364.9934,-344.3968,-0.917050,0.000000,10.00000,0.000000,-0.002950,0.013831,0.513832,0.000488,0.002432,0.514020,0.255127,0.012337,-9.292667
0.012741,-0.002247,-0.451404,0.500000,0.000000,0.000000,0.000000,-364.9932,-343.1081,-0.918620,0.000000,10.00000,0.000000,-0.002729,0.010467,0.451280,0.000645,0.002247,0.451404,0.214094,0.012741,-9.356266
0.012823,-0.002034,-0.375364,0.500000,0.000000,0.000000,0.000000,-364.9930,-342.1337,-0.920040,0.000000,10.00000,0.000000,-0.002446,0.007137,0.375294,0.000535,0.002034,0.375364,0.173084,0.012823,-9.433113
0.012739,-0.001850,-0.272877,0.500000,0.000000,0.000000,0.000000,-364.9929,-341.0431,-0.921400,0.000000,10.00000,0.000000,-0.002153,0.003714,0.272849,0.000282,0.001850,0.272877,0.123688,0.012738,-9.536341
0.012468,-0.001677,-0.190907,0.500000,0.000000,0.000000,0.000000,-364.9928,-340.1645,-0.922120,0.000000,10.00000,0.000000,-0.001887,0.001796,0.190897,0.000114,0.001677,0.190907,0.086539,0.012468,-9.618706
0.011478,-0.001080,-0.083808,0.500000,0.000000,0.000000,0.000000,-364.9927,-338.7256,-0.922320,0.000000,10.00000,0.000000,-0.001168,0.000339,0.083806,-0.000035,0.001080,0.083808,0.043815,0.011478,-9.726087
0.011464,-0.001065,-0.079032,0.500000,0.000000,0.000000,0.000000,-364.9927,-338.6143,-0.922270,0.000000,10.00000,0.000000,-0.001149,0.000301,0.079031,-0.000038,0.001065,0.079032,0.042144,0.011464,-9.730871
0.010864,-0.000956,-0.079076,0.500000,0.000000,0.000000,0.000000,-364.9926,-337.0479,-0.921180,0.000000,10.00000,0.000000,-0.001036,0.000295,0.079075,-0.000064,0.000956,0.079076,0.044668,0.010864,-9.730817
0.010458,-0.000747,-0.174695,0.500000,0.000000,0.000000,0.000000,-364.9926,-335.8061,-0.920300,0.000000,10.00000,0.000000,-0.000919,0.001420,0.174688,-0.000108,0.000747,0.174695,0.085728,0.010458,-9.634924
0.010273,-0.000562,-0.304976,0.500000,0.000000,0.000000,0.000000,-364.9925,-334.8966,-0.919870,0.000000,10.00000,0.000000,-0.000864,0.004279,0.304945,-0.000115,0.000562,0.304976,0.141241,0.010273,-9.504000
0.009975,-0.000265,-0.479977,0.500000,0.000000,0.000000,0.000000,-364.9925,-333.9819,-0.919580,0.000000,10.00000,0.000000,-0.000740,0.010477,0.479862,-0.000114,0.000265,0.479977,0.216374,0.009975,-9.327628
0.009504,0.000300,-0.741704,0.500000,0.000000,0.000000,0.000000,-364.9925,-332.8311,-0.919010,0.000000,10.00000,0.000000,-0.000441,0.024658,0.741295,-0.000503,-0.000300,0.741704,0.332285,0.009504,-9.062644
0.008932,0.000965,-1.030182,0.500000,0.000000,0.000000,0.000000,-364.9925,-331.6718,-0.917999,0.000000,10.00000,0.000000,-0.000074,0.046881,1.029116,-0.001098,-0.000965,1.030182,0.455784,0.008932,-8.769169
0.008735,0.001156,-1.263738,0.500000,0.000000,0.000000,0.000000,-364.9924,-330.6213,-0.916660,0.000000,10.00000,0.000000,-0.000117,0.069636,1.261819,-0.001894,-0.001156,1.263738,0.553349,0.008735,-8.530531
0.008939,0.000654,-1.464121,0.500000,0.000000,0.000000,0.000000,-364.9924,-329.3280,-0.914760,0.000000,10.00000,0.000000,-0.000774,0.092028,1.461227,-0.002127,-0.000654,1.464121,0.628710,0.008939,-8.325570
0.009432,-0.000034,-1.512676,0.500000,0.000000,0.000000,0.000000,-364.9924,-328.4999,-0.913810,0.000000,10.00000,0.000000,-0.001477,0.097303,1.509544,-0.001316,0.000034,1.512676,0.638233,0.009432,-8.276451
0.010424,-0.001316,-1.447592,0.500000,0.000000,0.000000,0.000000,-364.9923,-327.1908,-0.914250,0.000000,10.00000,0.000000,-0.002651,0.087873,1.444923,0.002895,0.001316,1.447592,0.578803,0.010424,-8.345485
0.011393,-0.002379,-1.313303,0.500000,0.000000,0.000000,0.000000,-364.9922,-326.4730,-0.916460,0.000000,10.00000,0.000000,-0.003575,0.071814,1.311348,0.005645,0.002379,1.313303,0.499958,0.011392,-8.484232
0.013324,-0.004398,-0.687795,0.500000,0.000000,0.000000,0.000000,-364.9919,-324.9092,-0.925580,0.000000,10.00000,0.000000,-0.005020,0.019401,0.687531,0.004484,0.004398,0.687795,0.217247,0.013323,-9.119893
0.016691,-0.005801,-0.092115,0.500000,0.000000,0.000000,0.000000,-364.9918,-323.8196,-0.932420,0.000000,10.00000,0.000000,-0.005904,0.000345,0.092110,0.000563,0.005801,0.092115,-0.022882,0.016690,-9.717851
0.023869,-0.012096,0.303552,0.500000,0.000000,0.000000,0.000000,-364.9915,-323.0901,-0.936900,0.000000,10.00000,0.000000,-0.011730,0.003721,-0.303549,-0.001883,0.012096,-0.303552,-0.182769,0.023866,-10.11188
0.035666,-0.021154,0.979150,0.500000,0.000000,0.000000,0.000000,-364.9908,-321.7467,-0.945440,0.000000,10.00000,0.000000,-0.019650,0.038242,-0.978455,-0.006378,0.021154,-0.979150,-0.453069,0.035658,-10.77896
0.048972,-0.034460,1.362081,0.500000,0.000000,0.000000,0.000000,-364.9898,-320.8880,-0.951040,0.000000,10.00000,0.000000,-0.032282,0.073510,-1.360177,-0.008895,0.034460,-1.362081,-0.601744,0.048952,-11.15414
0.067668,-0.055391,1.837174,0.500000,0.000000,0.000000,0.000000,-364.9879,-319.6561,-0.958820,0.000000,10.00000,0.000000,-0.052610,0.132512,-1.832505,-0.011149,0.055391,-1.837174,-0.777021,0.067616,-11.61723
0.084229,-0.076604,2.121761,0.500000,0.000000,0.000000,0.000000,-364.9857,-318.7904,-0.963190,0.000000,10.00000,0.000000,-0.074103,0.175662,-2.114585,-0.008851,0.076604,-2.121761,-0.860072,0.084130,-11.89476
0.107579,-0.111377,2.359819,0.500000,0.000000,0.000000,0.000000,-364.9813,-317.5488,-0.966070,0.000000,10.00000,0.000000,-0.110799,0.215461,-2.349990,-0.000938,0.111377,-2.359819,-0.897203,0.107371,-12.12879
0.129985,-0.150927,2.323786,0.500000,0.000000,0.000000,0.000000,-364.9755,-316.4262,-0.964270,0.000000,10.00000,0.000000,-0.154006,0.207529,-2.314311,0.007748,0.150927,-2.323786,-0.829593,0.129619,-12.09796
0.157798,-0.213354,1.777481,0.500000,0.000000,0.000000,0.000000,-364.9648,-314.9218,-0.955430,0.000000,10.00000,0.000000,-0.221969,0.121193,-1.772337,0.013318,0.213354,-1.777481,-0.566310,0.157144,-11.57018
0.187521,-0.277236,0.956958,0.500000,0.000000,0.000000,0.000000,-364.9540,-313.7874,-0.944650,0.000000,10.00000,0.000000,-0.285520,0.037180,-0.953836,0.008873,0.277236,-0.956958,-0.234487,0.186424,-10.76352
0.232281,-0.354866,-0.068252,0.500000,0.000000,0.000000,0.000000,-364.9422,-312.7744,-0.932580,0.000000,10.00000,0.000000,-0.353942,0.004847,0.072794,-0.002963,0.354866,0.068252,0.144082,0.230198,-9.739852
0.377001,-0.515539,-1.555476,0.500000,0.000000,0.000000,0.000000,-364.9243,-311.6294,-0.919660,0.000000,10.00000,0.000000,-0.489997,0.098734,1.560673,-0.016175,0.515539,1.555476,0.636785,0.368134,-8.231659
0.584768,-0.721308,-3.646269,0.500000,0.000000,0.000000,0.000000,-364.8948,-310.2231,-0.913410,0.000000,10.00000,0.000000,-0.645655,0.502659,3.625750,0.005943,0.721308,3.646269,1.295453,0.552006,-6.077136
0.765061,-0.847797,-6.448065,0.500000,0.000000,0.000000,0.000000,-364.8486,-308.4239,-0.934200,0.000000,10.00000,0.000000,-0.705231,1.522804,6.284868,0.139813,0.847797,6.448065,2.216840,0.692581,-3.138278
0.814827,-0.867247,-7.395858,0.500000,0.000000,0.000000,0.000000,-364.8309,-307.7792,-0.950060,0.000000,10.00000,0.000000,-0.709113,1.990275,7.143506,0.207047,0.867247,7.395858,2.552152,0.727607,-2.128694
0.829813,-0.844462,-9.141424,0.500000,0.000000,0.000000,0.000000,-364.7925,-306.3590,-1.003480,0.000000,10.00000,0.000000,-0.663658,3.020579,8.655284,0.446684,0.844462,9.141424,3.206157,0.737805,-0.271865
-0.820863,-0.819553,-9.688772,0.500000,0.000000,0.000000,0.000000,-364.7614,-305.1965,-1.067700,0.000000,10.00000,0.000000,-0.641212,3.382901,9.112579,0.591862,0.819553,9.688772,3.423176,0.731734,0.296645
-0.824109,-0.814025,-9.896145,0.500000,0.000000,0.000000,0.000000,-364.7235,-303.7735,-1.160810,0.000000,10.00000,0.000000,-0.639252,3.514148,9.290618,0.690748,0.814025,9.896145,3.498853,0.733942,0.496983
-0.818202,-0.814323,-9.943377,0.500000,0.000000,0.000000,0.000000,-364.7030,-302.9962,-1.216820,0.000000,10.00000,0.000000,-0.634234,3.540562,9.335109,0.740405,0.814323,9.943377,3.513620,0.729918,0.533900
-0.797465,-0.825391,-9.813311,0.500000,0.000000,0.000000,0.000000,-364.6657,-301.5695,-1.329360,0.000000,10.00000,0.000000,-0.622519,3.439666,9.242697,0.814831,0.825391,9.813311,3.449048,0.715588,0.364238
0.761503,-0.841255,-9.331439,0.500000,0.000000,0.000000,0.000000,-364.6322,-300.2706,-1.441390,0.000000,10.00000,0.000000,-0.610526,3.104819,8.857705,0.829527,0.841255,9.331439,3.226608,0.690010,-0.179988
0.724197,-0.821500,-8.282020,0.500000,0.000000,0.000000,0.000000,-364.5959,-298.8394,-1.571130,0.000000,10.00000,0.000000,-0.615695,2.438774,7.969026,0.751895,0.821500,8.282020,2.743798,0.662534,-1.322310
0.716717,-0.801675,-7.593454,0.500000,0.000000,0.000000,0.000000,-364.5795,-298.1875,-1.630070,0.000000,10.00000,0.000000,-0.628096,2.046355,7.360496,0.675088,0.801675,7.593454,2.433299,0.656913,-2.056615
0.737960,-0.757725,-5.616767,0.500000,0.000000,0.000000,0.000000,-364.5435,-296.7490,-1.751840,0.000000,10.00000,0.000000,-0.673576,1.116498,5.532698,0.434502,0.757725,5.616767,1.591249,0.672780,-4.124424
0.808258,-0.739045,-3.578278,0.500000,0.000000,0.000000,0.000000,-364.5139,-295.5661,-1.835510,0.000000,10.00000,0.000000,-0.718008,0.459244,3.559548,0.215786,0.739045,3.578278,0.816469,0.723085,-6.213302
0.972394,-0.757090,-0.398369,0.500000,0.000000,0.000000,0.000000,-364.4737,-293.9787,-1.911890,0.000000,10.00000,0.000000,-0.759483,0.024779,0.393030,0.004215,0.757090,0.398369,-0.186184,0.826237,-9.409539
1.085895,-0.793302,2.305706,0.500000,0.000000,0.000000,0.000000,-364.4429,-292.7802,-1.934090,0.000000,10.00000,0.000000,-0.764413,0.199198,-2.306942,-0.019400,0.793302,-2.305706,-0.817053,0.884720,-12.08280
1.138154,-0.830576,5.183761,0.500000,0.000000,0.000000,0.000000,-364.4116,-291.5749,-1.918790,0.000000,10.00000,0.000000,-0.751108,0.913413,-5.116870,0.140034,0.830576,-5.183761,-1.262486,0.907861,-14.89268
1.106095,-0.864265,8.829899,0.500000,0.000000,0.000000,0.000000,-364.3726,-290.0938,-1.841680,0.000000,10.00000,0.000000,-0.717623,2.580464,-8.482874,0.647206,0.864265,-8.829899,-1.476869,0.893955,-18.40714
1.015962,-0.881152,12.16346,0.500000,0.000000,0.000000,0.000000,-364.3362,-288.7414,-1.709610,0.000000,10.00000,0.000000,-0.677754,4.842452,-11.26539,1.446225,0.881152,-12.16346,-1.307882,0.849987,-21.57887
0.883948,-0.884071,15.74078,0.500000,0.000000,0.000000,0.000000,-364.2950,-287.2501,-1.490320,0.000000,10.00000,0.000000,-0.629718,8.064764,-13.80170,2.714805,0.884071,-15.74078,-0.698367,0.773248,-24.93720
0.744928,-0.882779,18.32923,0.500000,0.000000,0.000000,0.000000,-364.2562,-285.8941,-1.220740,0.000000,10.00000,0.000000,-0.645598,10.98284,-15.18967,3.876284,0.882779,-18.32923,-0.077393,0.677919,-27.30490
0.336860,-0.861785,15.60644,0.500000,0.000000,0.000000,0.000000,-364.1977,-284.5566,-0.988000,0.000000,10.00000,0.000000,-1.192100,8.342315,-13.28743,1.807552,0.861785,-15.60644,-2.360882,0.330525,-24.47087
-0.350309,-0.188969,1.639759,0.500000,0.000000,0.000000,0.000000,-364.1158,-283.0682,-0.146090,0.000000,10.00000,0.000000,-0.251322,0.525683,-1.603657,0.432089,0.188969,-1.639759,-0.054189,-0.343188,-11.42324
-1.570796,-0.270783,8.473982,0.500000,0.000000,0.000000,0.000000,-364.1039,-282.6072,-0.927330,0.000000,10.00000,0.000000,-1.205294,2.620846,-7.982285,-0.395896,0.270783,-8.473982,-3.762304,-1.012455,-17.59849
-1.570796,-0.150636,3.714263,0.500000,0.000000,0.000000,0.000000,-364.0232,-281.2115,-1.033990,0.000000,10.00000,0.000000,-0.906380,0.517105,-3.583947,-0.339344,0.150636,-3.714263,-2.377907,-1.943743,-13.07877
-1.570796,-0.554367,1.641755,0.500000,0.000000,0.000000,0.000000,-363.9768,-280.3287,-1.106840,0.000000,10.00000,0.000000,-0.959297,0.113047,-1.446842,-0.153944,0.554367,-1.641755,-1.223947,-2.005656,-11.05119
1.570796,-0.016993,-0.267206,0.500000,0.000000,0.000000,0.000000,-364.1182,-282.1003,-0.110180,0.000000,10.00000,0.000000,-0.000525,0.273712,-0.000401,-0.056840,0.016993,0.267206,9.396163,-1.521730,2.390681
-1.031432,-2.520901,-3.919451,0.500000,0.000000,0.000000,0.000000,-363.8466,-277.8100,-1.242190,0.000000,10.00000,0.000000,-0.911699,0.817779,4.496348,0.007748,2.520901,3.919451,1.526288,-0.858035,-5.164211
1.570796,-0.025627,-0.050559,0.500000,0.000000,0.000000,0.000000,-364.1285,-281.9301,-0.109110,0.000000,10.00000,0.000000,-0.031617,0.021391,-0.042560,0.007469,0.025627,0.050559,5.138292,-1.423489,8.285292
-0.654516,-3.847681,-8.720373,0.500000,0.000000,0.000000,0.000000,-363.7373,-275.1933,-1.373830,0.000000,10.00000,0.000000,-0.239490,3.589784,8.834427,0.376094,3.847681,8.720373,3.676997,0.608776,0.068804
-0.636716,-3.658704,-9.175978,0.500000,0.000000,0.000000,0.000000,-363.7171,-274.5810,-1.414640,0.000000,10.00000,0.000000,-0.092918,3.899287,9.087306,0.455547,3.658704,9.175978,3.888394,0.594558,0.512105
0.263916,0.002346,0.001157,0.500000,0.000000,0.000000,0.000000,-364.1219,-281.7423,-0.019090,0.000000,10.00000,0.000000,0.001272,0.006004,-0.005780,-0.008014,-0.002346,-0.001157,-7.856808,-0.260863,5.878104
-0.220449,-2.347353,-9.384181,0.500000,0.000000,0.000000,0.000000,-363.6632,-272.1624,-1.582630,0.000000,10.00000,0.000000,0.054528,3.878331,8.879159,0.557626,2.347353,9.384181,3.959300,0.218668,0.432454
-0.636990,0.000596,0.003070,0.500000,0.000000,0.000000,0.000000,-364.1201,-281.7711,-0.086790,0.000000,10.00000,0.000000,0.000126,0.002820,-0.001371,-0.000266,-0.000596,-0.003070,-9.156096,-0.594778,-3.474933
-0.101424,-1.293818,-8.705208,0.500000,0.000000,0.000000,0.000000,-363.6385,-269.8929,-1.721230,0.000000,10.00000,0.000000,0.057519,3.276491,8.182649,0.489732,1.293818,8.705208,3.625126,-0.101251,-0.484960
-0.236675,-0.887801,-8.170935,0.500000,0.000000,0.000000,0.000000,-363.6331,-268.7068,-1.786120,0.000000,10.00000,0.000000,0.069094,2.885368,7.708294,0.442229,0.887801,8.170935,3.381742,-0.234472,-1.120775
0.306234,0.000221,-0.000666,0.500000,0.000000,0.000000,0.000000,-364.1170,-281.8037,-0.020640,0.000000,10.00000,0.000000,0.000112,0.000853,0.000593,0.000774,-0.000221,0.000666,0.970964,0.301470,-9.756577
-0.493158,-0.343417,-6.576969,0.500000,0.000000,0.000000,0.000000,-363.6353,-266.1153,-1.907830,0.000000,10.00000,0.000000,0.120306,1.885412,6.315491,0.283214,0.343417,6.576969,2.669924,-0.473410,-2.903142
-0.591105,-0.228461,-5.891647,0.500000,0.000000,0.000000,0.000000,-363.6400,-265.1780,-1.942640,0.000000,10.00000,0.000000,0.150385,1.518606,5.699176,0.213748,0.228461,5.891647,2.371905,-0.557279,-3.645705
-0.688512,-0.146566,-5.280623,0.500000,0.000000,0.000000,0.000000,-363.6458,-264.3598,-1.967720,0.000000,10.00000,0.000000,0.182606,1.223993,5.138057,0.157059,0.146566,5.280623,2.111101,-0.635389,-4.300941
-1.001277,-0.000763,-3.879876,0.500000,0.000000,0.000000,0.000000,-363.6632,-262.6119,-2.003420,0.000000,10.00000,0.000000,0.265984,0.665418,3.813452,0.050040,0.000763,3.879876,1.530285,-0.842160,-5.781100
-0.003177,0.000063,0.000023,0.500000,0.000000,0.000000,0.000000,-364.1174,-281.8036,0.000080,0.000000,10.00000,0.000000,0.000016,0.000403,0.000235,-0.000463,-0.000063,-0.000023,4.544550,0.003177,8.693591
-1.570796,0.113879,-2.642069,0.500000,0.000000,0.000000,0.000000,-363.6823,-261.2180,-2.010760,0.000000,10.00000,0.000000,0.330914,0.310587,2.605364,-0.019713,-0.113879,2.642069,1.052433,-1.050987,-7.064034
-1.570796,0.310709,-0.848683,0.500000,0.000000,0.000000,0.000000,-363.7152,-259.3640,-1.983940,0.000000,10.00000,0.000000,0.398608,0.036601,0.812644,-0.061776,-0.310709,0.848683,0.431849,-1.359097,-8.892637
-1.570796,0.385427,-0.234247,0.500000,0.000000,0.000000,0.000000,-363.7272,-258.7856,-1.965820,0.000000,10.00000,0.000000,0.411875,0.009228,0.192387,-0.057564,-0.385427,0.234247,0.241692,-1.457075,-9.512451
-1.570796,0.552218,1.084191,0.500000,0.000000,0.000000,0.000000,-363.7537,-257.6299,-1.913670,0.000000,10.00000,0.000000,0.422382,0.066114,-1.139210,-0.012708,-0.552218,-1.084191,-0.121204,-1.649063,-10.83208
-0.000072,-0.000000,0.000001,0.500000,0.000000,0.000000,0.000000,-364.1174,-281.8030,0.000290,0.000000,10.00000,0.000000,-0.000000,0.000001,0.000000,0.000001,0.000000,-0.000001,-9.754620,-0.000072,-1.040904
-1.570796,0.874143,3.470643,0.500000,0.000000,0.000000,0.000000,-363.8055,-255.6675,-1.768340,0.000000,10.00000,0.000000,0.372393,0.572054,-3.519692,0.211339,-0.874143,-3.470643,-0.599023,-2.022179,-13.17947
-1.570796,1.100713,5.038383,0.500000,0.000000,0.000000,0.000000,-363.8432,-254.3991,-1.631420,0.000000,10.00000,0.000000,0.309073,1.188261,-5.030933,0.470017,-1.100713,-5.038383,-0.781166,-2.243664,-14.70090
-0.000878,0.000000,-0.000001,0.500000,0.000000,0.000000,0.000000,-364.1174,-281.8028,0.000190,0.000000,10.00000,0.000000,0.000000,0.000002,0.000002,0.000002,-0.000000,0.000001,-1.066781,-0.000878,-9.751822
-1.570796,1.441544,7.562930,0.500000,0.000000,0.000000,0.000000,-363.9072,-252.4409,-1.347750,0.000000,10.00000,0.000000,0.187731,2.651383,-7.308418,1.096398,-1.441544,-7.562930,-0.832257,-2.470391,-17.12629
-0.000213,0.000000,-0.000001,0.500000,0.000000,0.000000,0.000000,-364.1175,-281.8026,0.000020,0.000000,10.00000,0.000000,0.000000,0.000001,-0.000000,0.000001,-0.000000,0.000001,8.231163,-0.000213,-5.337045
-1.570796,2.207170,7.297769,0.500000,0.000000,0.000000,0.000000,-364.0129,-250.1525,-0.950669,0.000000,10.00000,0.000000,1.211821,2.703883,-7.054292,0.643048,-2.207170,-7.297769,-1.771435,-2.912981,-16.77976
0.000663,0.000000,-0.000000,0.500000,0.000000,0.000000,0.000000,-364.1176,-281.8021,0.000020,0.000000,10.00000,0.000000,0.000000,0.000000,-0.000000,0.000000,-0.000000,0.000000,8.921707,-0.000663,4.079123
-1.570796,3.073945,0.933294,0.500000,0.000000,0.000000,0.000000,-364.2798,-247.9428,-0.904930,0.000000,10.00000,0.000000,3.082433,0.513010,-0.798558,-0.286512,-3.073945,-0.933294,-1.206904,-2.575180,-10.68728
-1.570796,3.425995,-1.260994,0.500000,0.000000,0.000000,0.000000,-364.4600,-246.8616,-0.978490,0.000000,10.00000,0.000000,3.193568,0.665703,1.657433,-0.248137,-3.425995,1.260994,0.031507,-2.285105,-8.478424
-1.570796,3.816220,-2.943684,0.500000,0.000000,0.000000,0.000000,-364.6471,-245.7850,-1.048190,0.000000,10.00000,0.000000,3.097247,1.167061,3.515444,-0.290695,-3.816220,2.943684,1.104931,-2.281669,-6.644510
-1.570796,4.206076,-4.534879,0.500000,0.000000,0.000000,0.000000,-364.8531,-244.6055,-1.117670,0.000000,10.00000,0.000000,2.839448,1.942632,5.155937,-0.404674,-4.206076,4.534879,2.075548,-2.482395,-4.798584
-1.570796,4.506760,-5.762022,0.500000,0.000000,0.000000,0.000000,-365.0398,-243.5442,-1.182530,0.000000,10.00000,0.000000,2.594121,2.802855,6.248295,-0.338920,-4.506760,5.762022,2.815336,-2.822636,-3.373102
-1.570796,4.506234,-5.997783,0.500000,0.000000,0.000000,0.000000,-365.1548,-242.9172,-1.228900,0.000000,10.00000,0.000000,2.554117,2.992008,6.393357,-0.266624,-4.506234,5.997783,2.986936,-2.915142,-3.119172
-0.001553,0.000001,0.000002,0.500000,0.000000,0.000000,0.000000,-364.1176,-281.8017,0.000010,0.000000,10.00000,0.000000,0.000000,0.000002,-0.000001,0.000000,-0.000001,-0.000002,-8.092628,-0.001553,-5.544862
-1.570796,4.130280,-5.573492,0.500000,0.000000,0.000000,0.000000,-365.5183,-240.9551,-1.366740,0.000000,10.00000,0.000000,2.618751,2.626707,5.864967,-0.179576,-4.130280,5.573492,2.857671,-2.788734,-3.657515
-1.570796,3.946402,-5.142445,0.500000,0.000000,0.000000,0.000000,-365.7045,-239.9289,-1.422860,0.000000,10.00000,0.000000,2.657365,2.315484,5.442668,-0.163931,-3.946402,5.142445,2.689353,-2.648471,-4.153268
-0.001012,0.000001,-0.000002,0.500000,0.000000,0.000000,0.000000,-364.1176,-281.8015,0.000140,0.000000,10.00000,0.000000,0.000000,0.000005,-0.000000,0.000005,-0.000001,0.000002,5.009982,-0.001012,-8.434226
-1.570796,3.584254,-3.620468,0.500000,0.000000,0.000000,0.000000,-366.1357,-237.4799,-1.508450,0.000000,10.00000,0.000000,2.753276,1.457974,4.033517,-0.144235,-3.584254,3.620468,2.082193,-2.179953,-5.829772
-1.570796,3.503748,-3.147995,0.500000,0.000000,0.000000,0.000000,-366.2402,-236.8701,-1.517450,0.000000,10.00000,0.000000,2.779578,1.250308,3.593889,-0.138698,-3.503748,3.147995,1.898233,-2.043433,-6.336439
0.000816,0.000002,0.000001,0.500000,0.000000,0.000000,0.000000,-364.1176,-281.8013,0.000100,0.000000,10.00000,0.000000,0.000002,0.000003,0.000008,-0.000008,-0.000002,-0.000001,8.740554,-0.000816,4.454060
-1.570796,3.223451,-1.456439,0.500000,0.000000,0.000000,0.000000,-366.5796,-234.8415,-1.506240,0.000000,10.00000,0.000000,2.838575,0.710209,1.989134,-0.081903,-3.223451,1.456439,1.277882,-1.526581,-8.109528
-1.570796,3.045306,-0.417713,0.500000,0.000000,0.000000,0.000000,-366.7599,-233.7278,-1.472060,0.000000,10.00000,0.000000,2.861409,0.536992,0.986253,-0.018639,-3.045306,0.417713,0.926068,-1.188939,-9.168608
-1.570796,2.957987,0.076596,0.500000,0.000000,0.000000,0.000000,-366.8403,-233.2218,-1.449070,0.000000,10.00000,0.000000,2.873246,0.497616,0.502816,0.020778,-2.957987,-0.076596,0.771098,-1.036804,-9.667330
0.000517,0.000000,0.000000,0.500000,0.000000,0.000000,0.000000,-364.1177,-281.8012,0.000090,0.000000,10.00000,0.000000,0.000000,0.000002,-0.000001,-0.000003,-0.000000,-0.000000,-6.743946,-0.000517,7.124277
-0.297909,2.520948,2.290414,0.500000,0.000000,0.000000,0.000000,-367.1682,-231.0971,-1.297070,0.000000,10.00000,0.000000,2.916399,0.661459,-1.654755,0.282754,-2.520948,-2.290414,0.168961,-0.293522,-11.84351
0.078670,2.277919,3.429547,0.500000,0.000000,0.000000,0.000000,-367.3190,-230.0851,-1.189730,0.000000,10.00000,0.000000,2.947194,0.968338,-2.749642,0.483173,-2.277919,-3.429547,-0.061785,0.078589,-12.93670
-0.000940,0.000000,0.000000,0.500000,0.000000,0.000000,0.000000,-364.1177,-281.8011,0.000050,0.000000,10.00000,0.000000,0.000000,0.000000,-0.000000,0.000000,-0.000000,-0.000000,-7.545675,-0.000940,-6.268884
1.570796,1.228429,3.876277,0.500000,0.000000,0.000000,0.000000,-367.5913,-228.0637,-0.944329,0.000000,10.00000,0.000000,2.041956,0.968635,-3.395729,0.322888,-1.228429,-3.876277,-0.998414,1.092571,-13.31573
0.001167,0.000001,-0.000000,0.500000,0.000000,0.000000,0.000000,-364.1177,-281.8010,0.000040,0.000000,10.00000,0.000000,0.000001,0.000000,0.000000,0.000000,-0.000001,0.000000,1.237366,0.001167,-9.731650
0.640910,1.186851,1.479830,0.500000,0.000000,0.000000,0.000000,-367.7953,-226.1764,-0.939410,0.000000,10.00000,0.000000,1.427280,0.219583,-1.230547,-0.032836,-1.186851,-1.479830,-1.317192,0.597925,-11.04022
0.000249,0.000000,-0.000001,0.500000,0.000000,0.000000,0.000000,-364.1177,-281.8010,0.000250,0.000000,10.00000,0.000000,-0.000000,0.000001,-0.000001,0.000001,-0.000000,0.000001,7.557824,0.000249,-6.254231
-0.270945,1.421391,0.492384,0.500000,0.000000,0.000000,0.000000,-367.9890,-224.2187,-1.039810,0.000000,10.00000,0.000000,1.464487,0.140634,-0.318108,0.053859,-1.421391,-0.492384,-0.482969,-0.267642,-10.21950
-0.002500,0.000001,0.000000,0.500000,0.000000,0.000000,0.000000,-364.1178,-281.8009,0.000180,0.000000,10.00000,0.000000,0.000001,0.000000,0.000001,-0.000001,-0.000001,-0.000000,9.473884,0.002500,2.545901
-0.002460,0.000001,-0.000002,0.500000,0.000000,0.000000,0.000000,-364.1178,-281.8008,0.000140,0.000000,10.00000,0.000000,0.000000,0.000009,0.000006,-0.000010,-0.000001,0.000002,7.079900,0.002460,6.790507
-0.000302,0.000002,-0.000002,0.500000,0.000000,0.000000,0.000000,-364.1178,-281.8008,0.000330,0.000000,10.00000,0.000000,0.000001,0.000007,-0.000000,-0.000007,-0.000002,0.000002,2.938850,0.000302,9.359448
-1.144417,1.502867,-0.611057,0.500000,0.000000,0.000000,0.000000,-368.3073,-220.8051,-0.979720,0.000000,10.00000,0.000000,1.458804,0.164455,0.692985,0.058160,-1.502867,0.611057,0.940357,-0.910469,-9.141219
-1.277475,1.363479,-1.157067,0.500000,0.000000,0.000000,0.000000,-368.3902,-219.8322,-0.929890,0.000000,10.00000,0.000000,1.309165,0.200645,1.201647,0.015676,-1.363479,1.157067,1.232311,-0.957288,-8.568718
-1.261034,1.060239,-1.845868,0.500000,0.000000,0.000000,0.000000,-368.4626,-218.8619,-0.886690,0.000000,10.00000,0.000000,1.033005,0.287532,1.838994,-0.018347,-1.060239,1.845868,1.463741,-0.952406,-7.850930
0.000337,-0.000000,0.000001,0.500000,0.000000,0.000000,0.000000,-364.1178,-281.8005,0.000250,0.000000,10.00000,0.000000,-0.000000,0.000001,-0.000001,-0.000001,0.000000,-0.000001,-9.741765,-0.000337,1.155054
-0.000647,0.000007,0.000012,0.500000,0.000000,0.000000,0.000000,-364.1179,-281.8004,0.000370,0.000000,10.00000,0.000000,0.000006,0.000015,0.000001,0.000007,-0.000007,-0.000012,-8.681458,-0.000647,-4.568190
-0.968449,0.370291,-3.153054,0.500000,0.000000,0.000000,0.000000,-368.5676,-216.6491,-0.876709,0.000000,10.00000,0.000000,0.503937,0.658815,3.065240,0.069419,-0.370291,3.153054,1.884059,-0.824008,-6.476968
-0.677950,0.127395,-3.367914,0.500000,0.000000,0.000000,0.000000,-368.6010,-215.3154,-0.914040,0.000000,10.00000,0.000000,0.286496,0.753106,3.274333,0.106921,-0.127395,3.367914,1.983320,-0.627198,-6.247982
-0.582073,0.088785,-3.342919,0.500000,0.000000,0.000000,0.000000,-368.6088,-214.8411,-0.929130,0.000000,10.00000,0.000000,0.233667,0.744671,3.253428,0.104592,-0.088785,3.342919,1.978777,-0.549757,-6.275346
-0.412186,0.073430,-3.107607,0.500000,0.000000,0.000000,0.000000,-368.6219,-213.8010,-0.958169,0.000000,10.00000,0.000000,0.166290,0.648651,3.036293,0.069718,-0.073430,3.107607,1.893033,-0.400613,-6.525906
-0.288046,0.125574,-2.519157,0.500000,0.000000,0.000000,0.000000,-368.6363,-212.4821,-0.973210,0.000000,10.00000,0.000000,0.158732,0.429961,2.480298,-0.003713,-0.125574,2.519157,1.674429,-0.284079,-7.144941
0.001713,0.000001,-0.000001,0.500000,0.000000,0.000000,0.000000,-364.1180,-281.7994,0.000100,0.000000,10.00000,0.000000,0.000000,0.000001,-0.000001,0.000001,-0.000001,0.000001,9.198838,-0.001713,3.408450
-0.177527,0.169319,-1.723358,0.500000,0.000000,0.000000,0.000000,-368.6534,-210.9793,-0.949100,0.000000,10.00000,0.000000,0.166709,0.203784,1.712379,-0.054120,-0.169319,1.723358,1.392174,-0.176596,-7.979440
-0.140358,0.233508,-1.271969,0.500000,0.000000,0.000000,0.000000,-368.6698,-209.6689,-0.906520,0.000000,10.00000,0.000000,0.219009,0.114735,1.270025,-0.040779,-0.233508,1.271969,1.120253,-0.139898,-8.468634
-0.140995,0.277100,-1.055514,0.500000,0.000000,0.000000,0.000000,-368.6850,-208.7375,-0.882020,0.000000,10.00000,0.000000,0.260665,0.082512,1.056650,-0.019221,-0.277100,1.055514,0.872061,-0.140528,-8.712958
-0.000610,-0.000000,-0.000000,0.500000,0.000000,0.000000,0.000000,-364.1180,-281.7994,0.000130,0.000000,10.00000,0.000000,-0.000000,0.000000,-0.000000,-0.000000,0.000000,0.000000,-5.052507,0.000610,8.408821
0.001004,0.000002,0.000001,0.500000,0.000000,0.000000,0.000000,-364.1180,-281.7993,0.000010,0.000000,10.00000,0.000000,0.000001,0.000008,-0.000010,-0.000012,-0.000002,-0.000001,-8.475306,-0.001004,4.940191
-0.238490,0.335862,-0.702041,0.500000,0.000000,0.000000,0.000000,-368.7446,-205.9762,-0.910390,0.000000,10.00000,0.000000,0.327922,0.043396,0.704647,0.016711,-0.335862,0.702041,0.298122,-0.236235,-9.103415
-0.263820,0.339523,-0.552348,0.500000,0.000000,0.000000,0.000000,-368.7556,-205.5199,-0.919450,0.000000,10.00000,0.000000,0.334537,0.030225,0.554667,0.010979,-0.339523,0.552348,0.232274,-0.260770,-9.254839
-0.307165,0.324232,-0.103080,0.500000,0.000000,0.000000,0.000000,-368.7884,-204.1555,-0.929000,0.000000,10.00000,0.000000,0.323896,0.008395,0.103794,0.000328,-0.324232,0.103080,0.106568,-0.302357,-9.706319
-0.324262,0.326653,-0.011781,0.500000,0.000000,0.000000,0.000000,-368.7991,-203.7019,-0.926210,0.000000,10.00000,0.000000,0.326551,0.007772,0.012043,0.000551,-0.326653,0.011781,0.095216,-0.318609,-9.797758
0.000000,-0.000000,-0.000000,0.500000,0.000000,0.000000,0.000000,-365.0000,-399.9481,-0.873769,0.000000,10.00000,0.000000,0.000000,0.000000,0.000000,0.000000,0.000000,0.000000,0.997324,0.000000,-9.759171
0.000000,-0.000000,-0.000000,0.500000,0.000000,0.000000,0.000000,-365.0000,-399.9481,-0.873769,0.000000,10.00000,0.000000,0.000000,0.000000,0.000000,0.000000,0.000000,0.000000,0.997324,0.000000,-9.759171
0.000000,-0.000000,-0.000000,0.500000,0.000000,0.000000,0.000000,-365.0000,-399.9481,-0.873769,0.000000,10.00000,0.000000,0.000000,0.000000,0.000000,0.000000,0.000000,0.000000,0.997324,0.000000,-9.759171
0.000890,-0.000012,-0.000037,0.500000,0.000000,0.000000,0.000000,-365.0000,-399.9465,-0.873820,0.000000,10.00000,0.000000,-0.000012,0.000006,0.000037,0.000002,0.000012,0.000037,0.992251,0.000890,-9.759653
0.003474,-0.000058,-0.000294,0.500000,0.000000,0.000000,0.000000,-364.9998,-399.9399,-0.874340,0.000000,10.00000,0.000000,-0.000058,0.000059,0.000290,0.000030,0.000058,0.000294,0.970806,0.003474,-9.761554
0.008438,-0.000137,-0.000971,0.500000,0.000000,0.000000,0.000000,-364.9993,-399.9254,-0.875830,0.000000,10.00000,0.000000,-0.000138,0.000194,0.000957,0.000102,0.000137,0.000971,0.936217,0.008438,-9.764257
0.013770,-0.000191,-0.001837,0.500000,0.000000,0.000000,0.000000,-364.9988,-399.9042,-0.877769,0.000000,10.00000,0.000000,-0.000194,0.000319,0.001815,0.000150,0.000191,0.001837,0.902375,0.013769,-9.766576
0.016826,-0.000216,-0.002368,0.500000,0.000000,0.000000,0.000000,-364.9986,-399.8874,-0.878960,0.000000,10.00000,0.000000,-0.000219,0.000361,0.002345,0.000148,0.000216,0.002368,0.882931,0.016825,-9.767817
0.022440,-0.000155,-0.003529,0.500000,0.000000,0.000000,0.000000,-364.9980,-399.8309,-0.881059,0.000000,10.00000,0.000000,-0.000162,0.000367,0.003510,0.000064,0.000155,0.003529,0.843271,0.022439,-9.770138
0.023255,-0.000087,-0.003995,0.500000,0.000000,0.000000,0.000000,-364.9979,-399.8020,-0.881400,0.000000,10.00000,0.000000,-0.000096,0.000364,0.003978,0.000025,0.000087,0.003995,0.832480,0.023253,-9.770592
0.022540,0.000140,-0.005045,0.500000,0.000000,0.000000,0.000000,-364.9979,-399.7455,-0.881380,0.000000,10.00000,0.000000,0.000128,0.000399,0.005030,-0.000023,-0.000140,0.005045,0.822460,0.022538,-9.770388
0.019553,0.000389,-0.006980,0.500000,0.000000,0.000000,0.000000,-364.9982,-399.6710,-0.880890,0.000000,10.00000,0.000000,0.000375,0.000537,0.006961,-0.000048,-0.000389,0.006980,0.823218