-0.031219,293.5598,-18.95362,284.1711,0.000052,0.000288,0.001985,-0.000001,-0.000056,0.002006,56.83421,0.000011,-0.003758,1.941825
-0.030639,293.5938,-18.97140,284.2061,0.000078,0.000682,0.003648,0.000061,-0.000084,0.003711,56.84121,0.000016,-0.002821,1.935029
-0.029724,293.5742,-18.98376,284.1873,0.000112,0.001379,0.005975,0.000180,-0.000122,0.006129,56.83747,0.000024,-0.001967,1.925130
-0.029144,293.6886,-18.99806,284.3024,0.000132,0.001851,0.007367,0.000237,-0.000143,0.007592,56.86049,0.000028,-0.001658,1.918358
-0.028167,293.7360,-19.01048,284.3505,0.000182,0.002555,0.009291,0.000275,-0.000200,0.009632,56.87010,0.000040,-0.001469,1.907817
-0.027069,293.8592,-19.02386,284.4744,0.000217,0.003411,0.011200,0.000511,-0.000240,0.011697,56.89487,0.000048,-0.001492,1.902453
-0.026397,293.9448,-19.03433,284.5605,0.000358,0.003798,0.012336,0.000541,-0.000377,0.012896,56.91209,0.000075,-0.000587,1.900320
-0.025451,294.0858,-19.04843,284.7021,0.000179,0.003722,0.012563,0.000411,-0.000201,0.013096,56.94042,0.000040,-0.001027,1.900405
-0.024047,293.9839,-19.06390,284.6014,0.000285,0.002883,0.011697,-0.000123,-0.000301,0.012047,56.92028,0.000060,-0.000744,1.902499
-0.023193,294.1077,-19.08708,284.7264,0.000228,0.002607,0.011345,-0.000288,-0.000245,0.011636,56.94528,0.000049,-0.001189,1.903056
-0.022613,294.1896,-19.11357,284.8098,0.000281,0.002523,0.011457,-0.000388,-0.000297,0.011724,56.96197,0.000059,-0.001048,1.903443
-0.020690,293.9532,-19.15068,284.5764,0.000234,0.003024,0.013490,-0.000367,-0.000258,0.013820,56.91527,0.000051,-0.001782,1.905188
-0.019683,293.9711,-19.17687,284.5959,0.000354,0.003496,0.015055,-0.000264,-0.000385,0.015453,56.91918,0.000077,-0.002208,1.906413
-0.018737,293.9797,-19.20038,284.6061,0.000335,0.004047,0.016797,-0.000124,-0.000372,0.017277,56.92122,0.000074,-0.002378,1.907556
-0.017486,293.9355,-19.22113,284.5633,0.000392,0.004721,0.018872,0.000046,-0.000436,0.019453,56.91265,0.000087,-0.002601,1.908402
-0.015808,293.7883,-19.23773,284.4175,0.000428,0.005692,0.021722,0.000279,-0.000479,0.022453,56.88350,0.000095,-0.002609,1.908482
-0.014526,293.7642,-19.25282,284.3944,0.000464,0.006389,0.023736,0.000426,-0.000521,0.024576,56.87889,0.000104,-0.002616,1.908076
-0.012542,293.5851,-19.26381,284.2165,0.000529,0.007209,0.026273,0.000521,-0.000588,0.027238,56.84329,0.000117,-0.002304,1.907130
-0.010803,293.4883,-19.27673,284.1207,0.000575,0.007619,0.027844,0.000460,-0.000633,0.028862,56.82415,0.000126,-0.002027,1.906257
-0.010345,293.6872,-19.29518,284.3204,0.000588,0.007680,0.028148,0.000427,-0.000646,0.029173,56.86408,0.000129,-0.001915,1.906041
-0.008087,293.4702,-19.30971,284.1047,0.000669,0.007834,0.029436,0.000187,-0.000721,0.030459,56.82095,0.000144,-0.001435,1.905205
-0.006195,293.3426,-19.32869,283.9787,0.000699,0.007822,0.030188,-0.000037,-0.000746,0.031184,56.79575,0.000149,-0.001041,1.904955
-0.004486,293.2585,-19.35013,283.8962,0.000734,0.007861,0.030938,-0.000186,-0.000777,0.031920,56.77924,0.000155,-0.000781,1.905152
-0.003509,293.3348,-19.37162,283.9737,0.000746,0.007930,0.031460,-0.000239,-0.000787,0.032442,56.79475,0.000157,-0.000651,1.905429
-0.001770,293.2360,-19.39483,283.8766,0.000772,0.008161,0.032630,-0.000278,-0.000811,0.033633,56.77533,0.000162,-0.000466,1.906131
0.000183,293.0691,-19.41847,283.7117,0.000796,0.008583,0.034328,-0.000248,-0.000835,0.035383,56.74234,0.000167,-0.000376,1.907133
0.001953,292.9507,-19.44094,283.5951,0.000833,0.009075,0.036092,-0.000174,-0.000874,0.037214,56.71901,0.000174,-0.000345,1.907997
0.003234,292.9463,-19.46207,283.5921,0.000849,0.009488,0.037490,-0.000103,-0.000892,0.038671,56.71842,0.000178,-0.000330,1.908512
0.006866,292.3696,-19.48179,283.0180,0.000920,0.010921,0.042045,0.000145,-0.000969,0.043439,56.60360,0.000193,-0.000384,1.909364
0.008209,292.3478,-19.50037,282.9975,0.000943,0.011493,0.043790,0.000245,-0.000996,0.045272,56.59949,0.000199,-0.000408,1.909496
0.011138,291.9239,-19.51519,282.5755,0.001015,0.012733,0.047626,0.000415,-0.001073,0.049296,56.51509,0.000214,-0.000423,1.909523
0.011749,292.0900,-19.53405,282.7424,0.001027,0.012932,0.048253,0.000432,-0.001086,0.049953,56.54849,0.000217,-0.000426,1.909478
0.015167,291.5707,-19.54698,282.2252,0.001113,0.013996,0.051888,0.000430,-0.001175,0.053740,56.44503,0.000235,-0.000368,1.909120
0.018157,291.1680,-19.56223,281.8244,0.001191,0.014604,0.054382,0.000295,-0.001253,0.056307,56.36489,0.000250,-0.000269,1.908809
0.019989,291.0377,-19.58044,281.6956,0.001238,0.014861,0.055660,0.000177,-0.001298,0.057608,56.33912,0.000259,-0.000183,1.908714
0.022491,290.7538,-19.59949,281.4137,0.001301,0.015142,0.057253,0.000013,-0.001358,0.059220,56.28273,0.000271,-0.000063,1.908791
0.024414,290.6085,-19.61978,281.2700,0.001343,0.015361,0.058460,-0.000083,-0.001398,0.060443,56.25400,0.000279,0.000023,1.909026
0.027313,290.2284,-19.64116,280.8922,0.001406,0.015827,0.060573,-0.000149,-0.001459,0.062606,56.17844,0.000291,0.000144,1.909653
0.031372,289.5996,-19.66313,280.2664,0.001492,0.016708,0.063962,-0.000102,-0.001543,0.066107,56.05328,0.000308,0.000279,1.910793
0.033386,289.4259,-19.68365,280.0945,0.001533,0.017242,0.065845,-0.000041,-0.001583,0.068064,56.01890,0.000316,0.000328,1.911354
0.035461,289.2461,-19.70369,279.9164,0.001577,0.017848,0.067882,0.000034,-0.001627,0.070189,55.98329,0.000325,0.000376,1.911834
0.038635,288.8150,-19.72262,279.4876,0.001648,0.018920,0.071298,0.000182,-0.001699,0.073764,55.89753,0.000339,0.000438,1.912404
0.041168,288.5370,-19.74074,279.2115,0.001702,0.019827,0.074101,0.000305,-0.001752,0.076706,55.84230,0.000350,0.000503,1.912719
0.044097,288.1664,-19.75761,278.8430,0.001768,0.020862,0.077307,0.000418,-0.001818,0.080071,55.76859,0.000363,0.000565,1.912946
0.046661,287.8711,-19.77434,278.5495,0.001824,0.021703,0.079987,0.000469,-0.001874,0.082877,55.70990,0.000374,0.000630,1.913035
0.050445,287.3066,-19.78956,277.9873,0.001911,0.022752,0.083536,0.000449,-0.001960,0.086576,55.59746,0.000392,0.000707,1.913054
0.052734,287.0800,-19.80703,277.7625,0.001957,0.023263,0.085425,0.000386,-0.002004,0.088534,55.55250,0.000400,0.000755,1.913046
0.055450,286.7584,-19.82470,277.4428,0.002016,0.023772,0.087466,0.000281,-0.002061,0.090637,55.48856,0.000412,0.000800,1.913080
0.060211,285.9741,-19.84261,276.6617,0.002116,0.024509,0.090739,0.000077,-0.002159,0.093990,55.33234,0.000431,0.000856,1.913389
0.064636,285.2600,-19.86255,275.9507,0.002209,0.025198,0.093776,-0.000047,-0.002250,0.097102,55.19014,0.000450,0.000895,1.914006
0.067077,284.9988,-19.88288,275.6915,0.002258,0.025649,0.095568,-0.000060,-0.002299,0.098949,55.13830,0.000459,0.000885,1.914468
0.069122,284.8268,-19.90313,275.5213,0.002298,0.026068,0.097144,-0.000044,-0.002340,0.100580,55.10427,0.000468,0.000877,1.914895
0.073730,284.0747,-19.92317,274.7725,0.002393,0.027194,0.101091,0.000050,-0.002438,0.104683,54.95450,0.000487,0.000838,1.915879
0.075805,283.8904,-19.94279,274.5900,0.002435,0.027789,0.103033,0.000119,-0.002481,0.106713,54.91800,0.000496,0.000830,1.916275
0.080932,283.0125,-19.96046,273.7155,0.002538,0.029460,0.108258,0.000314,-0.002588,0.112194,54.74310,0.000517,0.000789,1.917081
0.083068,282.8152,-19.97891,273.5201,0.002582,0.030180,0.110457,0.000390,-0.002635,0.114504,54.70401,0.000527,0.000761,1.917323
0.087890,282.0082,-19.99465,272.7162,0.002684,0.031746,0.115324,0.000492,-0.002742,0.119611,54.54324,0.000548,0.000720,1.917736
0.088317,282.2067,-20.01424,272.9156,0.002691,0.031848,0.115637,0.000496,-0.002750,0.119940,54.58311,0.000550,0.000699,1.917746
0.093658,281.2769,-20.02903,271.9891,0.002807,0.033531,0.120911,0.000563,-0.002854,0.125472,54.39782,0.000570,0.000905,1.918122
0.096740,280.8498,-20.04553,271.5642,0.002872,0.034660,0.124250,0.000668,-0.002896,0.128992,54.31285,0.000579,0.001275,1.918402
0.099945,280.4156,-20.06137,271.1324,0.002939,0.035916,0.127833,0.000821,-0.002927,0.132780,54.22647,0.000585,0.001817,1.918713
0.103637,279.8681,-20.07552,270.5872,0.003028,0.037577,0.132358,0.001056,-0.002959,0.137587,54.11744,0.000591,0.002604,1.919034
0.109710,278.7717,-20.08263,269.4941,0.003193,0.041019,0.141106,0.001610,-0.003005,0.146943,53.89883,0.000601,0.004123,1.919330
0.112152,278.5285,-20.09626,269.2525,0.003262,0.042616,0.144901,0.001892,-0.003020,0.151032,53.85051,0.000604,0.004761,1.919317
0.116546,277.8422,-20.10233,268.5685,0.003407,0.046003,0.152628,0.002519,-0.003053,0.159397,53.71369,0.000610,0.005975,1.919157
0.119537,277.4787,-20.11104,268.2065,0.003508,0.048616,0.158300,0.003026,-0.003075,0.165578,53.64131,0.000615,0.006777,1.918909
0.123626,276.8867,-20.11314,267.6163,0.003671,0.052655,0.166699,0.003832,-0.003120,0.174786,53.52326,0.000624,0.007851,1.918378
0.128936,276.0604,-20.10562,266.7916,0.003895,0.058767,0.178662,0.005084,-0.003185,0.188024,53.35833,0.000637,0.009137,1.917289
0.131683,275.7927,-20.10948,266.5249,0.004014,0.062322,0.185219,0.005831,-0.003218,0.195351,53.30497,0.000643,0.009757,1.916492
0.135650,275.2927,-20.10394,266.0258,0.004198,0.068017,0.195276,0.007045,-0.003279,0.206679,53.20517,0.000655,0.010549,1.915092
0.140899,274.5558,-20.08554,265.2896,0.004464,0.076734,0.209712,0.008945,-0.003383,0.223149,53.05792,0.000676,0.011447,1.912704
0.145202,274.0432,-20.07092,264.7773,0.004677,0.084713,0.222022,0.010722,-0.003472,0.237413,52.95545,0.000694,0.012010,1.910289
0.150939,273.2905,-20.03972,264.0243,0.004965,0.096834,0.239399,0.013469,-0.003616,0.257913,52.80487,0.000723,0.012482,1.906338
0.155670,272.7662,-20.01425,263.4995,0.005197,0.107906,0.254018,0.016026,-0.003763,0.275545,52.69990,0.000752,0.012603,1.902444
0.161285,272.1183,-19.97571,262.8506,0.005451,0.122644,0.271950,0.019485,-0.003963,0.297713,52.57013,0.000792,0.012437,1.896959
0.167968,271.3453,-19.92081,262.0756,0.005723,0.142264,0.293512,0.024160,-0.004254,0.325299,52.41513,0.000850,0.011826,1.889166
0.173370,270.8063,-19.87548,261.5348,0.005898,0.159968,0.310979,0.028416,-0.004523,0.348576,52.30695,0.000904,0.011017,1.881605
0.179809,270.1434,-19.81282,260.8690,0.006017,0.183046,0.331359,0.034037,-0.004880,0.377039,52.17381,0.000976,0.009672,1.871182
0.184753,269.7188,-19.76493,260.4421,0.006048,0.201917,0.346205,0.038768,-0.005212,0.398917,52.08842,0.001042,0.008315,1.862315
0.191650,269.0504,-19.68623,259.7697,0.006007,0.228507,0.364820,0.045669,-0.005771,0.428049,51.95395,0.001154,0.005989,1.849541
0.202179,267.8948,-19.54024,258.6065,0.005785,0.269675,0.388802,0.057058,-0.006827,0.469705,51.72131,0.001365,0.001723,1.829259
0.208526,267.3454,-19.45332,258.0523,0.005561,0.293379,0.400006,0.064095,-0.007536,0.491876,51.61047,0.001507,-0.001146,1.817211
0.214874,266.7967,-19.35894,257.4982,0.005282,0.316501,0.409287,0.071337,-0.008313,0.512405,51.49964,0.001662,-0.004285,1.805286
0.222106,266.1281,-19.23915,256.8227,0.004911,0.341946,0.417730,0.079781,-0.009227,0.533853,51.36454,0.001845,-0.007996,1.792030
0.229370,265.4617,-19.10981,256.1488,0.004495,0.366062,0.424012,0.088300,-0.010129,0.553090,51.22976,0.002025,-0.011754,1.779303
0.233825,265.1592,-19.03170,255.8414,0.004220,0.380250,0.426786,0.093594,-0.010675,0.563809,51.16828,0.002135,-0.014095,1.771616
0.245086,263.8984,-18.77987,254.5659,0.003482,0.415232,0.431806,0.107450,-0.012052,0.589233,50.91319,0.002410,-0.020267,1.752994
0.249298,263.6006,-18.68903,254.2625,0.003184,0.427451,0.432463,0.112654,-0.012539,0.597412,50.85249,0.002507,-0.022679,1.746161
0.255706,262.9475,-18.52465,253.5993,0.002706,0.446270,0.432859,0.120970,-0.013275,0.609690,50.71987,0.002655,-0.026573,1.735722
0.260284,262.5354,-18.40081,253.1796,0.002343,0.459501,0.432353,0.127101,-0.013785,0.617844,50.63593,0.002757,-0.029555,1.728138
0.263946,262.2439,-18.29738,252.8816,0.002041,0.470001,0.431452,0.132137,-0.014191,0.624015,50.57632,0.002838,-0.032100,1.721923
0.271301,261.2487,-18.03477,251.8706,0.001356,0.492499,0.428913,0.143255,-0.015102,0.637004,50.37413,0.003020,-0.038178,1.708711
0.277679,260.2626,-17.75743,250.8679,0.000625,0.513568,0.424951,0.154198,-0.016052,0.648306,50.17357,0.003210,-0.045110,1.695636
0.280181,259.9812,-17.63757,250.5789,0.000276,0.522420,0.422446,0.159020,-0.016506,0.652552,50.11578,0.003301,-0.048604,1.689569
0.283569,259.3549,-17.42781,249.9400,-0.000316,0.536461,0.418191,0.166771,-0.017288,0.659214,49.98800,0.003457,-0.054715,1.679840
0.286163,258.7340,-17.21090,249.3060,-0.000950,0.549968,0.413286,0.174438,-0.018134,0.665216,49.86120,0.003627,-0.061485,1.669886
0.287323,258.4612,-17.07927,249.0251,-0.001368,0.557909,0.409717,0.179108,-0.018688,0.668359,49.80502,0.003737,-0.066065,1.663463
0.288330,257.9630,-16.88252,248.5150,-0.001982,0.568966,0.404496,0.185667,-0.019529,0.672674,49.70299,0.003906,-0.072965,1.654299
0.288147,257.0173,-16.55162,247.5498,-0.003019,0.585957,0.395600,0.195948,-0.020992,0.678983,49.50997,0.004198,-0.084975,1.639419
0.287078,256.6425,-16.37508,247.1646,-0.003619,0.594510,0.390052,0.201364,-0.021845,0.681595,49.43291,0.004369,-0.092127,1.630909
0.284027,255.9367,-16.09367,246.4424,-0.004564,0.607135,0.381324,0.209474,-0.023220,0.685290,49.28848,0.004644,-0.103642,1.617751
0.280273,255.4598,-15.87391,245.9527,-0.005328,0.616303,0.373931,0.215602,-0.024363,0.687463,49.19054,0.004873,-0.113246,1.607095
0.276825,255.2078,-15.71989,245.6917,-0.005889,0.622367,0.368263,0.219830,-0.025189,0.688500,49.13834,0.005038,-0.120430,1.599220
0.267913,254.4114,-15.38515,244.8763,-0.007037,0.634489,0.356740,0.228330,-0.026962,0.690672,48.97526,0.005393,-0.135602,1.583098
0.259796,253.9500,-15.15169,244.4017,-0.007842,0.642137,0.348078,0.234007,-0.028217,0.691379,48.88035,0.005644,-0.146723,1.571341
0.246978,253.2786,-14.83987,243.7131,-0.008874,0.651408,0.336533,0.241135,-0.029833,0.691830,48.74261,0.005967,-0.161566,1.555772
0.231231,252.6158,-14.52165,243.0330,-0.009888,0.659758,0.324450,0.247952,-0.031439,0.691505,48.60659,0.006288,-0.176983,1.539663
0.216796,252.1731,-14.27438,242.5768,-0.010646,0.665423,0.314634,0.252955,-0.032662,0.690538,48.51537,0.006533,-0.189305,1.526726
0.200317,251.7358,-14.02359,242.1261,-0.011373,0.670499,0.304561,0.257741,-0.033848,0.689116,48.42523,0.006771,-0.201878,1.513477
0.181671,251.3039,-13.76944,241.6809,-0.012060,0.674976,0.294260,0.262298,-0.034972,0.687244,48.33619,0.006995,-0.214627,1.499929
0.140838,250.2597,-13.27195,240.6114,-0.013211,0.682391,0.274916,0.270406,-0.036905,0.683322,48.12228,0.007382,-0.238596,1.474162
0.115356,249.8439,-13.00909,240.1824,-0.013737,0.685137,0.264117,0.274264,-0.037772,0.680229,48.03648,0.007556,-0.251520,1.459826
0.083007,249.3330,-12.70248,239.6563,-0.014252,0.687645,0.251685,0.278396,-0.038609,0.676320,47.93127,0.007723,-0.266169,1.443175
0.051727,248.9296,-12.43398,239.2400,-0.014620,0.689088,0.240681,0.281676,-0.039173,0.672389,47.84799,0.007836,-0.278826,1.428337
0.007324,248.3339,-12.07957,238.6275,-0.014975,0.690302,0.226550,0.285571,-0.039646,0.667040,47.72551,0.007931,-0.294706,1.409012
0.002105,248.5350,-12.03774,238.8264,-0.014988,0.689652,0.224741,0.285674,-0.039643,0.665712,47.76527,0.007930,-0.296441,1.406704
-0.071563,247.5601,-11.49023,237.8266,-0.015222,0.689917,0.204430,0.290522,-0.039708,0.657289,47.56532,0.007943,-0.318225,1.378308
-0.109222,247.2787,-11.23536,237.5338,-0.015217,0.688929,0.194956,0.292229,-0.039459,0.652616,47.50676,0.007894,-0.327793,1.364959
-0.156127,246.9059,-10.93649,237.1481,-0.015138,0.687400,0.183997,0.294002,-0.038990,0.647028,47.42962,0.007800,-0.338590,1.349286
-0.198944,246.6342,-10.67911,236.8653,-0.015003,0.685539,0.174647,0.295235,-0.038417,0.641911,47.37307,0.007685,-0.347521,1.335757
-0.252044,246.2727,-10.37759,236.4914,-0.014781,0.683008,0.163884,0.296455,-0.037571,0.635829,47.29828,0.007516,-0.357574,1.319934
-0.351013,245.4532,-9.858006,235.6513,-0.014256,0.678066,0.145891,0.298110,-0.035673,0.625394,47.13026,0.007136,-0.373898,1.292794
-0.422699,245.0168,-9.510085,235.2017,-0.013800,0.673698,0.134107,0.298605,-0.034086,0.617832,47.04034,0.006818,-0.384181,1.274583
-0.499115,244.5886,-9.161245,234.7606,-0.013274,0.668732,0.122572,0.298714,-0.032238,0.610027,46.95213,0.006448,-0.393957,1.256335
-0.528961,244.6176,-9.030236,234.7848,-0.013048,0.666215,0.118225,0.298430,-0.031457,0.606580,46.95695,0.006292,-0.397482,1.249395
-0.666046,243.7564,-8.461726,233.9041,-0.012047,0.657137,0.100317,0.297802,-0.027732,0.593787,46.78082,0.005547,-0.411963,1.219785
-0.722137,243.6155,-8.242866,233.7560,-0.011617,0.652794,0.093546,0.297083,-0.026094,0.588291,46.75119,0.005219,-0.417165,1.208281
-0.827819,243.1299,-7.848886,233.2579,-0.010831,0.645133,0.081756,0.295722,-0.022891,0.578811,46.65159,0.004578,-0.426056,1.187713
-0.914276,242.8260,-7.542605,232.9448,-0.010197,0.638592,0.072841,0.294265,-0.020143,0.571149,46.58896,0.004029,-0.432511,1.171692
-1.004456,242.5284,-7.236616,232.6384,-0.009560,0.631713,0.064187,0.292532,-0.017194,0.563384,46.52768,0.003439,-0.438567,1.155695
-1.098358,242.2370,-6.931075,232.3386,-0.008928,0.624511,0.055804,0.290522,-0.014013,0.555525,46.46772,0.002802,-0.444162,1.139757
-1.210297,241.8688,-6.582625,231.9614,-0.008229,0.616009,0.046586,0.287942,-0.010131,0.546527,46.39227,0.002026,-0.450033,1.121666
-1.297394,241.6730,-6.321926,231.7592,-0.007725,0.609194,0.039910,0.285692,-0.007053,0.539538,46.35183,0.001410,-0.454064,1.108143
-1.387238,241.4819,-6.061874,231.5620,-0.007247,0.602181,0.033459,0.283249,-0.003845,0.532492,46.31240,0.000769,-0.457763,1.094698
-1.575073,240.8136,-5.544025,230.8826,-0.006409,0.588338,0.021270,0.278159,0.002892,0.518897,46.17652,-0.000578,-0.464288,1.068170
-1.673065,240.6365,-5.286396,230.7004,-0.006043,0.580805,0.015500,0.275181,0.006371,0.511708,46.14008,-0.001274,-0.467158,1.054939
-1.773712,240.4640,-5.029724,230.5232,-0.005721,0.573134,0.009957,0.272041,0.009904,0.504490,46.10463,-0.001980,-0.469803,1.041755
-1.929688,240.0641,-4.646685,230.1168,-0.005333,0.561747,0.002073,0.267201,0.015288,0.493925,46.02337,-0.003057,-0.473375,1.022117
-2.091553,239.6748,-4.266216,229.7218,-0.005059,0.550115,-0.005308,0.262026,0.020714,0.483315,45.94437,-0.004143,-0.476540,1.002537
-2.202759,239.5211,-4.014114,229.5648,-0.004937,0.542024,-0.009961,0.258297,0.024325,0.476030,45.91296,-0.004865,-0.478449,0.989426
-2.393738,239.0753,-3.596895,229.1144,-0.004861,0.528834,-0.017247,0.252013,0.030357,0.464278,45.82288,-0.006072,-0.481328,0.967655
-2.472076,239.0807,-3.431086,229.1181,-0.004866,0.523116,-0.019984,0.249218,0.032728,0.459230,45.82362,-0.006546,-0.482408,0.958862
-2.672882,238.6533,-3.019424,228.6873,-0.005004,0.509725,-0.026467,0.242483,0.038675,0.447494,45.73747,-0.007737,-0.484917,0.936973
-2.796631,238.5231,-2.774466,228.5556,-0.005154,0.501391,-0.030079,0.238188,0.042164,0.440242,45.71112,-0.008435,-0.486352,0.923733
-2.944061,238.3272,-2.490696,228.3584,-0.005400,0.491748,-0.034034,0.233116,0.046177,0.431889,45.67167,-0.009238,-0.487971,0.908314
-3.116638,238.0683,-2.169115,228.0985,-0.005770,0.480807,-0.038200,0.227230,0.050671,0.422454,45.61971,-0.010138,-0.489764,0.890789
-3.271088,237.8862,-1.890205,227.9162,-0.006161,0.471186,-0.041485,0.221934,0.054477,0.414190,45.58324,-0.010900,-0.491315,0.875608
-3.383362,237.8457,-1.692446,227.8758,-0.006474,0.464179,-0.043612,0.218013,0.057104,0.408185,45.57516,-0.011427,-0.492411,0.864838
-3.635956,237.4083,-1.261786,227.4395,-0.007273,0.449588,-0.047786,0.209600,0.062736,0.395724,45.48789,-0.012555,-0.494842,0.841670
-3.896210,236.9866,-0.837455,227.0201,-0.008180,0.435277,-0.051132,0.201019,0.068016,0.383553,45.40401,-0.013613,-0.497339,0.819131
-4.041229,236.8995,-0.608795,226.9347,-0.008703,0.427354,-0.052623,0.196176,0.070699,0.376819,45.38694,-0.014151,-0.498755,0.806975
-4.090088,237.0714,-0.533016,227.1073,-0.008868,0.424379,-0.053024,0.194390,0.071506,0.374282,45.42147,-0.014313,-0.499243,0.802892
-4.312866,236.8017,-0.194875,226.8411,-0.009707,0.412971,-0.054795,0.187169,0.075313,0.364606,45.36821,-0.015076,-0.501440,0.785021
-4.464050,236.7277,0.027904,226.7697,-0.010272,0.405290,-0.055686,0.182237,0.077656,0.358086,45.35395,-0.015547,-0.502961,0.773296
-4.798706,236.2327,0.503004,226.2820,-0.011526,0.389609,-0.056945,0.171727,0.082423,0.344799,45.25640,-0.016503,-0.506365,0.748785
-4.956390,236.1730,0.718624,226.2261,-0.012086,0.382270,-0.057175,0.166731,0.084366,0.338568,45.24523,-0.016893,-0.508011,0.737732
-5.250641,235.8252,1.107695,225.8863,-0.013081,0.369503,-0.057138,0.157758,0.087650,0.327716,45.17726,-0.017552,-0.511125,0.718390
-5.441254,235.7208,1.350935,225.7874,-0.013657,0.361471,-0.056736,0.152000,0.089452,0.320875,45.15749,-0.017914,-0.513192,0.706667
-5.634491,235.6223,1.590675,225.6950,-0.014193,0.353646,-0.056099,0.146273,0.091069,0.314204,45.13900,-0.018239,-0.515310,0.695351
-5.886658,235.4186,1.893593,225.4998,-0.014823,0.343989,-0.054986,0.139022,0.092936,0.305953,45.09996,-0.018614,-0.518097,0.681469
-6.085602,235.3336,2.124975,225.4218,-0.015244,0.336640,-0.053861,0.133408,0.094157,0.299661,45.08437,-0.018859,-0.520312,0.671219
-6.286987,235.2542,2.352533,225.3500,-0.015615,0.329532,-0.052550,0.127844,0.095235,0.293569,45.07000,-0.019075,-0.522553,0.661358
-6.549561,235.0749,2.639395,225.1809,-0.016027,0.320794,-0.050669,0.120825,0.096443,0.286065,45.03618,-0.019318,-0.525467,0.649179
-6.756439,235.0084,2.857944,225.1229,-0.016280,0.314121,-0.049038,0.115409,0.097189,0.280316,45.02458,-0.019468,-0.527778,0.640077
-6.995758,234.8963,3.102745,225.0209,-0.016504,0.306797,-0.047026,0.109332,0.097892,0.273992,45.00418,-0.019609,-0.530452,0.630152
-7.299133,234.6911,3.401115,224.8293,-0.016687,0.298119,-0.044306,0.101910,0.098573,0.266484,44.96585,-0.019746,-0.533822,0.618466
-7.391052,234.8417,3.488934,224.9839,-0.016699,0.295336,-0.043413,0.099625,0.098637,0.264068,44.99678,-0.019759,-0.534858,0.615014
-7.731598,234.6020,3.804203,224.7602,-0.016759,0.286397,-0.040169,0.091694,0.099070,0.256310,44.95205,-0.019846,-0.538624,0.602904
-7.951141,234.5653,3.999226,224.7341,-0.016723,0.280786,-0.037999,0.086707,0.099163,0.251422,44.94681,-0.019865,-0.541049,0.595501
-8.172943,234.5336,4.189814,224.7134,-0.016639,0.275358,-0.035759,0.081798,0.099165,0.246684,44.94268,-0.019865,-0.543478,0.588379
-8.493408,234.3685,4.454285,224.5647,-0.016465,0.268039,-0.032493,0.074952,0.099086,0.240283,44.91293,-0.019849,-0.546925,0.578521
-8.720367,234.3490,4.633884,224.5569,-0.016285,0.262982,-0.030146,0.070222,0.098894,0.235843,44.91139,-0.019811,-0.549356,0.571826
-8.949310,234.3343,4.808884,224.5544,-0.016067,0.258069,-0.027767,0.065570,0.098627,0.231521,44.91088,-0.019757,-0.551796,0.565308
-9.280029,234.1931,5.050804,224.4313,-0.015708,0.251401,-0.024340,0.059094,0.098180,0.225633,44.88626,-0.019667,-0.555312,0.556350
-9.547607,234.1472,5.237455,224.4003,-0.015362,0.246185,-0.021561,0.054029,0.097686,0.221012,44.88005,-0.019568,-0.558165,0.549545
-9.783844,234.1495,5.395695,224.4159,-0.015019,0.241719,-0.019109,0.049685,0.097164,0.217047,44.88319,-0.019463,-0.560708,0.543852
-10.09042,234.0736,5.592115,224.3577,-0.014546,0.236237,-0.015949,0.044252,0.096442,0.212166,44.87155,-0.019318,-0.564055,0.536963
-10.33115,234.0865,5.739393,224.3847,-0.014142,0.232023,-0.013490,0.040133,0.095777,0.208405,44.87694,-0.019184,-0.566736,0.531951
-10.71317,233.9446,5.961023,224.2656,-0.013485,0.225810,-0.009630,0.033887,0.094704,0.202848,44.85312,-0.018969,-0.571098,0.524844
-10.95871,233.9691,6.095774,224.3049,-0.013039,0.221895,-0.007182,0.030031,0.093912,0.199343,44.86097,-0.018810,-0.573975,0.520726
-11.34833,233.8449,6.297575,224.2048,-0.012346,0.216120,-0.003370,0.024192,0.092666,0.194163,44.84097,-0.018560,-0.578704,0.514984
-11.56277,233.9181,6.402494,224.2912,-0.011957,0.212957,-0.001311,0.021100,0.091898,0.191325,44.85824,-0.018405,-0.581396,0.512178
-11.85080,233.9206,6.536674,224.3118,-0.011460,0.208960,0.001405,0.017094,0.090889,0.187736,44.86235,-0.018203,-0.585116,0.508796
-12.10477,233.9646,6.648712,224.3719,-0.011039,0.205542,0.003747,0.013687,0.089973,0.184664,44.87438,-0.018018,-0.588493,0.506103
-12.39728,233.9772,6.770584,224.4032,-0.010589,0.201798,0.006381,0.009906,0.088933,0.181295,44.88065,-0.017810,-0.592499,0.503335
-12.65515,234.0302,6.871794,224.4728,-0.010223,0.198602,0.008644,0.006693,0.088004,0.178417,44.89456,-0.017623,-0.596158,0.501178
-13.02670,233.9841,7.007553,224.4512,-0.009769,0.194330,0.011812,0.002247,0.086740,0.174557,44.89025,-0.017369,-0.601570,0.498448
-13.40207,233.9462,7.132883,224.4383,-0.009395,0.190262,0.014890,-0.002036,0.085492,0.170870,44.88767,-0.017119,-0.607244,0.496067
-13.74304,233.9489,7.236713,224.4639,-0.009135,0.186756,0.017580,-0.005758,0.084385,0.167679,44.89279,-0.016897,-0.612596,0.494199
-13.97205,234.0542,7.301193,224.5846,-0.008997,0.184433,0.019320,-0.008166,0.083628,0.165558,44.91691,-0.016745,-0.616286,0.493077
-14.24094,234.1307,7.371613,224.6792,-0.008890,0.181862,0.021309,-0.010910,0.082788,0.163198,44.93584,-0.016576,-0.620713,0.491904
-14.43411,234.2733,7.418736,224.8348,-0.008840,0.180024,0.022690,-0.012821,0.082176,0.161506,44.96696,-0.016453,-0.623971,0.491145
-14.94086,234.1731,7.528824,224.7700,-0.008891,0.175857,0.026209,-0.017667,0.080856,0.157612,44.95401,-0.016188,-0.632701,0.489553
-15.21631,234.2630,7.580635,224.8790,-0.008995,0.173662,0.028016,-0.020170,0.080150,0.155543,44.97580,-0.016047,-0.637617,0.488895
-15.57327,234.2982,7.639555,224.9394,-0.009231,0.171073,0.030276,-0.023308,0.079344,0.153066,44.98788,-0.015885,-0.644166,0.488256
-15.85303,234.3964,7.679365,225.0573,-0.009484,0.169140,0.031967,-0.025673,0.078748,0.151195,45.01147,-0.015766,-0.649450,0.487896
-16.33701,234.3588,7.735344,225.0549,-0.010100,0.166243,0.034772,-0.029622,0.077934,0.148312,45.01097,-0.015602,-0.658845,0.487615
-16.62183,234.4668,7.760826,225.1833,-0.010543,0.164623,0.036317,-0.031832,0.077490,0.146672,45.03667,-0.015513,-0.664584,0.487625
-16.90854,234.5783,7.781013,225.3156,-0.011058,0.163125,0.037811,-0.033989,0.077110,0.145122,45.06312,-0.015437,-0.670490,0.487770
-17.15588,234.7196,7.794083,225.4748,-0.011552,0.161911,0.039042,-0.035791,0.076821,0.143842,45.09496,-0.015379,-0.675685,0.487986
-17.61292,234.7354,7.807922,225.5247,-0.012622,0.160102,0.041247,-0.039052,0.076517,0.141821,45.10494,-0.015318,-0.685564,0.488700
-17.90622,234.8590,7.809895,225.6701,-0.013386,0.159040,0.042565,-0.041050,0.076378,0.140592,45.13401,-0.015290,-0.692094,0.489330
-18.37100,234.8889,7.802235,225.7354,-0.014758,0.157750,0.044566,-0.044135,0.076385,0.138948,45.14708,-0.015291,-0.702696,0.490754
-18.66931,235.0215,7.790512,225.8905,-0.015718,0.157027,0.045754,-0.046021,0.076460,0.137963,45.17810,-0.015307,-0.709687,0.491961
-18.96957,235.1575,7.773476,226.0494,-0.016755,0.156441,0.046893,-0.047866,0.076626,0.137079,45.20988,-0.015340,-0.716848,0.493444
-19.27176,235.2970,7.751123,226.2121,-0.017870,0.155997,0.047987,-0.049676,0.076887,0.136301,45.24242,-0.015392,-0.724207,0.495225
-19.75070,235.3517,7.705254,226.3047,-0.019804,0.155696,0.049647,-0.052493,0.077560,0.135378,45.26094,-0.015527,-0.736082,0.498670
-20.14621,235.4572,7.657984,226.4416,-0.021526,0.155676,0.050913,-0.054731,0.078279,0.134787,45.28831,-0.015671,-0.746123,0.502103
-20.54507,235.5683,7.601954,226.5847,-0.023379,0.155894,0.052105,-0.056924,0.079171,0.134372,45.31695,-0.015850,-0.756463,0.506116
-20.85773,235.7253,7.552336,226.7667,-0.024903,0.156184,0.052969,-0.058585,0.079964,0.134138,45.35334,-0.016010,-0.764731,0.509678
-21.17236,235.8855,7.497435,226.9524,-0.026505,0.156622,0.053791,-0.060226,0.080864,0.134016,45.39048,-0.016190,-0.773186,0.513598
-21.62558,235.9915,7.409855,227.0961,-0.028955,0.157593,0.054926,-0.062585,0.082390,0.134111,45.41922,-0.016496,-0.785608,0.519829
-21.94537,236.1597,7.342163,227.2908,-0.030748,0.158391,0.055652,-0.064199,0.083554,0.134267,45.45815,-0.016730,-0.794563,0.524602
-22.31357,236.3130,7.258385,227.4751,-0.032901,0.159509,0.056440,-0.066046,0.085038,0.134601,45.49502,-0.017028,-0.805054,0.530496
-22.87125,236.4009,7.119904,227.6114,-0.036350,0.161641,0.057555,-0.068852,0.087592,0.135458,45.52227,-0.017540,-0.821324,0.540186
-22.91794,236.6836,7.107674,227.8967,-0.036589,0.161649,0.057581,-0.069001,0.087702,0.135395,45.57935,-0.017563,-0.822727,0.540999
-23.38821,236.8145,6.979523,228.0690,-0.039638,0.163731,0.058395,-0.071325,0.090070,0.136342,45.61380,-0.018038,-0.836840,0.549863
-23.72012,237.0000,6.883524,228.2835,-0.041844,0.165287,0.058895,-0.072929,0.091812,0.137080,45.65670,-0.018388,-0.847003,0.556437
-24.29462,237.1109,6.706894,228.4466,-0.045852,0.168418,0.059695,-0.075768,0.095139,0.138702,45.68932,-0.019056,-0.864973,0.568421
-24.53598,237.3347,6.628824,228.6917,-0.047542,0.169715,0.059950,-0.076903,0.096533,0.139372,45.73834,-0.019336,-0.872699,0.573635
-24.92477,237.5161,6.498444,228.9087,-0.050371,0.172058,0.060349,-0.078795,0.098954,0.140651,45.78174,-0.019823,-0.885320,0.582282
-25.31662,237.7014,6.361393,229.1304,-0.053266,0.174506,0.060651,-0.080666,0.101466,0.142007,45.82609,-0.020328,-0.898308,0.591267
-25.81097,237.8636,6.180754,229.3398,-0.057040,0.177884,0.060962,-0.083080,0.104830,0.143948,45.86795,-0.021004,-0.915047,0.602930
-26.06003,238.0970,6.086573,229.5962,-0.058935,0.179571,0.061048,-0.084259,0.106513,0.144918,45.91925,-0.021343,-0.923666,0.608878
-26.51157,238.2809,5.910563,229.8241,-0.062503,0.182967,0.061190,-0.086512,0.109786,0.146937,45.96481,-0.022001,-0.939533,0.619804
-26.91647,238.4817,5.747145,230.0647,-0.065756,0.186155,0.061233,-0.088552,0.112812,0.148859,46.01294,-0.022610,-0.954092,0.629742
-27.32483,238.6863,5.577204,230.3100,-0.069096,0.189542,0.061204,-0.090652,0.115967,0.150932,46.06201,-0.023245,-0.969078,0.639846
-27.68509,238.9059,5.423164,230.5658,-0.072078,0.192647,0.061115,-0.092535,0.118813,0.152853,46.11316,-0.023818,-0.982578,0.648819
-28.15225,239.1067,5.217813,230.8148,-0.076033,0.196948,0.060935,-0.095080,0.122659,0.155554,46.16297,-0.024593,-1.000436,0.660422
-28.51889,239.3327,5.052444,231.0789,-0.079151,0.200423,0.060708,-0.097105,0.125718,0.157750,46.21577,-0.025210,-1.014771,0.669494
-28.83542,239.5716,4.906776,231.3506,-0.081854,0.203501,0.060456,-0.098884,0.128386,0.159708,46.27012,-0.025748,-1.027385,0.677284
-29.26099,239.7932,4.706934,231.6178,-0.085563,0.207892,0.060071,-0.101395,0.132105,0.162529,46.32356,-0.026498,-1.044643,0.687673
-29.63657,240.0276,4.526814,231.8927,-0.088849,0.211893,0.059655,-0.103675,0.135425,0.165115,46.37854,-0.027168,-1.060208,0.696698
-30.12411,240.2474,4.288034,232.1666,-0.093180,0.217393,0.059031,-0.106787,0.139874,0.168697,46.43332,-0.028066,-1.080829,0.708219
-30.72726,240.4554,3.985224,232.4435,-0.098613,0.224647,0.058110,-0.110873,0.145558,0.173458,46.48870,-0.029215,-1.107000,0.722145
-31.17117,240.6929,3.757425,232.7320,-0.102591,0.230189,0.057301,-0.114000,0.149771,0.177110,46.54640,-0.030067,-1.126702,0.732072
-31.56326,240.9411,3.552876,233.0257,-0.106091,0.235247,0.056498,-0.116864,0.153518,0.180454,46.60514,-0.030825,-1.144415,0.740613
-31.90222,241.1991,3.373655,233.3231,-0.109090,0.239728,0.055730,-0.119409,0.156762,0.183421,46.66462,-0.031482,-1.159935,0.747811
-32.24387,241.4590,3.190855,233.6233,-0.112105,0.244387,0.054897,-0.122066,0.160058,0.186514,46.72466,-0.032150,-1.175749,0.754876
-32.64581,241.7150,2.973034,233.9277,-0.115672,0.250116,0.053858,-0.125358,0.164004,0.190332,46.78554,-0.032949,-1.194589,0.762925
-33.10992,241.9682,2.718075,234.2381,-0.119774,0.257040,0.052563,-0.129366,0.168626,0.194956,46.84763,-0.033887,-1.216576,0.771809
-33.81567,242.2054,2.323565,234.5656,-0.125998,0.268301,0.050394,-0.135937,0.175827,0.202500,46.91312,-0.035349,-1.250421,0.784513
-34.23282,242.4728,2.086693,234.8863,-0.129534,0.275147,0.048966,-0.139984,0.180005,0.207088,46.97726,-0.036198,-1.270628,0.791550
-34.65414,242.7434,1.844833,235.2115,-0.133041,0.282359,0.047428,-0.144260,0.184256,0.211931,47.04230,-0.037063,-1.291116,0.798321
-35.32489,243.0039,1.454594,235.5623,-0.138568,0.294632,0.044806,-0.151584,0.191180,0.220204,47.11247,-0.038472,-1.323829,0.808404
-35.63336,243.2887,1.273054,235.8877,-0.140932,0.300314,0.043503,-0.155033,0.194213,0.224029,47.17754,-0.039091,-1.338920,0.812716
-36.19437,243.5660,0.939683,236.2424,-0.145225,0.311346,0.041030,-0.161767,0.199914,0.231466,47.24847,-0.040254,-1.366294,0.820135
-36.32007,243.8617,0.864433,236.5531,-0.146006,0.313587,0.040430,-0.163176,0.200976,0.232962,47.31062,-0.040470,-1.372442,0.821672
-36.89038,244.1465,0.520494,236.9184,-0.150067,0.325519,0.037711,-0.170545,0.206729,0.241003,47.38367,-0.041646,-1.400062,0.828522
-37.33942,244.4391,0.246933,237.2747,-0.153011,0.335266,0.035452,-0.176626,0.211165,0.247558,47.45494,-0.042553,-1.421583,0.833542
-37.85846,244.7358,-0.072315,237.6467,-0.156165,0.347099,0.032725,-0.184061,0.216279,0.255501,47.52934,-0.043600,-1.446110,0.838972
-38.51651,245.0397,-0.481376,238.0488,-0.159709,0.363066,0.029114,-0.194147,0.222741,0.266205,47.60975,-0.044925,-1.476463,0.845320
-39.11777,245.3513,-0.859165,238.4516,-0.162313,0.378467,0.025655,-0.203900,0.228499,0.276503,47.69032,-0.046107,-1.503296,0.850724
-39.52344,245.6637,-1.116127,238.8253,-0.163612,0.389148,0.023235,-0.210671,0.232196,0.283634,47.76506,-0.046866,-1.520836,0.854202
-39.79611,245.9742,-1.289717,239.1760,-0.164235,0.396363,0.021578,-0.215258,0.234521,0.288454,47.83520,-0.047345,-1.532379,0.856432
-40.48560,246.3083,-1.731726,239.6195,-0.165411,0.416066,0.017302,-0.227688,0.240684,0.301663,47.92390,-0.048614,-1.560315,0.862144
-40.97507,246.6396,-2.048035,240.0285,-0.165530,0.430524,0.014204,-0.236801,0.244801,0.311368,48.00570,-0.049462,-1.579010,0.866329
-41.47018,246.9773,-2.370087,240.4459,-0.165037,0.445669,0.011036,-0.246314,0.248836,0.321543,48.08918,-0.050295,-1.596779,0.870893
-42.18768,247.3432,-2.840216,240.9313,-0.163230,0.468751,0.006436,-0.260714,0.254560,0.337106,48.18626,-0.051478,-1.620276,0.878341
-42.69711,247.6984,-3.176445,241.3715,-0.160962,0.485577,0.003216,-0.271155,0.258309,0.348504,48.27430,-0.052254,-1.635242,0.884310
-43.13855,248.0521,-3.469336,241.7991,-0.158310,0.500417,0.000498,-0.280330,0.261300,0.358631,48.35983,-0.052873,-1.647046,0.889896
-43.73404,248.4335,-3.866665,242.2832,-0.153816,0.521070,-0.003013,-0.293045,0.265077,0.372883,48.45664,-0.053656,-1.661171,0.898074
-44.56586,248.8651,-4.425865,242.8627,-0.145731,0.550958,-0.007476,-0.311355,0.269742,0.393885,48.57255,-0.054625,-1.677220,0.911029
-44.94888,249.2331,-4.685066,243.2972,-0.141213,0.564630,-0.009274,-0.319757,0.271368,0.403670,48.65945,-0.054962,-1.683182,0.917507
-45.72421,249.6854,-5.213156,243.8911,-0.130943,0.593307,-0.012329,-0.337497,0.274165,0.424548,48.77822,-0.055544,-1.692365,0.931611
-46.19519,250.0879,-5.536385,244.3788,-0.123818,0.610609,-0.013702,-0.348351,0.275095,0.437420,48.87577,-0.055737,-1.696165,0.940598
-46.59094,250.4800,-5.809517,244.8425,-0.117364,0.625113,-0.014534,-0.357566,0.275410,0.448384,48.96850,-0.055803,-1.698348,0.948315
-47.47162,251.0053,-6.422936,245.5357,-0.101736,0.658503,-0.015266,-0.379205,0.274945,0.474150,49.10714,-0.055706,-1.699949,0.965900
-48.03885,251.4659,-6.822696,246.1042,-0.090569,0.679831,-0.014798,-0.393470,0.273193,0.491058,49.22085,-0.055342,-1.698860,0.977129
-48.77545,251.9934,-7.347937,246.7756,-0.074802,0.707639,-0.012991,-0.412520,0.269186,0.513696,49.35512,-0.054509,-1.695140,0.991437
-49.27069,252.4590,-7.705366,247.3373,-0.063371,0.725921,-0.010948,-0.425352,0.265082,0.529060,49.46747,-0.053657,-1.691360,1.000661
-50.10257,253.0612,-8.314475,248.1073,-0.042895,0.756724,-0.005928,-0.447428,0.255762,0.555787,49.62146,-0.051727,-1.682791,1.015513
-50.60504,253.5592,-8.688236,248.7056,-0.029755,0.774633,-0.001874,-0.460626,0.248264,0.571956,49.74113,-0.050177,-1.676430,1.023911
-51.19382,254.1067,-9.132396,249.3731,-0.013674,0.795336,0.003882,-0.476181,0.237680,0.591203,49.87463,-0.047995,-1.667987,1.033096
-51.86920,254.7125,-9.650986,250.1192,0.005692,0.818487,0.011868,-0.493959,0.222859,0.613540,50.02384,-0.044949,-1.657223,1.042519
-52.46149,255.3009,-10.11460,250.8315,0.023499,0.837882,0.020096,-0.509201,0.207179,0.633083,50.16630,-0.041738,-1.647177,1.049387
-53.13873,255.9555,-10.65600,251.6305,0.044766,0.859090,0.030885,-0.526162,0.185860,0.655441,50.32609,-0.037389,-1.635479,1.055044
-54.06781,256.7885,-11.42113,252.6673,0.075558,0.886155,0.047961,-0.548182,0.150038,0.685758,50.53345,-0.030121,-1.620064,1.057766
-54.32028,257.2432,-11.63407,253.1732,0.084202,0.892272,0.052961,-0.553343,0.138795,0.693246,50.63464,-0.027848,-1.616170,1.057195
-55.07382,258.0323,-12.28412,254.1301,0.111037,0.910699,0.068957,-0.568532,0.101720,0.716157,50.82602,-0.020379,-1.605647,1.052138
-55.65466,258.7389,-12.80166,254.9663,0.132698,0.922774,0.082071,-0.578424,0.069135,0.732463,50.99326,-0.013838,-1.599087,1.043924
-56.55444,259.7248,-13.63683,256.1604,0.168393,0.938056,0.103481,-0.590387,0.011721,0.755194,51.23207,-0.002344,-1.592207,1.022781
-57.11667,260.4913,-14.18277,257.0565,0.192171,0.944298,0.117268,-0.594794,-0.028315,0.766680,51.41131,0.005663,-1.590132,1.003703
-57.82483,261.4256,-14.90193,258.1588,0.223996,0.948506,0.134997,-0.596713,-0.083005,0.777885,51.63175,0.016620,-1.589856,0.972884
-58.43796,262.3216,-15.55814,259.2019,0.253196,0.947981,0.150484,-0.594410,-0.133826,0.783702,51.84037,0.026845,-1.591424,0.939693
-58.81229,263.0093,-15.97669,259.9778,0.271654,0.945219,0.159894,-0.590817,-0.166170,0.784935,51.99556,0.033388,-1.592974,0.916334
-59.32358,263.8714,-16.57397,260.9651,0.297712,0.938911,0.172817,-0.583462,-0.211883,0.784048,52.19302,0.042700,-1.595545,0.880655
-60.16122,265.1861,-17.62991,262.4956,0.342016,0.920967,0.194064,-0.564420,-0.289962,0.774706,52.49911,0.058837,-1.599883,0.812276
-60.55954,266.0167,-18.17380,263.4276,0.363279,0.908061,0.203992,-0.551658,-0.327895,0.765713,52.68551,0.066815,-1.601358,0.775145
-61.12863,267.1402,-19.01060,264.7035,0.393611,0.885156,0.218353,-0.529355,-0.383078,0.747758,52.94070,0.078625,-1.602078,0.716708
-61.73172,268.3817,-19.96931,266.1129,0.429515,0.860501,0.223255,-0.508374,-0.425082,0.731881,53.22258,0.087810,-1.574904,0.683848
-60.39801,267.8630,-21.17609,265.4032,0.172186,0.237998,0.108960,-0.190361,-0.112999,0.221714,53.08064,0.022648,-0.553850,1.625176
-60.83548,270.8084,-22.16222,268.4409,-0.000000,0.000000,0.000000,0.000000,0.000000,-0.000000,53.68818,0.000000,-0.058686,-1.308129
-60.81802,269.0807,-21.67488,266.7184,0.038410,0.051445,0.027941,-0.062399,-0.014903,0.028053,53.34369,0.002980,0.624867,1.853912
-60.98291,269.5614,-21.60796,267.2168,0.023325,0.023315,-0.013545,-0.032342,-0.012641,-0.008082,53.44336,-0.002528,0.478799,1.893691
-63.10730,272.9814,-21.88721,271.0346,-0.151583,0.060999,0.028284,-0.025853,0.042987,-0.158056,54.20692,0.008600,-1.497845,-0.935342
-63.19562,273.7462,-21.82858,271.7928,-0.148269,0.100726,0.026326,-0.059779,0.089959,-0.145452,54.35855,0.018016,-1.181326,-1.414312
-63.25427,274.4145,-21.74419,272.4486,-0.135418,0.122467,0.023717,-0.079597,0.122535,-0.112017,54.48972,0.024568,-0.815363,-1.720124
-63.29730,275.0103,-21.66712,273.0312,-0.130310,0.133043,