errorAileron,errorRudder,errorElevator,P_des.x,P_des.y,P_des.z,P_is.x,P_is.y,P_is.z,L_is.x,L_is.y,L_is.z,aCMDin.x,aCMDin.y,aCMDin.z,aCMDb.x,aCMDb.y,aCMDb.z,ACMDb.x,ACMD.y,ACMDb.z,Throttle
0.009744,0.000024,-0.000305,-365.0000,-340.4964,-0.870000,0.007304,1.018939,-0.087867,-0.000854,59.01581,0.009599,-0.000252,0.000263,0.003039,-0.000001,0.000024,-0.000305,-0.889721,-0.009744,9.769261,1.022710,-0.007140,0.004900
0.020589,0.000019,-0.000452,-365.0000,-340.3964,-0.870000,0.004876,1.229110,-0.108070,-0.001861,58.93085,0.008539,-0.000205,0.000397,0.004515,-0.000002,0.000019,-0.000452,-0.919808,-0.020588,9.766309,1.233830,-0.004590,0.007640
0.024895,0.000009,-0.000595,-365.0000,-340.2964,-0.870000,0.002203,1.385729,-0.125675,-0.002319,58.87292,0.007639,-0.000106,0.000537,0.005924,-0.000002,0.000009,-0.000595,-0.934458,-0.024892,9.764767,1.391400,-0.001810,0.006890
0.025783,-0.000001,-0.000751,-365.0000,-340.1964,-0.870000,-0.000015,1.529197,-0.143606,-0.002441,58.81290,0.007030,-0.000002,0.000702,0.007477,-0.000001,-0.000001,-0.000751,-0.942073,-0.025780,9.763876,1.535920,0.000520,0.003910
0.022768,-0.000015,-0.001005,-365.0000,-340.0963,-0.870000,-0.002315,1.731424,-0.169303,-0.002227,58.66214,0.006869,0.000132,0.000978,0.010006,0.000001,-0.000015,-0.001005,-0.944219,-0.022766,9.763421,1.739680,0.002850,-0.001860
0.017994,-0.000026,-0.001220,-365.0000,-339.9963,-0.870000,-0.003752,1.891417,-0.187715,-0.001861,58.54321,0.007339,0.000238,0.001205,0.012144,0.000003,-0.000026,-0.001220,-0.939724,-0.017993,9.763649,1.900700,0.004210,-0.005660
0.012140,-0.000030,-0.001436,-365.0000,-339.8963,-0.870000,-0.004157,2.052373,-0.203056,-0.001403,58.40488,0.008139,0.000288,0.001414,0.014291,0.000005,-0.000030,-0.001436,-0.931031,-0.012140,9.764275,2.062380,0.004570,-0.007350
0.006864,-0.000027,-0.001626,-365.0000,-339.7963,-0.870000,-0.003589,2.199414,-0.214206,-0.000976,58.27124,0.008930,0.000268,0.001577,0.016195,0.000005,-0.000027,-0.001626,-0.920679,-0.006864,9.765070,2.209810,0.003960,-0.006839
0.002263,-0.000017,-0.001858,-365.0000,-339.6963,-0.870000,-0.002086,2.376339,-0.225721,-0.000549,58.06961,0.009710,0.000168,0.001758,0.018506,0.000003,-0.000017,-0.001858,-0.907592,-0.002263,9.766067,2.387030,0.002340,-0.004900
0.000096,0.000001,-0.002153,-365.0000,-339.5963,-0.870000,0.000146,2.582776,-0.239441,-0.000427,57.78830,0.010289,-0.000014,0.001988,0.021444,0.000002,0.000001,-0.002153,-0.894797,-0.000096,9.766953,2.593850,0.000050,-0.002860
0.001058,0.000016,-0.002388,-365.0000,-339.4963,-0.870000,0.001723,2.730055,-0.250463,-0.000549,57.59656,0.010550,-0.000165,0.002182,0.023791,0.000001,0.000016,-0.002388,-0.889034,-0.001058,9.767243,2.741520,-0.001460,-0.002020
0.005144,0.000033,-0.002795,-365.0000,-339.3963,-0.870000,0.003302,2.950601,-0.269355,-0.000976,57.22870,0.010829,-0.000345,0.002541,0.027832,0.000001,0.000033,-0.002795,-0.886689,-0.005144,9.767050,2.962870,-0.002870,-0.001560
0.008563,0.000034,-0.003101,-365.0000,-339.2963,-0.870000,0.003305,3.097347,-0.283550,-0.001373,56.99664,0.011009,-0.000367,0.002827,0.030882,0.000001,0.000034,-0.003101,-0.888838,-0.008563,9.766545,3.110300,-0.002820,-0.001750
0.011597,0.000027,-0.003429,-365.0000,-339.1963,-0.870000,0.002696,3.244032,-0.298094,-0.001678,56.74841,0.011190,-0.000319,0.003138,0.034154,0.000001,0.000027,-0.003429,-0.893137,-0.011597,9.765821,3.257700,-0.002090,-0.001510
0.013561,0.000017,-0.003774,-365.0000,-339.0963,-0.870000,0.001758,3.390697,-0.312414,-0.001922,56.48413,0.011319,-0.000225,0.003463,0.037589,0.000001,0.000017,-0.003774,-0.898120,-0.013561,9.765017,3.405060,-0.000990,-0.000680
0.013776,-0.000002,-0.004375,-365.0000,-338.9963,-0.870000,0.000116,3.625107,-0.335619,-0.002105,55.96768,0.011330,-0.000032,0.004034,0.043572,-0.000000,-0.000002,-0.004375,-0.905057,-0.013775,9.763776,3.640610,0.000740,0.000260
0.011932,-0.000015,-0.004871,-365.0000,-338.8963,-0.870000,-0.000864,3.800511,-0.353869,-0.001983,55.57831,0.011339,0.000099,0.004516,0.048502,0.000001,-0.000015,-0.004871,-0.907791,-0.011932,9.763028,3.816950,0.001650,-0.000660
0.009400,-0.000023,-0.005352,-365.0000,-338.7963,-0.870000,-0.001399,3.961096,-0.370551,-0.001861,55.20950,0.011519,0.000181,0.004985,0.053290,0.000003,-0.000023,-0.005352,-0.908082,-0.009400,9.762524,3.978390,0.002180,-0.002290
0.006764,-0.000024,-0.005803,-365.0000,-338.6963,-0.870000,-0.001481,4.107044,-0.385025,-0.001739,54.86636,0.011849,0.000202,0.005416,0.057775,0.000005,-0.000024,-0.005803,-0.906712,-0.006764,9.762201,4.125050,0.002250,-0.003770
0.003540,-0.000023,-0.006345,-365.0000,-338.5963,-0.870000,-0.001501,4.282321,-0.400441,-0.001525,54.41348,0.012420,0.000217,0.005908,0.063183,0.000007,-0.000023,-0.006345,-0.902510,-0.003540,9.762049,4.301000,0.002130,-0.004770
0.001191,-0.000019,-0.006793,-365.0000,-338.4962,-0.870000,-0.001244,4.428496,-0.411600,-0.001373,54.03510,0.012950,0.000185,0.006286,0.067640,0.000007,-0.000019,-0.006793,-0.897137,-0.001191,9.762097,4.447580,0.001760,-0.004880
-0.000486,-0.000002,-0.007295,-365.0000,-338.3962,-0.870000,-0.000266,4.589269,-0.423014,-0.001281,53.59039,0.013549,0.000026,0.006696,0.072649,0.000007,-0.000002,-0.007295,-0.889809,0.000486,9.762265,4.608720,0.000800,-0.005000
-0.000704,0.000020,-0.008011,-365.0000,-338.2962,-0.870000,0.000958,4.808391,-0.437715,-0.001373,52.91638,0.014369,-0.000197,0.007263,0.079785,0.000008,0.000020,-0.008011,-0.879257,0.000704,9.762505,4.828270,-0.000400,-0.004980
0.000357,0.000033,-0.008719,-365.0000,-338.1962,-0.870000,0.001583,5.012722,-0.451252,-0.001556,52.26144,0.015130,-0.000332,0.007817,0.086843,0.000008,0.000033,-0.008719,-0.869779,-0.000357,9.762646,5.032990,-0.000950,-0.005030
0.001627,0.000033,-0.009299,-365.0000,-338.0962,-0.870000,0.001586,5.173159,-0.461704,-0.001739,51.74634,0.015729,-0.000352,0.008267,0.092628,0.000008,0.000033,-0.009299,-0.863037,-0.001627,9.762664,5.193720,-0.000880,-0.004800
0.002510,0.000030,-0.009853,-365.0000,-337.9962,-0.870000,0.001392,5.318908,-0.471337,-0.001861,51.27039,0.016240,-0.000329,0.008697,0.098144,0.000008,0.000030,-0.009853,-0.857662,-0.002510,9.762582,5.339750,-0.000560,-0.004510
0.002914,0.000017,-0.010818,-365.0000,-337.8962,-0.870000,0.000679,5.551548,-0.487487,-0.002105,50.41565,0.016990,-0.000201,0.009463,0.107772,0.000008,0.000017,-0.010818,-0.850822,-0.002914,9.762215,5.572910,0.000190,-0.004160
0.002725,0.000011,-0.011190,-365.0000,-337.7962,-0.870000,0.000382,5.638320,-0.493792,-0.002166,50.14706,0.017259,-0.000141,0.009762,0.111476,0.000008,0.000011,-0.011190,-0.848671,-0.002725,9.762030,5.659900,0.000500,-0.004160
0.001078,-0.000003,-0.012268,-365.0000,-337.6962,-0.870000,-0.000360,5.868159,-0.510597,-0.002166,49.23654,0.017989,0.000023,0.010634,0.122220,0.000008,-0.000003,-0.012268,-0.843491,-0.001078,9.761400,5.890330,0.001220,-0.004140
-0.000677,-0.000006,-0.013050,-365.0000,-337.5962,-0.870000,-0.000578,6.024773,-0.522310,-0.002105,48.61850,0.018500,0.000078,0.011271,0.130016,0.000009,-0.000006,-0.013050,-0.840167,0.000677,9.760905,6.047370,0.001400,-0.004400
-0.002145,-0.000004,-0.013716,-365.0000,-337.4962,-0.870000,-0.000573,6.152092,-0.532005,-0.001983,48.11700,0.018970,0.000081,0.011817,0.136661,0.000011,-0.000004,-0.013716,-0.837135,0.002145,9.760499,6.175050,0.001350,-0.005070
-0.003812,0.000000,-0.014548,-365.0000,-337.3962,-0.870000,-0.000471,6.306856,-0.542820,-0.001983,47.46487,0.019620,0.000054,0.012475,0.144946,0.000013,0.000000,-0.014548,-0.832344,0.003812,9.760076,6.330170,0.001140,-0.005740
-0.005289,0.000010,-0.015460,-365.0000,-337.2962,-0.870000,-0.000189,6.474700,-0.552999,-0.001861,46.72308,0.020399,-0.000019,0.013157,0.154048,0.000014,0.000010,-0.015460,-0.825696,0.005289,9.759727,6.498270,0.000810,-0.006060
-0.006084,0.000023,-0.016297,-365.0000,-337.1962,-0.870000,0.000204,6.627640,-0.560892,-0.001861,46.03217,0.021129,-0.000136,0.013742,0.162388,0.000014,0.000023,-0.016297,-0.818364,0.006084,9.759504,6.651330,0.000430,-0.006040
-0.006391,0.000036,-0.017073,-365.0000,-337.0962,-0.870000,0.000547,6.765851,-0.567541,-0.001983,45.39722,0.021800,-0.000251,0.014271,0.170137,0.000015,0.000036,-0.017073,-0.811129,0.006391,9.759333,6.789609,0.000100,-0.006160
-0.006399,0.000044,-0.018047,-365.0000,-336.9962,-0.870000,0.000733,6.930642,-0.575114,-0.002044,44.59534,0.022620,-0.000327,0.014924,0.179851,0.000016,0.000044,-0.018047,-0.802133,0.006399,9.759101,6.954460,-0.000140,-0.006480
-0.006113,0.000051,-0.018963,-365.0000,-336.8961,-0.870000,0.000867,7.080699,-0.581452,-0.002166,43.84967,0.023419,-0.000393,0.015520,0.189003,0.000018,0.000051,-0.018963,-0.793331,0.006113,9.758902,7.104530,-0.000190,-0.006920
-0.005923,0.000056,-0.019892,-365.0000,-336.7961,-0.870000,0.000944,7.229885,-0.586725,-0.002227,43.08606,0.024260,-0.000443,0.016090,0.198272,0.000019,0.000056,-0.019892,-0.784139,0.005923,9.758715,7.253650,-0.000180,-0.006930
-0.005629,0.000055,-0.021328,-365.0000,-336.6961,-0.870000,0.000782,7.445227,-0.593718,-0.002410,41.89798,0.025459,-0.000431,0.016954,0.212614,0.000019,0.000055,-0.021328,-0.770937,0.005629,9.758327,7.468860,-0.000070,-0.006770
-0.005628,0.000053,-0.022451,-365.0000,-336.5961,-0.870000,0.000628,7.605467,-0.598531,-0.002471,41.00732,0.026340,-0.000404,0.017614,0.223826,0.000019,0.000053,-0.022451,-0.761059,0.005628,9.757979,7.628980,0.000100,-0.006680
-0.005828,0.000057,-0.023426,-365.0000,-336.4961,-0.870000,0.000648,7.738155,-0.602460,-0.002563,40.26575,0.027069,-0.000439,0.018183,0.233557,0.000019,0.000057,-0.023426,-0.753136,0.005828,9.757618,7.761570,0.000170,-0.006590
-0.006031,0.000064,-0.024562,-365.0000,-336.3961,-0.870000,0.000693,7.883254,-0.606802,-0.002655,39.42331,0.027849,-0.000491,0.018851,0.244904,0.000020,0.000064,-0.024562,-0.744822,0.006031,9.757118,7.906570,0.000140,-0.006500
-0.006234,0.000071,-0.026255,-365.0000,-336.2961,-0.870000,0.000703,8.079676,-0.612951,-0.002807,38.21017,0.028919,-0.000550,0.019861,0.261807,0.000021,0.000071,-0.026255,-0.734158,0.006234,9.756230,8.102890,0.000070,-0.006550
-0.006339,0.000077,-0.027426,-365.0000,-336.1961,-0.870000,0.000746,8.209759,-0.616750,-0.002838,37.41693,0.029640,-0.000602,0.020546,0.273499,0.000021,0.000077,-0.027426,-0.727114,0.006339,9.755586,8.232890,0.000040,-0.006529
-0.006257,0.000093,-0.028801,-365.0000,-336.0961,-0.870000,0.000973,8.351989,-0.620972,-0.002929,36.51797,0.030420,-0.000753,0.021355,0.287226,0.000022,0.000093,-0.028801,-0.719776,0.006257,9.754753,8.375040,-0.000090,-0.006480
-0.006167,0.000100,-0.030263,-365.0000,-335.9961,-0.870000,0.000983,8.493357,-0.625144,-0.003051,35.60199,0.031199,-0.000818,0.022215,0.301825,0.000023,0.000100,-0.030263,-0.712535,0.006166,9.753821,8.516330,-0.000170,-0.006570
-0.005979,0.000109,-0.031783,-365.0000,-335.8961,-0.870000,0.001007,8.633930,-0.628462,-0.003173,34.66904,0.031999,-0.000897,0.023073,0.316991,0.000024,0.000109,-0.031783,-0.704609,0.005979,9.752876,8.656770,-0.000180,-0.006680
-0.005606,0.000126,-0.034013,-365.0000,-335.7961,-0.870000,0.001124,8.824338,-0.632022,-0.003356,33.33334,0.033090,-0.001068,0.024299,0.339268,0.000025,0.000126,-0.034013,-0.693453,0.005605,9.751442,8.846940,-0.000190,-0.006640
-0.005326,0.000139,-0.035546,-365.0000,-335.6961,-0.870000,0.001218,8.950452,-0.633622,-0.003479,32.45895,0.033810,-0.001203,0.025101,0.354580,0.000025,0.000139,-0.035546,-0.685820,0.005326,9.750448,8.972850,-0.000270,-0.006320
-0.004948,0.000153,-0.037492,-365.0000,-335.5961,-0.870000,0.001263,9.100842,-0.634612,-0.003631,31.37155,0.034580,-0.001347,0.026081,0.374020,0.000022,0.000153,-0.037492,-0.676526,0.004948,9.749149,9.122940,-0.000390,-0.005460
-0.004282,0.000171,-0.039832,-365.0000,-335.4961,-0.870000,0.001339,9.262427,-0.636207,-0.003814,30.16309,0.035299,-0.001545,0.027295,0.397387,0.000020,0.000171,-0.039832,-0.667132,0.004282,9.747456,9.284250,-0.000450,-0.004820
-0.003813,0.000191,-0.041593,-365.0000,-335.3961,-0.870000,0.001484,9.373426,-0.638115,-0.003967,29.34387,0.035779,-0.001761,0.028250,0.414972,0.000022,0.000191,-0.041593,-0.661062,0.003813,9.746106,9.395120,-0.000490,-0.005000
-0.003248,0.000213,-0.043704,-365.0000,-335.2961,-0.870000,0.001587,9.496000,-0.640132,-0.004180,28.40967,0.036359,-0.001999,0.029395,0.436055,0.000025,0.000213,-0.043704,-0.654110,0.003248,9.744462,9.517550,-0.000580,-0.005510
-0.002299,0.000243,-0.046702,-365.0000,-335.1960,-0.870000,0.001724,9.654274,-0.641911,-0.004364,27.14532,0.037169,-0.002335,0.030984,0.465996,0.000029,0.000243,-0.046702,-0.644709,0.002299,9.742087,9.675590,-0.000700,-0.006020
-0.001346,0.000269,-0.049340,-365.0000,-335.0960,-0.870000,0.001799,9.787314,-0.641587,-0.004547,26.07339,0.037889,-0.002637,0.032275,0.492349,0.000029,0.000269,-0.049340,-0.635899,0.001346,9.740026,9.808320,-0.000760,-0.005780
-0.000407,0.000309,-0.052207,-365.0000,-334.9960,-0.870000,0.001973,9.919432,-0.640842,-0.004791,24.98550,0.038549,-0.003083,0.033658,0.520989,0.000026,0.000309,-0.052207,-0.627384,0.000407,9.737708,9.940110,-0.000820,-0.005120
0.000719,0.000357,-0.055761,-365.0000,-334.8960,-0.870000,0.002110,10.06240,-0.640741,-0.005126,23.77167,0.039200,-0.003631,0.035436,0.556489,0.000027,0.000357,-0.055761,-0.618573,-0.000719,9.734715,10.08278,-0.000940,-0.004950
0.002040,0.000407,-0.059774,-365.0000,-334.7960,-0.870000,0.002218,10.20421,-0.640806,-0.005371,22.53922,0.039859,-0.004218,0.037464,0.596564,0.000029,0.000407,-0.059774,-0.609954,-0.002040,9.731242,10.22431,-0.001030,-0.005070
0.003266,0.000453,-0.063455,-365.0000,-334.6960,-0.870000,0.002272,10.32155,-0.640689,-0.005615,21.51462,0.040419,-0.004774,0.039314,0.633339,0.000032,0.000453,-0.063455,-0.602706,-0.003266,9.728010,10.34141,-0.001070,-0.005310
0.004753,0.000534,-0.068394,-365.0000,-334.5960,-0.870000,0.002454,10.46144,-0.639409,-0.005920,20.24835,0.041139,-0.005708,0.041726,0.682670,0.000035,0.000534,-0.068394,-0.593302,-0.004753,9.723645,10.48096,-0.001130,-0.005500
0.006134,0.000621,-0.073448,-365.0000,-334.4960,-0.870000,0.002571,10.58880,-0.637343,-0.006256,19.07990,0.041779,-0.006720,0.044130,0.733147,0.000035,0.000621,-0.073448,-0.584686,-0.006134,9.719107,10.60796,-0.001230,-0.005070
0.007787,0.000732,-0.079924,-365.0000,-334.3960,-0.870000,0.002669,10.72668,-0.635590,-0.006561,17.77872,0.042419,-0.008014,0.047276,0.797838,0.000036,0.000732,-0.079924,-0.575773,-0.007787,9.713159,10.74549,-0.001310,-0.004880
0.009498,0.000882,-0.087502,-365.0000,-334.2960,-0.870000,0.002796,10.86352,-0.633331,-0.006927,16.45959,0.043070,-0.009746,0.050928,0.873530,0.000040,0.000882,-0.087502,-0.566367,-0.009498,9.706126,10.88197,-0.001310,-0.005040
0.011096,0.001048,-0.097294,-365.0000,-334.1960,-0.870000,0.002588,11.01070,-0.629570,-0.007293,15.00211,0.043829,-0.011681,0.055542,0.971349,0.000048,0.001048,-0.097294,-0.555097,-0.011096,9.696978,11.02868,-0.000969,-0.005470
0.011669,0.001161,-0.103004,-365.0000,-334.0960,-0.870000,0.002471,11.08951,-0.626543,-0.007507,14.25479,0.044250,-0.012959,0.058105,1.028389,0.000050,0.001161,-0.103004,-0.548532,-0.011669,9.691636,11.10719,-0.000730,-0.005430
0.012207,0.001408,-0.115013,-365.0000,-333.9960,-0.870000,0.002172,11.22389,-0.620172,-0.007812,12.88834,0.044970,-0.015668,0.063455,1.148357,0.000055,0.001408,-0.115013,-0.536480,-0.012207,9.680294,11.24101,-0.000410,-0.005380
0.012176,0.001733,-0.128664,-365.0000,-333.8960,-0.870000,0.001901,11.34618,-0.613905,-0.008087,11.62878,0.045579,-0.019152,0.069516,1.284737,0.000058,0.001733,-0.128664,-0.525505,-0.012176,9.667237,11.36278,-0.000120,-0.005160
0.011535,0.002376,-0.151576,-365.0000,-333.7960,-0.870000,0.001606,11.50067,-0.603069,-0.008331,9.977295,0.046429,-0.025901,0.079375,1.513644,0.000074,0.002376,-0.151576,-0.508836,-0.011535,9.645205,11.51647,0.000200,-0.005640
0.010564,0.003053,-0.170311,-365.0000,-333.6960,-0.870000,0.001637,11.59929,-0.594447,-0.008483,8.938965,0.046969,-0.032891,0.087170,1.700847,0.000077,0.003053,-0.170311,-0.497566,-0.010564,9.627048,11.61451,0.000300,-0.005270
0.009094,0.004133,-0.198289,-365.0000,-333.5959,-0.870000,0.001527,11.70805,-0.584867,-0.008636,7.762848,0.047530,-0.043994,0.098933,1.980369,0.000087,0.004133,-0.198289,-0.485015,-0.009094,9.599700,11.72265,0.000310,-0.005190
0.006120,0.006716,-0.254497,-365.0000,-333.4959,-0.870000,0.001469,11.84832,-0.571258,-0.008819,6.186340,0.048240,-0.070477,0.122566,2.541933,0.000098,0.006716,-0.254497,-0.468543,-0.006120,9.544292,11.86208,0.000270,-0.004590
0.002899,0.009643,-0.307313,-365.0000,-333.3959,-0.870000,0.001524,11.93356,-0.563751,-0.009002,5.244812,0.048719,-0.100349,0.145023,3.069593,0.000167,0.009643,-0.307313,-0.457401,-0.002899,9.492002,11.94687,0.000230,-0.006520
-0.012274,0.024525,-0.513415,-365.0000,-333.2959,-0.870000,0.001761,12.09242,-0.535910,-0.009277,3.372131,0.050020,-0.251636,0.227334,5.128811,0.000363,0.024525,-0.513415,-0.427020,0.012274,9.287264,12.10429,0.000140,-0.008580
-0.037124,0.049367,-0.779404,-365.0000,-333.1959,-0.870000,0.002084,12.17683,-0.514402,-0.009429,2.409485,0.050720,-0.503361,0.329021,7.786481,0.000451,0.049367,-0.779404,-0.407918,0.037115,9.022084,12.18769,-0.000050,-0.007060
-0.811489,0.737665,-5.753688,-365.0000,-333.0959,-0.870000,0.002034,12.32169,-0.465548,-0.009765,0.632507,0.052379,-7.448806,2.173234,57.48656,0.006650,0.737665,-5.753688,-0.352413,0.725313,4.049731,12.33047,-0.000090,-0.014240
-0.277800,0.286694,-0.679772,-365.0000,-332.9959,-0.870000,0.002319,12.45559,-0.378202,-0.010040,-1.029846,0.054549,-2.875535,0.206736,6.790956,0.000784,0.286694,-0.679772,-0.285626,0.274240,9.126038,12.46132,0.000020,-0.014390
-0.046487,0.058926,-0.014627,-365.0000,-332.8959,-0.870000,0.002244,12.55560,-0.294884,-0.010284,-2.298004,0.056410,-0.589451,0.003522,0.145485,0.000024,0.058926,-0.014627,-0.212835,0.046470,9.793055,12.55904,0.000250,-0.022380
-0.001108,0.017393,-0.051760,-365.0000,-332.7959,-0.870000,0.006690,12.67857,-0.113729,-0.010772,-3.992126,0.061460,-0.174788,0.004732,0.517298,0.000214,0.017393,-0.051760,-0.047658,0.001108,9.758109,12.67898,-0.001960,-0.051860
0.048258,-0.003902,-0.127323,-365.0000,-332.6959,-0.870000,0.037588,12.75585,0.087843,-0.012451,-5.143860,0.068130,0.033256,-0.008867,1.273386,0.000797,-0.003902,-0.127323,0.130286,-0.048239,9.681722,12.75593,-0.022730,-0.080640
0.105097,-0.009535,-0.231877,-365.0000,-332.5959,-0.870000,0.057190,12.85819,0.471356,-0.020172,-6.865234,0.078780,0.072415,-0.085297,2.318063,0.001057,-0.009535,-0.231877,0.405114,-0.104904,9.569334,12.86682,-0.000090,-0.058660
0.140220,-0.016153,-0.258187,-365.0000,-332.4959,-0.870000,0.088874,12.95614,0.732162,-0.030731,-8.602264,0.082509,0.127687,-0.146651,2.579603,-0.000218,-0.016153,-0.258187,0.544153,-0.139761,9.535916,12.97709,0.021830,0.012340
0.147025,-0.018658,-0.228773,-365.0000,-332.3959,-0.870000,0.110809,13.02467,0.738680,-0.039337,-9.640656,0.079580,0.155195,-0.130987,2.286339,-0.000825,-0.018658,-0.228773,0.517195,-0.146496,9.566705,13.04591,0.040620,0.050390
0.136418,-0.022003,-0.167133,-365.0000,-332.2959,-0.870000,0.145585,13.11009,0.601340,-0.052093,-10.82849,0.073679,0.199359,-0.078909,1.672078,-0.000726,-0.022003,-0.167133,0.400586,-0.135996,9.633992,13.12437,0.061940,0.065220
0.096689,-0.027776,-0.056693,-365.0000,-332.1959,-0.870000,0.211327,13.23785,0.201937,-0.077178,-12.60248,0.065499,0.273556,-0.013044,0.568821,0.000023,-0.027776,-0.056693,0.119800,-0.096538,9.752334,13.24068,0.094560,0.040940
0.055542,-0.031676,0.003294,-365.0000,-332.0959,-0.870000,0.257760,13.31196,-0.077946,-0.097686,-13.66388,0.063029,0.316787,-0.006322,-0.032202,0.000293,-0.031676,0.003294,-0.068768,-0.055513,9.813023,13.31412,0.121730,0.016080
-0.031020,-0.037125,0.068918,-365.0000,-331.9958,-0.870000,0.332108,13.42568,-0.452496,-0.139953,-15.46509,0.062479,0.365478,-0.032347,-0.691525,0.000499,-0.037125,0.068918,-0.327093,0.031015,9.873211,13.43606,0.190190,-0.005140
-0.074265,-0.038013,0.090201,-365.0000,-331.8958,-0.870000,0.364854,13.49526,-0.606603,-0.170562,-16.54361,0.063169,0.367855,-0.050655,-0.905695,0.000656,-0.038013,0.090201,-0.436626,0.074196,9.889809,13.51149,0.250580,-0.007200
-0.106720,-0.036293,0.099530,-365.0000,-331.7958,-0.870000,0.407970,13.63264,-0.730417,-0.234252,-18.67142,0.063039,0.345320,-0.063889,-0.999564,0.001038,-0.036293,0.099530,-0.533929,0.106517,9.893891,13.65337,0.366450,0.008820
-0.091617,-0.035353,0.090620,-365.0000,-331.6958,-0.870000,0.454711,13.76521,-0.722927,-0.300170,-20.67181,0.059690,0.338661,-0.058981,-0.910054,0.001326,-0.035353,0.090620,-0.539028,0.091489,9.884905,13.78467,0.438540,0.030740
-0.050710,-0.036189,0.086961,-365.0000,-331.5958,-0.870000,0.512559,13.88102,-0.741320,-0.368682,-22.53998,0.054199,0.350844,-0.059535,-0.872215,0.001407,-0.036189,0.086961,-0.546391,0.050688,9.881269,13.90239,0.466480,0.030920
-0.036361,-0.037198,0.087820,-365.0000,-331.4958,-0.870000,0.548534,13.94013,-0.772848,-0.409362,-23.50644,0.052079,0.361746,-0.063039,-0.880319,0.001393,-0.037198,0.087820,-0.560509,0.036353,9.881439,13.96446,0.467560,0.023550
-0.011919,-0.038992,0.093929,-365.0000,-331.3958,-0.870000,0.625634,14.06089,-0.886763,-0.506073,-25.70715,0.050590,0.380327,-0.076217,-0.940207,0.001195,-0.038992,0.093929,-0.612999,0.011919,9.884550,14.09559,0.447910,-0.006590
0.007833,-0.038857,0.099684,-365.0000,-331.2958,-0.870000,0.687488,14.18087,-1.007772,-0.614410,-27.92877,0.053530,0.379652,-0.089210,-0.996334,0.000918,-0.038857,0.099684,-0.675043,-0.007833,9.886319,14.22731,0.410080,-0.028800
0.016541,-0.038360,0.102071,-365.0000,-331.1958,-0.870000,0.711910,14.23667,-1.062496,-0.668212,-28.91934,0.056149,0.375146,-0.094844,-1.019487,0.000752,-0.038360,0.102071,-0.702315,-0.016540,9.886821,14.28876,0.385200,-0.039400
0.029367,-0.036503,0.104743,-365.0000,-331.0958,-0.870000,0.746157,14.34180,-1.152671,-0.772522,-30.85687,0.062870,0.357569,-0.102590,-1.044987,0.000465,-0.036503,0.104743,-0.749071,-0.029363,9.886065,14.40340,0.334640,-0.052570
0.038162,-0.034436,0.105565,-365.0000,-330.9958,-0.870000,0.759396,14.41657,-1.204224,-0.847045,-32.17685,0.068079,0.337919,-0.105710,-1.052439,0.000334,-0.034436,0.105565,-0.779912,-0.038152,9.884486,14.48347,0.301140,-0.052320
0.054340,-0.031147,0.107750,-365.0000,-330.8958,-0.870000,0.774460,14.53023,-1.298034,-0.965026,-34.30109,0.076529,0.306921,-0.112210,-1.072967,0.000064,-0.031147,0.107750,-0.829849,-0.054313,9.882555,14.60646,0.244690,-0.061990
0.061715,-0.029039,0.110300,-365.0000,-330.7958,-0.870000,0.784033,14.60805,-1.378377,-1.050720,-35.80106,0.084259,0.286730,-0.118949,-1.097532,-0.000209,-0.029039,0.110300,-0.866577,-0.061676,9.881914,14.69229,0.199900,-0.080480
0.062082,-0.026393,0.114439,-365.0000,-330.6958,-0.870000,0.795146,14.71220,-1.505216,-1.172272,-37.95642,0.099409,0.260394,-0.130478,-1.137764,-0.000686,-0.026393,0.114439,-0.918343,-0.062042,9.881360,14.80926,0.134840,-0.119950
0.054875,-0.024000,0.119022,-365.0000,-330.5958,-0.870000,0.803324,14.81045,-1.645707,-1.295349,-40.12921,0.121690,0.235674,-0.144168,-1.182395,-0.001264,-0.024000,0.119022,-0.969892,-0.054848,9.881037,14.92207,0.071580,-0.172940
0.049260,-0.022889,0.121500,-365.0000,-330.4958,-0.870000,0.806645,14.85738,-1.719731,-1.357391,-41.17194,0.136070,0.223893,-0.151810,-1.206525,-0.001585,-0.022889,0.121500,-0.995493,-0.049240,9.880985,14.97688,0.041720,-0.203270
0.036113,-0.020985,0.125695,-365.0000,-330.3958,-0.870000,0.811049,14.94092,-1.860663,-1.473114,-43.20514,0.169250,0.203183,-0.166349,-1.247198,-0.002217,-0.020985,0.125695,-1.041887,-0.036105,9.880435,15.07584,-0.009079,-0.264420
0.028021,-0.020021,0.128032,-365.0000,-330.2957,-0.870000,0.812755,14.98379,-1.938843,-1.535767,-44.25955,0.190830,0.192449,-0.174747,-1.269813,-0.002579,-0.020021,0.128032,-1.066827,-0.028018,9.880131,15.12755,-0.033410,-0.299510
0.010354,-0.018249,0.132441,-365.0000,-330.1957,-0.870000,0.814338,15.06482,-2.101604,-1.661377,-46.47998,0.242260,0.172187,-0.192363,-1.312191,-0.003334,-0.018249,0.132441,-1.118377,-0.010354,9.878862,15.22773,-0.074630,-0.373120
-0.001922,-0.017172,0.135450,-365.0000,-330.0957,-0.870000,0.814033,15.11328,-2.211814,-1.742249,-47.87970,0.281440,0.159510,-0.204844,-1.340992,-0.003857,-0.017172,0.135450,-1.153102,0.001922,9.877882,15.28979,-0.095330,-0.423340
-0.020687,-0.015628,0.140058,-365.0000,-329.9957,-0.870000,0.811891,15.18275,-2.391424,-1.868164,-50.12448,0.352530,0.140878,-0.225644,-1.384751,-0.004729,-0.015628,0.140058,-1.209098,0.020686,9.875781,15.38258,-0.118010,-0.506310
-0.029994,-0.014776,0.142867,-365.0000,-329.8957,-0.870000,0.809897,15.21888,-2.498913,-1.940033,-51.37064,0.399030,0.130566,-0.238676,-1.411273,-0.005277,-0.014776,0.142867,-1.242059,0.029989,9.874488,15.43336,-0.125860,-0.557050
-0.038983,-0.013340,0.147810,-365.0000,-329.7957,-0.870000,0.805573,15.27523,-2.697707,-2.065582,-53.63693,0.491349,0.113892,-0.263405,-1.457470,-0.006300,-0.013340,0.147810,-1.304173,0.038973,9.871435,15.51837,-0.131560,-0.649630
-0.042975,-0.012023,0.152901,-365.0000,-329.6957,-0.870000,0.801017,15.32277,-2.908067,-2.190826,-55.91583,0.598150,0.098851,-0.290705,-1.504514,-0.007416,-0.012023,0.152901,-1.370991,0.042962,9.867517,15.59847,-0.128700,-0.746440
-0.043661,-0.011305,0.155985,-365.0000,-329.5957,-0.870000,0.798282,15.34571,-3.033620,-2.262146,-57.18063,0.665980,0.090715,-0.307737,-1.532832,-0.008110,-0.011305,0.155985,-1.411019,0.043647,9.864999,15.64189,-0.123900,-0.804290
-0.041914,-0.010178,0.161338,-365.0000,-329.4957,-0.870000,0.793801,15.37770,-3.263618,-2.386810,-59.47787,0.797129,0.078026,-0.339648,-1.581396,-0.009419,-0.010178,0.161338,-1.484622,0.041902,9.859647,15.71349,-0.111110,-0.910440
-0.030268,-0.009163,0.166546,-365.0000,-329.3957,-0.870000,0.791075,15.39716,-3.490173,-2.502228,-61.61331,0.933990,0.068023,-0.372525,-1.628005,-0.010780,-0.009163,0.166546,-1.557226,0.030264,9.853809,15.77462,-0.095970,-1.015790
-0.020100,-0.008553,0.169851,-365.0000,-329.2957,-0.870000,0.790116,15.40441,-3.634036,-2.573212,-62.89316,1.025780,0.062494,-0.394174,-1.657290,-0.011678,-0.008553,0.169851,-1.603540,0.020099,9.849792,15.80970,-0.086040,-1.082710
-0.000455,-0.007665,0.175085,-365.0000,-329.1957,-0.870000,0.790070,15.40796,-3.875499,-2.688568,-65.04172,1.187680,0.055084,-0.431153,-1.702923,-0.013232,-0.007665,0.175085,-1.681226,0.000455,9.842237,15.86235,-0.069900,-1.195780
0.016302,-0.007031,0.179081,-365.0000,-329.0957,-0.870000,0.791086,15.40408,-4.065584,-2.777313,-66.67621,1.323370,0.050209,-0.461078,-1.737208,-0.014511,-0.007031,0.179081,-1.741926,-0.016301,9.835792,15.89915,-0.058060,-1.286100
0.043037,-0.006200,0.184821,-365.0000,-328.9957,-0.870000,0.794531,15.38713,-4.357738,-2.910797,-69.18509,1.545480,0.044494,-0.507886,-1.785229,-0.016509,-0.006200,0.184821,-1.836837,-0.043024,9.824384,15.94859,-0.042080,-1.423230
0.061478,-0.005698,0.188756,-365.0000,-328.8957,-0.870000,0.798040,15.36721,-4.559740,-3.000092,-70.82855,1.706320,0.041353,-0.541449,-1.817554,-0.017952,-0.005698,0.188756,-1.902727,-0.061440,9.815834,15.97724,-0.033040,-1.518570
0.084777,-0.005117,0.193985,-365.0000,-328.7957,-0.870000,0.803931,15.32900,-4.847274,-3.125732,-73.17429,1.949190,0.037792,-0.589878,-1.859163,-0.020046,-0.005117,0.193985,-1.997347,-0.084676,9.802319,16.01200,-0.022850,-1.654090
0.091772,-0.004884,0.197104,-365.0000,-328.6956,-0.870000,0.806696,15.30040,-5.017004,-3.197906,-74.47404,2.097460,0.035452,-0.619500,-1.883596,-0.021351,-0.004884,0.197104,-2.052717,-0.091643,9.794091,16.02841,-0.018150,-1.735840
0.092661,-0.004700,0.201907,-365.0000,-328.5956,-0.870000,0.809448,15.24436,-5.297639,-3.315826,-76.65132,2.353870,0.031333,-0.668853,-1.919889,-0.023551,-0.004700,0.201907,-2.144562,-0.092528,9.779469,16.05013,-0.011260,-1.871910
0.089336,-0.004646,0.204560,-365.0000,-328.4956,-0.870000,0.809965,15.20899,-5.451578,-3.379669,-77.77872,2.500040,0.028669,-0.696752,-1.939563,-0.024804,-0.004646,0.204560,-2.195113,-0.089217,9.771101,16.05920,-0.007600,-1.947120
0.077442,-0.004643,0.209451,-365.0000,-328.3956,-0.870000,0.808706,15.12786,-5.762949,-3.508087,-80.13521,2.809790,0.023013,-0.753183,-1.973892,-0.027365,-0.004643,0.209451,-2.298101,-0.077365,9.752750,16.07198,0.000080,-2.099830
0.062688,-0.004682,0.214279,-365.0000,-328.2956,-0.870000,0.804919,15.03050,-6.083198,-3.637207,-82.49298,3.143370,0.016730,-0.812720,-2.005875,-0.030098,-0.004682,0.214279,-2.404913,-0.062647,9.732315,16.07696,0.008260,-2.258440
0.048778,-0.004713,0.218713,-365.0000,-328.1956,-0.870000,0.799358,14.92473,-6.388423,-3.757690,-84.67537,3.475220,0.010440,-0.870941,-2.033399,-0.032796,-0.004713,0.218713,-2.507894,-0.048759,9.711239,16.07441,0.015940,-2.410740
0.038079,-0.004729,0.222052,-365.0000,-328.0956,-0.870000,0.793829,14.83379,-6.626131,-3.850647,-86.33049,3.745400,0.005324,-0.917242,-2.052773,-0.034966,-0.004729,0.222052,-2.588671,-0.038070,9.693777,16.06775,0.021570,-2.530620
0.025432,-0.004744,0.225853,-365.0000,-327.9956,-0.870000,0.785680,14.71358,-6.914082,-3.962372,-88.33534,4.087050,-0.000984,-0.973965,-2.072770,-0.037647,-0.004744,0.225853,-2.687642,-0.025429,9.671128,16.05446,0.027650,-2.676720
0.012943,-0.004749,0.229448,-365.0000,-327.8956,-0.870000,0.775959,14.58129,-7.203942,-4.074249,-90.33806,4.448100,-0.007487,-1.031872,-2.089390,-0.040427,-0.004749,0.229448,-2.787943,-0.012942,9.646837,16.03514,0.032690,-2.826010
0.000524,-0.004748,0.232831,-365.0000,-327.7956,-0.870000,0.764730,14.43673,-7.495218,-4.186157,-92.33783,4.828870,-0.014133,-1.090834,-2.102525,-0.043293,-0.004748,0.232831,-2.889914,-0.000524,9.620742,16.00982,0.036460,-2.977700
-0.005813,-0.004671,0.235549,-365.0000,-327.6956,-0.870000,0.755361,14.30609,-7.739570,-4.279297,-93.98485,5.161560,-0.019452,-1.141158,-2.111254,-0.045768,-0.004671,0.235549,-2.976388,0.005813,9.597572,15.98387,0.038430,-3.106480
-0.010909,-0.004590,0.237882,-365.0000,-327.5956,-0.870000,0.746537,14.18108,-7.959676,-4.362946,-95.45451,5.473040,-0.024180,-1.187022,-2.117083,-0.048035,-0.004590,0.237882,-3.055511,0.010909,9.575491,15.95706,0.038980,-3.222940
-0.019151,-0.004466,0.241087,-365.0000,-327.4956,-0.870000,0.731373,13.97295,-8.300794,-4.492889,-97.79057,5.980480,-0.031418,-1.258104,-2.120569,-0.051604,-0.004466,0.241087,-3.179747,0.019150,9.538952,15.90848,0.037550,-3.405910
-0.023491,-0.004286,0.243849,-365.0000,-327.3956,-0.870000,0.717153,13.76199,-8.619041,-4.612946,-99.94537,6.477020,-0.037782,-1.325533,-2.119616,-0.055055,-0.004286,0.243849,-3.297323,0.023489,9.502522,15.85482,0.033940,-3.580230
-0.022672,-0.004106,0.245476,-365.0000,-327.2956,-0.870000,0.709305,13.62439,-8.813969,-4.686493,-101.2289,6.795001,-0.041347,-1.367609,-2.117340,-0.057236,-0.004106,0.245476,-3.370329,0.022670,9.479045,15.81790,0.030530,-3.688680
-0.015548,-0.003760,0.247498,-365.0000,-327.1956,-0.870000,0.700268,13.40956,-9.101208,-4.796417,-103.1980,7.289610,-0.045544,-1.429057,-2.109052,-0.060447,-0.003760,0.247498,-3.480425,0.015548,9.442033,15.75826,0.023500,-3.849070
-0.005468,-0.003420,0.248875,-365.0000,-327.0956,-0.870000,0.695858,13.24033,-9.314304,-4.878479,-104.6445,7.674410,-0.047963,-1.475161,-2.100532,-0.062893,-0.003420,0.248875,-3.563375,0.005468,9.413080,15.70938,0.016550,-3.970130
0.012617,-0.002864,0.250564,-365.0000,-326.9955,-0.870000,0.691079,12.96359,-9.640937,-5.005493,-106.9400,8.296730,-0.050842,-1.545373,-2.081614,-0.066693,-0.002864,0.250564,-3.692939,-0.012617,9.365735,15.62626,0.002990,-4.159320
0.030343,-0.002330,0.251820,-365.0000,-326.8955,-0.870000,0.687899,12.67121,-9.960122,-5.131744,-109.2222,8.948080,-0.053123,-1.613994,-2.056982,-0.070502,-0.002330,0.251820,-3.822731,-0.030338,9.315821,15.53455,-0.012940,-4.349070
0.046813,-0.001833,0.252652,-365.0000,-326.7955,-0.870000,0.685487,12.36343,-10.27111,-5.257477,-111.4898,9.628460,-0.055075,-1.680729,-2.026785,-0.074302,-0.001833,0.252652,-3.952877,-0.046796,9.263243,15.43431,-0.029750,-4.538860
0.052225,-0.001627,0.253024,-365.0000,-326.6955,-0.870000,0.683127,12.20299,-10.42414,-5.320099,-112.5676,9.979600,-0.056389,-1.714245,-2.010472,-0.076250,-0.001627,0.253024,-4.018163,-0.052202,9.236056,15.38051,-0.038020,-4.634750
0.056627,-0.001381,0.253264,-365.0000,-326.5955,-0.870000,0.676608,11.91985,-10.68039,-5.427124,-114.4769,10.59856,-0.058931,-1.769162,-1.978207,-0.079511,-0.001381,0.253264,-4.130276,-0.056597,9.187714,15.28360,-0.051010,-4.797970
0.051600,-0.001276,0.253054,-365.0000,-326.4955,-0.870000,0.661661,11.55336,-10.98827,-5.560333,-116.8701,11.40203,-0.063280,-1.833968,-1.932092,-0.083463,-0.001276,0.253054,-4.270714,-0.051577,9.124385,15.15501,-0.063560,-4.998160
0.047083,-0.001268,0.252889,-365.0000,-326.3955,-0.870000,0.652675,11.37699,-11.12753,-5.622223,-117.9262,11.78823,-0.065723,-1.863724,-1.909360,-0.085321,-0.001268,0.252889,-4.336073,-0.047065,9.093993,15.09162,-0.067400,-5.091380
0.037646,-0.001291,0.252024,-365.0000,-326.2955,-0.870000,0.632289,11.01653,-11.39524,-5.745483,-120.1235,12.58189,-0.070578,-1.918717,-1.858865,-0.088884,-0.001291,0.252024,-4.465714,-0.037638,9.031440,14.95926,-0.070910,-5.275500
0.031990,-0.001310,0.251288,-365.0000,-326.1955,-0.870000,0.618035,10.77997,-11.55925,-5.824280,-121.4894,13.10687,-0.073769,-1.952149,-1.824487,-0.091122,-0.001310,0.251288,-4.548188,-0.031984,8.990266,14.87037,-0.070400,-5.391960
0.024623,-0.001359,0.249819,-365.0000,-326.0955,-0.870000,0.596152,10.43219,-11.78461,-5.937408,-123.4911,13.88524,-0.078198,-1.996368,-1.771218,-0.094214,-0.001359,0.249819,-4.665983,-0.024620,8.929364,14.73685,-0.066370,-5.557330
0.018739,-0.001414,0.247971,-365.0000,-325.9955,-0.870000,0.573357,10.07902,-11.99522,-6.049652,-125.4734,14.68682,-0.082385,-2.036078,-1.714759,-0.097139,-0.001414,0.247971,-4.781956,-0.018738,8.867038,14.59792,-0.059160,-5.718200
0.016372,-0.001431,0.246908,-365.0000,-325.8955,-0.870000,0.560873,9.886887,-12.10249,-6.109680,-126.4864,15.12781,-0.084601,-2.056231,-1.683717,-0.098670,-0.001431,0.246908,-4.843792,-0.016371,8.832926,14.52106,-0.054290,-5.802700
0.014269,-0.001454,0.245342,-365.0000,-325.7955,-0.870000,0.544965,9.638325,-12.23387,-6.186493,-127.8085,15.70420,-0.087197,-2.079734,-1.642381,-0.100539,-0.001454,0.245342,-4.922484,-0.014268,8.788455,14.42024,-0.047370,-5.909000
0.011760,-0.001499,0.242738,-365.0000,-325.6955,-0.870000,0.521478,9.276157,-12.41105,-6.296478,-129.7451,16.55494,-0.090614,-2.109240,-1.580276,-0.103051,-0.001499,0.242738,-5.034715,-0.011760,8.722992,14.27061,-0.036630,-6.058190
0.008719,-0.001561,0.240076,-365.0000,-325.5955,-0.870000,0.498566,8.940384,-12.56072,-6.397034,-131.5060,17.35868,-0.093638,-2.132307,-1.521436,-0.105183,-0.001561,0.240076,-5.136736,-0.008719,8.661448,14.12913,-0.026540,-6.190130
0.004490,-0.001649,0.236896,-365.0000,-325.4955,-0.870000,0.472413,8.575617,-12.70782,-6.505005,-133.4006,18.24862,-0.096734,-2.152591,-1.456229,-0.107300,-0.001649,0.236896,-5.244644,-0.004490,8.594157,13.97162,-0.015850,-6.328240
-0.000161,-0.001745,0.233152,-365.0000,-325.3954,-0.870000,0.443704,8.183770,-12.84818,-6.619904,-135.4234,19.22846,-0.099694,-2.168812,-1.384888,-0.109328,-0.001745,0.233152,-5.357697,0.000161,8.521139,13.79802,-0.005080,-6.470030
-0.003215,-0.001801,0.229442,-365.0000,-325.2954,-0.870000,0.417861,7.820593,-12.96262,-6.725372,-137.2706,20.15727,-0.101957,-2.179250,-1.318070,-0.111000,-0.001801,0.229442,-5.460172,0.003214,8.452729,13.63323,0.003700,-6.595520
-0.001987,-0.001774,0.226788,-365.0000,-325.1954,-0.870000,0.402902,7.569057,-13.03331,-6.797607,-138.5047,20.81063,-0.102982,-2.184445,-1.271793,-0.112081,-0.001774,0.226788,-5.529403,0.001987,8.405340,13.51653,0.008800,-6.680089
0.004960,-0.001637,0.222045,-365.0000,-325.0954,-0.870000,0.383566,7.154967,-13.13381,-6.916656,-140.6027,21.91747,-0.103551,-2.187048,-1.194472,-0.113576,-0.001637,0.222045,-5.641055,-0.004960,8.326555,13.31983,0.014610,-6.813190
0.011321,-0.001497,0.218421,-365.0000,-324.9954,-0.870000,0.372237,6.858500,-13.19294,-7.002838,-142.0939,22.74263,-0.103466,-2.184900,-1.138765,-0.114467,-0.001497,0.218421,-5.718688,-0.011320,8.270049,13.17426,0.016430,-6.904330
0.017826,-0.001345,0.214667,-365.0000,-324.8954,-0.870000,0.362670,6.568892,-13.24025,-7.088165,-143.5677,23.57838,-0.103044,-2.179231,-1.084006,-0.115165,-0.001345,0.214667,-5.792983,-0.017825,8.214557,13.02816,0.016320,-6.989480
0.022788,-0.001219,0.211541,-365.0000,-324.7954,-0.870000,0.355709,6.337390,-13.27056,-7.157379,-144.7422,24.26956,-0.102552,-2.172369,-1.040169,-0.115609,-0.001219,0.211541,-5.851355,-0.022787,8.169987,12.90845,0.014970,-7.054680
0.029402,-0.001038,0.206872,-365.0000,-324.6954,-0.870000,0.346773,6.012279,-13.30160,-7.256287,-146.4624,25.27878,-0.101541,-2.158240,-0.978163,-0.115992,-0.001038,0.206872,-5.932220,-0.029398,8.106669,12.73599,0.011440,-7.141070
0.035065,-0.000868,0.202140,-365.0000,-324.5954,-0.870000,0.338598,5.695187,-13.31981,-7.354126,-148.1582,26.29965,-0.100364,-2.140721,-0.917865,-0.116149,-0.000868,0.202140,-6.010613,-0.035058,8.043711,12.56383,0.006560,-7.219220
0.037862,-0.000772,0.199243,-365.0000,-324.4954,-0.870000,0.333616,5.504732,-13.32471,-7.413818,-149.1511,26.93323,-0.099652,-2.128765,-0.881935,-0.116168,-0.000772,0.199243,-6.057186,-0.037853,8.005589,12.45798,0.003150,-7.263600
0.037905,-0.000709,0.195570,-365.0000,-324.3954,-0.870000,0.324701,5.274589,-13.32363,-7.487823,-150.4043,27.73035,-0.098948,-2.111518,-0.838324,-0.116027,-0.000709,0.195570,-6.113252,-0.037896,7.958819,12.32719,-0.001250,-7.313420
0.032425,-0.000708,0.189586,-365.0000,-324.2954,-0.870000,0.305277,4.920681,-13.30739,-7.605011,-152.4399,29.01640,-0.098105,-2.079553,-0.771207,-0.115523,-0.000708,0.189586,-6.197779,-0.032419,7.886421,12.11872,-0.007360,-7.384410
0.029048,-0.000712,0.185872,-365.0000,-324.1954,-0.870000,0.292963,4.709065,-13.28854,-7.677399,-153.6561,29.82613,-0.097551,-2.057889,-0.731405,-0.115085,-0.000712,0.185872,-6.247243,-0.029044,7.843022,11.98922,-0.010120,-7.423270
0.025834,-0.000713,0.181398,-365.0000,-324.0954,-0.870000,0.278727,4.465878,-13.25753,-7.763458,-155.1170,30.80304,-0.096723,-2.029672,-0.685740,-0.114392,-0.000713,0.181398,-6.303273,-0.025831,7.792786,11.83547,-0.012310,-7.463600
0.024869,-0.000710,0.179976,-365.0000,-323.9954,-0.870000,0.274050,4.387454,-13.24529,-7.791901,-155.5329,31.12979,-0.096507,-2.020565,-0.671301,-0.114167,-0.000710,0.179976,-6.321221,-0.024867,7.776554,11.78469,-0.012780,-7.475520
0.022077,-0.000717,0.174777,-365.0000,-323.8954,-0.870000,0.258144,4.124084,-13.19522,-7.890778,-157.2209,32.27718,-0.095325,-1.984310,-0.622049,-0.113082,-0.000717,0.174777,-6.380635,-0.022075,7.721527,11.60908,-0.013480,-7.511159
0.020094,-0.000726,0.170377,-365.0000,-323.7953,-0.870000,0.244796,3.912338,-13.14398,-7.974426,-158.6324,33.26448,-0.094234,-1.951617,-0.582658,-0.111995,-0.000726,0.170377,-6.427718,-0.020093,7.676866,11.46159,-0.012990,-7.534080
0.018441,-0.000741,0.166035,-365.0000,-323.6953,-0.870000,0.231681,3.711568,-13.08629,-8.057159,-160.0247,34.25437,-0.093073,-1.917762,-0.545568,-0.110782,-0.000741,0.166035,-6.472102,-0.018440,7.633925,11.31670,-0.011610,-7.550670
0.017132,-0.000756,0.163209,-365.0000,-323.5953,-0.870000,0.222720,3.584424,-13.04442,-8.111847,-160.9091,34.91530,-0.092330,-1.894921,-0.522274,-0.109919,-0.000756,0.163209,-6.500242,-0.017131,7.606301,11.22202,-0.010270,-7.557830
0.014570,-0.000797,0.158634,-365.0000,-323.4953,-0.870000,0.207675,3.387693,-12.97136,-8.199768,-162.3913,35.99029,-0.091049,-1.856459,-0.486304,-0.108382,-0.000797,0.158634,-6.543766,-0.014569,7.562805,11.07088,-0.007449,-7.563810
0.013076,-0.000823,0.155895,-365.0000,-323.3953,-0.870000,0.198491,3.272256,-12.92360,-8.253357,-163.2544,36.65209,-0.090280,-1.832825,-0.465458,-0.107407,-0.000823,0.155895,-6.569257,-0.013076,7.536982,10.97933,-0.005370,-7.564440
0.010784,-0.000871,0.151124,-365.0000,-323.2953,-0.870000,0.182877,3.081700,-12.83512,-8.346161,-164.8207,37.81000,-0.088788,-1.790181,-0.431085,-0.105571,-0.000871,0.151124,-6.610857,-0.010784,7.493962,10.82204,-0.001270,-7.560030
0.009170,-0.000915,0.146133,-365.0000,-323.1953,-0.870000,0.167486,2.894082,-12.73395,-8.444275,-166.4797,39.04923,-0.087065,-1.743794,-0.397462,-0.103478,-0.000915,0.146133,-6.651389,-0.009169,7.450989,10.65820,0.003510,-7.547180
0.008792,-0.000939,0.141606,-365.0000,-323.0953,-0.870000,0.154797,2.731681,-12.63475,-8.534576,-167.9976,40.20340,-0.085345,-1.700397,-0.368678,-0.101450,-0.000939,0.141606,-6.686239,-0.008792,7.413236,10.50895,0.008020,-7.528930
0.011287,-0.000917,0.138777,-365.0000,-322.9953,-0.870000,0.149956,2.634108,-12.56863,-8.592041,-168.9257,40.94376,-0.084065,-1.672723,-0.351569,-0.100133,-0.000917,0.138777,-6.706490,-0.011287,7.390814,10.41452,0.010770,-7.514590
0.018542,-0.000843,0.134441,-365.0000,-322.8953,-0.870000,0.147167,2.494529,-12.46242,-8.680481,-170.4067,42.09222,-0.081749,-1.629120,-0.327056,-0.097987,-0.000843,0.134441,-6.735034,-0.018541,7.358388,10.27170,0.014340,-7.486539
0.023642,-0.000786,0.132050,-365.0000,-322.7953,-0.870000,0.147328,2.420911,-12.40019,-8.730560,-171.2005,42.74640,-0.080380,-1.604581,-0.314220,-0.096751,-0.000786,0.132050,-6.749890,-0.023639,7.341164,10.19216,0.015850,-7.467720
0.033942,-0.000675,0.127627,-365.0000,-322.6953,-0.870000,0.149867,2.294924,-12.28090,-8.823608,-172.7579,43.96817,-0.077655,-1.558063,-0.292101,-0.094339,-0.000675,0.127627,-6.774969,-0.033935,7.311233,10.04738,0.017610,-7.426940
0.039561,-0.000612,0.125359,-365.0000,-322.5953,-0.870000,0.152066,2.233198,-12.21620,-8.872803,-173.5322,44.61690,-0.076225,-1.533798,-0.281336,-0.093057,-0.000612,0.125359,-6.787180,-0.039551,7.296364,9.972230,0.018010,-7.402720
0.047327,-0.000533,0.121444,-365.0000,-322.4953,-0.870000,0.155070,2.138358,-12.10097,-8.958313,-174.9468,45.74678,-0.073759,-1.490910,-0.264403,-0.090733,-0.000533,0.121444,-6.804837,-0.047309,7.273697,9.845080,0.017950,-7.355560
0.050984,-0.000504,0.117664,-365.0000,-322.3953,-0.870000,0.154885,2.059300,-11.98364,-9.043091,-176.3424,46.86890,-0.071536,-1.448314,-0.249806,-0.088352,-0.000504,0.117664,-6.818889,-0.050961,7.254430,9.724050,0.017540,-7.301700
0.053162,-0.000492,0.114276,-365.0000,-322.2953,-0.870000,0.153699,1.993225,-11.87399,-9.121246,-177.6149,47.90322,-0.069590,-1.409574,-0.237518,-0.086151,-0.000492,0.114276,-6.830521,-0.053137,7.237957,9.614870,0.017280,-7.248600
0.054883,-0.000483,0.112265,-365.0000,-322.1953,-0.870000,0.153507,1.957244,-11.80611,-9.169098,-178.3518,48.53590,-0.068416,-1.386272,-0.230708,-0.084809,-0.000483,0.112265,-6.836514,-0.054856,7.228981,9.549550,0.017240,-7.214180
0.058562,-0.000469,0.108804,-365.0000,-322.0952,-0.870000,0.154051,1.901665,-11.68690,-9.252350,-179.7029,49.63566,-0.066308,-1.345652,-0.219835,-0.082439,-0.000469,0.108804,-6.845095,-0.058528,7.215085,9.438310,0.017380,-7.151340
0.060580,-0.000459,0.107146,-365.0000,-321.9952,-0.870000,0.154636,1.878251,-11.62708,-9.293793,-180.3222,50.18186,-0.065295,-1.325902,-0.215056,-0.081269,-0.000459,0.107146,-6.848400,-0.060543,7.209149,9.384660,0.017540,-7.118190
0.065689,-0.000445,0.103411,-365.0000,-321.8952,-0.870000,0.156745,1.833366,-11.49028,-9.388092,-181.8512,51.42053,-0.062910,-1.280805,-0.205220,-0.078556,-0.000445,0.103411,-6.853993,-0.065641,7.197444,9.266200,0.018100,-7.039140
0.068424,-0.000437,0.101627,-365.0000,-321.7952,-0.870000,0.158105,1.815372,-11.42190,-9.435059,-182.5580,52.03459,-0.061766,-1.258961,-0.200951,-0.077223,-0.000437,0.101627,-6.855852,-0.068370,7.192585,9.209200,0.018470,-6.997900
0.073635,-0.000427,0.098561,-365.0000,-321.6952,-0.870000,0.161104,1.790258,-11.30245,-9.516876,-183.8581,53.10036,-0.059733,-1.221038,-0.194258,-0.074885,-0.000427,0.098561,-6.857484,-0.073568,7.185669,9.112570,0.019240,-6.923660
0.078308,-0.000427,0.095612,-365.0000,-321.5952,-0.870000,0.163913,1.774788,-11.18324,-9.598419,-185.1438,54.15451,-0.057771,-1.183941,-0.188739,-0.072559,-0.000427,0.095612,-6.856859,-0.078228,7.181043,9.020780,0.020140,-6.845930
0.079669,-0.000439,0.093993,-365.0000,-321.4952,-0.870000,0.164332,1.769528,-11.11537,-9.644928,-185.8294,54.75147,-0.056762,-1.163364,-0.186042,-0.071257,-0.000439,0.093993,-6.855627,-0.079585,7.179342,8.970150,0.020760,-6.800420
0.081294,-0.000476,0.091014,-365.0000,-321.3952,-0.870000,0.164322,1.767401,-10.98853,-9.731934,-187.1908,55.85988,-0.054908,-1.125082,-0.181779,-0.068810,-0.000476,0.091014,-6.851054,-0.081204,7.178380,8.878910,0.022310,-6.712900
0.082199,-0.000499,0.089297,-365.0000,-321.2952,-0.870000,0.164280,1.770381,-10.91277,-9.783997,-187.9605,56.51797,-0.053850,-1.102783,-0.179715,-0.067371,-0.000499,0.089297,-6.847064,-0.082106,7.179095,8.826301,0.023490,-6.659260
0.083512,-0.000540,0.086688,-365.0000,-321.1952,-0.870000,0.164152,1.780881,-10.79558,-9.864899,-189.2034,57.53105,-0.052224,-1.068574,-0.177070,-0.065147,-0.000540,0.086688,-6.839236,-0.083415,7.181824,8.747710,0.025700,-6.574180
0.084912,-0.000577,0.084354,-365.0000,-321.0952,-0.870000,0.164283,1.797077,-10.68749,-9.939911,-190.3398,58.45998,-0.050754,-1.037624,-0.175254,-0.063115,-0.000577,0.084354,-6.830105,-0.084810,7.186245,8.678309,0.028120,-6.493470
0.086073,-0.000603,0.082795,-365.0000,-320.9952,-0.870000,0.164519,1.811279,-10.61318,-9.991852,-191.0901,59.09632,-0.049772,-1.016787,-0.174299,-0.061738,-0.000603,0.082795,-6.822902,-0.085967,7.190220,8.632060,0.030070,-6.436920
0.087788,-0.000638,0.080761,-365.0000,-320.8952,-0.870000,0.164914,1.834875,-10.51462,-10.06107,-192.1168,59.93606,-0.048476,-0.989385,-0.173415,-0.059917,-0.000638,0.080761,-6.811692,-0.087675,7.197085,8.572850,0.033100,-6.360530
0.090127,-0.000681,0.078465,-365.0000,-320.7952,-0.870000,0.165493,1.868532,-10.40055,-10.14172,-193.3219,60.90297,-0.046999,-0.958130,-0.172882,-0.057825,-0.000681,0.078465,-6.796779,-0.090005,7.206904,8.507490,0.037350,-6.269880
0.091612,-0.000705,0.077203,-365.0000,-320.6952,-0.870000,0.165866,1.890670,-10.33580,-10.18781,-193.9632,61.44923,-0.046195,-0.940793,-0.172835,-0.056657,-0.000705,0.077203,-6.787194,-0.091484,7.213571,8.471770,0.040130,-6.217590
0.094515,-0.000751,0.075035,-365.0000,-320.5952,-0.870000,0.166660,1.934979,-10.22318,-10.26852,-195.1532,62.39410,-0.044787,-0.910766,-0.173114,-0.054625,-0.000751,0.075035,-6.768586,-0.094375,7.226963,8.412550,0.045660,-6.124730
0.096391,-0.000776,0.073845,-365.0000,-320.4951,-0.870000,0.167180,1.962514,-10.15939,-10.31470,-195.7863,62.92760,-0.044021,-0.894142,-0.173448,-0.053491,-0.000776,0.073845,-6.757432,-0.096242,7.235142,8.380469,0.049190,-6.071070
0.099510,-0.000816,0.072096,-365.0000,-320.3951,-0.870000,0.168036,2.005980,-10.06457,-10.38394,-196.7809,63.71902,-0.042878,-0.869590,-0.174034,-0.051812,-0.000816,0.072096,-6.740196,-0.099346,7.247883,8.334420,0.054960,-5.990180
0.101844,-0.000842,0.070970,-365.0000,-320.2951,-0.870000,0.168791,2.036706,-10.00190,-10.43018,-197.4073,64.24073,-0.042141,-0.853673,-0.174546,-0.050719,-0.000842,0.070970,-6.728116,-0.101668,7.256951,8.305090,0.059070,-5.936040
0.106742,-0.000891,0.068899,-365.0000,-320.1951,-0.870000,0.170513,2.097801,-9.885515,-10.51703,-198.6626,65.20613,-0.040752,-0.824278,-0.175622,-0.048697,-0.000891,0.068899,-6.704359,-0.106540,7.274946,8.253050,0.067310,-5.834030
0.110322,-0.000924,0.067573,-365.0000,-320.0951,-0.870000,0.171918,2.140772,-9.808807,-10.57510,-199.4615,65.84041,-0.039857,-0.805313,-0.176458,-0.047387,-0.000924,0.067573,-6.687828,-0.110099,7.287596,8.220430,0.073120,-5.765790
0.114385,-0.000960,0.066153,-365.0000,-319.9951,-0.870000,0.173587,2.189508,-9.725349,-10.63913,-200.3463,66.52950,-0.038892,-0.784930,-0.177408,-0.045976,-0.000960,0.066153,-6.669285,-0.114135,7.301834,8.186350,0.079740,-5.690680
0.120008,-0.001005,0.064402,-365.0000,-319.8951,-0.870000,0.176132,2.253299,-9.620615,-10.72092,-201.4939,67.39346,-0.037676,-0.759692,-0.178621,-0.044225,-0.001005,0.064402,-6.645432,-0.119720,7.320165,8.145679,0.088420,-5.595060
0.125410,-0.001047,0.062840,-365.0000,-319.7951,-0.870000,0.178789,2.312970,-9.525080,-10.79721,-202.5470,68.18262,-0.036579,-0.737108,-0.179678,-0.042655,-0.001047,0.062840,-6.623590,-0.125082,7.336905,8.110220,0.096570,-5.506720
0.130766,-0.001088,0.061334,-365.0000,-319.6951,-0.870000,0.181607,2.372933,-9.431196,-10.87393,-203.5952,68.95927,-0.035514,-0.715301,-0.180656,-0.041139,-0.001088,0.061334,-6.601823,-0.130393,7.353577,8.076690,0.104690,-5.419170
0.133938,-0.001113,0.060441,-365.0000,-319.5951,-0.870000,0.183394,2.410027,-9.374224,-10.92136,-204.1994,69.43105,-0.034888,-0.702342,-0.181248,-0.040236,-0.001113,0.060441,-6.588439,-0.133538,7.363839,8.057010,0.109610,-5.365680
0.139078,-0.001154,0.059008,-365.0000,-319.4951,-0.870000,0.186767,2.471979,-9.282503,-10.99881,-205.2401,70.18782,-0.033854,-0.681609,-0.182197,-0.038807,-0.001154,0.059008,-6.564554,-0.138630,7.382384,8.025770,0.117390,-5.280500
0.142123,-0.001179,0.058146,-365.0000,-319.3951,-0.870000,0.189277,2.514371,-9.225865,-11.04672,-205.8399,70.64750,-0.033223,-0.669023,-0.183013,-0.037941,-0.001179,0.058146,-6.547192,-0.141645,7.396132,8.008030,0.122040,-5.227910
0.145551,-0.001207,0.057185,-365.0000,-319.2951,-0.870000,0.192526,2.565731,-9.161984,-11.10092,-206.5254,71.15913,-0.032499,-0.654920,-0.184087,-0.036972,-0.001207,0.057185,-6.525646,-0.145037,7.413307,7.989670,0.127170,-5.168270
0.150342,-0.001247,0.055817,-365.0000,-319.1951,-0.870000,0.197862,2.645547,-9.069660,-11.17972,-207.5569,71.88774,-0.031431,-0.634686,-0.185818,-0.035584,-0.001247,0.055817,-6.491454,-0.149776,7.440653,7.966010,0.134400,-5.081480
0.153775,-0.001297,0.054381,-365.0000,-319.0951,-0.870000,0.203433,2.738958,-8.970180,-11.26538,-208.6721,72.65846,-0.030321,-0.613187,-0.187918,-0.034106,-0.001297,0.054381,-6.451479,-0.153170,7.472627,7.945090,0.142020,-4.986260
0.155056,-0.001345,0.053184,-365.0000,-318.9951,-0.870000,0.207823,2.823360,-8.885157,-11.33945,-209.6113,73.30745,-0.029419,-0.595127,-0.189796,-0.032866,-0.001345,0.053184,-6.414923,-0.154435,7.501810,7.930080,0.148480,-4.904320
0.155495,-0.001385,0.052211,-365.0000,-318.8951,-0.870000,0.211533,2.896780,-8.814430,-11.40176,-210.3759,73.84004,-0.028689,-0.580333,-0.191409,-0.031852,-0.001385,0.052211,-6.382936,-0.154869,7.527256,7.919790,0.153880,-4.835650
0.155755,-0.001437,0.050969,-365.0000,-318.7950,-0.870000,0.216832,2.995497,-8.722780,-11.48349,-211.3983,74.52116,-0.027733,-0.561393,-0.193477,-0.030557,-0.001437,0.050969,-6.339522,-0.155126,7.561591,7.909100,0.160910,-4.746280
0.155862,-0.001471,0.050130,-365.0000,-318.6950,-0.870000,0.220902,3.066392,-8.659374,-11.54065,-212.0745,74.98527,-0.027075,-0.548526,-0.194930,-0.029680,-0.001471,0.050130,-6.308018,-0.155232,7.586372,7.903590,0.165770,-4.684240
0.156071,-0.001524,0.048845,-365.0000,-318.5950,-0.870000,0.228075,3.180229,-8.560907,-11.63040,-213.1811,75.69505,-0.026021,-0.528760,-0.197118,-0.028337,-0.001524,0.048845,-6.257168,-0.155438,7.626053,7.898160,0.173290,-4.587380
0.156151,-0.001570,0.047683,-365.0000,-318.4950,-0.870000,0.235518,3.289460,-8.469680,-11.71484,-214.2009,76.34081,-0.025031,-0.510797,-0.199079,-0.027121,-0.001570,0.047683,-6.208083,-0.155517,7.663990,7.896470,0.180150,-4.497200
0.156213,-0.001597,0.046987,-365.0000,-318.3950,-0.870000,0.240494,3.358003,-8.413703,-11.76727,-214.7899,76.73185,-0.024423,-0.499993,-0.200251,-0.026391,-0.001597,0.046987,-6.177137,-0.155578,7.687715,7.896930,0.184290,-4.441730
0.156355,-0.001646,0.045698,-365.0000,-318.2950,-0.870000,0.250728,3.489190,-8.309023,-11.86685,-215.9821,77.45196,-0.023242,-0.480000,-0.202266,-0.025049,-0.001646,0.045698,-6.117614,-0.155718,7.732897,7.900899,0.191860,-4.337760
0.156376,-0.001684,0.044693,-365.0000,-318.1950,-0.870000,0.259694,3.596622,-8.225490,-11.94760,-216.9166,78.01576,-0.022283,-0.464387,-0.203758,-0.024006,-0.001684,0.044693,-6.068631,-0.155740,7.769647,7.907030,0.197670,-4.254600
0.156455,-0.001705,0.044122,-365.0000,-318.0950,-0.870000,0.265324,3.660199,-8.176850,-11.99521,-217.4203,78.33961,-0.021720,-0.455475,-0.204589,-0.023413,-0.001705,0.044122,-6.039485,-0.155817,7.791329,7.911760,0.200940,-4.206190
0.156524,-0.001749,0.042904,-365.0000,-317.9950,-0.870000,0.278143,3.798706,-8.072747,-12.09842,-218.6155,79.02110,-0.020471,-0.436586,-0.206145,-0.022166,-0.001749,0.042904,-5.975511,-0.155886,7.838418,7.924710,0.207640,-4.102760
0.156846,-0.001787,0.041793,-365.0000,-317.8950,-0.870000,0.291329,3.930651,-7.975657,-12.19632,-219.7265,79.64191,-0.019265,-0.419379,-0.207387,-0.021041,-0.001787,0.041793,-5.913858,-0.156204,7.883155,7.940190,0.213480,-4.006720
0.157147,-0.001811,0.041093,-365.0000,-317.7950,-0.870000,0.300367,4.016856,-7.913206,-12.26007,-220.4062,80.03324,-0.018477,-0.408554,-0.208089,-0.020338,-0.001811,0.041093,-5.873159,-0.156501,7.912349,7.951850,0.217020,-3.945270
0.157541,-0.001831,0.040478,-365.0000,-317.6950,-0.870000,0.308821,4.094219,-7.857707,-12.31735,-221.0003,80.37602,-0.017763,-0.399077,-0.208635,-0.019727,-0.001831,0.040478,-5.836350,-0.156890,7.938513,7.963290,0.220010,-3.890910
0.158683,-0.001866,0.039409,-365.0000,-317.5950,-0.870000,0.324632,4.231724,-7.760327,-12.41891,-222.1175,80.96451,-0.016457,-0.382688,-0.209369,-0.018682,-0.001866,0.039409,-5.770095,-0.158018,7.985034,7.985800,0.224900,-3.796310
0.159340,-0.001883,0.038884,-365.0000,-317.4950,-0.870000,0.332972,4.301408,-7.711534,-12.47034,-222.6273,81.25331,-0.015795,-0.374668,-0.209667,-0.018173,-0.001883,0.038884,-5.736238,-0.158667,8.008531,7.998290,0.227170,-3.749200
0.160663,-0.001921,0.037760,-365.0000,-317.3950,-0.870000,0.351585,4.453040,-7.606481,-12.58206,-223.8376,81.86011,-0.014329,-0.357642,-0.210035,-0.017108,-0.001921,0.037760,-5.661597,-0.159972,8.059660,8.027700,0.231650,-3.648850
0.162178,-0.001956,0.036725,-365.0000,-317.2950,-0.870000,0.370129,4.596978,-7.507906,-12.68826,-224.9649,82.41164,-0.012910,-0.342096,-0.210097,-0.016149,-0.001956,0.036725,-5.589572,-0.161468,8.108132,8.058340,0.235350,-3.556070
0.163025,-0.001973,0.036214,-365.0000,-317.1949,-0.870000,0.379791,4.669916,-7.458325,-12.74210,-225.4803,82.68211,-0.012191,-0.334468,-0.210043,-0.015683,-0.001973,0.036214,-5.552640,-0.162304,8.132665,8.074840,0.237040,-3.509950
0.164822,-0.002010,0.035190,-365.0000,-317.0949,-0.870000,0.399856,4.817604,-7.358558,-12.85129,-226.6150,83.21249,-0.010703,-0.319362,-0.209666,-0.014772,-0.002010,0.035190,-5.476913,-0.164077,8.182267,8.110160,0.240080,-3.418370
0.166569,-0.002045,0.034243,-365.0000,-316.9949,-0.870000,0.419377,4.957179,-7.264888,-12.95450,-227.6664,83.69247,-0.009279,-0.305570,-0.209041,-0.013955,-0.002045,0.034243,-5.404094,-0.165800,8.229100,8.145760,0.242520,-3.334050
0.167777,-0.002067,0.033664,-365.0000,-316.8949,-0.870000,0.431816,5.044165,-7.206738,-13.01889,-228.2775,83.98191,-0.008387,-0.297216,-0.208531,-0.013465,-0.002067,0.033664,-5.358195,-0.166991,8.258186,8.169040,0.243860,-3.282450
0.169890,-0.002108,0.032649,-365.0000,-316.7949,-0.870000,0.454278,5.198174,-7.104098,-13.13336,-229.4268,84.47759,-0.006782,-0.282772,-0.207342,-0.012630,-0.002108,0.032649,-5.275992,-0.169074,8.309439,8.212260,0.245920,-3.192790
0.172200,-0.002148,0.031708,-365.0000,-316.6949,-0.870000,0.475965,5.342985,-7.007761,-13.24170,-230.4928,84.92564,-0.005250,-0.269618,-0.205924,-0.011883,-0.002148,0.031708,-5.197446,-0.171350,8.357417,8.255080,0.247520,-3.110490
0.174451,-0.002191,0.030765,-365.0000,-316.5949,-0.870000,0.498417,5.489864,-6.910106,-13.35199,-231.5650,85.36205,-0.003678,-0.256677,-0.204187,-0.011160,-0.002191,0.030765,-5.116710,-0.173567,8.405735,8.300670,0.248830,-3.028790
0.175795,-0.002219,0.030185,-365.0000,-316.4949,-0.870000,0.512545,5.581192,-6.849348,-13.42093,-232.1895,85.62486,-0.002698,-0.248836,-0.202966,-0.010728,-0.002219,0.030185,-5.065925,-0.174891,8.435616,8.330060,0.249510,-2.978900
0.177061,-0.002248,0.029604,-365.0000,-316.3949,-0.870000,0.526905,5.673167,-6.788102,-13.49063,-232.8166,85.88329,-0.001706,-0.241080,-0.201615,-0.010305,-0.002248,0.029604,-5.014377,-0.176137,8.465548,8.360470,0.250090,-2.929300
0.179872,-0.002318,0.028285,-365.0000,-316.2949,-0.870000,0.560065,5.882634,-6.648198,-13.65060,-234.3624,86.44904,0.000585,-0.223888,-0.198057,-0.009385,-0.002318,0.028285,-4.895353,-0.178904,8.533121,8.432631,0.251090,-2.818740
0.180987,-0.002351,0.027696,-365.0000,-316.1949,-0.870000,0.575175,5.976830,-6.585011,-13.72305,-234.9984,86.69350,0.001618,-0.216392,-0.196265,-0.008992,-0.002351,0.027696,-4.841101,-0.180001,8.563227,8.466360,0.251410,-2.770060
0.183152,-0.002418,0.026582,-365.0000,-316.0949,-0.870000,0.604219,6.154852,-6.464953,-13.86127,-236.2863,87.14050,0.003605,-0.202558,-0.192505,-0.008278,-0.002418,0.026582,-4.736820,-0.182130,8.619876,8.532060,0.251800,-2.680200
0.184508,-0.002470,0.025735,-365.0000,-315.9949,-0.870000,0.626283,6.289043,-6.372942,-13.96463,-237.2109,87.45909,0.005112,-0.192375,-0.189340,-0.007772,-0.002470,0.025735,-4.654016,-0.183463,8.663777,8.582000,0.251830,-2.616210
0.185365,-0.002510,0.025089,-365.0000,-315.8949,-0.870000,0.642951,6.390643,-6.302045,-14.04092,-237.8598,87.68591,0.006253,-0.184785,-0.186745,-0.007403,-0.002510,0.025089,-4.589584,-0.184305,8.697268,8.620131,0.251790,-2.568940
0.186678,-0.002589,0.023818,-365.0000,-315.7949,-0.870000,0.675323,6.588116,-6.161440,-14.18649,-239.1732,88.09996,0.008482,-0.170320,-0.181184,-0.006714,-0.002589,0.023818,-4.461507,-0.185595,8.762093,8.695690,0.251710,-2.478770
0.187188,-0.002664,0.022665,-365.0000,-315.6949,-0.870000,0.704274,6.764770,-6.032706,-14.31546,-240.3081,88.44672,0.010477,-0.157722,-0.175638,-0.006127,-0.002664,0.022665,-4.344813,-0.186097,8.819157,8.765400,0.251710,-2.399180
0.187187,-0.002712,0.021936,-365.0000,-315.5948,-0.870000,0.722456,6.875268,-5.950853,-14.39609,-240.9730,88.65445,0.011727,-0.150014,-0.171893,-0.005772,-0.002712,0.021936,-4.271194,-0.186096,8.854188,8.810210,0.251770,-2.349620
0.186768,-0.002794,0.020723,-365.0000,-315.4948,-0.870000,0.752350,7.057035,-5.813956,-14.52945,-242.1243,88.98273,0.013783,-0.137620,-0.165261,-0.005210,-0.002794,0.020723,-4.149209,-0.185684,8.910602,8.886001,0.251980,-2.268340
0.186274,-0.002840,0.020056,-365.0000,-315.3948,-0.870000,0.768669,7.155693,-5.738539,-14.60236,-242.7025,89.15469,0.014900,-0.131049,-0.161416,-0.004916,-0.002840,0.020056,-4.082734,-0.185199,8.940496,8.928320,0.252150,-2.224220
0.184438,-0.002958,0.018397,-365.0000,-315.2948,-0.870000,0.808867,7.397466,-5.549963,-14.78299,-244.2632,89.55824,0.017651,-0.115407,-0.151252,-0.004227,-0.002958,0.018397,-3.918093,-0.183394,9.012016,9.035180,0.252670,-2.116730
0.182889,-0.003030,0.017388,-365.0000,-315.1948,-0.870000,0.832910,7.541256,-5.435034,-14.89160,-245.1492,89.78622,0.019288,-0.106405,-0.144684,-0.003837,-0.003030,0.017388,-3.819513,-0.181871,9.053136,9.100930,0.253040,-2.052540
0.180261,-0.003137,0.015950,-365.0000,-315.0948,-0.870000,0.866991,7.742952,-5.270793,-15.04666,-246.4418,90.09355,0.021598,-0.094209,-0.134843,-0.003316,-0.003137,0.015950,-3.681095,-0.179287,9.108750,9.196340,0.253600,-1.961960
0.178536,-0.003200,0.015114,-365.0000,-314.9948,-0.870000,0.886594,7.858089,-5.175501,-15.13687,-247.1441,90.26295,0.022916,-0.087473,-0.128887,-0.003032,-0.003200,0.015114,-3.601643,-0.177589,9.139570,9.252420,0.253880,-1.910420
0.175317,-0.003314,0.013616,-365.0000,-314.8948,-0.870000,0.921351,8.060638,-5.004326,-15.29767,-248.4598,90.54848,0.025245,-0.076020,-0.117800,-0.002558,-0.003314,0.013616,-3.461214,-0.174421,9.192098,9.353709,0.254260,-1.819220
0.173533,-0.003372,0.012853,-365.0000,-314.7948,-0.870000,0.938849,8.161833,-4.917435,-15.37955,-249.0734,90.68599,0.026407,-0.070494,-0.111963,-0.002332,-0.003372,0.012853,-3.391120,-0.172663,9.217394,9.405780,0.254370,-1.773340
0.169409,-0.003503,0.011195,-365.0000,-314.6948,-0.870000,0.976664,8.378298,-4.728250,-15.55804,-250.5160,90.96883,0.028903,-0.059166,-0.098870,-0.001876,-0.003503,0.011195,-3.240532,-0.168599,9.269702,9.520260,0.254330,-1.675140
0.167558,-0.003565,0.010402,-365.0000,-314.5948,-0.870000,0.994507,8.479270,-4.638267,-15.64285,-251.1422,91.09532,0.030071,-0.054087,-0.092429,-0.001675,-0.003565,0.010402,-3.169956,-0.166775,9.293262,9.575060,0.254150,-1.629180
0.164078,-0.003694,0.008790,-365.0000,-314.4948,-0.870000,1.030460,8.681193,-4.454880,-15.81546,-252.5071,91.33766,0.032406,-0.044380,-0.078988,-0.001297,-0.003694,0.008790,-3.028656,-0.163343,9.338619,9.687420,0.253410,-1.536430
0.162230,-0.003770,0.007847,-365.0000,-314.3948,-0.870000,1.051144,8.796332,-4.348313,-15.91595,-253.2518,91.46976,0.033736,-0.039101,-0.070944,-0.001095,-0.003770,0.007847,-2.948001,-0.161520,9.363432,9.753190,0.252710,-1.483110
0.159146,-0.003897,0.006287,-365.0000,-314.2948,-0.870000,1.085020,8.983232,-4.171746,-16.08206,-254.5367,91.67444,0.035894,-0.030963,-0.057339,-0.000790,-0.003897,0.006287,-2.816321,-0.158475,9.402298,9.862400,0.251050,-1.396140
0.156918,-0.003988,0.005178,-365.0000,-314.1948,-0.870000,1.108656,9.112556,-4.046765,-16.19913,-255.4045,91.80885,0.037383,-0.025628,-0.047469,-0.000595,-0.003988,0.005178,-2.724841,-0.156275,9.428097,9.939760,0.249510,-1.335300
0.153831,-0.004122,0.003542,-365.0000,-314.0948,-0.870000,1.142827,9.299018,-3.862575,-16.37125,-256.7157,91.99239,0.039508,-0.018414,-0.032643,-0.000338,-0.004122,0.003542,-2.592667,-0.153225,9.463653,10.05399,0.246680,-1.246480
0.152112,-0.004217,0.002381,-365.0000,-313.9948,-0.870000,1.166657,9.427810,-3.732474,-16.49258,-257.6021,92.11202,0.040971,-0.013755,-0.021938,-0.000176,-0.004217,0.002381,-2.501369,-0.151526,9.487024,10.13481,0.244260,-1.184070
0.150085,-0.004359,0.000678,-365.0000,-313.8947,-0.870000,1.200985,9.612812,-3.541998,-16.67102,-258.9407,92.27391,0.043044,-0.007590,-0.006004,0.000029,-0.004359,0.000678,-2.370501,-0.149522,9.518851,10.25386,0.240020,-1.093180
0.148116,-0.004506,-0.001083,-365.0000,-313.7947,-0.870000,1.235466,9.797566,-3.345600,-16.85318,-260.2962,92.42277,0.045086,-0.002019,0.010736,0.000206,-0.004506,-0.001083,-2.238736,-0.147575,9.548930,10.37571,0.234810,-1.000640
0.146751,-0.004598,-0.002202,-365.0000,-313.6947,-0.870000,1.256653,9.911107,-3.221701,-16.96713,-261.1003,92.50777,0.046318,0.001110,0.021484,0.000300,-0.004598,-0.002202,-2.157378,-0.146225,9.566522,10.45211,0.231120,-0.942640
0.144568,-0.004762,-0.004205,-365.0000,-313.5947,-0.870000,1.293619,10.10920,-2.999650,-17.17017,-262.5985,92.64423,0.048419,0.005951,0.040937,0.000433,-0.004762,-0.004205,-2.014805,-0.144065,9.595561,10.58833,0.223800,-0.839330
0.143452,-0.004858,-0.005383,-365.0000,-313.4947,-0.870000,1.314586,10.22190,-2.870041,-17.28812,-263.4210,92.71504,0.049581,0.008360,0.052486,0.000493,-0.004858,-0.005383,-1.933452,-0.142960,9.611106,10.66758,0.219110,-0.779320
0.141548,-0.005017,-0.007336,-365.0000,-313.3947,-0.870000,1.348581,10.40410,-2.655279,-17.48306,-264.8347,92.81882,0.051417,0.011652,0.071773,0.000560,-0.005017,-0.007336,-1.801545,-0.141076,9.634759,10.79849,0.210670,-0.680310
0.140043,-0.005129,-0.008723,-365.0000,-313.2947,-0.870000,1.371895,10.52945,-2.503773,-17.62027,-265.7934,92.88235,0.052636,0.013488,0.085567,0.000585,-0.005129,-0.008723,-1.710700,-0.139586,9.649927,10.89063,0.204260,-0.610600
0.137325,-0.005303,-0.010911,-365.0000,-313.1947,-0.870000,1.407528,10.72262,-2.265208,-17.83743,-267.3581,92.96742,0.054427,0.015558,0.107465,0.000587,-0.005303,-0.010911,-1.571523,-0.136893,9.671405,11.03626,0.193530,-0.500500
0.133907,-0.005451,-0.012823,-365.0000,-313.0947,-0.870000,1.437459,10.88627,-2.058365,-18.02728,-268.7025,93.02686,0.055857,0.016579,0.126694,0.000554,-0.005451,-0.012823,-1.454278,-0.133507,9.687856,11.16317,0.183820,-0.404970
0.130756,-0.005560,-0.014280,-365.0000,-312.9947,-0.870000,1.459507,11.00778,-1.902004,-18.17184,-269.6966,93.06316,0.056862,0.016891,0.141391,0.000509,-0.005560,-0.014280,-1.367632,-0.130383,9.699046,11.25954,0.176360,-0.332740
0.124686,-0.005728,-0.016590,-365.0000,-312.8947,-0.870000,1.493184,11.19504,-1.654217,-18.40042,-271.3172,93.10558,0.058313,0.016568,0.164764,0.000404,-0.005728,-0.016590,-1.231317,-0.124363,9.715054,11.41135,0.164660,-0.221210
0.121244,-0.005810,-0.017803,-365.0000,-312.7947,-0.870000,1.509761,11.28835,-1.524980,-18.51645,-272.0861,93.12035,0.058978,0.016031,0.177056,0.000335,-0.005810,-0.017803,-1.160892,-0.120947,9.722545,11.48823,0.158890,-0.164400
0.114109,-0.005962,-0.020135,-365.0000,-312.6947,-0.870000,1.540242,11.46077,-1.275076,-18.73483,-273.6152,93.13603,0.060116,0.014251,0.200715,0.000172,-0.005962,-0.020135,-1.027108,-0.113862,9.735332,11.63281,0.148570,-0.055590
0.104717,-0.006131,-0.022950,-365.0000,-312.5947,-0.870000,1.574474,11.65734,-0.973950,-18.99164,-275.4202,93.13451,0.061233,0.010884,0.229261,-0.000074,-0.006131,-0.022950,-0.870742,-0.104526,9.747839,11.80240,0.137650,0.075229
0.099274,-0.006218,-0.024503,-365.0000,-312.4947,-0.870000,1.592350,11.76079,-0.808994,-19.13068,-276.3475,93.12480,0.061742,0.008494,0.245014,-0.000233,-0.006218,-0.024503,-0.787228,-0.099111,9.753436,11.89400,0.132360,0.146920
0.090957,-0.006358,-0.027098,-365.0000,-312.3947,-0.870000,1.620820,11.92677,-0.532813,-19.35971,-277.9337,93.09540,0.062436,0.003634,0.271281,-0.000536,-0.006358,-0.027098,-0.651148,-0.090831,9.760939,12.04457,0.124630,0.267670
0.085354,-0.006492,-0.029560,-365.0000,-312.2946,-0.870000,1.646449,12.07710,-0.271693,-19.57452,-279.4091,93.05278,0.062930,-0.001916,0.296149,-0.000864,-0.006492,-0.029560,-0.526134,-0.085250,9.766051,12.18527,0.118370,0.382270
0.078874,-0.006646,-0.032508,-365.0000,-312.1946,-0.870000,1.675610,12.24874,0.040482,-19.82919,-281.1702,92.98370,0.063326,-0.009739,0.325834,-0.001309,-0.006646,-0.032508,-0.381646,-0.078793,9.769849,12.35141,0.112030,0.520580
0.074865,-0.006744,-0.034446,-365.0000,-312.0946,-0.870000,1.693811,12.35671,0.244094,-19.99524,-282.2798,92.92802,0.063470,-0.015520,0.345261,-0.001630,-0.006744,-0.034446,-0.289708,-0.074795,9.771085,12.45921,0.108500,0.611000
0.069817,-0.006887,-0.037291,-365.0000,-311.9946,-0.870000,1.719520,12.50928,0.543130,-20.23828,-283.9457,92.83171,0.063535,-0.024956,0.373644,-0.002143,-0.006887,-0.037291,-0.158017,-0.069760,9.771268,12.61622,0.104110,0.744370
0.065323,-0.007006,-0.039751,-365.0000,-311.8946,-0.870000,1.740717,12.63512,0.800450,-20.44690,-285.3572,92.73524,0.063454,-0.033957,0.398032,-0.002625,-0.007006,-0.039751,-0.047947,-0.065276,9.769971,12.75019,0.101010,0.859980
0.059749,-0.007134,-0.042481,-365.0000,-311.7946,-0.870000,1.763418,12.76886,1.085541,-20.67752,-286.9243,92.61401,0.063234,-0.044858,0.424936,-0.003200,-0.007134,-0.042481,0.071355,-0.059713,9.767094,12.89752,0.098230,0.988090
0.056182,-0.007206,-0.044121,-365.0000,-311.6946,-0.870000,1.776379,12.84495,1.255673,-20.81357,-287.8056,92.53542,0.063024,-0.051826,0.441001,-0.003564,-0.007206,-0.044121,0.141029,-0.056153,9.764691,12.98390,0.096920,1.064910
0.049034,-0.007338,-0.047183,-365.0000,-311.5946,-0.870000,1.799915,12.98270,1.574327,-21.06909,-289.5453,92.37376,0.062509,-0.065752,0.470765,-0.004289,-0.007338,-0.047183,0.268393,-0.049014,9.758938,13.14519,0.095060,1.209820
0.041096,-0.007464,-0.050294,-365.0000,-311.4946,-0.870000,1.822803,13.11570,1.897205,-21.32837,-291.3078,92.19125,0.061821,-0.081022,0.500725,-0.005080,-0.007464,-0.050294,0.393390,-0.041084,9.751551,13.30753,0.093890,1.358120
0.035088,-0.007548,-0.052478,-365.0000,-311.3946,-0.870000,1.838390,13.20504,2.122130,-21.51007,-292.5105,92.05245,0.061254,-0.092345,0.521561,-0.005665,-0.007548,-0.052478,0.478163,-0.035080,9.745544,13.42048,0.093440,1.462280
0.030395,-0.007673,-0.055392,-365.0000,-311.2946,-0.870000,1.858277,13.32095,2.422235,-21.75516,-294.1647,91.85149,0.060355,-0.108272,0.549137,-0.006481,-0.007673,-0.055392,0.589403,-0.030390,9.736467,13.57189,0.093130,1.601020
0.028971,-0.007835,-0.058828,-365.0000,-311.1946,-0.870000,1.879906,13.45110,2.775977,-22.04510,-296.1360,91.59377,0.059060,-0.128220,0.581300,-0.007501,-0.007835,-0.058828,0.716895,-0.028967,9.724366,13.74939,0.092850,1.765710
0.028761,-0.007931,-0.060829,-365.0000,-311.0946,-0.870000,1.891810,13.52279,2.980476,-22.21280,-297.2317,91.43513,0.058211,-0.140351,0.599844,-0.008121,-0.007931,-0.060829,0.788944,-0.028757,9.716714,13.85116,0.092580,1.861420
0.027318,-0.008071,-0.063853,-365.0000,-310.9946,-0.870000,1.909328,13.62648,3.290689,-22.46695,-298.9418,91.18132,0.056828,-0.159515,0.627568,-0.009098,-0.008071,-0.063853,0.896252,-0.027314,9.704262,14.00423,0.092000,2.007010
0.025734,-0.008161,-0.065907,-365.0000,-310.8946,-0.870000,1.920716,13.69281,3.500297,-22.63815,-300.0595,91.00142,0.055811,-0.173015,0.646195,-0.009784,-0.008161,-0.065907,0.967531,-0.025731,9.695274,14.10647,0.091530,2.105590
0.021777,-0.008324,-0.069784,-365.0000,-310.7946,-0.870000,1.941385,13.81118,3.898303,-22.96307,-302.2666,90.64067,0.053731,-0.199726,0.680845,-0.011140,-0.008324,-0.069784,1.100198,-0.021775,9.677054,14.29849,0.090490,2.293370
0.017893,-0.008450,-0.072944,-365.0000,-310.6945,-0.870000,1.957303,13.89985,4.221975,-23.22665,-304.0347,90.32980,0.051883,-0.222537,0.708599,-0.012286,-0.008450,-0.072944,1.206976,-0.017892,9.660986,14.45258,0.089590,2.444740
0.014668,-0.008541,-0.075387,-365.0000,-310.5945,-0.870000,1.968541,13.96142,4.472209,-23.42636,-305.3488,90.08348,0.050326,-0.240845,0.729722,-0.013199,-0.008541,-0.075387,1.289145,-0.014667,9.647779,14.56815,0.088920,2.560910
0.009445,-0.008668,-0.079018,-365.0000,-310.4945,-0.870000,1.983589,14.04129,4.847984,-23.71805,-307.3114,89.70721,0.047801,-0.269341,0.760538,-0.014605,-0.008668,-0.079018,1.412668,-0.009445,9.626598,14.73489,0.088080,2.733270
0.004604,-0.008770,-0.082218,-365.0000,-310.3945,-0.870000,1.994968,14.09923,5.180792,-23.96777,-308.9748,89.36935,0.045357,-0.295627,0.787068,-0.015892,-0.008770,-0.082218,1.521736,-0.004604,9.606526,14.87545,0.087600,2.884820
0.001494,-0.008848,-0.084625,-365.0000,-310.2945,-0.870000,2.002411,14.13529,5.431779,-24.15103,-310.1678,89.11198,0.043385,-0.316119,0.806654,-0.016894,-0.008848,-0.084625,1.603420,-0.001494,9.590633,14.97725,0.087400,2.999120
-0.003313,-0.008948,-0.088010,-365.0000,-310.1945,-0.870000,2.011414,14.17630,5.788269,-24.40524,-311.8600,88.74144,0.040424,-0.346101,0.833604,-0.018362,-0.008948,-0.088010,1.717839,0.003313,9.567121,15.11644,0.087370,3.162740
-0.010475,-0.009068,-0.092415,-365.0000,-310.0945,-0.870000,2.021460,14.21527,6.255621,-24.73257,-314.0648,88.24062,0.036312,-0.386971,0.867620,-0.020380,-0.009068,-0.092415,1.863912,0.010475,9.534898,15.29227,0.087700,3.381090
-0.017514,-0.009173,-0.096576,-365.0000,-309.9945,-0.870000,2.029319,14.23936,6.698646,-25.04025,-316.1287,87.74504,0.032169,-0.427347,0.898670,-0.022394,-0.009173,-0.096576,1.998316,0.017513,9.503013,15.45440,0.088300,3.592080
-0.017950,-0.009325,-0.100800,-365.0000,-309.8945,-0.870000,2.033003,14.25109,7.151639,-25.35135,-318.2153,87.21872,0.027505,-0.470188,0.929127,-0.024564,-0.009325,-0.100800,2.131105,0.017949,9.469385,15.61483,0.088840,3.813380
-0.013317,-0.009493,-0.104395,-365.0000,-309.7945,-0.870000,2.032877,14.25304,7.538141,-25.61740,-319.9830,86.74844,0.023193,-0.507965,0.954202,-0.026497,-0.009493,-0.104395,2.241280,0.013316,9.439857,15.74969,0.088820,4.005590
-0.004770,-0.009696,-0.107997,-365.0000,-309.6945,-0.870000,2.029906,14.24796,7.926489,-25.88593,-321.7667,86.25488,0.018576,-0.547004,0.978489,-0.028504,-0.009696,-0.107997,2.350116,0.004770,9.409252,15.88407,0.088110,4.200310
0.016880,-0.010053,-0.112572,-365.0000,-309.5945,-0.870000,2.019554,14.23135,8.423451,-26.23129,-324.0872,85.59255,0.012112,-0.598406,1.008099,-0.031167,-0.010053,-0.112572,2.486527,-0.016880,9.368845,16.05406,0.085750,4.452440
0.041910,-0.010440,-0.116824,-365.0000,-309.4945,-0.870000,2.005219,14.20564,8.887177,-26.55569,-326.2577,84.94260,0.005657,-0.647887,1.034335,-0.033756,-0.010440,-0.116824,2.610569,-0.041898,9.330008,16.21069,0.081880,4.691460
0.071070,-0.010896,-0.121432,-365.0000,-309.3945,-0.870000,1.985679,14.16385,9.393009,-26.90894,-328.6274,84.20432,-0.001733,-0.703493,1.061174,-0.036681,-0.010896,-0.121432,2.744154,-0.071010,9.285982,16.37794,0.076050,4.954140
0.085384,-0.011143,-0.124091,-365.0000,-309.2945,-0.870000,1.974365,14.13374,9.683899,-27.11258,-329.9499,83.76418,-0.006051,-0.736356,1.075953,-0.038426,-0.011143,-0.124091,2.819363,-0.085280,9.260132,16.47264,0.072150,5.107410
0.090198,-0.011380,-0.128389,-365.0000,-309.1945,-0.870000,1.964329,14.07574,10.15643,-27.44647,-332.1789,83.02016,-0.012557,-0.790868,1.098488,-0.041348,-0.011380,-0.128389,2.938662,-0.090076,9.217704,16.62538,0.065690,5.360100
0.085055,-0.011518,-0.132675,-365.0000,-309.0945,-0.870000,1.958360,14.00770,10.62785,-27.78397,-334.4292,82.24004,-0.018888,-0.846684,1.119425,-0.044362,-0.011518,-0.132675,3.055407,-0.084953,9.174425,16.77711,0.059810,5.614900
0.077038,-0.011610,-0.136647,-365.0000,-308.9944,-0.870000,1.953213,13.93304,11.06649,-28.09854,-336.5176,81.48752,-0.024847,-0.899882,1.137364,-0.047252,-0.011610,-0.136647,3.162774,-0.076962,9.133064,16.91561,0.055360,5.854160
0.067883,-0.011626,-0.139313,-365.0000,-308.8944,-0.870000,1.951291,13.87696,11.36023,-28.30994,-337.8864,80.96828,-0.028812,-0.936272,1.148642,-0.049241,-0.011626,-0.139313,3.233917,-0.067831,9.104808,17.00708,0.053090,6.015700
0.047770,-0.011604,-0.143945,-365.0000,-308.7944,-0.870000,1.949431,13.76690,11.87613,-28.68292,-340.3757,80.02547,-0.035741,-1.001201,1.166467,-0.052803,-0.011604,-0.143945,3.358069,-0.047752,9.053920,17.16579,0.050720,6.301060
0.036349,-0.011571,-0.146286,-365.0000,-308.6944,-0.870000,1.948644,13.70568,12.13556,-28.87085,-341.5793,79.53757,-0.039298,-1.034594,1.174762,-0.054648,-0.011571,-0.146286,3.419884,-0.036341,9.027761,17.24417,0.050360,6.445970
0.013861,-0.011487,-0.150597,-365.0000,-308.5944,-0.870000,1.946936,13.57957,12.62110,-29.22235,-343.9160,78.60178,-0.046004,-1.097844,1.188314,-0.058165,-0.011487,-0.150597,3.534877,-0.013860,8.977718,17.38771,0.051130,6.719570
-0.011507,-0.011366,-0.155233,-365.0000,-308.4944,-0.870000,1.944180,13.42566,13.14877,-29.60437,-346.4623,77.54996,-0.053472,-1.168025,1.200528,-0.062109,-0.011366,-0.155233,3.658464,0.011507,8.921821,17.53899,0.053850,7.021340
-0.028159,-0.011272,-0.158218,-365.0000,-308.3944,-0.870000,1.941824,13.31761,13.48932,-29.85178,-348.0756,76.84917,-0.058426,-1.214230,1.207185,-0.064733,-0.011272,-0.158218,3.737201,0.028155,8.885002,17.63446,0.056480,7.218990
-0.051257,-0.011150,-0.162805,-365.0000,-308.2944,-0.870000,1.935106,13.13574,14.02032,-30.23944,-350.6588,75.72009,-0.066396,-1.287225,1.215175,-0.068921,-0.011150,-0.162805,3.858793,0.051234,8.826368,17.78028,0.061460,7.531240
-0.064394,-0.011094,-0.166075,-365.0000,-308.1944,-0.870000,1.926426,12.99404,14.40185,-30.51834,-352.4889,74.88405,-0.072435,-1.340630,1.219269,-0.072022,-0.011094,-0.166075,3.945298,0.064350,8.783312,17.88183,0.065330,7.759210
-0.071615,-0.011134,-0.169957,-365.0000,-308.0944,-0.870000,1.907428,12.81134,14.86189,-30.85513,-354.7191,73.84746,-0.080233,-1.405812,1.222144,-0.075857,-0.011134,-0.169957,4.048479,0.071553,8.730555,18.00049,0.069710,8.038791
-0.068302,-0.011315,-0.173796,-365.0000,-307.9944,-0.870000,1.877577,12.61752,15.32154,-31.19418,-356.9648,72.77403,-0.088649,-1.471811,1.222922,-0.079767,-0.011315,-0.173796,4.151700,0.068249,8.676313,18.11755,0.073310,8.320200
-0.057855,-0.011556,-0.176347,-365.0000,-307.8944,-0.870000,1.848968,12.48170,15.62819,-31.42145,-358.4369,72.03783,-0.094748,-1.516440,1.222338,-0.082430,-0.011556,-0.176347,4.220586,0.057823,8.639283,18.19435,0.074940,8.509521
-0.035205,-0.012031,-0.180114,-365.0000,-307.7944,-0.870000,1.796696,12.26459,16.09038,-31.76419,-360.7073,70.90221,-0.104344,-1.584238,1.219206,-0.086519,-0.012031,-0.180114,4.324254,0.035197,8.582244,18.30643,0.075890,8.798720
-0.004948,-0.012640,-0.183833,-365.0000,-307.6944,-0.870000,1.733322,12.03158,16.55434,-32.10910,-362.9921,69.72819,-0.114461,-1.653185,1.213508,-0.090735,-0.012640,-0.183833,4.428002,0.004948,8.523452,18.41465,0.074850,9.094200
0.033306,-0.013426,-0.188092,-365.0000,-307.5944,-0.870000,1.651527,11.74019,17.09565,-32.51422,-365.6917,68.30901,-0.126526,-1.734691,1.203497,-0.095796,-0.013426,-0.188092,4.548632,-0.033300,8.452798,18.53631,0.071110,9.445689
0.056171,-0.013905,-0.190508,-365.0000,-307.4944,-0.870000,1.601289,11.56461,17.40435,-32.74698,-367.1996,67.47370,-0.133554,-1.781919,1.196314,-0.098768,-0.013905,-0.190508,4.617046,-0.056141,8.411549,18.60352,0.067810,9.649870
0.089643,-0.014645,-0.194338,-365.0000,-307.3943,-0.870000,1.520191,11.26620,17.90307,-33.12732,-369.7247,66.07807,-0.144751,-1.858736,1.181973,-0.103668,-0.014645,-0.194338,4.727160,-0.089523,8.343436,18.70969,0.060930,9.985080
0.107992,-0.015072,-0.196673,-365.0000,-307.2943,-0.870000,1.470023,11.07097,18.21017,-33.36258,-371.2474,65.19527,-0.151630,-1.906755,1.171463,-0.106783,-0.015072,-0.196673,4.794573,-0.107782,8.300632,18.77152,0.056020,10.19629
0.124232,-0.015559,-0.200644,-365.0000,-307.1943,-0.870000,1.396601,10.70868,18.74538,-33.77631,-373.9995,63.60537,-0.162877,-1.991033,1.149554,-0.112346,-0.015559,-0.200644,4.911709,-0.123913,8.224510,18.87448,0.047100,10.57201
0.117431,-0.015630,-0.204548,-365.0000,-307.0943,-0.870000,1.346096,10.31309,19.27999,-34.19269,-376.7668,61.95771,-0.173165,-2.076447,1.122805,-0.118061,-0.015630,-0.204548,5.031311,-0.117162,8.144688,18.97158,0.038700,10.95297
0.100958,-0.015480,-0.207810,-365.0000,-306.9943,-0.870000,1.313444,9.949135,19.73618,-34.55154,-379.1356,60.49851,-0.181595,-2.150257,1.096043,-0.123101,-0.015480,-0.207810,5.134132,-0.100787,8.074118,19.04851,0.032770,11.28629
0.082493,-0.015234,-0.210198,-365.0000,-306.8943,-0.870000,1.296039,9.663975,20.07502,-34.82178,-380.8936,59.37518,-0.187689,-2.205680,1.073917,-0.126965,-0.015234,-0.210198,5.210112,-0.082399,8.020669,19.10226,0.029480,11.54042
0.065314,-0.014976,-0.212022,-365.0000,-306.7943,-0.870000,1.286126,9.435715,20.33604,-35.03250,-382.2422,58.48411,-0.192333,-2.248753,1.055562,-0.130011,-0.014976,-0.212022,5.268567,-0.065268,7.978759,19.14204,0.027690,11.73980
0.018001,-0.014197,-0.216202,-365.0000,-306.6943,-0.870000,1.269405,8.855665,20.96188,-35.54633,-385.6722,56.25592,-0.203277,-2.351996,1.005947,-0.137500,-0.014197,-0.216202,5.408927,-0.018000,7.875350,19.23054,0.026300,12.23193
-0.004622,-0.013798,-0.218112,-365.0000,-306.5943,-0.870000,1.262042,8.571479,21.25177,-35.78900,-387.2387,55.17549,-0.208504,-2.400481,0.980568,-0.141100,-0.013798,-0.218112,5.474064,0.004622,7.825871,19.26856,0.027070,12.46686
-0.035955,-0.013238,-0.220836,-365.0000,-306.4943,-0.870000,1.247323,8.132693,21.68056,-36.15396,-389.6445,53.51609,-0.216417,-2.472232,0.939820,-0.146547,-0.013238,-0.220836,5.570560,0.035947,7.750887,19.32108,0.029760,12.82334
-0.056999,-0.012858,-0.222805,-365.0000,-306.3943,-0.870000,1.232475,7.793668,21.99724,-36.42834,-391.4281,52.24066,-0.222493,-2.525616,0.907297,-0.150687,-0.012858,-0.222805,5.642210,0.056968,7.693858,19.35712,0.032850,13.09350
-0.081852,-0.012429,-0.225682,-365.0000,-306.2943,-0.870000,1.196111,7.249398,22.48130,-36.85620,-394.2647,50.20355,-0.232177,-2.607167,0.853068,-0.157170,-0.012429,-0.225682,5.752964,0.081761,7.603592,19.40759,0.039080,13.51804
-0.090297,-0.012288,-0.226883,-365.0000,-306.1943,-0.870000,1.176543,7.009909,22.68532,-37.03992,-395.4255,49.31051,-0.236463,-2.642012,0.828662,-0.160003,-0.012288,-0.226883,5.799731,0.090175,7.564596,19.42654,0.042130,13.70236
-0.092349,-0.012385,-0.229281,-365.0000,-306.0943,-0.870000,1.104858,6.478024,23.12089,-37.43857,-398.0611,47.33382,-0.246090,-2.715711,0.772649,-0.166141,-0.012385,-0.229281,5.901171,0.092218,7.478693,19.46258,0.048800,14.10556
-0.073692,-0.013038,-0.231651,-365.0000,-305.9943,-0.870000,0.986012,5.884896,23.57881,-37.86871,-400.9123,45.14066,-0.256855,-2.793199,0.707879,-0.172793,-0.013038,-0.231651,6.010910,0.073625,7.383492,19.49425,0.055720,14.54426
-0.054718,-0.013691,-0.233370,-365.0000,-305.8943,-0.870000,0.879318,5.397556,23.93019,-38.20718,-403.1341,43.37010,-0.265189,-2.852908,0.653230,-0.178078,-0.013691,-0.233370,6.098224,0.054690,7.305824,19.51281,0.060680,14.89320
-0.027973,-0.014595,-0.235046,-365.0000,-305.7943,-0.870000,0.745862,4.846001,24.30388,-38.57678,-405.5688,41.39022,-0.274043,-2.916401,0.589917,-0.183916,-0.014595,-0.235046,6.192998,0.027969,7.219432,19.52434,0.064760,15.28119
0.001990,-0.015623,-0.236535,-365.0000,-305.6942,-0.870000,0.601389,4.282589,24.66452,-38.94662,-408.0046,39.35911,-0.282421,-2.977691,0.523913,-0.189778,-0.015623,-0.236535,6.285642,-0.001990,7.132648,19.52913,0.066930,15.67320
0.025950,-0.016453,-0.237531,-365.0000,-305.5942,-0.870000,0.485614,3.844044,24.92744,-39.22412,-409.8066,37.80186,-0.288401,-3.022547,0.471723,-0.194223,-0.016453,-0.237531,6.355586,-0.025947,7.065619,19.52696,0.067040,15.97132
0.059334,-0.017642,-0.238742,-365.0000,-305.4942,-0.870000,0.315733,3.194973,25.29346,-39.62494,-412.4529,35.50024,-0.296301,-3.084635,0.393338,-0.200662,-0.017642,-0.238742,6.454711,-0.059299,6.968225,19.51553,0.064870,16.40751
0.076387,-0.018275,-0.239400,-365.0000,-305.3942,-0.870000,0.216208,2.786932,25.51015,-39.87149,-414.0420,34.05294,-0.300781,-3.121614,0.343579,-0.204653,-0.018275,-0.239400,6.514526,-0.076313,6.908000,19.50430,0.062130,16.67813
0.091044,-0.018834,-0.239968,-365.0000,-305.2942,-0.870000,0.120294,2.372004,25.72022,-40.11795,-415.6299,32.58188,-0.304951,-3.157394,0.292611,-0.208657,-0.018834,-0.239968,6.573374,-0.090918,6.847693,19.48931,0.058380,16.95093
0.092686,-0.019021,-0.240686,-365.0000,-305.1942,-0.870000,0.012708,1.673966,26.04753,-40.51804,-418.2694,30.14021,-0.311043,-3.212384,0.206598,-0.215166,-0.019021,-0.240686,6.667947,-0.092553,6.748837,19.45716,0.050650,17.39806
0.094138,-0.019140,-0.241123,-365.0000,-305.0942,-0.870000,-0.078508,1.070630,26.30977,-40.85605,-420.4836,28.02440,-0.315796,-3.256211,0.131563,-0.220663,-0.019140,-0.241123,6.746728,-0.093999,6.664378,19.42351,0.041990,17.77869
0.086409,-0.018920,-0.241478,-365.0000,-304.9942,-0.870000,-0.162217,0.348007,26.60167,-41.25476,-423.1129,25.46492,-0.321024,-3.304366,0.041270,-0.227081,-0.018920,-0.241478,6.837668,-0.086301,6.564465,19.37982,0.030890,18.22685
0.063442,-0.018114,-0.241647,-365.0000,-304.8942,-0.870000,-0.212537,-0.444564,26.89424,-41.68314,-425.9449,22.63729,-0.326526,-3.351833,-0.057986,-0.233936,-0.018114,-0.241647,6.932511,-0.063399,6.457314,19.32543,0.019090,18.71017
0.039834,-0.017227,-0.241625,-365.0000,-304.7942,-0.870000,-0.242098,-1.131706,27.12666,-42.04932,-428.3511,20.15470,-0.331213,-3.389002,-0.144342,-0.239748,-0.017227,-0.241625,7.011462,-0.039824,6.365608,19.27326,0.009930,19.12424
0.023263,-0.016585,-0.241534,-365.0000,-304.6942,-0.870000,-0.258657,-1.596617,27.27191,-42.29288,-429.9179,18.46947,-0.334357,-3.412099,-0.202930,-0.243597,-0.016585,-0.241534,7.063774,-0.023261,6.303569,19.23557,0.004880,19.40016
-0.004544,-0.015492,-0.241164,-365.0000,-304.5942,-0.870000,-0.282614,-2.364740,27.49076,-42.68765,-432.5192,15.67941,-0.339309,-3.445682,-0.299883,-0.249755,-0.015492,-0.241164,7.148013,0.004544,6.201562,19.16735,-0.000510,19.85011
-0.030412,-0.014483,-0.240477,-365.0000,-304.4942,-0.870000,-0.320391,-3.204342,27.70211,-43.11115,-435.3167,12.60294,-0.344277,-3.476922,-0.406162,-0.256292,-0.014483,-0.240477,7.236712,0.030407,6.091109,19.08285,-0.001930,20.33770
-0.045295,-0.013929,-0.239838,-365.0000,-304.3942,-0.870000,-0.358982,-3.808183,27.83765,-43.41251,-437.2782,10.35972,-0.347509,-3.496414,-0.482789,-0.260904,-0.013929,-0.239838,7.298481,0.045279,6.012224,19.01644,0.000150,20.68674
-0.051447,-0.013742,-0.239202,-365.0000,-304.2942,-0.870000,-0.409040,-4.294916,27.93645,-43.65286,-438.8218,8.537519,-0.349592,-3.510264,-0.544782,-0.264580,-0.013742,-0.239202,7.346872,0.051424,5.949306,18.95719,0.003340,20.96864
-0.053302,-0.013881,-0.237896,-365.0000,-304.1942,-0.