est: (-364.9ÊŠbþ-394.8630,13.34115)
pathned: (-365.0000,-351.000,-5.769997)
pnPePd: (-364.9985,-395.0220,-0.879530)
L-vec: j‚r‚‚Šª’ªb¢¢r‚’’‚‚bþ-4.890467)þest: (-365.1004,-373.1033,59.66774)
pathned: (-365.0000,-301.0000,-10.77001)
pnPePd: (-364.9917,-373.7762,-0.900860)
L-vec: (-0.008331,72.77621,-9.869145)
est: (-366.1408,-336.0068,138.1056)
pathned: (-365.0000,-251.0000,-15.77002)
pnPePd: (-364.6503,-337.0008,-0.933310)
L-vec: (-0.349670,86.00079,-14.83671)
est: (-364.0275,-286.9097,250.4720)
pathned: (-365.0000,-200.0000,-20.87004)
pnPePd: (-364.0407,-288.7900,-2.051800)
L-vec: (-0.959259,88.79001,-18.81824)
est: (-357.5050,-235.0581,387.9208)
pathned: (-365.0000,-151.0000,-25.77006)
pnPePd: (-363.5728,-237.0903,-5.633880)
L-vec: (-1.427185,86.09026,-20.13618)
ResetGPS.
est: (-363.4197,-216.9025,4.532396)
pathned: (-365.0000,-100.0000,-30.87008)
pnPePd: (-363.3971,-182.1731,-10.33350)
L-vec: (-1.602936,82.17313,-20.53658)
est: (-363.1847,-200.3360,45.76450)
pathned: (-365.0000,-51.00000,-35.77003)
pnPePd: (-363.5504,-129.8916,-15.01018)
L-vec: (-1.449646,78.89159,-20.75985)
est: (-362.7909,-183.7859,119.9287)
pathned: (-365.0000,-1.000000,-40.76995)
pnPePd: (-363.9157,-76.19341,-19.75169)
L-vec: (-1.084320,75.19341,-21.01826)
est: (-361.9193,-167.7726,226.5759)
pathned: (-365.0000,49.00000,-45.76987)
pnPePd: (-364.3309,-24.53637,-24.32987)
L-vec: (-0.669128,73.53637,-21.44000)
est: (-361.2012,-152.1912,365.6151)
pathned: (-365.0000,99.00000,-50.76980)
pnPePd: (-364.6669,27.04677,-28.73148)
L-vec: (-0.333129,71.95323,-22.03832)
ResetGPS.
est: (-364.4986,45.02442,-19.16802)
pathned: (-365.0000,149.0000,-70.46987)
pnPePd: (-364.8157,76.85943,-33.11116)
L-vec: (-0.184265,72.14057,-37.35871)
est: (-362.1503,60.20749,21.79748)
pathned: (-365.0000,199.0000,-90.46995)
pnPePd: (-364.7709,126.8003,-41.18006)
L-vec: (-0.229126,72.19967,-49.28989)
est: (-356.7332,74.20215,94.90810)
pathned: (-365.0000,249.0000,-110.4700)
pnPePd: (-364.5996,175.7085,-52.13689)
L-vec: (-0.400421,73.29150,-58.33313)
est: (-349.2890,86.21870,201.0266)
pathned: (-365.0000,299.0000,-130.4700)
pnPePd: (-364.3675,222.0278,-63.68370)
L-vec: (-0.632507,76.97218,-66.78635)
est: (-339.4601,98.20757,339.8683)
pathned: (-365.0000,349.0000,-150.4697)
pnPePd: (-364.0765,268.1005,-76.16402)
L-vec: (-0.923522,80.89954,-74.30572)
ResetGPS.
est: (-363.9659,283.3615,-72.90937)
pathned: (-365.0000,399.0000,-170.4694)
pnPePd: (-363.7508,313.2763,-89.24621)
L-vec: (-1.249237,85.72372,-81.22323)
est: (-363.5464,295.4246,-37.63597)
pathned: (-365.0000,449.0000,-190.4691)
pnPePd: (-363.3916,358.5444,-103.0957)
L-vec: (-1.608429,90.45557,-87.37345)
est: (-362.2249,307.8949,31.47033)
pathned: (-365.0000,500.0000,-210.8688)
pnPePd: (-363.0327,405.3063,-118.3804)
L-vec: (-1.967346,94.69373,-92.48837)
est: (-360.3163,319.6107,129.4244)
pathned: (-365.0000,549.0000,-230.4685)
pnPePd: (-362.7298,449.5441,-133.4273)
L-vec: (-2.270203,99.45590,-97.04120)
est: (-358.3549,331.8952,261.0833)
pathned: (-365.0000,599.0000,-250.4682)
pnPePd: (-362.4764,495.4749,-149.1648)
L-vec: (-2.523590,103.5251,-101.3035)
ResetGPS.
est: (-362.4050,511.5974,-147.8959)
pathned: (-365.0000,650.0000,-270.8679)
pnPePd: (-362.2587,541.8562,-165.3497)
L-vec: (-2.741333,108.1438,-105.5183)
est: (-362.3299,522.7548,-114.8964)
pathned: (-365.0000,699.0000,-290.4676)
pnPePd: (-362.0722,587.1508,-181.3801)
L-vec: (-2.927795,111.8492,-109.0876)
est: (-362.1464,534.0804,-49.23808)
pathned: (-365.0000,749.0000,-310.4673)
pnPePd: (-361.9281,632.2903,-197.3908)
L-vec: (-3.071899,116.7097,-113.0765)
est: (-361.6027,545.6444,48.61962)
pathned: (-365.0000,799.0000,-330.4670)
pnPePd: (-361.8026,677.8291,-213.7841)
L-vec: (-3.197357,121.1709,-116.6829)
est: (-360.3613,557.2776,178.8359)
pathned: (-365.0000,849.0000,-350.4667)
pnPePd: (-361.6939,723.3084,-230.5061)
L-vec: (-3.306122,125.6916,-119.9606)
ResetGPS.
est: (-361.6693,739.6204,-230.9717)
pathned: (-365.0000,899.0000,-370.4664)
pnPePd: (-361.5954,768.6712,-247.5631)
L-vec: (-3.404572,130.3288,-122.9033)
est: (-361.6243,750.0923,-198.6314)
pathned: (-365.0000,949.0000,-390.4661)
pnPePd: (-361.4834,814.2277,-264.8988)
L-vec: (-3.516632,134.7723,-125.5673)
est: (-361.9715,760.4820,-134.2538)
pathned: (-365.0000,999.0000,-410.4658)
pnPePd: (-361.3463,859.5286,-281.8358)
L-vec: (-3.653687,139.4714,-128.6300)
est: (-363.2746,771.0082,-38.07076)
pathned: (-365.0000,1049.000,-430.4655)
pnPePd: (-361.1903,904.5822,-298.1168)
L-vec: (-3.809692,144.4178,-132.3487)
est: (-365.1013,781.9422,90.02873)
pathned: (-365.0000,1099.000,-450.4652)
pnPePd: (-361.0179,950.6909,-314.5041)
L-vec: (-3.982086,148.3091,-135.9611)
ResetGPS.
est: (-361.0997,967.4580,-315.0074)
pathned: (-413.2747,1149.000,-452.8256)
pnPePd: (-360.8994,997.1323,-330.4674)
L-vec: (-52.37537,151.8677,-122.3582)
est: (-362.0455,978.8350,-283.3732)
pathned: (-457.9153,1199.000,-454.8260)
pnPePd: (-361.7060,1045.345,-345.4345)
L-vec: (-96.20926,153.6547,-109.3915)
est: (-364.2951,989.3008,-219.8339)
pathned: (-493.5527,1249.000,-456.8264)
pnPePd: (-365.0738,1094.165,-359.4382)
L-vec: (-128.4789,154.8347,-97.38821)
est: (-367.7767,998.7697,-124.4385)
pathned: (-516.6989,1299.000,-458.8269)
pnPePd: (-372.8323,1145.019,-373.6998)
L-vec: (-143.8666,153.9811,-85.12704)
est: (-374.8867,1009.100,1.849965)
pathned: (-525.0872,1349.000,-460.8273)
pnPePd: (-385.6248,1196.032,-386.9597)
L-vec: (-139.4624,152.9675,-73.86761)
ResetGPS.
est: (-391.8779,1214.830,-383.7703)
pathned: (-517.8975,1399.000,-462.8277)
pnPePd: (-401.4792,1242.228,-395.6921)
L-vec: (-116.4183,156.7719,-67.13562)
est: (-397.1950,1224.957,-346.0703)
pathned: (-495.8322,1449.000,-464.8282)
pnPePd: (-418.8118,1283.693,-397.1758)
L-vec: (-77.02039,165.3074,-67.65240)
est: (-405.0220,1244.863,-275.8888)
pathned: (-461.0515,1499.000,-466.8286)
pnPePd: (-439.6770,1328.983,-396.6957)
L-vec: (-21.37445,170.0168,-70.13290)
est: (-404.8747,1283.018,-174.6049)
pathned: (-416.9608,1549.000,-468.8290)
pnPePd: (-461.3266,1379.801,-403.3655)
L-vec: (44.36581,169.1995,-65.46350)
est: (-393.5887,1335.884,-38.38778)
pathned: (-367.8758,1599.000,-470.8294)
pnPePd: (-477.0588,1434.704,-417.9062)
L-vec: (109.1830,164.2960,-52.92328)
ResetGPS.
est: (-479.1026,1455.308,-420.3947)
pathned: (-318.6011,1649.000,-472.8299)
pnPePd: (-481.9881,1487.748,-435.1821)
L-vec: (163.3870,161.2518,-37.64774)
est: (-479.6113,1465.225,-391.4965)
pathned: (-273.9601,1699.000,-474.8303)
pnPePd: (-476.4211,1541.421,-452.6378)
L-vec: (202.4609,157.5792,-22.19250)
est: (-482.0943,1472.202,-331.9589)
pathned: (-238.3218,1749.000,-476.8307)
pnPePd: (-461.2767,1593.763,-467.5963)
L-vec: (222.9549,155.2374,-9.234467)
est: (-489.9082,1476.843,-243.2818)
pathned: (-215.1757,1799.000,-478.8311)
pnPePd: (-439.8737,1641.686,-477.7160)
L-vec: (224.6980,157.3141,-1.115173)
est: (-508.2101,1478.227,-125.9736)
pathned: (-206.7870,1849.000,-480.8316)
pnPePd: (-408.6302,1695.631,-482.6573)
L-vec: (201.8432,153.3688,1.825745)
ResetGPS.
est: (-393.9652,1717.853,-472.3169)
pathned: (-213.9768,1899.000,-482.8320)
pnPePd: (-377.0880,1741.142,-480.0695)
L-vec: (163.1112,157.8575,-2.762451)
est: (-387.1861,1726.945,-429.6089)
pathned: (-236.0421,1949.000,-484.8324)
pnPePd: (-344.6016,1782.552,-474.4362)
L-vec: (108.5595,166.4480,-10.39618)
est: (-375.0396,1730.796,-354.7355)
pathned: (-270.8225,1999.000,-486.8329)
pnPePd: (-305.0141,1831.649,-470.3852)
L-vec: (34.19159,167.3507,-16.44763)
est: (-343.6189,1717.445,-248.6286)
pathned: (-314.9129,2049.000,-488.8333)
pnPePd: (-269.8912,1885.721,-476.3815)
L-vec: (-45.02173,163.2793,-12.45178)
est: (-283.7333,1681.592,-103.9278)
pathned: (-363.9978,2099.000,-490.8337)
pnPePd: (-249.2303,1945.916,-490.5336)
L-vec: (-114.7674,153.0841,-0.300109)
ResetGPS.
est: (-248.2749,1974.366,-494.7664)
pathned: (-413.2725,2149.000,-492.8341)
pnPePd: (-247.3257,2006.471,-507.7350)
L-vec: (-165.9468,142.5291,14.90088)
est: (-250.7710,1995.868,-469.1593)
pathned: (-457.9135,2199.000,-494.8346)
pnPePd: (-261.0393,2066.152,-523.5659)
L-vec: (-196.8742,132.8484,28.73129)
est: (-259.0971,2026.292,-413.8484)
pathned: (-493.5515,2249.000,-496.8350)
pnPePd: (-285.9893,2123.927,-533.2313)
L-vec: (-207.5622,125.0725,36.39627)
est: (-277.2123,2070.652,-326.1459)
pathned: (-516.6968,2299.000,-498.8354)
pnPePd: (-320.3082,2181.667,-535.2308)
L-vec: (-196.3886,117.3328,36.39542)
est: (-301.1577,2130.112,-205.6024)
pathned: (-525.0847,2349.000,-500.8358)
pnPePd: (-362.1726,2236.263,-532.1804)
L-vec: (-162.9121,112.7366,31.34451)
ResetGPS.
est: (-383.3624,2261.588,-520.2559)
pathned: (-517.8943,2399.000,-502.8363)
pnPePd: (-406.6844,2283.804,-526.2522)
L-vec: (-111.2099,115.1963,23.41592)
est: (-393.8525,2284.650,-476.4774)
pathned: (-495.8276,2449.000,-504.8367)
pnPePd: (-451.9501,2328.619,-519.8356)
L-vec: (-43.87753,120.3811,14.99893)
est: (-400.8990,2332.993,-387.2838)
pathned: (-460.2435,2500.000,-506.8771)
pnPePd: (-493.0939,2384.072,-519.8306)
L-vec: (32.85043,115.9277,12.95349)
est: (-401.3283,2388.043,-265.9631)
pathned: (-416.9566,2549.000,-508.8376)
pnPePd: (-504.7381,2449.938,-530.5994)
L-vec: (87.78156,99.06201,21.76187)
est: (-402.7637,2426.103,-129.2498)
pathned: (-367.8716,2599.000,-510.8380)
pnPePd: (-484.4486,2513.891,-542.0618)
L-vec: (116.5771,85.10864,31.22385)
ResetGPS.
est: (-465.8461,2540.484,-540.4227)
pathned: (-318.5969,2649.000,-512.8378)
pnPePd: (-445.3655,2568.782,-547.3906)
L-vec: (126.7687,80.21826,34.55286)
est: (-451.9398,2553.045,-508.6136)
pathned: (-273.9563,2699.000,-514.8367)
pnPePd: (-393.1768,2620.836,-544.9410)
L-vec: (119.2205,78.16357,30.10431)
est: (-437.0563,2557.660,-447.3636)
pathned: (-238.3192,2749.000,-516.8356)
pnPePd: (-332.9227,2668.796,-538.8391)
L-vec: (94.60350,80.20435,22.00348)
est: (-419.0526,2534.505,-358.5757)
pathned: (-215.1742,2799.000,-518.8345)
pnPePd: (-269.7106,2717.949,-533.0235)
L-vec: (54.53644,81.05103,14.18903)
est: (-379.3641,2452.442,-233.2726)
pathned: (-206.7863,2849.000,-520.8334)
pnPePd: (-220.3577,2775.117,-532.1083)
L-vec: (13.57130,73.88306,11.27496)
ResetGPS.
est: (-206.3079,2809.035,-528.0658)
pathned: (-213.9772,2899.000,-522.8323)
pnPePd: (-201.0070,2841.303,-532.2533)
L-vec: (-12.97025,57.69727,9.421021)
est: (-195.6906,2836.226,-502.2341)
pathned: (-236.0431,2949.000,-524.8312)
pnPePd: (-212.6369,2904.874,-529.4760)
L-vec: (-23.40617,44.12622,4.644775)
est: (-175.3454,2884.207,-448.0722)
pathned: (-270.8232,2999.000,-526.8301)
pnPePd: (-242.9460,2958.881,-526.4230)
L-vec: (-27.87721,40.11914,-0.407043)
est: (-144.5184,2958.415,-354.0360)
pathned: (-314.9135,3049.000,-528.8290)
pnPePd: (-280.2602,3007.522,-526.0076)
L-vec: (-34.65323,41.47754,-2.821350)
est: (-109.1111,3038.506,-224.0004)
pathned: (-364.9987,3100.000,-530.8679)
pnPePd: (-320.0448,3054.653,-527.0757)
L-vec: (-44.95395,45.34668,-3.792114)
ResetGPS.
est: (-342.1832,3079.458,-521.9869)
pathned: (-413.2734,3149.000,-532.8268)
pnPePd: (-362.7469,3100.786,-528.9526)
L-vec: (-50.52646,48.21436,-3.874146)
est: (-357.6742,3098.846,-486.9811)
pathned: (-457.9140,3199.000,-534.8257)
pnPePd: (-408.9832,3147.297,-530.4688)
L-vec: (-48.93073,51.70337,-4.356873)
est: (-372.8537,3126.534,-418.4570)
pathned: (-493.5500,3249.000,-536.8246)
pnPePd: (-456.0460,3195.032,-532.0544)
L-vec: (-37.50400,53.96802,-4.770203)
est: (-385.2277,3169.723,-309.0070)
pathned: (-517.0124,3300.000,-538.8635)
pnPePd: (-498.3170,3246.320,-534.6732)
L-vec: (-18.69534,53.67969,-4.190308)
est: (-395.2586,3226.654,-159.2971)
pathned: (-525.0821,3349.000,-540.8224)
pnPePd: (-525.6013,3299.568,-538.0236)
L-vec: (0.519226,49.43188,-2.798828)
ResetGPS.
est: (-532.7125,3327.468,-535.1268)
pathned: (-517.8901,3399.000,-542.8213)
pnPePd: (-533.3629,3353.713,-539.8732)
L-vec: (15.47278,45.28662,-2.948059)
est: (-536.0309,3333.208,-505.0494)
pathned: (-495.8227,3449.000,-544.8202)
pnPePd: (-522.2834,3405.271,-539.5735)
L-vec: (26.46075,43.72876,-5.246704)
est: (-537.7476,3331.825,-444.6668)
pathned: (-460.2382,3500.000,-546.8591)
pnPePd: (-497.2247,3453.447,-540.0024)
L-vec: (36.98648,46.55347,-6.856628)
est: (-537.3673,3325.590,-358.4939)
pathned: (-416.9506,3549.000,-548.8180)
pnPePd: (-465.2130,3497.045,-541.7163)
L-vec: (48.26242,51.95532,-7.101685)
est: (-534.9828,3315.740,-239.0419)
pathned: (-366.8651,3600.000,-550.8569)
pnPePd: (-424.6758,3542.820,-544.5734)
L-vec: (57.81070,57.17993,-6.283447)
ResetGPS.
est: (-401.5590,3566.564,-540.7773)
pathned: (-318.5904,3649.000,-552.8158)
pnPePd: (-381.6151,3586.586,-547.0323)
L-vec: (63.02469,62.41431,-5.783447)
est: (-386.0580,3580.759,-507.2192)
pathned: (-273.9501,3699.000,-554.8147)
pnPePd: (-333.7888,3633.094,-549.0786)
L-vec: (59.83875,65.90576,-5.736145)
est: (-368.8629,3591.410,-441.6670)
pathned: (-238.3137,3749.000,-556.8136)
pnPePd: (-285.1996,3681.678,-551.2617)
L-vec: (46.88585,67.32178,-5.551941)
est: (-349.5729,3587.833,-342.1488)
pathned: (-215.1694,3799.000,-558.8125)
pnPePd: (-240.9705,3733.243,-553.9262)
L-vec: (25.80104,65.75708,-4.886292)
est: (-322.7565,3552.772,-199.6654)
pathned: (-206.7732,3850.000,-560.8514)
pnPePd: (-208.5308,3789.082,-557.2732)
L-vec: (1.757660,60.91821,-3.578186)
ResetGPS.
est: (-198.8035,3821.282,-555.2209)
pathned: (-214.2735,3900.000,-562.8503)
pnPePd: (-195.9109,3845.877,-560.3585)
L-vec: (-18.36261,54.12256,-2.491760)
est: (-193.2817,3843.057,-527.8634)
pathned: (-236.0389,3949.000,-564.8092)
pnPePd: (-204.0476,3901.741,-562.5847)
L-vec: (-31.99127,47.25854,-2.224487)
est: (-183.5390,3879.095,-472.7419)
pathned: (-270.8203,3999.000,-566.8081)
pnPePd: (-228.8162,3951.475,-563.4144)
L-vec: (-42.00406,47.52466,-3.393738)
est: (-169.3611,3941.393,-385.8292)
pathned: (-314.9115,4049.000,-568.8070)
pnPePd: (-265.2370,3997.851,-564.8131)
L-vec: (-49.67447,51.14868,-3.993896)
est: (-153.2977,4025.872,-262.2514)
pathned: (-363.9972,4099.000,-570.8059)
pnPePd: (-308.5090,4043.793,-566.8106)
L-vec: (-55.48819,55.20703,-3.995300)
ResetGPS.
est: (-336.5793,4071.927,-563.0771)
pathned: (-413.2719,4149.000,-572.8048)
pnPePd: (-355.9494,4090.915,-568.4400)
L-vec: (-57.32245,58.08545,-4.364807)
est: (-352.5487,4088.936,-529.9313)
pathned: (-457.9121,4199.000,-574.8037)
pnPePd: (-403.9770,4138.495,-569.8828)
L-vec: (-53.93515,60.50537,-4.920959)
est: (-369.1855,4111.447,-464.3221)
pathned: (-493.5484,4249.000,-576.8026)
pnPePd: (-452.6562,4189.551,-571.8557)
L-vec: (-40.89227,59.44922,-4.946899)
est: (-383.2443,4144.771,-362.7170)
pathned: (-516.6927,4299.000,-578.8015)
pnPePd: (-495.1682,4242.348,-574.3890)
L-vec: (-21.52451,56.65186,-4.412476)
est: (-392.4382,4189.362,-218.6798)
pathned: (-525.0793,4349.000,-580.8004)
pnPePd: (-524.3788,4297.628,-577.2946)
L-vec: (-0.700439,51.37158,-3.505859)
ResetGPS.
est: (-532.5999,4329.325,-575.4409)
pathned: (-517.8873,4399.000,-582.7993)
pnPePd: (-533.7213,4351.837,-579.1868)
L-vec: (15.83392,47.16260,-3.612488)
est: (-535.3500,4337.589,-546.4732)
pathned: (-495.2388,4450.000,-584.8382)
pnPePd: (-523.4052,4405.400,-579.8051)
L-vec: (28.16635,44.59961,-5.033142)
est: (-536.6555,4338.433,-491.5627)
pathned: (-461.0378,4499.000,-586.7971)
pnPePd: (-498.8892,4452.700,-580.9886)
L-vec: (37.85138,46.30029,-5.808472)
est: (-536.0466,4332.892,-405.5847)
pathned: (-415.9981,4550.000,-588.8360)
pnPePd: (-463.1349,4500.138,-583.1449)
L-vec: (47.13675,49.86182,-5.691101)
est: (-534.2759,4321.909,-294.7675)
pathned: (-367.8609,4599.000,-590.7949)
pnPePd: (-422.7885,4544.287,-585.5568)
L-vec: (54.92767,54.71289,-5.238098)
ResetGPS.
est: (-395.9087,4571.351,-582.6942)
pathned: (-317.6323,4650.000,-592.8338)
pnPePd: (-377.8723,4589.170,-587.7426)
L-vec: (60.23996,60.83008,-5.091248)
est: (-379.9718,4585.936,-551.8297)
pathned: (-273.9460,4699.000,-594.7927)
pnPePd: (-330.0121,4635.786,-589.4835)
L-vec: (56.06607,63.21387,-5.309265)
est: (-362.1627,4597.190,-488.3757)
pathned: (-238.3100,4749.000,-596.7916)
pnPePd: (-280.0065,4686.905,-591.5756)
L-vec: (41.69643,62.09473,-5.216064)
est: (-341.7660,4593.657,-390.9755)
pathned: (-215.1652,4799.000,-598.7905)
pnPePd: (-237.1153,4739.467,-594.5877)
L-vec: (21.95004,59.53271,-4.202820)
est: (-313.0514,4557.063,-251.7793)
pathned: (-206.7780,4849.000,-600.7894)
pnPePd: (-206.5452,4798.097,-598.4095)
L-vec: (-0.232833,50.90283,-2.379883)
ResetGPS.
est: (-198.9111,4835.406,-598.1416)
pathned: (-213.9698,4899.000,-602.7883)
pnPePd: (-198.9694,4856.456,-601.2408)
L-vec: (-15.00038,42.54395,-1.547546)
est: (-193.9741,4859.916,-573.0820)
pathned: (-236.6166,4950.000,-604.8272)
pnPePd: (-213.1397,4911.774,-601.3677)
L-vec: (-23.47693,38.22559,-3.459473)
est: (-183.8335,4898.078,-519.3239)
pathned: (-270.8173,4999.000,-606.7861)
pnPePd: (-239.3982,4957.788,-600.9103)
L-vec: (-31.41905,41.21191,-5.875793)
est: (-169.2199,4954.831,-430.7713)
pathned: (-314.9086,5049.000,-608.7850)
pnPePd: (-271.2515,4999.783,-601.9567)
L-vec: (-43.65714,49.21729,-6.828369)
est: (-153.5711,5022.369,-309.1300)
pathned: (-363.9943,5099.000,-610.7839)
pnPePd: (-312.2608,5047.306,-604.5865)
L-vec: (-51.73349,51.69385,-6.197388)
ResetGPS.
est: (-339.9769,5077.299,-603.0112)
pathned: (-413.2690,5149.000,-612.7828)
pnPePd: (-354.6071,5092.377,-607.1520)
L-vec: (-58.66183,56.62256,-5.630798)
est: (-355.3104,5095.083,-572.9367)
pathned: (-457.9095,5199.000,-614.7817)
pnPePd: (-400.2005,5138.345,-609.1574)
L-vec: (-57.70898,60.65479,-5.624329)
est: (-371.6985,5119.293,-510.1966)
pathned: (-493.5455,5249.000,-616.7806)
pnPePd: (-447.4792,5186.243,-611.0528)
L-vec: (-46.06638,62.75684,-5.727844)
est: (-385.7731,5155.646,-411.3510)
pathned: (-516.6891,5299.000,-618.7795)
pnPePd: (-490.7209,5236.042,-613.6093)
L-vec: (-25.96820,62.95752,-5.170227)
est: (-396.5821,5207.167,-269.5022)
pathned: (-525.0756,5349.000,-620.7784)
pnPePd: (-522.9865,5289.520,-616.7614)
L-vec: (-2.089172,59.47998,-4.017090)
ResetGPS.
est: (-533.9409,5325.558,-616.9987)
pathned: (-517.5826,5400.000,-622.8173)
pnPePd: (-536.1743,5345.545,-620.4058)
L-vec: (18.59167,54.45459,-2.411560)
est: (-536.7052,5335.738,-592.5246)
pathned: (-495.8160,5449.000,-624.7762)
pnPePd: (-528.5713,5399.608,-622.7751)
L-vec: (32.75528,49.39160,-2.001099)
est: (-539.8621,5337.971,-540.5821)
pathned: (-461.0341,5499.000,-626.7751)
pnPePd: (-503.2080,5449.950,-623.6081)
L-vec: (42.17386,49.04980,-3.167053)
est: (-542.0722,5328.755,-462.3967)
pathned: (-416.9430,5549.000,-628.7740)
pnPePd: (-466.3115,5495.866,-624.5134)
L-vec: (49.36853,53.13428,-4.260681)
est: (-542.2520,5308.980,-356.6898)
pathned: (-367.8573,5599.000,-630.7729)
pnPePd: (-424.8300,5539.500,-626.1644)
L-vec: (56.97269,59.50049,-4.608582)
ResetGPS.
est: (-393.0830,5571.349,-624.4949)
pathned: (-317.6288,5650.000,-632.8118)
pnPePd: (-378.1855,5586.152,-628.1499)
L-vec: (60.55673,63.84814,-4.661926)
est: (-376.9972,5587.024,-596.0322)
pathned: (-273.9426,5699.000,-634.7708)
pnPePd: (-331.9151,5632.470,-629.7726)
L-vec: (57.97250,66.53027,-4.998108)
est: (-360.7500,5600.028,-534.6230)
pathned: (-238.3066,5749.000,-636.7697)
pnPePd: (-285.2216,5681.517,-631.1447)
L-vec: (46.91498,67.48291,-5.625000)
est: (-343.1808,5602.781,-439.6271)
pathned: (-215.1622,5799.000,-638.7686)
pnPePd: (-243.1716,5732.188,-633.2411)
L-vec: (28.00943,66.81250,-5.527405)
est: (-319.6046,5579.939,-303.9262)
pathned: (-206.7651,5850.000,-640.8074)
pnPePd: (-209.9601,5787.711,-636.4760)
L-vec: (3.195023,62.28857,-4.331482)
ResetGPS.
est: (-197.9636,5825.006,-637.0691)
pathned: (-213.9664,5899.000,-642.7664)
pnPePd: (-195.3819,5841.719,-639.6433)
L-vec: (-18.58447,57.28125,-3.123047)
est: (-192.8016,5846.101,-613.9270)
pathned: (-236.0327,5949.000,-644.7653)
pnPePd: (-200.4903,5896.825,-642.0800)
L-vec: (-35.54242,52.17480,-2.685303)
est: (-184.3428,5879.815,-563.5779)
pathned: (-270.8133,5999.000,-646.7642)
pnPePd: (-224.1677,5948.673,-643.6815)
L-vec: (-46.64558,50.32715,-3.082642)
est: (-170.8495,5936.248,-482.3600)
pathned: (-314.9048,6049.000,-648.7631)
pnPePd: (-259.0791,5994.113,-644.6887)
L-vec: (-55.82574,54.88672,-4.074341)
est: (-153.8103,6021.554,-361.2416)
pathned: (-364.9905,6100.000,-650.8019)
pnPePd: (-303.3609,6039.513,-646.5944)
L-vec: (-61.62961,60.48682,-4.207520)
ResetGPS.
est: (-336.5518,6071.206,-645.4326)
pathned: (-414.2190,6150.000,-652.8008)
pnPePd: (-350.4579,6084.373,-648.4991)
L-vec: (-63.76108,65.62695,-4.301758)
