pathned: (-365.0000,100.0000,-51.46980)
pnPePd: (-364.9976,-351.9845,-0.916530)
L-vec: (-0.002410,451.9845,-50.55327)
pathned: (-365.0000,150.0000,-71.46988)
pnPePd: (-364.9941,-306.5031,-0.931600)
L-vec: (-0.005889,456.5031,-70.53828)
pathned: (-365.0000,200.0000,-91.46996)
pnPePd: (-364.8847,-251.1203,-2.185590)
L-vec: (-0.115264,451.1203,-89.28436)
pathned: (-365.0000,250.0000,-111.4700)
pnPePd: (-364.5546,-188.3004,-7.634769)
L-vec: (-0.445404,438.3004,-103.8353)
pathned: (-365.0000,300.0000,-131.4700)
pnPePd: (-363.9818,-122.7995,-17.28955)
L-vec: (-1.018219,422.7995,-114.1805)
pathned: (-365.0000,350.0000,-151.4697)
pnPePd: (-363.2537,-58.09373,-29.61217)
L-vec: (-1.746277,408.0937,-121.8576)
pathned: (-365.0000,400.0000,-171.4694)
pnPePd: (-362.3541,7.337790,-42.47659)
L-vec: (-2.645905,392.6622,-128.9928)
pathned: (-365.0000,450.0000,-191.4691)
pnPePd: (-361.3103,74.33821,-53.95084)
L-vec: (-3.689697,375.6618,-137.5183)
pathned: (-365.0000,501.0000,-211.8688)
pnPePd: (-360.2819,141.7914,-66.90219)
L-vec: (-4.718079,359.2086,-144.9666)
pathned: (-365.0000,551.0000,-231.8685)
pnPePd: (-359.3300,209.6128,-80.01881)
L-vec: (-5.670013,341.3872,-151.8497)
pathned: (-365.0000,600.0000,-251.4682)
pnPePd: (-358.5392,274.1599,-93.99448)
L-vec: (-6.460815,325.8401,-157.4737)
pathned: (-365.0000,650.0000,-271.4679)
pnPePd: (-357.8562,339.7475,-108.4964)
L-vec: (-7.143829,310.2525,-162.9715)
pathned: (-365.0000,700.0000,-291.4676)
pnPePd: (-357.3262,404.4437,-124.3649)
L-vec: (-7.673767,295.5563,-167.1027)
pathned: (-365.0000,751.0000,-311.8673)
pnPePd: (-356.9403,468.7317,-141.0412)
L-vec: (-8.059692,282.2683,-170.8261)
pathned: (-365.0000,800.0000,-331.4670)
pnPePd: (-356.6333,530.1221,-157.4339)
L-vec: (-8.366699,269.8779,-174.0331)
pathned: (-365.0000,851.0000,-351.8667)
pnPePd: (-356.3763,591.6981,-174.2696)
L-vec: (-8.623688,259.3019,-177.5971)
pathned: (-365.0000,901.0000,-371.8664)
pnPePd: (-356.1632,652.4211,-191.3476)
L-vec: (-8.836823,248.5789,-180.5188)
pathned: (-365.0000,950.0000,-391.4661)
pnPePd: (-355.9520,710.2281,-208.1999)
L-vec: (-9.048035,239.7719,-183.2662)
pathned: (-365.0000,1000.000,-411.4658)
pnPePd: (-355.7390,767.9006,-225.6458)
L-vec: (-9.261017,232.0994,-185.8200)
pathned: (-365.0000,1050.000,-431.4655)
pnPePd: (-355.5852,824.4191,-243.3013)
L-vec: (-9.414764,225.5809,-188.1642)
pathned: (-367.0000,1100.000,-450.7452)
pnPePd: (-355.4966,879.6237,-261.0264)
L-vec: (-11.50333,220.3763,-189.7188)
pathned: (-416.1040,1150.000,-452.7456)
pnPePd: (-355.4557,933.6866,-278.8998)
L-vec: (-60.64832,216.3134,-173.8459)
pathned: (-460.2483,1200.000,-454.7461)
pnPePd: (-356.2402,987.6631,-296.9290)
L-vec: (-104.0081,212.3369,-157.8170)
pathned: (-495.1123,1250.000,-456.7465)
pnPePd: (-358.9137,1041.037,-313.1757)
L-vec: (-136.1987,208.9634,-143.5708)
pathned: (-517.2837,1300.000,-458.7469)
pnPePd: (-364.4218,1094.465,-328.0266)
L-vec: (-152.8619,205.5353,-130.7203)
pathned: (-524.5912,1350.000,-460.7473)
pnPePd: (-373.4096,1148.379,-342.0852)
L-vec: (-151.1816,201.6207,-118.6621)
pathned: (-516.3205,1400.000,-462.7478)
pnPePd: (-385.4022,1200.045,-353.7499)
L-vec: (-130.9183,199.9553,-108.9979)
pathned: (-493.2803,1450.000,-464.7482)
pnPePd: (-398.8048,1246.151,-358.9310)
L-vec: (-94.47556,203.8488,-105.8172)
pathned: (-456.9095,1501.000,-466.7886)
pnPePd: (-414.6925,1294.312,-360.7404)
L-vec: (-42.21692,206.6879,-106.0482)
pathned: (-413.1381,1550.000,-468.7491)
pnPePd: (-431.4367,1345.234,-367.6677)
L-vec: (18.29858,204.7662,-101.0814)
pathned: (-363.8814,1600.000,-470.7495)
pnPePd: (-446.1881,1400.098,-381.6726)
L-vec: (82.30670,199.9025,-89.07690)
pathned: (-314.7774,1650.000,-472.7499)
pnPePd: (-454.5294,1454.687,-399.1711)
L-vec: (139.7519,195.3127,-73.57880)
pathned: (-270.6329,1700.000,-474.7503)
pnPePd: (-455.1587,1507.640,-416.8441)
L-vec: (184.5258,192.3597,-57.90625)
pathned: (-235.7687,1750.000,-476.7508)
pnPePd: (-448.2347,1560.475,-433.0388)
L-vec: (212.4660,189.5245,-43.71198)
pathned: (-213.5977,1800.000,-478.7512)
pnPePd: (-433.9013,1614.139,-446.2973)
L-vec: (220.3036,185.8608,-32.45392)
pathned: (-206.2898,1850.000,-480.7516)
pnPePd: (-412.8225,1667.654,-455.5977)
L-vec: (206.5327,182.3458,-25.15387)
pathned: (-214.5611,1900.000,-482.7520)
pnPePd: (-388.0441,1717.373,-457.8853)
L-vec: (173.4829,182.6267,-24.86679)
pathned: (-237.6020,1950.000,-484.7525)
pnPePd: (-362.8577,1760.489,-454.6407)
L-vec: (125.2558,189.5109,-30.11176)
pathned: (-273.1569,2000.000,-486.7529)
pnPePd: (-332.6500,1807.782,-449.8597)
L-vec: (59.49316,192.2181,-36.89322)
pathned: (-317.7448,2050.000,-488.7533)
pnPePd: (-300.5958,1860.508,-453.3712)
L-vec: (-17.14896,189.4922,-35.38214)
pathned: (-367.0013,2100.000,-490.7538)
pnPePd: (-275.2156,1917.943,-465.4581)
L-vec: (-91.78574,182.0574,-25.29568)
pathned: (-416.1053,2150.000,-492.7542)
pnPePd: (-263.0482,1977.207,-482.5210)
L-vec: (-153.0571,172.7927,-10.23318)
pathned: (-461.0517,2201.000,-494.7946)
pnPePd: (-264.6352,2036.752,-500.8572)
L-vec: (-196.4165,164.2477,6.062622)
pathned: (-495.1144,2250.000,-496.7550)
pnPePd: (-277.0013,2092.905,-515.7592)
L-vec: (-218.1131,157.0955,19.00412)
pathned: (-517.2858,2300.000,-498.7555)
pnPePd: (-298.4409,2151.651,-524.1616)
L-vec: (-218.8449,148.3491,25.40610)
pathned: (-524.5931,2350.000,-500.7559)
pnPePd: (-326.7615,2208.944,-525.1738)
L-vec: (-197.8316,141.0564,24.41794)
pathned: (-516.3210,2400.000,-502.7563)
pnPePd: (-359.6258,2260.887,-521.1586)
L-vec: (-156.6952,139.1130,18.40231)
pathned: (-492.6822,2451.000,-504.7968)
pnPePd: (-395.5458,2308.054,-515.1860)
L-vec: (-97.13632,142.9463,10.38928)
pathned: (-457.7255,2500.000,-506.7572)
pnPePd: (-432.7392,2354.623,-510.4700)
L-vec: (-24.98624,145.3772,3.712799)
pathned: (-413.1375,2550.000,-508.7576)
pnPePd: (-466.3537,2412.594,-514.3472)
L-vec: (53.21628,137.4060,5.589630)
pathned: (-363.8810,2600.000,-510.7580)
pnPePd: (-476.5229,2477.245,-527.4589)
L-vec: (112.6420,122.7549,16.70090)
pathned: (-314.7769,2650.000,-512.7579)
pnPePd: (-463.0633,2539.655,-541.7260)
L-vec: (148.2863,110.3450,28.96814)
pathned: (-270.6324,2700.000,-514.7568)
pnPePd: (-432.9023,2598.020,-551.7139)
L-vec: (162.2699,101.9800,36.95715)
pathned: (-235.1913,2751.000,-516.7957)
pnPePd: (-392.0585,2652.899,-553.4226)
L-vec: (156.8672,98.10107,36.62695)
pathned: (-213.5986,2800.000,-518.7546)
pnPePd: (-340.7928,2706.014,-549.5372)
L-vec: (127.1942,93.98560,30.78259)
pathned: (-206.2920,2850.000,-520.7535)
pnPePd: (-286.0146,2754.266,-542.7342)
L-vec: (79.72258,95.73364,21.98071)
pathned: (-214.5644,2900.000,-522.7524)
pnPePd: (-234.4878,2803.633,-536.8856)
L-vec: (19.92348,96.36719,14.13324)
pathned: (-237.6054,2950.000,-524.7513)
pnPePd: (-202.9785,2866.849,-539.7753)
L-vec: (-34.62689,83.15063,15.02399)
pathned: (-273.1602,3000.000,-526.7502)
pnPePd: (-212.1963,2934.016,-545.2446)
L-vec: (-60.96390,65.98389,18.49438)
pathned: (-317.7483,3050.000,-528.7491)
pnPePd: (-251.2690,2992.688,-546.0576)
L-vec: (-66.47928,57.31201,17.30847)
pathned: (-367.0053,3100.000,-530.7480)
pnPePd: (-302.7546,3043.678,-542.0101)
L-vec: (-64.25064,56.32202,11.26208)
pathned: (-416.1093,3150.000,-532.7469)
pnPePd: (-360.7115,3093.378,-538.3532)
L-vec: (-55.39780,56.62183,5.606323)
pathned: (-460.2536,3200.000,-534.7458)
pnPePd: (-416.6783,3144.635,-536.6520)
L-vec: (-43.57529,55.36548,1.906250)
pathned: (-495.1173,3250.000,-536.7447)
pnPePd: (-466.1487,3199.976,-536.4615)
L-vec: (-28.96857,50.02393,-0.283142)
pathned: (-517.2874,3300.000,-538.7436)
pnPePd: (-502.6191,3255.291,-537.1942)
L-vec: (-14.66830,44.70923,-1.549438)
pathned: (-524.5812,3351.000,-540.7825)
pnPePd: (-525.6216,3316.694,-538.5509)
L-vec: (1.040405,34.30591,-2.231567)
pathned: (-516.3218,3400.000,-542.7414)
pnPePd: (-526.4512,3371.984,-539.5458)
L-vec: (10.12946,28.01563,-3.195618)
pathned: (-493.2804,3450.000,-544.7403)
pnPePd: (-509.8983,3420.420,-539.2960)
L-vec: (16.61783,29.58032,-5.444336)
pathned: (-457.7259,3500.000,-546.7392)
pnPePd: (-483.4240,3463.036,-539.4600)
L-vec: (25.69812,36.96436,-7.279236)
pathned: (-412.1825,3551.000,-548.7781)
pnPePd: (-451.3466,3504.920,-540.7203)
L-vec: (39.16412,46.07959,-8.057800)
pathned: (-362.8807,3601.000,-550.7770)
pnPePd: (-414.3655,3548.540,-543.3364)
L-vec: (51.48483,52.45972,-7.440613)
pathned: (-314.7767,3650.000,-552.7359)
pnPePd: (-373.4675,3592.758,-546.2693)
L-vec: (58.69080,57.24170,-6.466614)
pathned: (-270.6326,3700.000,-554.7348)
pnPePd: (-329.1593,3637.540,-548.7128)
L-vec: (58.52673,62.45972,-6.021973)
pathned: (-235.7694,3750.000,-556.7337)
pnPePd: (-280.6588,3686.399,-550.6776)
L-vec: (44.88936,63.60083,-6.056152)
pathned: (-213.3029,3801.000,-558.7726)
pnPePd: (-236.6016,3737.691,-553.2859)
L-vec: (23.29866,63.30933,-5.486633)
pathned: (-206.2931,3850.000,-560.7315)
pnPePd: (-206.4886,3789.884,-556.7303)
L-vec: (0.195541,60.11597,-4.001160)
pathned: (-214.5651,3900.000,-562.7304)
pnPePd: (-194.2864,3846.436,-560.3966)
L-vec: (-20.27863,53.56445,-2.333801)
pathned: (-237.6060,3950.000,-564.7293)
pnPePd: (-203.2748,3901.428,-562.3737)
L-vec: (-34.33122,48.57153,-2.355591)
pathned: (-273.1610,4000.000,-566.7282)
pnPePd: (-230.1443,3952.026,-563.4543)
L-vec: (-43.01669,47.97388,-3.273926)
pathned: (-317.7492,4050.000,-568.7271)
pnPePd: (-268.6765,3999.133,-564.9185)
L-vec: (-49.07269,50.86670,-3.808594)
pathned: (-367.0063,4100.000,-570.7260)
pnPePd: (-312.5785,4044.286,-566.5527)
L-vec: (-54.42789,55.71411,-4.173340)
pathned: (-416.1104,4150.000,-572.7249)
pnPePd: (-359.8492,4090.849,-568.3889)
L-vec: (-56.26114,59.15063,-4.335999)
pathned: (-460.2545,4200.000,-574.7238)
pnPePd: (-408.9597,4140.293,-569.9251)
L-vec: (-51.29483,59.70654,-4.798706)
pathned: (-495.6953,4251.000,-576.7627)
pnPePd: (-455.7050,4190.958,-571.3945)
L-vec: (-39.99026,60.04248,-5.368225)
pathned: (-517.2878,4300.000,-578.7216)
pnPePd: (-495.2319,4241.552,-573.9709)
L-vec: (-22.05588,58.44775,-4.750732)
pathned: (-524.5939,4350.000,-580.7205)
pnPePd: (-524.9667,4298.313,-577.3346)
L-vec: (0.372741,51.68701,-3.385925)
pathned: (-516.3212,4400.000,-582.7194)
pnPePd: (-533.3967,4354.575,-579.8021)
L-vec: (17.07556,45.42529,-2.917358)
pathned: (-493.2794,4450.000,-584.7183)
pnPePd: (-520.9929,4407.137,-580.7477)
L-vec: (27.71356,42.86279,-3.970642)
pathned: (-457.7244,4500.000,-586.7172)
pnPePd: (-492.8701,4455.178,-581.6628)
L-vec: (35.14566,44.82178,-5.054382)
pathned: (-413.1362,4550.000,-588.7161)
pnPePd: (-454.6292,4499.572,-582.9171)
L-vec: (41.49298,50.42822,-5.799072)
pathned: (-363.8792,4600.000,-590.7150)
pnPePd: (-412.9288,4544.173,-585.1855)
L-vec: (49.04956,55.82666,-5.529541)
pathned: (-314.7753,4650.000,-592.7139)
pnPePd: (-369.7900,4590.454,-587.4003)
L-vec: (55.01474,59.54639,-5.313599)
pathned: (-270.6311,4700.000,-594.7128)
pnPePd: (-324.3889,4639.280,-589.2539)
L-vec: (53.75772,60.72021,-5.458923)
pathned: (-235.7675,4750.000,-596.7117)
pnPePd: (-278.3502,4689.734,-591.1779)
L-vec: (42.58269,60.26611,-5.533813)
pathned: (-213.5977,4800.000,-598.7106)
pnPePd: (-236.2458,4741.567,-593.3525)
L-vec: (22.64807,58.43262,-5.358154)
pathned: (-206.2911,4850.000,-600.7095)
pnPePd: (-206.3808,4794.842,-596.0370)
L-vec: (0.089675,55.15771,-4.672546)
pathned: (-214.5636,4900.000,-602.7084)
pnPePd: (-195.0261,4848.158,-598.3248)
L-vec: (-19.53755,51.84229,-4.383667)
pathned: (-237.6050,4950.000,-604.7073)
pnPePd: (-202.6373,4900.077,-599.3303)
L-vec: (-34.96773,49.92285,-5.377075)
pathned: (-273.1599,5000.000,-606.7062)
pnPePd: (-226.3209,4948.865,-600.6804)
L-vec: (-46.83893,51.13525,-6.025879)
pathned: (-317.7481,5050.000,-608.7051)
pnPePd: (-262.4242,4995.700,-602.9562)
L-vec: (-55.32397,54.30029,-5.748901)
pathned: (-367.0051,5100.000,-610.7040)
pnPePd: (-305.4946,5040.681,-605.5322)
L-vec: (-61.51050,59.31934,-5.171875)
pathned: (-417.0562,5151.000,-612.7429)
pnPePd: (-354.3805,5087.736,-607.5647)
L-vec: (-62.67569,63.26367,-5.178223)
pathned: (-460.2532,5200.000,-614.7018)
pnPePd: (-403.5865,5135.221,-609.3955)
L-vec: (-56.66669,64.77930,-5.306335)
pathned: (-495.1165,5250.000,-616.7007)
pnPePd: (-452.1102,5185.617,-611.5795)
L-vec: (-43.00629,64.38330,-5.121277)
pathned: (-517.2867,5300.000,-618.6996)
pnPePd: (-493.7647,5237.251,-613.9233)
L-vec: (-23.52203,62.74854,-4.776367)
pathned: (-524.5928,5350.000,-620.6985)
pnPePd: (-524.0164,5293.198,-617.1052)
L-vec: (-0.576477,56.80176,-3.593384)
pathned: (-516.3203,5400.000,-622.6974)
pnPePd: (-534.6801,5349.433,-619.7294)
L-vec: (18.35974,50.56738,-2.968018)
pathned: (-492.6809,5451.000,-624.7363)
pnPePd: (-524.1457,5405.073,-621.4468)
L-vec: (31.46475,45.92725,-3.289551)
pathned: (-457.7241,5500.000,-626.6953)
pnPePd: (-498.5232,5452.759,-622.3027)
L-vec: (40.79913,47.24072,-4.392578)
pathned: (-413.1358,5550.000,-628.6942)
pnPePd: (-462.6609,5497.189,-623.5450)
L-vec: (49.52512,52.81055,-5.149109)
pathned: (-363.8788,5600.000,-630.6931)
pnPePd: (-419.8139,5542.316,-625.6974)
L-vec: (55.93503,57.68408,-4.995667)
pathned: (-314.7749,5650.000,-632.6920)
pnPePd: (-374.4270,5587.986,-627.7352)
L-vec: (59.65210,62.01367,-4.956726)
pathned: (-270.6307,5700.000,-634.6909)
pnPePd: (-327.1091,5635.554,-629.3799)
L-vec: (56.47836,64.44580,-5.310974)
pathned: (-235.7675,5750.000,-636.6898)
pnPePd: (-279.9053,5685.189,-631.2481)
L-vec: (44.13788,64.81104,-5.441650)
pathned: (-213.5975,5800.000,-638.6887)
pnPePd: (-237.1962,5737.439,-633.5345)
L-vec: (23.59863,62.56104,-5.154114)
pathned: (-206.2911,5850.000,-640.6876)
pnPePd: (-206.8801,5792.393,-636.6652)
L-vec: (0.588974,57.60693,-4.022400)
pathned: (-214.5634,5900.000,-642.6865)
pnPePd: (-195.6938,5849.003,-639.8892)
L-vec: (-18.86955,50.99707,-2.797302)
pathned: (-237.6048,5950.000,-644.6854)
pnPePd: (-205.5834,5904.394,-642.0135)
L-vec: (-32.02142,45.60596,-2.671814)
pathned: (-273.1597,6000.000,-646.6843)
pnPePd: (-232.6486,5954.489,-642.8818)
L-vec: (-40.51109,45.51123,-3.802490)
pathned: (-318.7029,6051.000,-648.7231)
pnPePd: (-270.2420,6000.381,-643.9985)
L-vec: (-48.46088,50.61865,-4.724670)
pathned: (-367.0049,6100.000,-650.6821)
pnPePd: (-311.7552,6043.411,-645.9313)
L-vec: (-55.24969,56.58887,-4.750793)
pathned: (-416.1089,6150.000,-652.6810)
pnPePd: (-359.4718,6090.854,-648.0789)
L-vec: (-56.63705,59.14551,-4.602051)
pathned: (-460.2531,6200.000,-654.6799)
pnPePd: (-406.8311,6138.682,-649.6260)
L-vec: (-53.42206,61.31787,-5.053894)
pathned: (-495.1166,6250.000,-656.6788)
pnPePd: (-453.3824,6188.746,-651.5688)
L-vec: (-41.73419,61.25391,-5.109985)
pathned: (-517.2863,6300.000,-658.6777)
pnPePd: (-496.1244,6242.722,-654.0004)
L-vec: (-21.16196,57.27783,-4.677246)
pathned: (-524.5925,6350.000,-660.6766)
pnPePd: (-524.8660,6297.802,-657.0175)
L-vec: (0.273498,52.19775,-3.659119)
pathned: (-516.3196,6400.000,-662.6755)
pnPePd: (-533.9495,6353.898,-659.5730)
L-vec: (17.62994,46.10205,-3.102478)
pathned: (-493.2774,6450.000,-664.6744)
pnPePd: (-523.1085,6405.368,-660.3403)
L-vec: (29.83102,44.63184,-4.334106)
pathned: (-457.7227,6500.000,-666.6733)
pnPePd: (-496.7314,6453.189,-660.9718)
L-vec: (39.00876,46.81104,-5.701477)
pathned: (-413.1343,6550.000,-668.6722)
pnPePd: (-461.0359,6498.079,-662.7087)
L-vec: (47.90161,51.92139,-5.963501)
pathned: (-363.8774,6600.000,-670.6711)
pnPePd: (-418.7107,6543.577,-665.2261)
L-vec: (54.83331,56.42285,-5.445007)
pathned: (-314.7734,6650.000,-672.6700)
pnPePd: (-372.7029,6590.086,-667.3855)
L-vec: (57.92953,59.91406,-5.284485)
pathned: (-270.6292,6700.000,-674.6689)
pnPePd: (-324.0901,6638.855,-669.3825)
L-vec: (53.46085,61.14453,-5.286377)
pathned: (-235.7659,6750.000,-676.6678)
pnPePd: (-276.1958,6689.346,-671.4775)
L-vec: (40.42986,60.65381,-5.190308)
pathned: (-213.5963,6800.000,-678.6667)
pnPePd: (-236.0096,6739.298,-673.2772)
L-vec: (22.41333,60.70166,-5.389465)
pathned: (-206.2899,6850.000,-680.6656)
pnPePd: (-207.6015,6790.486,-675.3124)
L-vec: (1.311569,59.51416,-5.353149)
pathned: (-214.5620,6900.000,-682.6645)
pnPePd: (-194.9276,6845.031,-678.0539)
L-vec: (-19.63437,54.96875,-4.610596)
pathned: (-237.6032,6950.000,-684.6634)
pnPePd: (-201.5988,6900.076,-680.8842)
L-vec: (-36.00439,49.92432,-3.779175)
pathned: (-273.1582,7000.000,-686.6623)
pnPePd: (-225.3587,6950.254,-682.9587)
L-vec: (-47.79948,49.74609,-3.703613)
pathned: (-318.7017,7051.000,-688.7012)
pnPePd: (-262.6670,6997.836,-684.8163)
L-vec: (-56.03473,53.16406,-3.884827)
pathned: (-367.0037,7100.000,-690.6601)
pnPePd: (-304.6685,7040.235,-686.1130)
L-vec: (-62.33524,59.76465,-4.547058)
pathned: (-416.1076,7150.000,-692.6590)
pnPePd: (-353.1070,7085.379,-688.2397)
L-vec: (-63.00064,64.62109,-4.419250)
pathned: (-460.2518,7200.000,-694.6579)
pnPePd: (-403.2697,7133.033,-690.1376)
L-vec: (-56.98206,66.96729,-4.520264)
pathned: (-495.1151,7250.000,-696.6568)
pnPePd: (-452.3777,7184.313,-692.1019)
L-vec: (-42.73737,65.68652,-4.554871)
pathned: (-517.2848,7300.000,-698.6557)
pnPePd: (-494.3830,7237.806,-694.3115)
L-vec: (-22.90176,62.19385,-4.344177)
pathned: (-524.5908,7350.000,-700.6546)
pnPePd: (-523.7669,7294.089,-697.1758)
L-vec: (-0.823852,55.91064,-3.478760)
pathned: (-516.3177,7400.000,-702.6535)
pnPePd: (-534.1004,7351.356,-699.9721)
L-vec: (17.78271,48.64355,-2.681396)
pathned: (-493.2765,7450.000,-704.6524)
pnPePd: (-523.7378,7405.179,-701.7540)
L-vec: (30.46127,44.82080,-2.898376)
pathned: (-457.7212,7500.000,-706.6513)
pnPePd: (-497.0064,7454.419,-702.9061)
L-vec: (39.28525,45.58105,-3.745239)
pathned: (-413.1331,7550.000,-708.6502)
pnPePd: (-459.2791,7501.441,-704.5370)
L-vec: (46.14600,48.55859,-4.113220)
pathned: (-363.8762,7600.000,-710.6491)
pnPePd: (-416.8835,7546.503,-706.2598)
L-vec: (53.00729,53.49658,-4.389282)
pathned: (-314.7722,7650.000,-712.6480)
pnPePd: (-370.9597,7592.172,-708.1110)
L-vec: (56.18747,57.82813,-4.536987)
pathned: (-270.6283,7700.000,-714.6469)
pnPePd: (-322.4972,7640.020,-709.7278)
L-vec: (51.86890,59.98047,-4.919067)
pathned: (-235.7652,7750.000,-716.6458)
pnPePd: (-274.5609,7690.337,-711.5505)
L-vec: (38.79576,59.66309,-5.095337)
pathned: (-213.5952,7800.000,-718.6447)
pnPePd: (-233.0153,7743.322,-714.2592)
L-vec: (19.42010,56.67822,-4.385498)
pathned: (-206.2882,7850.000,-720.6436)
pnPePd: (-205.5058,7798.585,-717.3823)
L-vec: (-0.782409,51.41455,-3.261353)
pathned: (-214.5605,7900.000,-722.6425)
pnPePd: (-197.9455,7856.193,-720.0435)
L-vec: (-16.61494,43.80713,-2.598999)
pathned: (-237.6021,7950.000,-724.6414)
pnPePd: (-211.7129,7910.200,-721.0158)
L-vec: (-25.88918,39.79980,-3.625610)
pathned: (-273.9734,8001.000,-726.6803)
pnPePd: (-240.0058,7959.000,-721.8429)
L-vec: (-33.96751,42.00000,-4.837402)
pathned: (-317.7451,8050.000,-728.6392)
pnPePd: (-274.2846,8002.708,-723.0013)
L-vec: (-43.46045,47.29199,-5.637939)
pathned: (-367.0021,8100.000,-730.6381)
pnPePd: (-314.8065,8047.342,-725.0917)
L-vec: (-52.19565,52.65771,-5.546448)
pathned: (-417.0531,8151.000,-732.6770)
pnPePd: (-359.4394,8093.204,-727.3107)
L-vec: (-57.61371,57.79590,-5.366272)
pathned: (-460.2503,8200.000,-734.6359)
pnPePd: (-404.0159,8138.111,-729.1868)
L-vec: (-56.23434,61.88916,-5.449158)
pathned: (-495.1137,8250.000,-736.6348)
pnPePd: (-451.0023,8187.078,-731.1130)
L-vec: (-44.11145,62.92236,-5.521851)
pathned: (-517.5805,8301.000,-738.6737)
pnPePd: (-493.4650,8238.235,-733.3908)
L-vec: (-24.11551,62.76465,-5.282898)
pathned: (-524.5897,8350.000,-740.6326)
pnPePd: (-523.5363,8291.073,-736.6815)
L-vec: (-1.053467,58.92676,-3.951172)
pathned: (-516.3171,8400.000,-742.6315)
pnPePd: (-535.5690,8347.515,-740.0082)
L-vec: (19.25195,52.48535,-2.623352)
pathned: (-493.2757,8450.000,-744.6304)
pnPePd: (-526.4147,8401.842,-742.1921)
L-vec: (33.13901,48.15820,-2.438293)
pathned: (-457.7207,8500.000,-746.6293)
pnPePd: (-500.1186,8451.944,-743.5068)
L-vec: (42.39786,48.05566,-3.122559)
pathned: (-413.1325,8550.000,-748.6282)
pnPePd: (-463.4275,8497.904,-744.7328)
L-vec: (50.29498,52.09570,-3.895386)
pathned: (-363.8755,8600.000,-750.6271)
pnPePd: (-420.4335,8542.756,-746.5496)
L-vec: (56.55801,57.24414,-4.077576)
pathned: (-314.7715,8650.000,-752.6260)
pnPePd: (-373.1789,8588.913,-748.2751)
L-vec: (58.40738,61.08691,-4.350952)
pathned: (-270.6274,8700.000,-754.6249)
pnPePd: (-323.9031,8637.218,-749.7693)
L-vec: (53.27576,62.78223,-4.855591)
pathned: (-235.7641,8750.000,-756.6238)
pnPePd: (-276.7932,8686.793,-751.3540)
L-vec: (41.02910,63.20703,-5.269836)
pathned: (-213.5941,8800.000,-758.6227)
pnPePd: (-235.9858,8738.333,-753.6545)
L-vec: (22.39168,61.66699,-4.968201)
pathned: (-206.2879,8850.000,-760.6216)
pnPePd: (-207.6467,8790.328,-755.7270)
L-vec: (1.358795,59.67188,-4.894653)
pathned: (-214.5605,8900.000,-762.6205)
pnPePd: (-195.1770,8844.360,-758.0080)
L-vec: (-19.38351,55.63965,-4.612549)
pathned: (-237.6017,8950.000,-764.6194)
pnPePd: (-201.6624,8899.054,-760.3241)
L-vec: (-35.93939,50.94629,-4.295349)
pathned: (-273.1568,9000.000,-766.6183)
pnPePd: (-224.6257,8948.464,-761.7284)
L-vec: (-48.53117,51.53613,-4.889954)
pathned: (-317.7454,9050.000,-768.6172)
pnPePd: (-261.3412,8995.998,-763.7830)
L-vec: (-56.40424,54.00195,-4.834229)
pathned: (-367.0024,9100.000,-770.6161)
pnPePd: (-305.7255,9041.269,-766.1067)
L-vec: (-61.27695,58.73145,-4.509460)
pathned: (-416.1064,9150.000,-772.6151)
pnPePd: (-354.0511,9086.604,-768.0190)
L-vec: (-62.05527,63.39648,-4.596069)
pathned: (-460.2505,9200.000,-774.6140)
pnPePd: (-404.3167,9134.432,-769.5976)
L-vec: (-55.93378,65.56836,-5.016357)
pathned: (-495.1137,9250.000,-776.6129)
pnPePd: (-452.3532,9184.541,-771.5781)
L-vec: (-42.76050,65.45898,-5.034729)
pathned: (-517.2836,9300.000,-778.6118)
pnPePd: (-493.8554,9236.987,-773.8664)
L-vec: (-23.42819,63.01270,-4.745361)
pathned: (-524.5767,9351.000,-780.6506)
pnPePd: (-523.8206,9293.240,-776.6470)
L-vec: (-0.756042,57.75977,-4.003601)
pathned: (-516.3169,9400.000,-782.6096)
pnPePd: (-534.8312,9348.977,-779.5519)
L-vec: (18.51434,51.02344,-3.057617)
pathned: (-493.2755,9450.000,-784.6085)
pnPePd: (-525.5114,9403.591,-781.5825)
L-vec: (32.23590,46.40918,-3.025940)
pathned: (-457.7201,9500.000,-786.6074)
pnPePd: (-499.6067,9452.258,-782.6085)
L-vec: (41.88657,47.74219,-3.998901)
pathned: (-413.1317,9550.000,-788.6063)
pnPePd: (-462.2674,9499.391,-784.3275)
L-vec: (49.13568,50.60938,-4.278809)
pathned: (-363.8748,9600.000,-790.6052)
pnPePd: (-418.8371,9545.101,-786.4033)
L-vec: (54.96237,54.89941,-4.201843)
pathned: (-313.8238,9651.000,-792.6440)
pnPePd: (-370.2855,9592.579,-788.1140)
L-vec: (56.46176,58.42090,-4.530090)
pathned: (-270.6268,9700.000,-794.6030)
pnPePd: (-322.4465,9639.269,-789.7997)
L-vec: (51.81973,60.73145,-4.803284)
pathned: (-235.7635,9750.000,-796.6019)
pnPePd: (-274.1765,9689.969,-791.8085)
L-vec: (38.41307,60.03125,-4.793335)
pathned: (-213.5937,9800.000,-798.6008)
pnPePd: (-232.4648,9743.616,-794.6741)
L-vec: (18.87119,56.38379,-3.926636)
pathned: (-206.2874,9850.000,-800.5997)
pnPePd: (-204.7921,9800.649,-798.0922)
L-vec: (-1.495285,49.35059,-2.507507)
pathned: (-214.5598,9900.000,-802.5986)
pnPePd: (-198.4009,9857.431,-800.3870)
L-vec: (-16.15884,42.56934,-2.211609)
pathned: (-237.6015,9950.000,-804.5975)
pnPePd: (-211.5997,9908.755,-800.0423)
L-vec: (-26.00186,41.24512,-4.555176)
